[2025-01-05T16:58:38.342+0000] {local_task_job_runner.py:123} INFO - ::group::Pre task execution logs
[2025-01-05T16:58:38.361+0000] {taskinstance.py:2613} INFO - Dependencies all met for dep_context=non-requeueable deps ti=<TaskInstance: user_processing2_vsc.extract_user scheduled__2025-01-05T16:58:00+00:00 [queued]>
[2025-01-05T16:58:38.372+0000] {taskinstance.py:2613} INFO - Dependencies all met for dep_context=requeueable deps ti=<TaskInstance: user_processing2_vsc.extract_user scheduled__2025-01-05T16:58:00+00:00 [queued]>
[2025-01-05T16:58:38.373+0000] {taskinstance.py:2866} INFO - Starting attempt 1 of 1
[2025-01-05T16:58:38.385+0000] {taskinstance.py:2889} INFO - Executing <Task(HttpOperator): extract_user> on 2025-01-05 16:58:00+00:00
[2025-01-05T16:58:38.393+0000] {warnings.py:112} WARNING - /home/***/.local/lib/python3.12/site-packages/***/task/task_runner/standard_task_runner.py:70: DeprecationWarning: This process (pid=3831) is multi-threaded, use of fork() may lead to deadlocks in the child.
  pid = os.fork()

[2025-01-05T16:58:38.395+0000] {standard_task_runner.py:72} INFO - Started process 3840 to run task
[2025-01-05T16:58:38.396+0000] {standard_task_runner.py:104} INFO - Running: ['***', 'tasks', 'run', 'user_processing2_vsc', 'extract_user', 'scheduled__2025-01-05T16:58:00+00:00', '--job-id', '90', '--raw', '--subdir', 'DAGS_FOLDER/user_dag.py', '--cfg-path', '/tmp/tmpog8ygp9c']
[2025-01-05T16:58:38.397+0000] {standard_task_runner.py:105} INFO - Job 90: Subtask extract_user
[2025-01-05T16:58:38.435+0000] {task_command.py:467} INFO - Running <TaskInstance: user_processing2_vsc.extract_user scheduled__2025-01-05T16:58:00+00:00 [running]> on host cab0b5f06594
[2025-01-05T16:58:38.506+0000] {taskinstance.py:3132} INFO - Exporting env vars: AIRFLOW_CTX_DAG_OWNER='***' AIRFLOW_CTX_DAG_ID='user_processing2_vsc' AIRFLOW_CTX_TASK_ID='extract_user' AIRFLOW_CTX_EXECUTION_DATE='2025-01-05T16:58:00+00:00' AIRFLOW_CTX_TRY_NUMBER='1' AIRFLOW_CTX_DAG_RUN_ID='scheduled__2025-01-05T16:58:00+00:00'
[2025-01-05T16:58:38.507+0000] {logging_mixin.py:190} INFO - Task instance is in running state
[2025-01-05T16:58:38.507+0000] {logging_mixin.py:190} INFO -  Previous state of the Task instance: queued
[2025-01-05T16:58:38.507+0000] {logging_mixin.py:190} INFO - Current task name:extract_user state:running start_date:2025-01-05 16:58:38.361893+00:00
[2025-01-05T16:58:38.507+0000] {logging_mixin.py:190} INFO - Dag name:user_processing2_vsc and current dag run status:running
[2025-01-05T16:58:38.507+0000] {taskinstance.py:731} INFO - ::endgroup::
[2025-01-05T16:58:38.508+0000] {http.py:175} INFO - Calling HTTP method
[2025-01-05T16:58:38.515+0000] {base.py:84} INFO - Retrieving connection 'user_api'
[2025-01-05T16:58:38.521+0000] {base.py:84} INFO - Retrieving connection 'user_api'
[2025-01-05T16:58:38.638+0000] {http.py:236} INFO - {"results":[{"gender":"female","name":{"title":"Ms","first":"Glafira","last":"Nedilko"},"location":{"street":{"number":8582,"name":"Ivana Ogiienka"},"city":"Novomirgorod","state":"Odeska","country":"Ukraine","postcode":36823,"coordinates":{"latitude":"79.3449","longitude":"49.6322"},"timezone":{"offset":"-6:00","description":"Central Time (US & Canada), Mexico City"}},"email":"glafira.nedilko@example.com","login":{"uuid":"39b3da99-49fa-454d-a5b4-615934d32c3c","username":"crazygorilla173","password":"plum","salt":"L9Nxq2hu","md5":"625b0371f734469fee90a772dc06042d","sha1":"69c1c0c8d397f5ccb434ff570f28d167fce8471d","sha256":"644a3f85a649f972983bcc1ac8fcbab9464c5a78f808252475022741ab5108fb"},"dob":{"date":"1965-04-07T08:04:28.972Z","age":59},"registered":{"date":"2014-03-15T20:18:49.205Z","age":10},"phone":"(067) W21-8272","cell":"(096) C47-3289","id":{"name":"","value":null},"picture":{"large":"https://randomuser.me/api/portraits/women/23.jpg","medium":"https://randomuser.me/api/portraits/med/women/23.jpg","thumbnail":"https://randomuser.me/api/portraits/thumb/women/23.jpg"},"nat":"UA"}],"info":{"seed":"1def741f4f215229","results":1,"page":1,"version":"1.4"}}
[2025-01-05T16:58:38.658+0000] {taskinstance.py:340} INFO - ::group::Post task execution logs
[2025-01-05T16:58:38.659+0000] {taskinstance.py:352} INFO - Marking task as SUCCESS. dag_id=user_processing2_vsc, task_id=extract_user, run_id=scheduled__2025-01-05T16:58:00+00:00, execution_date=20250105T165800, start_date=20250105T165838, end_date=20250105T165838
[2025-01-05T16:58:38.669+0000] {logging_mixin.py:190} INFO - Task instance in success state
[2025-01-05T16:58:38.669+0000] {logging_mixin.py:190} INFO -  Previous state of the Task instance: running
[2025-01-05T16:58:38.670+0000] {logging_mixin.py:190} INFO - Dag name:user_processing2_vsc queued_at:2025-01-05 16:59:21.447695+00:00
[2025-01-05T16:58:38.670+0000] {logging_mixin.py:190} INFO - Task hostname:cab0b5f06594 operator:HttpOperator
[2025-01-05T16:58:38.709+0000] {local_task_job_runner.py:266} INFO - Task exited with return code 0
[2025-01-05T16:58:38.731+0000] {taskinstance.py:3895} INFO - 1 downstream tasks scheduled from follow-on schedule check
[2025-01-05T16:58:38.734+0000] {local_task_job_runner.py:245} INFO - ::endgroup::
