[2025-01-05T16:57:05.757+0000] {local_task_job_runner.py:123} INFO - ::group::Pre task execution logs
[2025-01-05T16:57:05.772+0000] {taskinstance.py:2613} INFO - Dependencies all met for dep_context=non-requeueable deps ti=<TaskInstance: user_processing2_vsc.extract_user scheduled__2025-01-05T16:56:00+00:00 [queued]>
[2025-01-05T16:57:05.779+0000] {taskinstance.py:2613} INFO - Dependencies all met for dep_context=requeueable deps ti=<TaskInstance: user_processing2_vsc.extract_user scheduled__2025-01-05T16:56:00+00:00 [queued]>
[2025-01-05T16:57:05.780+0000] {taskinstance.py:2866} INFO - Starting attempt 1 of 1
[2025-01-05T16:57:05.790+0000] {taskinstance.py:2889} INFO - Executing <Task(HttpOperator): extract_user> on 2025-01-05 16:56:00+00:00
[2025-01-05T16:57:05.797+0000] {warnings.py:112} WARNING - /home/***/.local/lib/python3.12/site-packages/***/task/task_runner/standard_task_runner.py:70: DeprecationWarning: This process (pid=3770) is multi-threaded, use of fork() may lead to deadlocks in the child.
  pid = os.fork()

[2025-01-05T16:57:05.798+0000] {standard_task_runner.py:72} INFO - Started process 3772 to run task
[2025-01-05T16:57:05.799+0000] {standard_task_runner.py:104} INFO - Running: ['***', 'tasks', 'run', 'user_processing2_vsc', 'extract_user', 'scheduled__2025-01-05T16:56:00+00:00', '--job-id', '80', '--raw', '--subdir', 'DAGS_FOLDER/user_dag.py', '--cfg-path', '/tmp/tmpyfhlihy5']
[2025-01-05T16:57:05.800+0000] {standard_task_runner.py:105} INFO - Job 80: Subtask extract_user
[2025-01-05T16:57:05.840+0000] {task_command.py:467} INFO - Running <TaskInstance: user_processing2_vsc.extract_user scheduled__2025-01-05T16:56:00+00:00 [running]> on host cab0b5f06594
[2025-01-05T16:57:05.912+0000] {taskinstance.py:3132} INFO - Exporting env vars: AIRFLOW_CTX_DAG_OWNER='***' AIRFLOW_CTX_DAG_ID='user_processing2_vsc' AIRFLOW_CTX_TASK_ID='extract_user' AIRFLOW_CTX_EXECUTION_DATE='2025-01-05T16:56:00+00:00' AIRFLOW_CTX_TRY_NUMBER='1' AIRFLOW_CTX_DAG_RUN_ID='scheduled__2025-01-05T16:56:00+00:00'
[2025-01-05T16:57:05.913+0000] {logging_mixin.py:190} INFO - Task instance is in running state
[2025-01-05T16:57:05.913+0000] {logging_mixin.py:190} INFO -  Previous state of the Task instance: queued
[2025-01-05T16:57:05.914+0000] {logging_mixin.py:190} INFO - Current task name:extract_user state:running start_date:2025-01-05 16:57:05.772808+00:00
[2025-01-05T16:57:05.914+0000] {logging_mixin.py:190} INFO - Dag name:user_processing2_vsc and current dag run status:running
[2025-01-05T16:57:05.914+0000] {taskinstance.py:731} INFO - ::endgroup::
[2025-01-05T16:57:05.914+0000] {http.py:175} INFO - Calling HTTP method
[2025-01-05T16:57:05.921+0000] {base.py:84} INFO - Retrieving connection 'user_api'
[2025-01-05T16:57:05.927+0000] {base.py:84} INFO - Retrieving connection 'user_api'
[2025-01-05T16:57:06.038+0000] {http.py:236} INFO - {"results":[{"gender":"male","name":{"title":"Mr","first":"Lyubozar","last":"Sheremet"},"location":{"street":{"number":2210,"name":"Shkilna"},"city":"Kiverci","state":"Mikolayivska","country":"Ukraine","postcode":44836,"coordinates":{"latitude":"78.9082","longitude":"-65.6783"},"timezone":{"offset":"+10:00","description":"Eastern Australia, Guam, Vladivostok"}},"email":"lyubozar.sheremet@example.com","login":{"uuid":"8ff3f696-7221-46ca-b2b2-5c14f85fe263","username":"sadcat425","password":"beaver","salt":"DjkeAVOQ","md5":"c4e1a72eebe9004d1f60e477d2437068","sha1":"0fb724782c352ccfc872206844e795a139f22053","sha256":"a60984c5dfa0f952e2157d0df348667f9c27afde84827cd65b29dc35ece096f5"},"dob":{"date":"1990-09-24T04:41:32.653Z","age":34},"registered":{"date":"2004-05-31T21:42:51.525Z","age":20},"phone":"(099) N39-9142","cell":"(097) Y94-2520","id":{"name":"","value":null},"picture":{"large":"https://randomuser.me/api/portraits/men/27.jpg","medium":"https://randomuser.me/api/portraits/med/men/27.jpg","thumbnail":"https://randomuser.me/api/portraits/thumb/men/27.jpg"},"nat":"UA"}],"info":{"seed":"acffb85637746759","results":1,"page":1,"version":"1.4"}}
[2025-01-05T16:57:06.062+0000] {taskinstance.py:340} INFO - ::group::Post task execution logs
[2025-01-05T16:57:06.062+0000] {taskinstance.py:352} INFO - Marking task as SUCCESS. dag_id=user_processing2_vsc, task_id=extract_user, run_id=scheduled__2025-01-05T16:56:00+00:00, execution_date=20250105T165600, start_date=20250105T165705, end_date=20250105T165706
[2025-01-05T16:57:06.072+0000] {logging_mixin.py:190} INFO - Task instance in success state
[2025-01-05T16:57:06.072+0000] {logging_mixin.py:190} INFO -  Previous state of the Task instance: running
[2025-01-05T16:57:06.072+0000] {logging_mixin.py:190} INFO - Dag name:user_processing2_vsc queued_at:2025-01-05 16:57:00.163317+00:00
[2025-01-05T16:57:06.072+0000] {logging_mixin.py:190} INFO - Task hostname:cab0b5f06594 operator:HttpOperator
[2025-01-05T16:57:06.113+0000] {local_task_job_runner.py:266} INFO - Task exited with return code 0
[2025-01-05T16:57:06.134+0000] {taskinstance.py:3895} INFO - 1 downstream tasks scheduled from follow-on schedule check
[2025-01-05T16:57:06.137+0000] {local_task_job_runner.py:245} INFO - ::endgroup::
