[2025-01-05T17:15:08.192+0000] {local_task_job_runner.py:123} INFO - ::group::Pre task execution logs
[2025-01-05T17:15:08.207+0000] {taskinstance.py:2613} INFO - Dependencies all met for dep_context=non-requeueable deps ti=<TaskInstance: user_processing2_vsc.extract_user scheduled__2025-01-05T17:14:00+00:00 [queued]>
[2025-01-05T17:15:08.213+0000] {taskinstance.py:2613} INFO - Dependencies all met for dep_context=requeueable deps ti=<TaskInstance: user_processing2_vsc.extract_user scheduled__2025-01-05T17:14:00+00:00 [queued]>
[2025-01-05T17:15:08.214+0000] {taskinstance.py:2866} INFO - Starting attempt 1 of 1
[2025-01-05T17:15:08.225+0000] {taskinstance.py:2889} INFO - Executing <Task(HttpOperator): extract_user> on 2025-01-05 17:14:00+00:00
[2025-01-05T17:15:08.231+0000] {warnings.py:112} WARNING - /home/***/.local/lib/python3.12/site-packages/***/task/task_runner/standard_task_runner.py:70: DeprecationWarning: This process (pid=4251) is multi-threaded, use of fork() may lead to deadlocks in the child.
  pid = os.fork()

[2025-01-05T17:15:08.233+0000] {standard_task_runner.py:72} INFO - Started process 4253 to run task
[2025-01-05T17:15:08.234+0000] {standard_task_runner.py:104} INFO - Running: ['***', 'tasks', 'run', 'user_processing2_vsc', 'extract_user', 'scheduled__2025-01-05T17:14:00+00:00', '--job-id', '135', '--raw', '--subdir', 'DAGS_FOLDER/user_dag.py', '--cfg-path', '/tmp/tmpnn89l2sd']
[2025-01-05T17:15:08.235+0000] {standard_task_runner.py:105} INFO - Job 135: Subtask extract_user
[2025-01-05T17:15:08.276+0000] {task_command.py:467} INFO - Running <TaskInstance: user_processing2_vsc.extract_user scheduled__2025-01-05T17:14:00+00:00 [running]> on host cab0b5f06594
[2025-01-05T17:15:08.500+0000] {taskinstance.py:3132} INFO - Exporting env vars: AIRFLOW_CTX_DAG_OWNER='***' AIRFLOW_CTX_DAG_ID='user_processing2_vsc' AIRFLOW_CTX_TASK_ID='extract_user' AIRFLOW_CTX_EXECUTION_DATE='2025-01-05T17:14:00+00:00' AIRFLOW_CTX_TRY_NUMBER='1' AIRFLOW_CTX_DAG_RUN_ID='scheduled__2025-01-05T17:14:00+00:00'
[2025-01-05T17:15:08.500+0000] {logging_mixin.py:190} INFO - Task instance is in running state
[2025-01-05T17:15:08.501+0000] {logging_mixin.py:190} INFO -  Previous state of the Task instance: queued
[2025-01-05T17:15:08.501+0000] {logging_mixin.py:190} INFO - Current task name:extract_user state:running start_date:2025-01-05 17:15:08.207466+00:00
[2025-01-05T17:15:08.501+0000] {logging_mixin.py:190} INFO - Dag name:user_processing2_vsc and current dag run status:running
[2025-01-05T17:15:08.501+0000] {taskinstance.py:731} INFO - ::endgroup::
[2025-01-05T17:15:08.501+0000] {http.py:175} INFO - Calling HTTP method
[2025-01-05T17:15:08.508+0000] {base.py:84} INFO - Retrieving connection 'user_api'
[2025-01-05T17:15:08.513+0000] {base.py:84} INFO - Retrieving connection 'user_api'
[2025-01-05T17:15:10.155+0000] {http.py:236} INFO - {"results":[{"gender":"male","name":{"title":"Mr","first":"Umut","last":"Kuday"},"location":{"street":{"number":7721,"name":"Fatih Sultan Mehmet Cd"},"city":"Edirne","state":"Malatya","country":"Turkey","postcode":29564,"coordinates":{"latitude":"65.9205","longitude":"-92.6414"},"timezone":{"offset":"-10:00","description":"Hawaii"}},"email":"umut.kuday@example.com","login":{"uuid":"e81cc483-79fb-4f94-be2b-0c5e45753876","username":"bluepanda106","password":"ultimate","salt":"BI0U8Iq8","md5":"49af8732d4e11f23b48b9520efdc7390","sha1":"311d946fe48f9074c3d58dde98ce16c594bbafe5","sha256":"12c1d748f629fd61a74b93a0757cd5417ee9cc08895717a5b39b4f7e41bab637"},"dob":{"date":"1987-08-07T03:53:55.362Z","age":37},"registered":{"date":"2009-09-08T19:52:30.787Z","age":15},"phone":"(234)-325-4302","cell":"(178)-642-3678","id":{"name":"","value":null},"picture":{"large":"https://randomuser.me/api/portraits/men/92.jpg","medium":"https://randomuser.me/api/portraits/med/men/92.jpg","thumbnail":"https://randomuser.me/api/portraits/thumb/men/92.jpg"},"nat":"TR"}],"info":{"seed":"363d70254751179b","results":1,"page":1,"version":"1.4"}}
[2025-01-05T17:15:10.178+0000] {taskinstance.py:340} INFO - ::group::Post task execution logs
[2025-01-05T17:15:10.178+0000] {taskinstance.py:352} INFO - Marking task as SUCCESS. dag_id=user_processing2_vsc, task_id=extract_user, run_id=scheduled__2025-01-05T17:14:00+00:00, execution_date=20250105T171400, start_date=20250105T171508, end_date=20250105T171510
[2025-01-05T17:15:10.193+0000] {logging_mixin.py:190} INFO - Task instance in success state
[2025-01-05T17:15:10.193+0000] {logging_mixin.py:190} INFO -  Previous state of the Task instance: running
[2025-01-05T17:15:10.194+0000] {logging_mixin.py:190} INFO - Dag name:user_processing2_vsc queued_at:2025-01-05 17:15:00.769630+00:00
[2025-01-05T17:15:10.194+0000] {logging_mixin.py:190} INFO - Task hostname:cab0b5f06594 operator:HttpOperator
[2025-01-05T17:15:10.238+0000] {local_task_job_runner.py:266} INFO - Task exited with return code 0
[2025-01-05T17:15:10.267+0000] {taskinstance.py:3895} INFO - 1 downstream tasks scheduled from follow-on schedule check
[2025-01-05T17:15:10.269+0000] {local_task_job_runner.py:245} INFO - ::endgroup::
