[2025-01-05T17:45:01.594+0000] {local_task_job_runner.py:123} INFO - ::group::Pre task execution logs
[2025-01-05T17:45:01.611+0000] {taskinstance.py:2613} INFO - Dependencies all met for dep_context=non-requeueable deps ti=<TaskInstance: user_processing2_vsc.extract_user scheduled__2025-01-05T17:44:00+00:00 [queued]>
[2025-01-05T17:45:01.619+0000] {taskinstance.py:2613} INFO - Dependencies all met for dep_context=requeueable deps ti=<TaskInstance: user_processing2_vsc.extract_user scheduled__2025-01-05T17:44:00+00:00 [queued]>
[2025-01-05T17:45:01.619+0000] {taskinstance.py:2866} INFO - Starting attempt 1 of 1
[2025-01-05T17:45:01.631+0000] {taskinstance.py:2889} INFO - Executing <Task(HttpOperator): extract_user> on 2025-01-05 17:44:00+00:00
[2025-01-05T17:45:01.638+0000] {warnings.py:112} WARNING - /home/***/.local/lib/python3.12/site-packages/***/task/task_runner/standard_task_runner.py:70: DeprecationWarning: This process (pid=4971) is multi-threaded, use of fork() may lead to deadlocks in the child.
  pid = os.fork()

[2025-01-05T17:45:01.639+0000] {standard_task_runner.py:72} INFO - Started process 4980 to run task
[2025-01-05T17:45:01.640+0000] {standard_task_runner.py:104} INFO - Running: ['***', 'tasks', 'run', 'user_processing2_vsc', 'extract_user', 'scheduled__2025-01-05T17:44:00+00:00', '--job-id', '205', '--raw', '--subdir', 'DAGS_FOLDER/user_dag.py', '--cfg-path', '/tmp/tmp4q55qkap']
[2025-01-05T17:45:01.641+0000] {standard_task_runner.py:105} INFO - Job 205: Subtask extract_user
[2025-01-05T17:45:01.680+0000] {task_command.py:467} INFO - Running <TaskInstance: user_processing2_vsc.extract_user scheduled__2025-01-05T17:44:00+00:00 [running]> on host cab0b5f06594
[2025-01-05T17:45:01.251+0000] {taskinstance.py:3132} INFO - Exporting env vars: AIRFLOW_CTX_DAG_OWNER='***' AIRFLOW_CTX_DAG_ID='user_processing2_vsc' AIRFLOW_CTX_TASK_ID='extract_user' AIRFLOW_CTX_EXECUTION_DATE='2025-01-05T17:44:00+00:00' AIRFLOW_CTX_TRY_NUMBER='1' AIRFLOW_CTX_DAG_RUN_ID='scheduled__2025-01-05T17:44:00+00:00'
[2025-01-05T17:45:01.252+0000] {logging_mixin.py:190} INFO - Task instance is in running state
[2025-01-05T17:45:01.252+0000] {logging_mixin.py:190} INFO -  Previous state of the Task instance: queued
[2025-01-05T17:45:01.252+0000] {logging_mixin.py:190} INFO - Current task name:extract_user state:running start_date:2025-01-05 17:45:01.611668+00:00
[2025-01-05T17:45:01.253+0000] {logging_mixin.py:190} INFO - Dag name:user_processing2_vsc and current dag run status:running
[2025-01-05T17:45:01.253+0000] {taskinstance.py:731} INFO - ::endgroup::
[2025-01-05T17:45:01.253+0000] {http.py:175} INFO - Calling HTTP method
[2025-01-05T17:45:01.260+0000] {base.py:84} INFO - Retrieving connection 'user_api'
[2025-01-05T17:45:01.266+0000] {base.py:84} INFO - Retrieving connection 'user_api'
[2025-01-05T17:45:01.402+0000] {http.py:236} INFO - {"results":[{"gender":"male","name":{"title":"Mr","first":"Leevi","last":"Kemppainen"},"location":{"street":{"number":3533,"name":"Reijolankatu"},"city":"Köyliö","state":"Ostrobothnia","country":"Finland","postcode":39879,"coordinates":{"latitude":"-26.2199","longitude":"-90.5183"},"timezone":{"offset":"-7:00","description":"Mountain Time (US & Canada)"}},"email":"leevi.kemppainen@example.com","login":{"uuid":"7425b675-2265-4cf6-851d-fd5d38a8770e","username":"beautifulsnake967","password":"ernie","salt":"kizxY0zX","md5":"bb0edd2516e78f4c91850fe841c765a3","sha1":"6c9a06e0b36815aa64c029d3a63a4351838343d6","sha256":"4544096c023030d470a576de4849bfad39ab16a634995848971016e2d09002fb"},"dob":{"date":"1993-08-13T18:39:15.985Z","age":31},"registered":{"date":"2009-01-23T19:50:47.985Z","age":15},"phone":"03-565-440","cell":"049-731-58-31","id":{"name":"HETU","value":"NaNNA029undefined"},"picture":{"large":"https://randomuser.me/api/portraits/men/85.jpg","medium":"https://randomuser.me/api/portraits/med/men/85.jpg","thumbnail":"https://randomuser.me/api/portraits/thumb/men/85.jpg"},"nat":"FI"}],"info":{"seed":"65848b20ea2ff354","results":1,"page":1,"version":"1.4"}}
[2025-01-05T17:45:01.422+0000] {taskinstance.py:340} INFO - ::group::Post task execution logs
[2025-01-05T17:45:01.422+0000] {taskinstance.py:352} INFO - Marking task as SUCCESS. dag_id=user_processing2_vsc, task_id=extract_user, run_id=scheduled__2025-01-05T17:44:00+00:00, execution_date=20250105T174400, start_date=20250105T174501, end_date=20250105T174501
[2025-01-05T17:45:01.433+0000] {logging_mixin.py:190} INFO - Task instance in success state
[2025-01-05T17:45:01.433+0000] {logging_mixin.py:190} INFO -  Previous state of the Task instance: running
[2025-01-05T17:45:01.433+0000] {logging_mixin.py:190} INFO - Dag name:user_processing2_vsc queued_at:2025-01-05 17:45:44.682645+00:00
[2025-01-05T17:45:01.434+0000] {logging_mixin.py:190} INFO - Task hostname:cab0b5f06594 operator:HttpOperator
[2025-01-05T17:45:01.484+0000] {local_task_job_runner.py:266} INFO - Task exited with return code 0
[2025-01-05T17:45:01.506+0000] {taskinstance.py:3895} INFO - 1 downstream tasks scheduled from follow-on schedule check
[2025-01-05T17:45:01.509+0000] {local_task_job_runner.py:245} INFO - ::endgroup::
