[2025-01-05T17:42:34.483+0000] {local_task_job_runner.py:123} INFO - ::group::Pre task execution logs
[2025-01-05T17:42:34.499+0000] {taskinstance.py:2613} INFO - Dependencies all met for dep_context=non-requeueable deps ti=<TaskInstance: user_processing2_vsc.extract_user scheduled__2025-01-05T17:40:00+00:00 [queued]>
[2025-01-05T17:42:34.507+0000] {taskinstance.py:2613} INFO - Dependencies all met for dep_context=requeueable deps ti=<TaskInstance: user_processing2_vsc.extract_user scheduled__2025-01-05T17:40:00+00:00 [queued]>
[2025-01-05T17:42:34.507+0000] {taskinstance.py:2866} INFO - Starting attempt 1 of 1
[2025-01-05T17:42:34.519+0000] {taskinstance.py:2889} INFO - Executing <Task(HttpOperator): extract_user> on 2025-01-05 17:40:00+00:00
[2025-01-05T17:42:34.525+0000] {warnings.py:112} WARNING - /home/***/.local/lib/python3.12/site-packages/***/task/task_runner/standard_task_runner.py:70: DeprecationWarning: This process (pid=4857) is multi-threaded, use of fork() may lead to deadlocks in the child.
  pid = os.fork()

[2025-01-05T17:42:34.527+0000] {standard_task_runner.py:72} INFO - Started process 4869 to run task
[2025-01-05T17:42:34.529+0000] {standard_task_runner.py:104} INFO - Running: ['***', 'tasks', 'run', 'user_processing2_vsc', 'extract_user', 'scheduled__2025-01-05T17:40:00+00:00', '--job-id', '186', '--raw', '--subdir', 'DAGS_FOLDER/user_dag.py', '--cfg-path', '/tmp/tmpsryj1xxt']
[2025-01-05T17:42:34.530+0000] {standard_task_runner.py:105} INFO - Job 186: Subtask extract_user
[2025-01-05T17:42:34.571+0000] {task_command.py:467} INFO - Running <TaskInstance: user_processing2_vsc.extract_user scheduled__2025-01-05T17:40:00+00:00 [running]> on host cab0b5f06594
[2025-01-05T17:42:34.647+0000] {taskinstance.py:3132} INFO - Exporting env vars: AIRFLOW_CTX_DAG_OWNER='***' AIRFLOW_CTX_DAG_ID='user_processing2_vsc' AIRFLOW_CTX_TASK_ID='extract_user' AIRFLOW_CTX_EXECUTION_DATE='2025-01-05T17:40:00+00:00' AIRFLOW_CTX_TRY_NUMBER='1' AIRFLOW_CTX_DAG_RUN_ID='scheduled__2025-01-05T17:40:00+00:00'
[2025-01-05T17:42:34.648+0000] {logging_mixin.py:190} INFO - Task instance is in running state
[2025-01-05T17:42:34.649+0000] {logging_mixin.py:190} INFO -  Previous state of the Task instance: queued
[2025-01-05T17:42:34.649+0000] {logging_mixin.py:190} INFO - Current task name:extract_user state:running start_date:2025-01-05 17:42:34.500245+00:00
[2025-01-05T17:42:34.649+0000] {logging_mixin.py:190} INFO - Dag name:user_processing2_vsc and current dag run status:running
[2025-01-05T17:42:34.649+0000] {taskinstance.py:731} INFO - ::endgroup::
[2025-01-05T17:42:34.649+0000] {http.py:175} INFO - Calling HTTP method
[2025-01-05T17:42:34.657+0000] {base.py:84} INFO - Retrieving connection 'user_api'
[2025-01-05T17:42:34.664+0000] {base.py:84} INFO - Retrieving connection 'user_api'
[2025-01-05T17:42:34.813+0000] {http.py:236} INFO - {"results":[{"gender":"female","name":{"title":"Mrs","first":"Oliviya","last":"Baranyuk"},"location":{"street":{"number":3134,"name":"Petropavlivska ploshcha"},"city":"Ukrayinsk","state":"Sumska","country":"Ukraine","postcode":89367,"coordinates":{"latitude":"75.1854","longitude":"31.3155"},"timezone":{"offset":"+5:00","description":"Ekaterinburg, Islamabad, Karachi, Tashkent"}},"email":"oliviya.baranyuk@example.com","login":{"uuid":"90aa5aeb-ef8c-43aa-81bf-197f1668810b","username":"yellowbutterfly645","password":"polly","salt":"7FVnQQYf","md5":"721e6d3ac9f8b3d3515df1cb3e69809c","sha1":"5dc25dc7e759061c4fdef25bd544181734353669","sha256":"b5d962caf30665d0feef4a0def1ae7cee4f1ddaa54ec8730b972448a480b8f33"},"dob":{"date":"1972-10-20T02:34:12.655Z","age":52},"registered":{"date":"2022-03-24T08:17:27.685Z","age":2},"phone":"(068) J55-0072","cell":"(097) S40-2946","id":{"name":"","value":null},"picture":{"large":"https://randomuser.me/api/portraits/women/7.jpg","medium":"https://randomuser.me/api/portraits/med/women/7.jpg","thumbnail":"https://randomuser.me/api/portraits/thumb/women/7.jpg"},"nat":"UA"}],"info":{"seed":"2a484118ad46ba70","results":1,"page":1,"version":"1.4"}}
[2025-01-05T17:42:34.835+0000] {taskinstance.py:340} INFO - ::group::Post task execution logs
[2025-01-05T17:42:34.835+0000] {taskinstance.py:352} INFO - Marking task as SUCCESS. dag_id=user_processing2_vsc, task_id=extract_user, run_id=scheduled__2025-01-05T17:40:00+00:00, execution_date=20250105T174000, start_date=20250105T174234, end_date=20250105T174234
[2025-01-05T17:42:34.846+0000] {logging_mixin.py:190} INFO - Task instance in success state
[2025-01-05T17:42:34.846+0000] {logging_mixin.py:190} INFO -  Previous state of the Task instance: running
[2025-01-05T17:42:34.847+0000] {logging_mixin.py:190} INFO - Dag name:user_processing2_vsc queued_at:2025-01-05 17:41:00.276432+00:00
[2025-01-05T17:42:34.847+0000] {logging_mixin.py:190} INFO - Task hostname:cab0b5f06594 operator:HttpOperator
[2025-01-05T17:42:34.882+0000] {local_task_job_runner.py:266} INFO - Task exited with return code 0
[2025-01-05T17:42:34.901+0000] {taskinstance.py:3895} INFO - 1 downstream tasks scheduled from follow-on schedule check
[2025-01-05T17:42:34.904+0000] {local_task_job_runner.py:245} INFO - ::endgroup::
