[2025-01-05T16:56:37.538+0000] {local_task_job_runner.py:123} INFO - ::group::Pre task execution logs
[2025-01-05T16:56:37.553+0000] {taskinstance.py:2613} INFO - Dependencies all met for dep_context=non-requeueable deps ti=<TaskInstance: user_processing2_vsc.extract_user scheduled__2025-01-05T16:55:00+00:00 [queued]>
[2025-01-05T16:56:37.560+0000] {taskinstance.py:2613} INFO - Dependencies all met for dep_context=requeueable deps ti=<TaskInstance: user_processing2_vsc.extract_user scheduled__2025-01-05T16:55:00+00:00 [queued]>
[2025-01-05T16:56:37.560+0000] {taskinstance.py:2866} INFO - Starting attempt 1 of 1
[2025-01-05T16:56:37.572+0000] {taskinstance.py:2889} INFO - Executing <Task(HttpOperator): extract_user> on 2025-01-05 16:55:00+00:00
[2025-01-05T16:56:37.579+0000] {warnings.py:112} WARNING - /home/***/.local/lib/python3.12/site-packages/***/task/task_runner/standard_task_runner.py:70: DeprecationWarning: This process (pid=3743) is multi-threaded, use of fork() may lead to deadlocks in the child.
  pid = os.fork()

[2025-01-05T16:56:37.580+0000] {standard_task_runner.py:72} INFO - Started process 3745 to run task
[2025-01-05T16:56:37.582+0000] {standard_task_runner.py:104} INFO - Running: ['***', 'tasks', 'run', 'user_processing2_vsc', 'extract_user', 'scheduled__2025-01-05T16:55:00+00:00', '--job-id', '75', '--raw', '--subdir', 'DAGS_FOLDER/user_dag.py', '--cfg-path', '/tmp/tmpn7uub3lb']
[2025-01-05T16:56:37.582+0000] {standard_task_runner.py:105} INFO - Job 75: Subtask extract_user
[2025-01-05T16:56:37.621+0000] {task_command.py:467} INFO - Running <TaskInstance: user_processing2_vsc.extract_user scheduled__2025-01-05T16:55:00+00:00 [running]> on host cab0b5f06594
[2025-01-05T16:56:37.695+0000] {taskinstance.py:3132} INFO - Exporting env vars: AIRFLOW_CTX_DAG_OWNER='***' AIRFLOW_CTX_DAG_ID='user_processing2_vsc' AIRFLOW_CTX_TASK_ID='extract_user' AIRFLOW_CTX_EXECUTION_DATE='2025-01-05T16:55:00+00:00' AIRFLOW_CTX_TRY_NUMBER='1' AIRFLOW_CTX_DAG_RUN_ID='scheduled__2025-01-05T16:55:00+00:00'
[2025-01-05T16:56:37.697+0000] {logging_mixin.py:190} INFO - Task instance is in running state
[2025-01-05T16:56:37.697+0000] {logging_mixin.py:190} INFO -  Previous state of the Task instance: queued
[2025-01-05T16:56:37.697+0000] {logging_mixin.py:190} INFO - Current task name:extract_user state:running start_date:2025-01-05 16:56:37.553546+00:00
[2025-01-05T16:56:37.698+0000] {logging_mixin.py:190} INFO - Dag name:user_processing2_vsc and current dag run status:running
[2025-01-05T16:56:37.698+0000] {taskinstance.py:731} INFO - ::endgroup::
[2025-01-05T16:56:37.699+0000] {http.py:175} INFO - Calling HTTP method
[2025-01-05T16:56:37.706+0000] {base.py:84} INFO - Retrieving connection 'user_api'
[2025-01-05T16:56:37.714+0000] {base.py:84} INFO - Retrieving connection 'user_api'
[2025-01-05T16:56:37.820+0000] {http.py:236} INFO - {"results":[{"gender":"male","name":{"title":"Mr","first":"Eino","last":"Kivisto"},"location":{"street":{"number":6298,"name":"Rotuaari"},"city":"Kotka","state":"Northern Savonia","country":"Finland","postcode":54616,"coordinates":{"latitude":"-29.0574","longitude":"-124.6063"},"timezone":{"offset":"-3:00","description":"Brazil, Buenos Aires, Georgetown"}},"email":"eino.kivisto@example.com","login":{"uuid":"355ab567-6dd3-4328-afd7-cf93a9406dc7","username":"ticklishladybug825","password":"zippy","salt":"zY2lojF3","md5":"cddf80532fc4b68dcc3d89bb5e9e1047","sha1":"7fd3c676228f06cbed7bd73092f55d4e103a68c9","sha256":"ea19415bbd3c705dbb6edf609c94f55a4810cfae4e635d65c840408968628235"},"dob":{"date":"1997-11-30T16:42:53.938Z","age":27},"registered":{"date":"2013-12-28T21:07:09.798Z","age":11},"phone":"07-620-487","cell":"044-636-03-22","id":{"name":"HETU","value":"NaNNA303undefined"},"picture":{"large":"https://randomuser.me/api/portraits/men/20.jpg","medium":"https://randomuser.me/api/portraits/med/men/20.jpg","thumbnail":"https://randomuser.me/api/portraits/thumb/men/20.jpg"},"nat":"FI"}],"info":{"seed":"3130f2c59b7a0d84","results":1,"page":1,"version":"1.4"}}
[2025-01-05T16:56:37.840+0000] {taskinstance.py:340} INFO - ::group::Post task execution logs
[2025-01-05T16:56:37.841+0000] {taskinstance.py:352} INFO - Marking task as SUCCESS. dag_id=user_processing2_vsc, task_id=extract_user, run_id=scheduled__2025-01-05T16:55:00+00:00, execution_date=20250105T165500, start_date=20250105T165637, end_date=20250105T165637
[2025-01-05T16:56:37.849+0000] {logging_mixin.py:190} INFO - Task instance in success state
[2025-01-05T16:56:37.850+0000] {logging_mixin.py:190} INFO -  Previous state of the Task instance: running
[2025-01-05T16:56:37.850+0000] {logging_mixin.py:190} INFO - Dag name:user_processing2_vsc queued_at:2025-01-05 16:56:31.971470+00:00
[2025-01-05T16:56:37.850+0000] {logging_mixin.py:190} INFO - Task hostname:cab0b5f06594 operator:HttpOperator
[2025-01-05T16:56:37.891+0000] {local_task_job_runner.py:266} INFO - Task exited with return code 0
[2025-01-05T16:56:37.917+0000] {taskinstance.py:3895} INFO - 1 downstream tasks scheduled from follow-on schedule check
[2025-01-05T16:56:37.919+0000] {local_task_job_runner.py:245} INFO - ::endgroup::
