[2025-01-05T17:39:59.086+0000] {local_task_job_runner.py:123} INFO - ::group::Pre task execution logs
[2025-01-05T17:39:59.100+0000] {taskinstance.py:2613} INFO - Dependencies all met for dep_context=non-requeueable deps ti=<TaskInstance: user_processing2_vsc.create_table scheduled__2025-01-05T17:38:00+00:00 [queued]>
[2025-01-05T17:39:59.106+0000] {taskinstance.py:2613} INFO - Dependencies all met for dep_context=requeueable deps ti=<TaskInstance: user_processing2_vsc.create_table scheduled__2025-01-05T17:38:00+00:00 [queued]>
[2025-01-05T17:39:59.107+0000] {taskinstance.py:2866} INFO - Starting attempt 1 of 1
[2025-01-05T17:39:59.118+0000] {taskinstance.py:2889} INFO - Executing <Task(SQLExecuteQueryOperator): create_table> on 2025-01-05 17:38:00+00:00
[2025-01-05T17:39:59.125+0000] {warnings.py:112} WARNING - /home/***/.local/lib/python3.12/site-packages/***/task/task_runner/standard_task_runner.py:70: DeprecationWarning: This process (pid=4771) is multi-threaded, use of fork() may lead to deadlocks in the child.
  pid = os.fork()

[2025-01-05T17:39:59.126+0000] {standard_task_runner.py:72} INFO - Started process 4773 to run task
[2025-01-05T17:39:59.127+0000] {standard_task_runner.py:104} INFO - Running: ['***', 'tasks', 'run', 'user_processing2_vsc', 'create_table', 'scheduled__2025-01-05T17:38:00+00:00', '--job-id', '173', '--raw', '--subdir', 'DAGS_FOLDER/user_dag.py', '--cfg-path', '/tmp/tmpv6irkcnz']
[2025-01-05T17:39:59.128+0000] {standard_task_runner.py:105} INFO - Job 173: Subtask create_table
[2025-01-05T17:39:59.168+0000] {task_command.py:467} INFO - Running <TaskInstance: user_processing2_vsc.create_table scheduled__2025-01-05T17:38:00+00:00 [running]> on host cab0b5f06594
[2025-01-05T17:39:59.424+0000] {taskinstance.py:3132} INFO - Exporting env vars: AIRFLOW_CTX_DAG_OWNER='***' AIRFLOW_CTX_DAG_ID='user_processing2_vsc' AIRFLOW_CTX_TASK_ID='create_table' AIRFLOW_CTX_EXECUTION_DATE='2025-01-05T17:38:00+00:00' AIRFLOW_CTX_TRY_NUMBER='1' AIRFLOW_CTX_DAG_RUN_ID='scheduled__2025-01-05T17:38:00+00:00'
[2025-01-05T17:39:59.425+0000] {logging_mixin.py:190} INFO - Task instance is in running state
[2025-01-05T17:39:59.425+0000] {logging_mixin.py:190} INFO -  Previous state of the Task instance: queued
[2025-01-05T17:39:59.425+0000] {logging_mixin.py:190} INFO - Current task name:create_table state:running start_date:2025-01-05 17:39:59.101047+00:00
[2025-01-05T17:39:59.425+0000] {logging_mixin.py:190} INFO - Dag name:user_processing2_vsc and current dag run status:running
[2025-01-05T17:39:59.426+0000] {taskinstance.py:731} INFO - ::endgroup::
[2025-01-05T17:39:59.426+0000] {sql.py:278} INFO - Executing: 
                CREATE TABLE IF NOT EXISTS users (
                firstname TEXT PRIMARY KEY,
                lastname TEXT NOT NULL,
                country TEXT NOT NULL,
                username TEXT NOT NULL,
                password TEXT NOT NULL,
                email TEXT NOT NULL);
                
[2025-01-05T17:39:59.433+0000] {base.py:84} INFO - Retrieving connection 'postgres'
[2025-01-05T17:39:59.440+0000] {base.py:84} INFO - Retrieving connection 'postgres'
[2025-01-05T17:39:59.444+0000] {sql.py:553} INFO - Running statement: 
                CREATE TABLE IF NOT EXISTS users (
                firstname TEXT PRIMARY KEY,
                lastname TEXT NOT NULL,
                country TEXT NOT NULL,
                username TEXT NOT NULL,
                password TEXT NOT NULL,
                email TEXT NOT NULL);
                , parameters: None
[2025-01-05T17:39:59.452+0000] {taskinstance.py:340} INFO - ::group::Post task execution logs
[2025-01-05T17:39:59.452+0000] {taskinstance.py:352} INFO - Marking task as SUCCESS. dag_id=user_processing2_vsc, task_id=create_table, run_id=scheduled__2025-01-05T17:38:00+00:00, execution_date=20250105T173800, start_date=20250105T173959, end_date=20250105T173959
[2025-01-05T17:39:59.460+0000] {logging_mixin.py:190} INFO - Task instance in success state
[2025-01-05T17:39:59.461+0000] {logging_mixin.py:190} INFO -  Previous state of the Task instance: running
[2025-01-05T17:39:59.461+0000] {logging_mixin.py:190} INFO - Dag name:user_processing2_vsc queued_at:2025-01-05 17:39:57.721332+00:00
[2025-01-05T17:39:59.461+0000] {logging_mixin.py:190} INFO - Task hostname:cab0b5f06594 operator:SQLExecuteQueryOperator
[2025-01-05T17:39:59.487+0000] {local_task_job_runner.py:266} INFO - Task exited with return code 0
[2025-01-05T17:39:59.509+0000] {taskinstance.py:3895} INFO - 1 downstream tasks scheduled from follow-on schedule check
[2025-01-05T17:39:59.512+0000] {local_task_job_runner.py:245} INFO - ::endgroup::
