[2025-01-05T16:34:37.897+0000] {local_task_job_runner.py:123} INFO - ::group::Pre task execution logs
[2025-01-05T16:34:37.913+0000] {taskinstance.py:2613} INFO - Dependencies all met for dep_context=non-requeueable deps ti=<TaskInstance: user_processing2_vsc.extract_user scheduled__2025-01-05T16:25:00+00:00 [queued]>
[2025-01-05T16:34:37.921+0000] {taskinstance.py:2613} INFO - Dependencies all met for dep_context=requeueable deps ti=<TaskInstance: user_processing2_vsc.extract_user scheduled__2025-01-05T16:25:00+00:00 [queued]>
[2025-01-05T16:34:37.922+0000] {taskinstance.py:2866} INFO - Starting attempt 1 of 1
[2025-01-05T16:34:37.933+0000] {taskinstance.py:2889} INFO - Executing <Task(HttpOperator): extract_user> on 2025-01-05 16:25:00+00:00
[2025-01-05T16:34:37.940+0000] {warnings.py:112} WARNING - /home/***/.local/lib/python3.12/site-packages/***/task/task_runner/standard_task_runner.py:70: DeprecationWarning: This process (pid=3291) is multi-threaded, use of fork() may lead to deadlocks in the child.
  pid = os.fork()

[2025-01-05T16:34:37.941+0000] {standard_task_runner.py:72} INFO - Started process 3293 to run task
[2025-01-05T16:34:37.942+0000] {standard_task_runner.py:104} INFO - Running: ['***', 'tasks', 'run', 'user_processing2_vsc', 'extract_user', 'scheduled__2025-01-05T16:25:00+00:00', '--job-id', '41', '--raw', '--subdir', 'DAGS_FOLDER/user_dag.py', '--cfg-path', '/tmp/tmp5z55n9j6']
[2025-01-05T16:34:37.942+0000] {standard_task_runner.py:105} INFO - Job 41: Subtask extract_user
[2025-01-05T16:34:37.978+0000] {task_command.py:467} INFO - Running <TaskInstance: user_processing2_vsc.extract_user scheduled__2025-01-05T16:25:00+00:00 [running]> on host cab0b5f06594
[2025-01-05T16:34:38.044+0000] {taskinstance.py:3132} INFO - Exporting env vars: AIRFLOW_CTX_DAG_OWNER='***' AIRFLOW_CTX_DAG_ID='user_processing2_vsc' AIRFLOW_CTX_TASK_ID='extract_user' AIRFLOW_CTX_EXECUTION_DATE='2025-01-05T16:25:00+00:00' AIRFLOW_CTX_TRY_NUMBER='1' AIRFLOW_CTX_DAG_RUN_ID='scheduled__2025-01-05T16:25:00+00:00'
[2025-01-05T16:34:38.045+0000] {logging_mixin.py:190} INFO - Task instance is in running state
[2025-01-05T16:34:38.045+0000] {logging_mixin.py:190} INFO -  Previous state of the Task instance: queued
[2025-01-05T16:34:38.045+0000] {logging_mixin.py:190} INFO - Current task name:extract_user state:running start_date:2025-01-05 16:34:37.914138+00:00
[2025-01-05T16:34:38.045+0000] {logging_mixin.py:190} INFO - Dag name:user_processing2_vsc and current dag run status:running
[2025-01-05T16:34:38.045+0000] {taskinstance.py:731} INFO - ::endgroup::
[2025-01-05T16:34:38.045+0000] {http.py:175} INFO - Calling HTTP method
[2025-01-05T16:34:38.053+0000] {base.py:84} INFO - Retrieving connection 'user_api'
[2025-01-05T16:34:38.058+0000] {base.py:84} INFO - Retrieving connection 'user_api'
[2025-01-05T16:34:38.176+0000] {http.py:236} INFO - {"results":[{"gender":"male","name":{"title":"Mr","first":"Efe","last":"Önür"},"location":{"street":{"number":3253,"name":"Atatürk Sk"},"city":"Trabzon","state":"Bingöl","country":"Turkey","postcode":27964,"coordinates":{"latitude":"66.7213","longitude":"-76.1234"},"timezone":{"offset":"-9:00","description":"Alaska"}},"email":"efe.onur@example.com","login":{"uuid":"4e150c23-e415-4ab9-bbae-e99ea9fa56e6","username":"redtiger923","password":"place","salt":"6qgwNTLD","md5":"4f265263924e75104b58180d166fd591","sha1":"897871581a5b7fb9e1f6acdc11fe23d2ff473498","sha256":"86352299e80b4e95143d852ff3066a94f4f7e7fb7ef8937c251c13d9e9a15c41"},"dob":{"date":"1977-07-08T22:41:27.742Z","age":47},"registered":{"date":"2014-08-26T03:21:33.882Z","age":10},"phone":"(659)-633-9358","cell":"(126)-550-4224","id":{"name":"","value":null},"picture":{"large":"https://randomuser.me/api/portraits/men/93.jpg","medium":"https://randomuser.me/api/portraits/med/men/93.jpg","thumbnail":"https://randomuser.me/api/portraits/thumb/men/93.jpg"},"nat":"TR"}],"info":{"seed":"7a9fd844538b2213","results":1,"page":1,"version":"1.4"}}
[2025-01-05T16:34:38.198+0000] {taskinstance.py:340} INFO - ::group::Post task execution logs
[2025-01-05T16:34:38.198+0000] {taskinstance.py:352} INFO - Marking task as SUCCESS. dag_id=user_processing2_vsc, task_id=extract_user, run_id=scheduled__2025-01-05T16:25:00+00:00, execution_date=20250105T162500, start_date=20250105T163437, end_date=20250105T163438
[2025-01-05T16:34:38.208+0000] {logging_mixin.py:190} INFO - Task instance in success state
[2025-01-05T16:34:38.208+0000] {logging_mixin.py:190} INFO -  Previous state of the Task instance: running
[2025-01-05T16:34:38.208+0000] {logging_mixin.py:190} INFO - Dag name:user_processing2_vsc queued_at:2025-01-05 16:34:32.960076+00:00
[2025-01-05T16:34:38.209+0000] {logging_mixin.py:190} INFO - Task hostname:cab0b5f06594 operator:HttpOperator
[2025-01-05T16:34:38.219+0000] {local_task_job_runner.py:266} INFO - Task exited with return code 0
[2025-01-05T16:34:38.241+0000] {taskinstance.py:3895} INFO - 1 downstream tasks scheduled from follow-on schedule check
[2025-01-05T16:34:38.244+0000] {local_task_job_runner.py:245} INFO - ::endgroup::
