[2025-01-05T16:35:05.596+0000] {local_task_job_runner.py:123} INFO - ::group::Pre task execution logs
[2025-01-05T16:35:05.612+0000] {taskinstance.py:2613} INFO - Dependencies all met for dep_context=non-requeueable deps ti=<TaskInstance: user_processing2_vsc.extract_user scheduled__2025-01-05T16:30:00+00:00 [queued]>
[2025-01-05T16:35:05.620+0000] {taskinstance.py:2613} INFO - Dependencies all met for dep_context=requeueable deps ti=<TaskInstance: user_processing2_vsc.extract_user scheduled__2025-01-05T16:30:00+00:00 [queued]>
[2025-01-05T16:35:05.620+0000] {taskinstance.py:2866} INFO - Starting attempt 1 of 1
[2025-01-05T16:35:05.631+0000] {taskinstance.py:2889} INFO - Executing <Task(HttpOperator): extract_user> on 2025-01-05 16:30:00+00:00
[2025-01-05T16:35:05.639+0000] {warnings.py:112} WARNING - /home/***/.local/lib/python3.12/site-packages/***/task/task_runner/standard_task_runner.py:70: DeprecationWarning: This process (pid=3317) is multi-threaded, use of fork() may lead to deadlocks in the child.
  pid = os.fork()

[2025-01-05T16:35:05.640+0000] {standard_task_runner.py:72} INFO - Started process 3319 to run task
[2025-01-05T16:35:05.641+0000] {standard_task_runner.py:104} INFO - Running: ['***', 'tasks', 'run', 'user_processing2_vsc', 'extract_user', 'scheduled__2025-01-05T16:30:00+00:00', '--job-id', '46', '--raw', '--subdir', 'DAGS_FOLDER/user_dag.py', '--cfg-path', '/tmp/tmpjbtytjyo']
[2025-01-05T16:35:05.642+0000] {standard_task_runner.py:105} INFO - Job 46: Subtask extract_user
[2025-01-05T16:35:05.681+0000] {task_command.py:467} INFO - Running <TaskInstance: user_processing2_vsc.extract_user scheduled__2025-01-05T16:30:00+00:00 [running]> on host cab0b5f06594
[2025-01-05T16:35:05.750+0000] {taskinstance.py:3132} INFO - Exporting env vars: AIRFLOW_CTX_DAG_OWNER='***' AIRFLOW_CTX_DAG_ID='user_processing2_vsc' AIRFLOW_CTX_TASK_ID='extract_user' AIRFLOW_CTX_EXECUTION_DATE='2025-01-05T16:30:00+00:00' AIRFLOW_CTX_TRY_NUMBER='1' AIRFLOW_CTX_DAG_RUN_ID='scheduled__2025-01-05T16:30:00+00:00'
[2025-01-05T16:35:05.751+0000] {logging_mixin.py:190} INFO - Task instance is in running state
[2025-01-05T16:35:05.751+0000] {logging_mixin.py:190} INFO -  Previous state of the Task instance: queued
[2025-01-05T16:35:05.752+0000] {logging_mixin.py:190} INFO - Current task name:extract_user state:running start_date:2025-01-05 16:35:05.613000+00:00
[2025-01-05T16:35:05.752+0000] {logging_mixin.py:190} INFO - Dag name:user_processing2_vsc and current dag run status:running
[2025-01-05T16:35:05.752+0000] {taskinstance.py:731} INFO - ::endgroup::
[2025-01-05T16:35:05.752+0000] {http.py:175} INFO - Calling HTTP method
[2025-01-05T16:35:05.759+0000] {base.py:84} INFO - Retrieving connection 'user_api'
[2025-01-05T16:35:05.765+0000] {base.py:84} INFO - Retrieving connection 'user_api'
[2025-01-05T16:35:05.977+0000] {http.py:236} INFO - {"results":[{"gender":"male","name":{"title":"Mr","first":"Niete","last":"Peixoto"},"location":{"street":{"number":9269,"name":"Rua Quinze de Novembro "},"city":"Diadema","state":"Rio Grande do Norte","country":"Brazil","postcode":13297,"coordinates":{"latitude":"-75.0284","longitude":"-66.4802"},"timezone":{"offset":"+4:30","description":"Kabul"}},"email":"niete.peixoto@example.com","login":{"uuid":"bbae94b0-03f2-4d18-a231-37c63b9594cb","username":"bluebutterfly282","password":"booster","salt":"bo9h3eHO","md5":"c0edb9434194f5499aabe994b06058bf","sha1":"c80befd660048adb5b64efc88c8d24e7cc862a8d","sha256":"ee1e9e89b6035bb12f0974a243467657f9568c74037743ac34605336e696e4ec"},"dob":{"date":"1970-09-29T09:43:37.723Z","age":54},"registered":{"date":"2017-05-28T04:49:52.915Z","age":7},"phone":"(17) 5362-7767","cell":"(07) 4102-5038","id":{"name":"CPF","value":"376.229.334-91"},"picture":{"large":"https://randomuser.me/api/portraits/men/40.jpg","medium":"https://randomuser.me/api/portraits/med/men/40.jpg","thumbnail":"https://randomuser.me/api/portraits/thumb/men/40.jpg"},"nat":"BR"}],"info":{"seed":"b7c68f958f6cf867","results":1,"page":1,"version":"1.4"}}
[2025-01-05T16:35:06.026+0000] {taskinstance.py:340} INFO - ::group::Post task execution logs
[2025-01-05T16:35:06.026+0000] {taskinstance.py:352} INFO - Marking task as SUCCESS. dag_id=user_processing2_vsc, task_id=extract_user, run_id=scheduled__2025-01-05T16:30:00+00:00, execution_date=20250105T163000, start_date=20250105T163505, end_date=20250105T163506
[2025-01-05T16:35:06.040+0000] {logging_mixin.py:190} INFO - Task instance in success state
[2025-01-05T16:35:06.040+0000] {logging_mixin.py:190} INFO -  Previous state of the Task instance: running
[2025-01-05T16:35:06.040+0000] {logging_mixin.py:190} INFO - Dag name:user_processing2_vsc queued_at:2025-01-05 16:35:00.681506+00:00
[2025-01-05T16:35:06.040+0000] {logging_mixin.py:190} INFO - Task hostname:cab0b5f06594 operator:HttpOperator
[2025-01-05T16:35:06.091+0000] {local_task_job_runner.py:266} INFO - Task exited with return code 0
[2025-01-05T16:35:06.114+0000] {taskinstance.py:3895} INFO - 0 downstream tasks scheduled from follow-on schedule check
[2025-01-05T16:35:06.116+0000] {local_task_job_runner.py:245} INFO - ::endgroup::
