[2025-01-05T17:51:07.202+0000] {local_task_job_runner.py:123} INFO - ::group::Pre task execution logs
[2025-01-05T17:51:07.216+0000] {taskinstance.py:2613} INFO - Dependencies all met for dep_context=non-requeueable deps ti=<TaskInstance: user_processing2_vsc.process_user scheduled__2025-01-05T17:50:00+00:00 [queued]>
[2025-01-05T17:51:07.222+0000] {taskinstance.py:2613} INFO - Dependencies all met for dep_context=requeueable deps ti=<TaskInstance: user_processing2_vsc.process_user scheduled__2025-01-05T17:50:00+00:00 [queued]>
[2025-01-05T17:51:07.223+0000] {taskinstance.py:2866} INFO - Starting attempt 1 of 1
[2025-01-05T17:51:07.235+0000] {taskinstance.py:2889} INFO - Executing <Task(PythonOperator): process_user> on 2025-01-05 17:50:00+00:00
[2025-01-05T17:51:07.242+0000] {warnings.py:112} WARNING - /home/***/.local/lib/python3.12/site-packages/***/task/task_runner/standard_task_runner.py:70: DeprecationWarning: This process (pid=5140) is multi-threaded, use of fork() may lead to deadlocks in the child.
  pid = os.fork()

[2025-01-05T17:51:07.243+0000] {standard_task_runner.py:72} INFO - Started process 5144 to run task
[2025-01-05T17:51:07.244+0000] {standard_task_runner.py:104} INFO - Running: ['***', 'tasks', 'run', 'user_processing2_vsc', 'process_user', 'scheduled__2025-01-05T17:50:00+00:00', '--job-id', '222', '--raw', '--subdir', 'DAGS_FOLDER/user_dag.py', '--cfg-path', '/tmp/tmph_g3prj3']
[2025-01-05T17:51:07.245+0000] {standard_task_runner.py:105} INFO - Job 222: Subtask process_user
[2025-01-05T17:51:07.282+0000] {task_command.py:467} INFO - Running <TaskInstance: user_processing2_vsc.process_user scheduled__2025-01-05T17:50:00+00:00 [running]> on host cab0b5f06594
[2025-01-05T17:51:07.532+0000] {taskinstance.py:3132} INFO - Exporting env vars: AIRFLOW_CTX_DAG_OWNER='***' AIRFLOW_CTX_DAG_ID='user_processing2_vsc' AIRFLOW_CTX_TASK_ID='process_user' AIRFLOW_CTX_EXECUTION_DATE='2025-01-05T17:50:00+00:00' AIRFLOW_CTX_TRY_NUMBER='1' AIRFLOW_CTX_DAG_RUN_ID='scheduled__2025-01-05T17:50:00+00:00'
[2025-01-05T17:51:07.533+0000] {logging_mixin.py:190} INFO - Task instance is in running state
[2025-01-05T17:51:07.533+0000] {logging_mixin.py:190} INFO -  Previous state of the Task instance: queued
[2025-01-05T17:51:07.533+0000] {logging_mixin.py:190} INFO - Current task name:process_user state:running start_date:2025-01-05 17:51:07.216649+00:00
[2025-01-05T17:51:07.533+0000] {logging_mixin.py:190} INFO - Dag name:user_processing2_vsc and current dag run status:running
[2025-01-05T17:51:07.533+0000] {taskinstance.py:731} INFO - ::endgroup::
[2025-01-05T17:51:07.550+0000] {logging_mixin.py:190} INFO -   firstname lastname  ... password                       email
0   Tiffany   Jordan  ...   hoover  tiffany.jordan@example.com

[1 rows x 6 columns]
[2025-01-05T17:51:07.552+0000] {logging_mixin.py:190} INFO - File exists!
[2025-01-05T17:51:07.553+0000] {python.py:240} INFO - Done. Returned value was: None
[2025-01-05T17:51:07.561+0000] {taskinstance.py:340} INFO - ::group::Post task execution logs
[2025-01-05T17:51:07.562+0000] {taskinstance.py:352} INFO - Marking task as SUCCESS. dag_id=user_processing2_vsc, task_id=process_user, run_id=scheduled__2025-01-05T17:50:00+00:00, execution_date=20250105T175000, start_date=20250105T175107, end_date=20250105T175107
[2025-01-05T17:51:07.572+0000] {logging_mixin.py:190} INFO - Task instance in success state
[2025-01-05T17:51:07.572+0000] {logging_mixin.py:190} INFO -  Previous state of the Task instance: running
[2025-01-05T17:51:07.572+0000] {logging_mixin.py:190} INFO - Dag name:user_processing2_vsc queued_at:2025-01-05 17:51:00.153542+00:00
[2025-01-05T17:51:07.572+0000] {logging_mixin.py:190} INFO - Task hostname:cab0b5f06594 operator:PythonOperator
[2025-01-05T17:51:07.608+0000] {local_task_job_runner.py:266} INFO - Task exited with return code 0
[2025-01-05T17:51:07.625+0000] {taskinstance.py:3895} INFO - 1 downstream tasks scheduled from follow-on schedule check
[2025-01-05T17:51:07.628+0000] {local_task_job_runner.py:245} INFO - ::endgroup::
