[2025-01-05T04:34:59.540+0000] {local_task_job_runner.py:123} INFO - ::group::Pre task execution logs
[2025-01-05T04:34:59.552+0000] {taskinstance.py:2613} INFO - Dependencies all met for dep_context=non-requeueable deps ti=<TaskInstance: user_processing2_vsc.extract_user scheduled__2025-01-05T04:30:00+00:00 [queued]>
[2025-01-05T04:34:59.559+0000] {taskinstance.py:2613} INFO - Dependencies all met for dep_context=requeueable deps ti=<TaskInstance: user_processing2_vsc.extract_user scheduled__2025-01-05T04:30:00+00:00 [queued]>
[2025-01-05T04:34:59.559+0000] {taskinstance.py:2866} INFO - Starting attempt 1 of 1
[2025-01-05T04:34:59.689+0000] {taskinstance.py:2889} INFO - Executing <Task(HttpOperator): extract_user> on 2025-01-05 04:30:00+00:00
[2025-01-05T04:34:59.695+0000] {warnings.py:112} WARNING - /home/***/.local/lib/python3.12/site-packages/***/task/task_runner/standard_task_runner.py:70: DeprecationWarning: This process (pid=286) is multi-threaded, use of fork() may lead to deadlocks in the child.
  pid = os.fork()

[2025-01-05T04:34:59.697+0000] {standard_task_runner.py:72} INFO - Started process 292 to run task
[2025-01-05T04:34:59.698+0000] {standard_task_runner.py:104} INFO - Running: ['***', 'tasks', 'run', 'user_processing2_vsc', 'extract_user', 'scheduled__2025-01-05T04:30:00+00:00', '--job-id', '9', '--raw', '--subdir', 'DAGS_FOLDER/user_dag.py', '--cfg-path', '/tmp/tmp67dfveon']
[2025-01-05T04:34:59.700+0000] {standard_task_runner.py:105} INFO - Job 9: Subtask extract_user
[2025-01-05T04:34:59.740+0000] {task_command.py:467} INFO - Running <TaskInstance: user_processing2_vsc.extract_user scheduled__2025-01-05T04:30:00+00:00 [running]> on host cab0b5f06594
[2025-01-05T04:34:59.801+0000] {taskinstance.py:3132} INFO - Exporting env vars: AIRFLOW_CTX_DAG_OWNER='***' AIRFLOW_CTX_DAG_ID='user_processing2_vsc' AIRFLOW_CTX_TASK_ID='extract_user' AIRFLOW_CTX_EXECUTION_DATE='2025-01-05T04:30:00+00:00' AIRFLOW_CTX_TRY_NUMBER='1' AIRFLOW_CTX_DAG_RUN_ID='scheduled__2025-01-05T04:30:00+00:00'
[2025-01-05T04:34:59.802+0000] {logging_mixin.py:190} INFO - Task instance is in running state
[2025-01-05T04:34:59.802+0000] {logging_mixin.py:190} INFO -  Previous state of the Task instance: queued
[2025-01-05T04:34:59.802+0000] {logging_mixin.py:190} INFO - Current task name:extract_user state:running start_date:2025-01-05 04:34:59.553158+00:00
[2025-01-05T04:34:59.802+0000] {logging_mixin.py:190} INFO - Dag name:user_processing2_vsc and current dag run status:running
[2025-01-05T04:34:59.803+0000] {taskinstance.py:731} INFO - ::endgroup::
[2025-01-05T04:34:59.803+0000] {http.py:175} INFO - Calling HTTP method
[2025-01-05T04:34:59.809+0000] {base.py:84} INFO - Retrieving connection 'user_api'
[2025-01-05T04:34:59.815+0000] {base.py:84} INFO - Retrieving connection 'user_api'
[2025-01-05T04:35:00.129+0000] {http.py:236} INFO - {"results":[{"gender":"female","name":{"title":"Miss","first":"Vaibhavi","last":"Saha"},"location":{"street":{"number":4561,"name":"Lamington Rd"},"city":"Deoghar","state":"Madhya Pradesh","country":"India","postcode":75762,"coordinates":{"latitude":"6.3627","longitude":"164.7440"},"timezone":{"offset":"0:00","description":"Western Europe Time, London, Lisbon, Casablanca"}},"email":"vaibhavi.saha@example.com","login":{"uuid":"fc367648-b689-4aa9-be68-78006080b965","username":"lazykoala581","password":"george","salt":"AGLNPMm5","md5":"87ce6ffe43dc4914bc64cac8fb8d1bbf","sha1":"e7a39ae9e1846fe67d67082469573b9be0879d5d","sha256":"7cc31ba008ac4982e10ec05193179d256f8d56d84b6c7ef808f9c42982729974"},"dob":{"date":"1944-09-10T23:19:23.922Z","age":80},"registered":{"date":"2002-07-03T17:21:00.577Z","age":22},"phone":"7507643458","cell":"8982209989","id":{"name":"UIDAI","value":"227798168375"},"picture":{"large":"https://randomuser.me/api/portraits/women/42.jpg","medium":"https://randomuser.me/api/portraits/med/women/42.jpg","thumbnail":"https://randomuser.me/api/portraits/thumb/women/42.jpg"},"nat":"IN"}],"info":{"seed":"11f5e55eee2872d0","results":1,"page":1,"version":"1.4"}}
[2025-01-05T04:35:00.150+0000] {taskinstance.py:340} INFO - ::group::Post task execution logs
[2025-01-05T04:35:00.150+0000] {taskinstance.py:352} INFO - Marking task as SUCCESS. dag_id=user_processing2_vsc, task_id=extract_user, run_id=scheduled__2025-01-05T04:30:00+00:00, execution_date=20250105T043000, start_date=20250105T043459, end_date=20250105T043500
[2025-01-05T04:35:00.158+0000] {logging_mixin.py:190} INFO - Task instance in success state
[2025-01-05T04:35:00.158+0000] {logging_mixin.py:190} INFO -  Previous state of the Task instance: running
[2025-01-05T04:35:00.159+0000] {logging_mixin.py:190} INFO - Dag name:user_processing2_vsc queued_at:2025-01-05 04:35:42.877725+00:00
[2025-01-05T04:35:00.159+0000] {logging_mixin.py:190} INFO - Task hostname:cab0b5f06594 operator:HttpOperator
[2025-01-05T04:35:00.191+0000] {local_task_job_runner.py:266} INFO - Task exited with return code 0
[2025-01-05T04:35:00.206+0000] {taskinstance.py:3895} INFO - 1 downstream tasks scheduled from follow-on schedule check
[2025-01-05T04:35:00.209+0000] {local_task_job_runner.py:245} INFO - ::endgroup::
