[2025-01-05T17:17:06.056+0000] {local_task_job_runner.py:123} INFO - ::group::Pre task execution logs
[2025-01-05T17:17:06.070+0000] {taskinstance.py:2613} INFO - Dependencies all met for dep_context=non-requeueable deps ti=<TaskInstance: user_processing2_vsc.extract_user scheduled__2025-01-05T17:16:00+00:00 [queued]>
[2025-01-05T17:17:06.077+0000] {taskinstance.py:2613} INFO - Dependencies all met for dep_context=requeueable deps ti=<TaskInstance: user_processing2_vsc.extract_user scheduled__2025-01-05T17:16:00+00:00 [queued]>
[2025-01-05T17:17:06.078+0000] {taskinstance.py:2866} INFO - Starting attempt 1 of 1
[2025-01-05T17:17:06.088+0000] {taskinstance.py:2889} INFO - Executing <Task(HttpOperator): extract_user> on 2025-01-05 17:16:00+00:00
[2025-01-05T17:17:06.094+0000] {warnings.py:112} WARNING - /home/***/.local/lib/python3.12/site-packages/***/task/task_runner/standard_task_runner.py:70: DeprecationWarning: This process (pid=4319) is multi-threaded, use of fork() may lead to deadlocks in the child.
  pid = os.fork()

[2025-01-05T17:17:06.095+0000] {standard_task_runner.py:72} INFO - Started process 4321 to run task
[2025-01-05T17:17:06.096+0000] {standard_task_runner.py:104} INFO - Running: ['***', 'tasks', 'run', 'user_processing2_vsc', 'extract_user', 'scheduled__2025-01-05T17:16:00+00:00', '--job-id', '145', '--raw', '--subdir', 'DAGS_FOLDER/user_dag.py', '--cfg-path', '/tmp/tmpwt08k5rv']
[2025-01-05T17:17:06.097+0000] {standard_task_runner.py:105} INFO - Job 145: Subtask extract_user
[2025-01-05T17:17:06.134+0000] {task_command.py:467} INFO - Running <TaskInstance: user_processing2_vsc.extract_user scheduled__2025-01-05T17:16:00+00:00 [running]> on host cab0b5f06594
[2025-01-05T17:17:06.357+0000] {taskinstance.py:3132} INFO - Exporting env vars: AIRFLOW_CTX_DAG_OWNER='***' AIRFLOW_CTX_DAG_ID='user_processing2_vsc' AIRFLOW_CTX_TASK_ID='extract_user' AIRFLOW_CTX_EXECUTION_DATE='2025-01-05T17:16:00+00:00' AIRFLOW_CTX_TRY_NUMBER='1' AIRFLOW_CTX_DAG_RUN_ID='scheduled__2025-01-05T17:16:00+00:00'
[2025-01-05T17:17:06.358+0000] {logging_mixin.py:190} INFO - Task instance is in running state
[2025-01-05T17:17:06.358+0000] {logging_mixin.py:190} INFO -  Previous state of the Task instance: queued
[2025-01-05T17:17:06.358+0000] {logging_mixin.py:190} INFO - Current task name:extract_user state:running start_date:2025-01-05 17:17:06.071103+00:00
[2025-01-05T17:17:06.358+0000] {logging_mixin.py:190} INFO - Dag name:user_processing2_vsc and current dag run status:running
[2025-01-05T17:17:06.358+0000] {taskinstance.py:731} INFO - ::endgroup::
[2025-01-05T17:17:06.358+0000] {http.py:175} INFO - Calling HTTP method
[2025-01-05T17:17:06.364+0000] {base.py:84} INFO - Retrieving connection 'user_api'
[2025-01-05T17:17:06.369+0000] {base.py:84} INFO - Retrieving connection 'user_api'
[2025-01-05T17:17:06.489+0000] {http.py:236} INFO - {"results":[{"gender":"female","name":{"title":"Mrs","first":"Nia","last":"Novaes"},"location":{"street":{"number":3190,"name":"Rua São Paulo "},"city":"Palhoça","state":"Roraima","country":"Brazil","postcode":51542,"coordinates":{"latitude":"-78.1592","longitude":"2.5746"},"timezone":{"offset":"-7:00","description":"Mountain Time (US & Canada)"}},"email":"nia.novaes@example.com","login":{"uuid":"bb625c9d-79d3-4082-80e1-0d1b4185dc5c","username":"bigbird877","password":"titanic","salt":"J1odHisc","md5":"0e909e3e01a379d7f75a527b9fb8838b","sha1":"a4ecaed80d6411c3eb1960f3a919a9a956f66d6f","sha256":"47e203c295397feee7eb123f2825201b6a9e645e167272772960f304bd08f790"},"dob":{"date":"1948-07-01T12:13:42.299Z","age":76},"registered":{"date":"2017-05-06T05:07:13.925Z","age":7},"phone":"(05) 3873-7022","cell":"(86) 7265-8674","id":{"name":"CPF","value":"906.425.147-32"},"picture":{"large":"https://randomuser.me/api/portraits/women/28.jpg","medium":"https://randomuser.me/api/portraits/med/women/28.jpg","thumbnail":"https://randomuser.me/api/portraits/thumb/women/28.jpg"},"nat":"BR"}],"info":{"seed":"c28a3d602586e0a7","results":1,"page":1,"version":"1.4"}}
[2025-01-05T17:17:06.520+0000] {taskinstance.py:340} INFO - ::group::Post task execution logs
[2025-01-05T17:17:06.520+0000] {taskinstance.py:352} INFO - Marking task as SUCCESS. dag_id=user_processing2_vsc, task_id=extract_user, run_id=scheduled__2025-01-05T17:16:00+00:00, execution_date=20250105T171600, start_date=20250105T171706, end_date=20250105T171706
[2025-01-05T17:17:06.529+0000] {logging_mixin.py:190} INFO - Task instance in success state
[2025-01-05T17:17:06.529+0000] {logging_mixin.py:190} INFO -  Previous state of the Task instance: running
[2025-01-05T17:17:06.529+0000] {logging_mixin.py:190} INFO - Dag name:user_processing2_vsc queued_at:2025-01-05 17:17:00.237669+00:00
[2025-01-05T17:17:06.529+0000] {logging_mixin.py:190} INFO - Task hostname:cab0b5f06594 operator:HttpOperator
[2025-01-05T17:17:06.577+0000] {local_task_job_runner.py:266} INFO - Task exited with return code 0
[2025-01-05T17:17:06.614+0000] {taskinstance.py:3895} INFO - 1 downstream tasks scheduled from follow-on schedule check
[2025-01-05T17:17:06.617+0000] {local_task_job_runner.py:245} INFO - ::endgroup::
