[2025-01-05T17:10:15.728+0000] {local_task_job_runner.py:123} INFO - ::group::Pre task execution logs
[2025-01-05T17:10:15.744+0000] {taskinstance.py:2613} INFO - Dependencies all met for dep_context=non-requeueable deps ti=<TaskInstance: user_processing2_vsc.extract_user scheduled__2025-01-05T17:09:00+00:00 [queued]>
[2025-01-05T17:10:15.752+0000] {taskinstance.py:2613} INFO - Dependencies all met for dep_context=requeueable deps ti=<TaskInstance: user_processing2_vsc.extract_user scheduled__2025-01-05T17:09:00+00:00 [queued]>
[2025-01-05T17:10:15.752+0000] {taskinstance.py:2866} INFO - Starting attempt 1 of 1
[2025-01-05T17:10:15.763+0000] {taskinstance.py:2889} INFO - Executing <Task(HttpOperator): extract_user> on 2025-01-05 17:09:00+00:00
[2025-01-05T17:10:15.769+0000] {warnings.py:112} WARNING - /home/***/.local/lib/python3.12/site-packages/***/task/task_runner/standard_task_runner.py:70: DeprecationWarning: This process (pid=4110) is multi-threaded, use of fork() may lead to deadlocks in the child.
  pid = os.fork()

[2025-01-05T17:10:15.770+0000] {standard_task_runner.py:72} INFO - Started process 4115 to run task
[2025-01-05T17:10:15.771+0000] {standard_task_runner.py:104} INFO - Running: ['***', 'tasks', 'run', 'user_processing2_vsc', 'extract_user', 'scheduled__2025-01-05T17:09:00+00:00', '--job-id', '118', '--raw', '--subdir', 'DAGS_FOLDER/user_dag.py', '--cfg-path', '/tmp/tmpf4ai60un']
[2025-01-05T17:10:15.772+0000] {standard_task_runner.py:105} INFO - Job 118: Subtask extract_user
[2025-01-05T17:10:15.815+0000] {task_command.py:467} INFO - Running <TaskInstance: user_processing2_vsc.extract_user scheduled__2025-01-05T17:09:00+00:00 [running]> on host cab0b5f06594
[2025-01-05T17:10:15.888+0000] {taskinstance.py:3132} INFO - Exporting env vars: AIRFLOW_CTX_DAG_OWNER='***' AIRFLOW_CTX_DAG_ID='user_processing2_vsc' AIRFLOW_CTX_TASK_ID='extract_user' AIRFLOW_CTX_EXECUTION_DATE='2025-01-05T17:09:00+00:00' AIRFLOW_CTX_TRY_NUMBER='1' AIRFLOW_CTX_DAG_RUN_ID='scheduled__2025-01-05T17:09:00+00:00'
[2025-01-05T17:10:15.889+0000] {logging_mixin.py:190} INFO - Task instance is in running state
[2025-01-05T17:10:15.890+0000] {logging_mixin.py:190} INFO -  Previous state of the Task instance: queued
[2025-01-05T17:10:15.890+0000] {logging_mixin.py:190} INFO - Current task name:extract_user state:running start_date:2025-01-05 17:10:15.744987+00:00
[2025-01-05T17:10:15.890+0000] {logging_mixin.py:190} INFO - Dag name:user_processing2_vsc and current dag run status:running
[2025-01-05T17:10:15.890+0000] {taskinstance.py:731} INFO - ::endgroup::
[2025-01-05T17:10:15.891+0000] {http.py:175} INFO - Calling HTTP method
[2025-01-05T17:10:15.897+0000] {base.py:84} INFO - Retrieving connection 'user_api'
[2025-01-05T17:10:15.903+0000] {base.py:84} INFO - Retrieving connection 'user_api'
[2025-01-05T17:10:16.007+0000] {http.py:236} INFO - {"results":[{"gender":"female","name":{"title":"Madame","first":"Bernadette","last":"Da Silva"},"location":{"street":{"number":4393,"name":"Boulevard de la Duchère"},"city":"Saint-Sulpice (Vd)","state":"Glarus","country":"Switzerland","postcode":4614,"coordinates":{"latitude":"-59.2484","longitude":"124.5071"},"timezone":{"offset":"-12:00","description":"Eniwetok, Kwajalein"}},"email":"bernadette.dasilva@example.com","login":{"uuid":"229072c4-a5be-4a4f-987c-e4c74b6b51b1","username":"smalltiger360","password":"impreza","salt":"vU4Os9JI","md5":"1a61646bc3504e0c3e4fafb97c08cb91","sha1":"eacc03270335e0e307de245d0f454a863b42d35d","sha256":"9d9fbb91943660b5579caaccd6894d9d05533d87c77fed3cd6fb0ae0c0803959"},"dob":{"date":"1988-07-23T04:52:35.280Z","age":36},"registered":{"date":"2011-08-29T23:13:29.304Z","age":13},"phone":"078 316 14 74","cell":"078 629 91 42","id":{"name":"AVS","value":"756.0579.9716.92"},"picture":{"large":"https://randomuser.me/api/portraits/women/28.jpg","medium":"https://randomuser.me/api/portraits/med/women/28.jpg","thumbnail":"https://randomuser.me/api/portraits/thumb/women/28.jpg"},"nat":"CH"}],"info":{"seed":"a85c6793466a50df","results":1,"page":1,"version":"1.4"}}
[2025-01-05T17:10:16.028+0000] {taskinstance.py:340} INFO - ::group::Post task execution logs
[2025-01-05T17:10:16.028+0000] {taskinstance.py:352} INFO - Marking task as SUCCESS. dag_id=user_processing2_vsc, task_id=extract_user, run_id=scheduled__2025-01-05T17:09:00+00:00, execution_date=20250105T170900, start_date=20250105T171015, end_date=20250105T171016
[2025-01-05T17:10:16.037+0000] {logging_mixin.py:190} INFO - Task instance in success state
[2025-01-05T17:10:16.038+0000] {logging_mixin.py:190} INFO -  Previous state of the Task instance: running
[2025-01-05T17:10:16.038+0000] {logging_mixin.py:190} INFO - Dag name:user_processing2_vsc queued_at:2025-01-05 17:10:10.861565+00:00
[2025-01-05T17:10:16.038+0000] {logging_mixin.py:190} INFO - Task hostname:cab0b5f06594 operator:HttpOperator
[2025-01-05T17:10:16.084+0000] {local_task_job_runner.py:266} INFO - Task exited with return code 0
[2025-01-05T17:10:16.106+0000] {taskinstance.py:3895} INFO - 1 downstream tasks scheduled from follow-on schedule check
[2025-01-05T17:10:16.109+0000] {local_task_job_runner.py:245} INFO - ::endgroup::
