[2025-01-05T17:42:36.307+0000] {local_task_job_runner.py:123} INFO - ::group::Pre task execution logs
[2025-01-05T17:42:36.321+0000] {taskinstance.py:2613} INFO - Dependencies all met for dep_context=non-requeueable deps ti=<TaskInstance: user_processing2_vsc.process_user scheduled__2025-01-05T17:40:00+00:00 [queued]>
[2025-01-05T17:42:36.328+0000] {taskinstance.py:2613} INFO - Dependencies all met for dep_context=requeueable deps ti=<TaskInstance: user_processing2_vsc.process_user scheduled__2025-01-05T17:40:00+00:00 [queued]>
[2025-01-05T17:42:36.328+0000] {taskinstance.py:2866} INFO - Starting attempt 1 of 1
[2025-01-05T17:42:36.339+0000] {taskinstance.py:2889} INFO - Executing <Task(PythonOperator): process_user> on 2025-01-05 17:40:00+00:00
[2025-01-05T17:42:36.345+0000] {warnings.py:112} WARNING - /home/***/.local/lib/python3.12/site-packages/***/task/task_runner/standard_task_runner.py:70: DeprecationWarning: This process (pid=4872) is multi-threaded, use of fork() may lead to deadlocks in the child.
  pid = os.fork()

[2025-01-05T17:42:36.346+0000] {standard_task_runner.py:72} INFO - Started process 4877 to run task
[2025-01-05T17:42:36.347+0000] {standard_task_runner.py:104} INFO - Running: ['***', 'tasks', 'run', 'user_processing2_vsc', 'process_user', 'scheduled__2025-01-05T17:40:00+00:00', '--job-id', '188', '--raw', '--subdir', 'DAGS_FOLDER/user_dag.py', '--cfg-path', '/tmp/tmppglbzk9p']
[2025-01-05T17:42:36.348+0000] {standard_task_runner.py:105} INFO - Job 188: Subtask process_user
[2025-01-05T17:42:36.395+0000] {task_command.py:467} INFO - Running <TaskInstance: user_processing2_vsc.process_user scheduled__2025-01-05T17:40:00+00:00 [running]> on host cab0b5f06594
[2025-01-05T17:42:36.471+0000] {taskinstance.py:3132} INFO - Exporting env vars: AIRFLOW_CTX_DAG_OWNER='***' AIRFLOW_CTX_DAG_ID='user_processing2_vsc' AIRFLOW_CTX_TASK_ID='process_user' AIRFLOW_CTX_EXECUTION_DATE='2025-01-05T17:40:00+00:00' AIRFLOW_CTX_TRY_NUMBER='1' AIRFLOW_CTX_DAG_RUN_ID='scheduled__2025-01-05T17:40:00+00:00'
[2025-01-05T17:42:36.472+0000] {logging_mixin.py:190} INFO - Task instance is in running state
[2025-01-05T17:42:36.472+0000] {logging_mixin.py:190} INFO -  Previous state of the Task instance: queued
[2025-01-05T17:42:36.472+0000] {logging_mixin.py:190} INFO - Current task name:process_user state:running start_date:2025-01-05 17:42:36.321914+00:00
[2025-01-05T17:42:36.472+0000] {logging_mixin.py:190} INFO - Dag name:user_processing2_vsc and current dag run status:running
[2025-01-05T17:42:36.473+0000] {taskinstance.py:731} INFO - ::endgroup::
[2025-01-05T17:42:36.494+0000] {logging_mixin.py:190} INFO -   firstname  lastname  ... password                         email
0   Oliviya  Baranyuk  ...    polly  oliviya.baranyuk@example.com

[1 rows x 6 columns]
[2025-01-05T17:42:36.498+0000] {logging_mixin.py:190} INFO - File exists!
[2025-01-05T17:42:36.498+0000] {python.py:240} INFO - Done. Returned value was: None
[2025-01-05T17:42:36.505+0000] {taskinstance.py:340} INFO - ::group::Post task execution logs
[2025-01-05T17:42:36.505+0000] {taskinstance.py:352} INFO - Marking task as SUCCESS. dag_id=user_processing2_vsc, task_id=process_user, run_id=scheduled__2025-01-05T17:40:00+00:00, execution_date=20250105T174000, start_date=20250105T174236, end_date=20250105T174236
[2025-01-05T17:42:36.514+0000] {logging_mixin.py:190} INFO - Task instance in success state
[2025-01-05T17:42:36.514+0000] {logging_mixin.py:190} INFO -  Previous state of the Task instance: running
[2025-01-05T17:42:36.514+0000] {logging_mixin.py:190} INFO - Dag name:user_processing2_vsc queued_at:2025-01-05 17:41:00.276432+00:00
[2025-01-05T17:42:36.514+0000] {logging_mixin.py:190} INFO - Task hostname:cab0b5f06594 operator:PythonOperator
[2025-01-05T17:42:36.534+0000] {local_task_job_runner.py:266} INFO - Task exited with return code 0
[2025-01-05T17:42:36.550+0000] {taskinstance.py:3895} INFO - 1 downstream tasks scheduled from follow-on schedule check
[2025-01-05T17:42:36.553+0000] {local_task_job_runner.py:245} INFO - ::endgroup::
