[2025-01-05T16:45:06.583+0000] {local_task_job_runner.py:123} INFO - ::group::Pre task execution logs
[2025-01-05T16:45:06.599+0000] {taskinstance.py:2613} INFO - Dependencies all met for dep_context=non-requeueable deps ti=<TaskInstance: user_processing2_vsc.extract_user scheduled__2025-01-05T16:40:00+00:00 [queued]>
[2025-01-05T16:45:06.606+0000] {taskinstance.py:2613} INFO - Dependencies all met for dep_context=requeueable deps ti=<TaskInstance: user_processing2_vsc.extract_user scheduled__2025-01-05T16:40:00+00:00 [queued]>
[2025-01-05T16:45:06.607+0000] {taskinstance.py:2866} INFO - Starting attempt 1 of 1
[2025-01-05T16:45:06.619+0000] {taskinstance.py:2889} INFO - Executing <Task(HttpOperator): extract_user> on 2025-01-05 16:40:00+00:00
[2025-01-05T16:45:06.626+0000] {warnings.py:112} WARNING - /home/***/.local/lib/python3.12/site-packages/***/task/task_runner/standard_task_runner.py:70: DeprecationWarning: This process (pid=3506) is multi-threaded, use of fork() may lead to deadlocks in the child.
  pid = os.fork()

[2025-01-05T16:45:06.627+0000] {standard_task_runner.py:72} INFO - Started process 3508 to run task
[2025-01-05T16:45:06.628+0000] {standard_task_runner.py:104} INFO - Running: ['***', 'tasks', 'run', 'user_processing2_vsc', 'extract_user', 'scheduled__2025-01-05T16:40:00+00:00', '--job-id', '56', '--raw', '--subdir', 'DAGS_FOLDER/user_dag.py', '--cfg-path', '/tmp/tmpdaewvct7']
[2025-01-05T16:45:06.629+0000] {standard_task_runner.py:105} INFO - Job 56: Subtask extract_user
[2025-01-05T16:45:06.666+0000] {task_command.py:467} INFO - Running <TaskInstance: user_processing2_vsc.extract_user scheduled__2025-01-05T16:40:00+00:00 [running]> on host cab0b5f06594
[2025-01-05T16:45:06.737+0000] {taskinstance.py:3132} INFO - Exporting env vars: AIRFLOW_CTX_DAG_OWNER='***' AIRFLOW_CTX_DAG_ID='user_processing2_vsc' AIRFLOW_CTX_TASK_ID='extract_user' AIRFLOW_CTX_EXECUTION_DATE='2025-01-05T16:40:00+00:00' AIRFLOW_CTX_TRY_NUMBER='1' AIRFLOW_CTX_DAG_RUN_ID='scheduled__2025-01-05T16:40:00+00:00'
[2025-01-05T16:45:06.738+0000] {logging_mixin.py:190} INFO - Task instance is in running state
[2025-01-05T16:45:06.739+0000] {logging_mixin.py:190} INFO -  Previous state of the Task instance: queued
[2025-01-05T16:45:06.739+0000] {logging_mixin.py:190} INFO - Current task name:extract_user state:running start_date:2025-01-05 16:45:06.599618+00:00
[2025-01-05T16:45:06.739+0000] {logging_mixin.py:190} INFO - Dag name:user_processing2_vsc and current dag run status:running
[2025-01-05T16:45:06.739+0000] {taskinstance.py:731} INFO - ::endgroup::
[2025-01-05T16:45:06.739+0000] {http.py:175} INFO - Calling HTTP method
[2025-01-05T16:45:06.746+0000] {base.py:84} INFO - Retrieving connection 'user_api'
[2025-01-05T16:45:06.753+0000] {base.py:84} INFO - Retrieving connection 'user_api'
[2025-01-05T16:45:07.110+0000] {http.py:236} INFO - {"results":[{"gender":"male","name":{"title":"Mr","first":"Dave","last":"Reed"},"location":{"street":{"number":5424,"name":"The Crescent"},"city":"Nottingham","state":"Essex","country":"United Kingdom","postcode":"HE29 3AJ","coordinates":{"latitude":"-8.2371","longitude":"-66.5266"},"timezone":{"offset":"-7:00","description":"Mountain Time (US & Canada)"}},"email":"dave.reed@example.com","login":{"uuid":"3b28d95c-d3ae-4325-bdaa-f7fdca2c2229","username":"redostrich947","password":"soccer","salt":"1oN6nix9","md5":"0b78feb7b1f44b3f1d184b2f7ba31717","sha1":"7ff9f45042238ab8c697dea6f78bfc1209ade97d","sha256":"a9aa057950061d0dae2f292f1905d6fe57abd8e98519191f74cb22612fe8aad9"},"dob":{"date":"1970-05-19T21:55:46.074Z","age":54},"registered":{"date":"2021-09-14T00:19:16.609Z","age":3},"phone":"015396 51544","cell":"07795 660512","id":{"name":"NINO","value":"WA 31 01 10 J"},"picture":{"large":"https://randomuser.me/api/portraits/men/85.jpg","medium":"https://randomuser.me/api/portraits/med/men/85.jpg","thumbnail":"https://randomuser.me/api/portraits/thumb/men/85.jpg"},"nat":"GB"}],"info":{"seed":"987ead8ecd512d1f","results":1,"page":1,"version":"1.4"}}
[2025-01-05T16:45:07.136+0000] {taskinstance.py:340} INFO - ::group::Post task execution logs
[2025-01-05T16:45:07.136+0000] {taskinstance.py:352} INFO - Marking task as SUCCESS. dag_id=user_processing2_vsc, task_id=extract_user, run_id=scheduled__2025-01-05T16:40:00+00:00, execution_date=20250105T164000, start_date=20250105T164506, end_date=20250105T164507
[2025-01-05T16:45:07.147+0000] {logging_mixin.py:190} INFO - Task instance in success state
[2025-01-05T16:45:07.148+0000] {logging_mixin.py:190} INFO -  Previous state of the Task instance: running
[2025-01-05T16:45:07.148+0000] {logging_mixin.py:190} INFO - Dag name:user_processing2_vsc queued_at:2025-01-05 16:45:00.587292+00:00
[2025-01-05T16:45:07.148+0000] {logging_mixin.py:190} INFO - Task hostname:cab0b5f06594 operator:HttpOperator
[2025-01-05T16:45:07.164+0000] {local_task_job_runner.py:266} INFO - Task exited with return code 0
[2025-01-05T16:45:07.189+0000] {taskinstance.py:3895} INFO - 1 downstream tasks scheduled from follow-on schedule check
[2025-01-05T16:45:07.191+0000] {local_task_job_runner.py:245} INFO - ::endgroup::
