[2025-01-05T16:58:42.833+0000] {local_task_job_runner.py:123} INFO - ::group::Pre task execution logs
[2025-01-05T16:58:42.847+0000] {taskinstance.py:2613} INFO - Dependencies all met for dep_context=non-requeueable deps ti=<TaskInstance: user_processing2_vsc.store_user scheduled__2025-01-05T16:58:00+00:00 [queued]>
[2025-01-05T16:58:42.855+0000] {taskinstance.py:2613} INFO - Dependencies all met for dep_context=requeueable deps ti=<TaskInstance: user_processing2_vsc.store_user scheduled__2025-01-05T16:58:00+00:00 [queued]>
[2025-01-05T16:58:42.855+0000] {taskinstance.py:2866} INFO - Starting attempt 1 of 1
[2025-01-05T16:58:42.868+0000] {taskinstance.py:2889} INFO - Executing <Task(PythonOperator): store_user> on 2025-01-05 16:58:00+00:00
[2025-01-05T16:58:42.876+0000] {warnings.py:112} WARNING - /home/***/.local/lib/python3.12/site-packages/***/task/task_runner/standard_task_runner.py:70: DeprecationWarning: This process (pid=3846) is multi-threaded, use of fork() may lead to deadlocks in the child.
  pid = os.fork()

[2025-01-05T16:58:42.877+0000] {standard_task_runner.py:72} INFO - Started process 3848 to run task
[2025-01-05T16:58:42.879+0000] {standard_task_runner.py:104} INFO - Running: ['***', 'tasks', 'run', 'user_processing2_vsc', 'store_user', 'scheduled__2025-01-05T16:58:00+00:00', '--job-id', '92', '--raw', '--subdir', 'DAGS_FOLDER/user_dag.py', '--cfg-path', '/tmp/tmphigt5mu4']
[2025-01-05T16:58:42.880+0000] {standard_task_runner.py:105} INFO - Job 92: Subtask store_user
[2025-01-05T16:58:42.925+0000] {task_command.py:467} INFO - Running <TaskInstance: user_processing2_vsc.store_user scheduled__2025-01-05T16:58:00+00:00 [running]> on host cab0b5f06594
[2025-01-05T16:58:42.997+0000] {taskinstance.py:3132} INFO - Exporting env vars: AIRFLOW_CTX_DAG_OWNER='***' AIRFLOW_CTX_DAG_ID='user_processing2_vsc' AIRFLOW_CTX_TASK_ID='store_user' AIRFLOW_CTX_EXECUTION_DATE='2025-01-05T16:58:00+00:00' AIRFLOW_CTX_TRY_NUMBER='1' AIRFLOW_CTX_DAG_RUN_ID='scheduled__2025-01-05T16:58:00+00:00'
[2025-01-05T16:58:42.998+0000] {logging_mixin.py:190} INFO - Task instance is in running state
[2025-01-05T16:58:42.998+0000] {logging_mixin.py:190} INFO -  Previous state of the Task instance: queued
[2025-01-05T16:58:42.999+0000] {logging_mixin.py:190} INFO - Current task name:store_user state:running start_date:2025-01-05 16:58:42.847519+00:00
[2025-01-05T16:58:42.999+0000] {logging_mixin.py:190} INFO - Dag name:user_processing2_vsc and current dag run status:running
[2025-01-05T16:58:42.999+0000] {taskinstance.py:731} INFO - ::endgroup::
[2025-01-05T16:58:42.999+0000] {logging_mixin.py:190} INFO - outputting stdin
[2025-01-05T16:58:43.000+0000] {logging_mixin.py:190} INFO - end outputting stdin
[2025-01-05T16:58:43.000+0000] {python.py:240} INFO - Done. Returned value was: None
[2025-01-05T16:58:43.007+0000] {taskinstance.py:340} INFO - ::group::Post task execution logs
[2025-01-05T16:58:43.008+0000] {taskinstance.py:352} INFO - Marking task as SUCCESS. dag_id=user_processing2_vsc, task_id=store_user, run_id=scheduled__2025-01-05T16:58:00+00:00, execution_date=20250105T165800, start_date=20250105T165842, end_date=20250105T165843
[2025-01-05T16:58:43.017+0000] {logging_mixin.py:190} INFO - Task instance in success state
[2025-01-05T16:58:43.017+0000] {logging_mixin.py:190} INFO -  Previous state of the Task instance: running
[2025-01-05T16:58:43.017+0000] {logging_mixin.py:190} INFO - Dag name:user_processing2_vsc queued_at:2025-01-05 16:59:21.447695+00:00
[2025-01-05T16:58:43.017+0000] {logging_mixin.py:190} INFO - Task hostname:cab0b5f06594 operator:PythonOperator
[2025-01-05T16:58:43.062+0000] {local_task_job_runner.py:266} INFO - Task exited with return code 0
[2025-01-05T16:58:43.084+0000] {taskinstance.py:3895} INFO - 0 downstream tasks scheduled from follow-on schedule check
[2025-01-05T16:58:43.088+0000] {local_task_job_runner.py:245} INFO - ::endgroup::
