[2025-01-05T05:33:20.520+0000] {local_task_job_runner.py:123} INFO - ::group::Pre task execution logs
[2025-01-05T05:33:20.706+0000] {taskinstance.py:2613} INFO - Dependencies all met for dep_context=non-requeueable deps ti=<TaskInstance: user_processing2_vsc.extract_user scheduled__2025-01-05T04:55:00+00:00 [queued]>
[2025-01-05T05:33:20.715+0000] {taskinstance.py:2613} INFO - Dependencies all met for dep_context=requeueable deps ti=<TaskInstance: user_processing2_vsc.extract_user scheduled__2025-01-05T04:55:00+00:00 [queued]>
[2025-01-05T05:33:20.716+0000] {taskinstance.py:2866} INFO - Starting attempt 1 of 1
[2025-01-05T05:33:20.731+0000] {taskinstance.py:2889} INFO - Executing <Task(HttpOperator): extract_user> on 2025-01-05 04:55:00+00:00
[2025-01-05T05:33:20.739+0000] {warnings.py:112} WARNING - /home/***/.local/lib/python3.12/site-packages/***/task/task_runner/standard_task_runner.py:70: DeprecationWarning: This process (pid=658) is multi-threaded, use of fork() may lead to deadlocks in the child.
  pid = os.fork()

[2025-01-05T05:33:20.740+0000] {standard_task_runner.py:72} INFO - Started process 670 to run task
[2025-01-05T05:33:20.741+0000] {standard_task_runner.py:104} INFO - Running: ['***', 'tasks', 'run', 'user_processing2_vsc', 'extract_user', 'scheduled__2025-01-05T04:55:00+00:00', '--job-id', '27', '--raw', '--subdir', 'DAGS_FOLDER/user_dag.py', '--cfg-path', '/tmp/tmp_h09hj0g']
[2025-01-05T05:33:20.743+0000] {standard_task_runner.py:105} INFO - Job 27: Subtask extract_user
[2025-01-05T05:33:20.804+0000] {task_command.py:467} INFO - Running <TaskInstance: user_processing2_vsc.extract_user scheduled__2025-01-05T04:55:00+00:00 [running]> on host cab0b5f06594
[2025-01-05T05:33:20.909+0000] {taskinstance.py:3132} INFO - Exporting env vars: AIRFLOW_CTX_DAG_OWNER='***' AIRFLOW_CTX_DAG_ID='user_processing2_vsc' AIRFLOW_CTX_TASK_ID='extract_user' AIRFLOW_CTX_EXECUTION_DATE='2025-01-05T04:55:00+00:00' AIRFLOW_CTX_TRY_NUMBER='1' AIRFLOW_CTX_DAG_RUN_ID='scheduled__2025-01-05T04:55:00+00:00'
[2025-01-05T05:33:20.911+0000] {logging_mixin.py:190} INFO - Task instance is in running state
[2025-01-05T05:33:20.911+0000] {logging_mixin.py:190} INFO -  Previous state of the Task instance: queued
[2025-01-05T05:33:20.912+0000] {logging_mixin.py:190} INFO - Current task name:extract_user state:running start_date:2025-01-05 05:33:20.707178+00:00
[2025-01-05T05:33:20.912+0000] {logging_mixin.py:190} INFO - Dag name:user_processing2_vsc and current dag run status:running
[2025-01-05T05:33:20.913+0000] {taskinstance.py:731} INFO - ::endgroup::
[2025-01-05T05:33:20.913+0000] {http.py:175} INFO - Calling HTTP method
[2025-01-05T05:33:20.923+0000] {base.py:84} INFO - Retrieving connection 'user_api'
[2025-01-05T05:33:20.932+0000] {base.py:84} INFO - Retrieving connection 'user_api'
[2025-01-05T05:33:21.437+0000] {http.py:236} INFO - {"results":[{"gender":"male","name":{"title":"Mr","first":"V'yacheslav","last":"Sviridovskiy"},"location":{"street":{"number":9715,"name":"Polkovnika Shutova"},"city":"Seredina-Buda","state":"Harkivska","country":"Ukraine","postcode":80556,"coordinates":{"latitude":"75.6890","longitude":"-128.4245"},"timezone":{"offset":"+8:00","description":"Beijing, Perth, Singapore, Hong Kong"}},"email":"v'yacheslav.sviridovskiy@example.com","login":{"uuid":"3cdffcdc-aa03-4fcd-9055-8f595b7ec0e8","username":"greengoose597","password":"303030","salt":"QQdl7V32","md5":"811a19f5e665112b543b6e0146105a4d","sha1":"1946ecd0310b196ff427b6fef78112580d560685","sha256":"931e749a32abfa0f9a8e9187363e1d33189cdd9958f39f37eb81305f8f7a3af6"},"dob":{"date":"1999-12-02T23:39:23.153Z","age":25},"registered":{"date":"2009-09-27T14:10:47.519Z","age":15},"phone":"(068) T48-7095","cell":"(096) R68-4331","id":{"name":"","value":null},"picture":{"large":"https://randomuser.me/api/portraits/men/58.jpg","medium":"https://randomuser.me/api/portraits/med/men/58.jpg","thumbnail":"https://randomuser.me/api/portraits/thumb/men/58.jpg"},"nat":"UA"}],"info":{"seed":"aeacf4b6cd22534e","results":1,"page":1,"version":"1.4"}}
[2025-01-05T05:33:21.461+0000] {taskinstance.py:340} INFO - ::group::Post task execution logs
[2025-01-05T05:33:21.461+0000] {taskinstance.py:352} INFO - Marking task as SUCCESS. dag_id=user_processing2_vsc, task_id=extract_user, run_id=scheduled__2025-01-05T04:55:00+00:00, execution_date=20250105T045500, start_date=20250105T053320, end_date=20250105T053321
[2025-01-05T05:33:21.469+0000] {logging_mixin.py:190} INFO - Task instance in success state
[2025-01-05T05:33:21.470+0000] {logging_mixin.py:190} INFO -  Previous state of the Task instance: running
[2025-01-05T05:33:21.470+0000] {logging_mixin.py:190} INFO - Dag name:user_processing2_vsc queued_at:2025-01-05 05:34:04.489719+00:00
[2025-01-05T05:33:21.470+0000] {logging_mixin.py:190} INFO - Task hostname:cab0b5f06594 operator:HttpOperator
[2025-01-05T05:33:21.478+0000] {local_task_job_runner.py:266} INFO - Task exited with return code 0
[2025-01-05T05:33:21.502+0000] {taskinstance.py:3895} INFO - 1 downstream tasks scheduled from follow-on schedule check
[2025-01-05T05:33:21.505+0000] {local_task_job_runner.py:245} INFO - ::endgroup::
