[2025-01-05T17:46:11.255+0000] {local_task_job_runner.py:123} INFO - ::group::Pre task execution logs
[2025-01-05T17:46:11.270+0000] {taskinstance.py:2613} INFO - Dependencies all met for dep_context=non-requeueable deps ti=<TaskInstance: user_processing2_vsc.extract_user scheduled__2025-01-05T17:45:00+00:00 [queued]>
[2025-01-05T17:46:11.277+0000] {taskinstance.py:2613} INFO - Dependencies all met for dep_context=requeueable deps ti=<TaskInstance: user_processing2_vsc.extract_user scheduled__2025-01-05T17:45:00+00:00 [queued]>
[2025-01-05T17:46:11.277+0000] {taskinstance.py:2866} INFO - Starting attempt 1 of 1
[2025-01-05T17:46:11.287+0000] {taskinstance.py:2889} INFO - Executing <Task(HttpOperator): extract_user> on 2025-01-05 17:45:00+00:00
[2025-01-05T17:46:11.293+0000] {warnings.py:112} WARNING - /home/***/.local/lib/python3.12/site-packages/***/task/task_runner/standard_task_runner.py:70: DeprecationWarning: This process (pid=5017) is multi-threaded, use of fork() may lead to deadlocks in the child.
  pid = os.fork()

[2025-01-05T17:46:11.294+0000] {standard_task_runner.py:72} INFO - Started process 5019 to run task
[2025-01-05T17:46:11.296+0000] {standard_task_runner.py:104} INFO - Running: ['***', 'tasks', 'run', 'user_processing2_vsc', 'extract_user', 'scheduled__2025-01-05T17:45:00+00:00', '--job-id', '211', '--raw', '--subdir', 'DAGS_FOLDER/user_dag.py', '--cfg-path', '/tmp/tmph5o_i94i']
[2025-01-05T17:46:11.297+0000] {standard_task_runner.py:105} INFO - Job 211: Subtask extract_user
[2025-01-05T17:46:11.339+0000] {task_command.py:467} INFO - Running <TaskInstance: user_processing2_vsc.extract_user scheduled__2025-01-05T17:45:00+00:00 [running]> on host cab0b5f06594
[2025-01-05T17:46:11.581+0000] {taskinstance.py:3132} INFO - Exporting env vars: AIRFLOW_CTX_DAG_OWNER='***' AIRFLOW_CTX_DAG_ID='user_processing2_vsc' AIRFLOW_CTX_TASK_ID='extract_user' AIRFLOW_CTX_EXECUTION_DATE='2025-01-05T17:45:00+00:00' AIRFLOW_CTX_TRY_NUMBER='1' AIRFLOW_CTX_DAG_RUN_ID='scheduled__2025-01-05T17:45:00+00:00'
[2025-01-05T17:46:11.582+0000] {logging_mixin.py:190} INFO - Task instance is in running state
[2025-01-05T17:46:11.582+0000] {logging_mixin.py:190} INFO -  Previous state of the Task instance: queued
[2025-01-05T17:46:11.582+0000] {logging_mixin.py:190} INFO - Current task name:extract_user state:running start_date:2025-01-05 17:46:11.270699+00:00
[2025-01-05T17:46:11.582+0000] {logging_mixin.py:190} INFO - Dag name:user_processing2_vsc and current dag run status:running
[2025-01-05T17:46:11.582+0000] {taskinstance.py:731} INFO - ::endgroup::
[2025-01-05T17:46:11.583+0000] {http.py:175} INFO - Calling HTTP method
[2025-01-05T17:46:11.589+0000] {base.py:84} INFO - Retrieving connection 'user_api'
[2025-01-05T17:46:11.593+0000] {base.py:84} INFO - Retrieving connection 'user_api'
[2025-01-05T17:46:11.790+0000] {http.py:236} INFO - {"results":[{"gender":"female","name":{"title":"Miss","first":"Jeanne","last":"Margaret"},"location":{"street":{"number":9617,"name":"West Ave"},"city":"Melbourne","state":"Nova Scotia","country":"Canada","postcode":"N1D 9U9","coordinates":{"latitude":"-65.2081","longitude":"23.2733"},"timezone":{"offset":"+10:00","description":"Eastern Australia, Guam, Vladivostok"}},"email":"jeanne.margaret@example.com","login":{"uuid":"9a0fff97-7eba-4adc-8960-7e9aae56f4c7","username":"angryladybug918","password":"henti","salt":"5QNN2XsL","md5":"a764732a24a5408d95058f7fd0c0a1c5","sha1":"80b00cbb203e6c570d0ea662f7ea0fc6d2eb3579","sha256":"c1ec5f0592856414144548032cb40445ee723a27bebc543ca9a4e9d97cc60b2f"},"dob":{"date":"1978-04-04T16:44:59.558Z","age":46},"registered":{"date":"2015-11-29T04:52:58.323Z","age":9},"phone":"Y33 Y27-4810","cell":"Y64 D39-3648","id":{"name":"SIN","value":"854375201"},"picture":{"large":"https://randomuser.me/api/portraits/women/64.jpg","medium":"https://randomuser.me/api/portraits/med/women/64.jpg","thumbnail":"https://randomuser.me/api/portraits/thumb/women/64.jpg"},"nat":"CA"}],"info":{"seed":"72f2761ec4b10b8d","results":1,"page":1,"version":"1.4"}}
[2025-01-05T17:46:11.812+0000] {taskinstance.py:340} INFO - ::group::Post task execution logs
[2025-01-05T17:46:11.812+0000] {taskinstance.py:352} INFO - Marking task as SUCCESS. dag_id=user_processing2_vsc, task_id=extract_user, run_id=scheduled__2025-01-05T17:45:00+00:00, execution_date=20250105T174500, start_date=20250105T174611, end_date=20250105T174611
[2025-01-05T17:46:11.822+0000] {logging_mixin.py:190} INFO - Task instance in success state
[2025-01-05T17:46:11.823+0000] {logging_mixin.py:190} INFO -  Previous state of the Task instance: running
[2025-01-05T17:46:11.823+0000] {logging_mixin.py:190} INFO - Dag name:user_processing2_vsc queued_at:2025-01-05 17:46:00.847492+00:00
[2025-01-05T17:46:11.823+0000] {logging_mixin.py:190} INFO - Task hostname:cab0b5f06594 operator:HttpOperator
[2025-01-05T17:46:11.372+0000] {local_task_job_runner.py:266} INFO - Task exited with return code 0
[2025-01-05T17:46:11.394+0000] {taskinstance.py:3895} INFO - 1 downstream tasks scheduled from follow-on schedule check
[2025-01-05T17:46:11.396+0000] {local_task_job_runner.py:245} INFO - ::endgroup::
