[2025-01-05T17:04:27.534+0000] {local_task_job_runner.py:123} INFO - ::group::Pre task execution logs
[2025-01-05T17:04:27.552+0000] {taskinstance.py:2613} INFO - Dependencies all met for dep_context=non-requeueable deps ti=<TaskInstance: user_processing2_vsc.extract_user scheduled__2025-01-05T17:00:00+00:00 [queued]>
[2025-01-05T17:04:27.560+0000] {taskinstance.py:2613} INFO - Dependencies all met for dep_context=requeueable deps ti=<TaskInstance: user_processing2_vsc.extract_user scheduled__2025-01-05T17:00:00+00:00 [queued]>
[2025-01-05T17:04:27.560+0000] {taskinstance.py:2866} INFO - Starting attempt 1 of 1
[2025-01-05T17:04:27.573+0000] {taskinstance.py:2889} INFO - Executing <Task(HttpOperator): extract_user> on 2025-01-05 17:00:00+00:00
[2025-01-05T17:04:27.579+0000] {warnings.py:112} WARNING - /home/***/.local/lib/python3.12/site-packages/***/task/task_runner/standard_task_runner.py:70: DeprecationWarning: This process (pid=3956) is multi-threaded, use of fork() may lead to deadlocks in the child.
  pid = os.fork()

[2025-01-05T17:04:27.580+0000] {standard_task_runner.py:72} INFO - Started process 3960 to run task
[2025-01-05T17:04:27.580+0000] {standard_task_runner.py:104} INFO - Running: ['***', 'tasks', 'run', 'user_processing2_vsc', 'extract_user', 'scheduled__2025-01-05T17:00:00+00:00', '--job-id', '100', '--raw', '--subdir', 'DAGS_FOLDER/user_dag.py', '--cfg-path', '/tmp/tmpsu2t2bq0']
[2025-01-05T17:04:27.581+0000] {standard_task_runner.py:105} INFO - Job 100: Subtask extract_user
[2025-01-05T17:04:27.618+0000] {task_command.py:467} INFO - Running <TaskInstance: user_processing2_vsc.extract_user scheduled__2025-01-05T17:00:00+00:00 [running]> on host cab0b5f06594
[2025-01-05T17:04:27.900+0000] {taskinstance.py:3132} INFO - Exporting env vars: AIRFLOW_CTX_DAG_OWNER='***' AIRFLOW_CTX_DAG_ID='user_processing2_vsc' AIRFLOW_CTX_TASK_ID='extract_user' AIRFLOW_CTX_EXECUTION_DATE='2025-01-05T17:00:00+00:00' AIRFLOW_CTX_TRY_NUMBER='1' AIRFLOW_CTX_DAG_RUN_ID='scheduled__2025-01-05T17:00:00+00:00'
[2025-01-05T17:04:27.901+0000] {logging_mixin.py:190} INFO - Task instance is in running state
[2025-01-05T17:04:27.901+0000] {logging_mixin.py:190} INFO -  Previous state of the Task instance: queued
[2025-01-05T17:04:27.901+0000] {logging_mixin.py:190} INFO - Current task name:extract_user state:running start_date:2025-01-05 17:04:27.552834+00:00
[2025-01-05T17:04:27.901+0000] {logging_mixin.py:190} INFO - Dag name:user_processing2_vsc and current dag run status:running
[2025-01-05T17:04:27.901+0000] {taskinstance.py:731} INFO - ::endgroup::
[2025-01-05T17:04:27.901+0000] {http.py:175} INFO - Calling HTTP method
[2025-01-05T17:04:27.908+0000] {base.py:84} INFO - Retrieving connection 'user_api'
[2025-01-05T17:04:27.913+0000] {base.py:84} INFO - Retrieving connection 'user_api'
[2025-01-05T17:04:28.047+0000] {http.py:236} INFO - {"results":[{"gender":"male","name":{"title":"Mr","first":"Robin","last":"Schaffner"},"location":{"street":{"number":4049,"name":"Raiffeisenstraße"},"city":"Niedenstein","state":"Bremen","country":"Germany","postcode":25410,"coordinates":{"latitude":"-49.8791","longitude":"-56.3601"},"timezone":{"offset":"-5:00","description":"Eastern Time (US & Canada), Bogota, Lima"}},"email":"robin.schaffner@example.com","login":{"uuid":"dc46c942-6986-4a75-87af-40f635598c0a","username":"redzebra355","password":"joker1","salt":"yLFxNCtb","md5":"2a05c5b93e12b044c629038576b48161","sha1":"8d1953a80d751f63a78509ce0abc09f18c103c37","sha256":"19510ead776ca1396dc0316f55ded49e56542535ed90bb135fdcbe68087a51d6"},"dob":{"date":"1947-05-25T15:30:32.637Z","age":77},"registered":{"date":"2021-10-07T02:47:30.719Z","age":3},"phone":"0233-6580626","cell":"0176-0369894","id":{"name":"SVNR","value":"03 250547 S 339"},"picture":{"large":"https://randomuser.me/api/portraits/men/38.jpg","medium":"https://randomuser.me/api/portraits/med/men/38.jpg","thumbnail":"https://randomuser.me/api/portraits/thumb/men/38.jpg"},"nat":"DE"}],"info":{"seed":"90aec38d74cad61e","results":1,"page":1,"version":"1.4"}}
[2025-01-05T17:04:27.782+0000] {taskinstance.py:340} INFO - ::group::Post task execution logs
[2025-01-05T17:04:27.783+0000] {taskinstance.py:352} INFO - Marking task as SUCCESS. dag_id=user_processing2_vsc, task_id=extract_user, run_id=scheduled__2025-01-05T17:00:00+00:00, execution_date=20250105T170000, start_date=20250105T170427, end_date=20250105T170427
[2025-01-05T17:04:27.792+0000] {logging_mixin.py:190} INFO - Task instance in success state
[2025-01-05T17:04:27.793+0000] {logging_mixin.py:190} INFO -  Previous state of the Task instance: running
[2025-01-05T17:04:27.793+0000] {logging_mixin.py:190} INFO - Dag name:user_processing2_vsc queued_at:2025-01-05 17:01:00.601524+00:00
[2025-01-05T17:04:27.793+0000] {logging_mixin.py:190} INFO - Task hostname:cab0b5f06594 operator:HttpOperator
[2025-01-05T17:04:27.805+0000] {local_task_job_runner.py:266} INFO - Task exited with return code 0
[2025-01-05T17:04:27.828+0000] {taskinstance.py:3895} INFO - 1 downstream tasks scheduled from follow-on schedule check
[2025-01-05T17:04:27.831+0000] {local_task_job_runner.py:245} INFO - ::endgroup::
