[2025-01-05T17:28:25.646+0000] {local_task_job_runner.py:123} INFO - ::group::Pre task execution logs
[2025-01-05T17:28:25.666+0000] {taskinstance.py:2613} INFO - Dependencies all met for dep_context=non-requeueable deps ti=<TaskInstance: user_processing2_vsc.extract_user scheduled__2025-01-05T17:27:00+00:00 [queued]>
[2025-01-05T17:28:25.675+0000] {taskinstance.py:2613} INFO - Dependencies all met for dep_context=requeueable deps ti=<TaskInstance: user_processing2_vsc.extract_user scheduled__2025-01-05T17:27:00+00:00 [queued]>
[2025-01-05T17:28:25.675+0000] {taskinstance.py:2866} INFO - Starting attempt 1 of 1
[2025-01-05T17:28:25.688+0000] {taskinstance.py:2889} INFO - Executing <Task(HttpOperator): extract_user> on 2025-01-05 17:27:00+00:00
[2025-01-05T17:28:25.695+0000] {warnings.py:112} WARNING - /home/***/.local/lib/python3.12/site-packages/***/task/task_runner/standard_task_runner.py:70: DeprecationWarning: This process (pid=4557) is multi-threaded, use of fork() may lead to deadlocks in the child.
  pid = os.fork()

[2025-01-05T17:28:25.696+0000] {standard_task_runner.py:72} INFO - Started process 4569 to run task
[2025-01-05T17:28:25.697+0000] {standard_task_runner.py:104} INFO - Running: ['***', 'tasks', 'run', 'user_processing2_vsc', 'extract_user', 'scheduled__2025-01-05T17:27:00+00:00', '--job-id', '165', '--raw', '--subdir', 'DAGS_FOLDER/user_dag.py', '--cfg-path', '/tmp/tmp0vv70j1a']
[2025-01-05T17:28:25.698+0000] {standard_task_runner.py:105} INFO - Job 165: Subtask extract_user
[2025-01-05T17:28:25.741+0000] {task_command.py:467} INFO - Running <TaskInstance: user_processing2_vsc.extract_user scheduled__2025-01-05T17:27:00+00:00 [running]> on host cab0b5f06594
[2025-01-05T17:28:25.817+0000] {taskinstance.py:3132} INFO - Exporting env vars: AIRFLOW_CTX_DAG_OWNER='***' AIRFLOW_CTX_DAG_ID='user_processing2_vsc' AIRFLOW_CTX_TASK_ID='extract_user' AIRFLOW_CTX_EXECUTION_DATE='2025-01-05T17:27:00+00:00' AIRFLOW_CTX_TRY_NUMBER='1' AIRFLOW_CTX_DAG_RUN_ID='scheduled__2025-01-05T17:27:00+00:00'
[2025-01-05T17:28:25.818+0000] {logging_mixin.py:190} INFO - Task instance is in running state
[2025-01-05T17:28:25.818+0000] {logging_mixin.py:190} INFO -  Previous state of the Task instance: queued
[2025-01-05T17:28:25.819+0000] {logging_mixin.py:190} INFO - Current task name:extract_user state:running start_date:2025-01-05 17:28:25.666521+00:00
[2025-01-05T17:28:25.819+0000] {logging_mixin.py:190} INFO - Dag name:user_processing2_vsc and current dag run status:running
[2025-01-05T17:28:25.819+0000] {taskinstance.py:731} INFO - ::endgroup::
[2025-01-05T17:28:25.819+0000] {http.py:175} INFO - Calling HTTP method
[2025-01-05T17:28:25.827+0000] {base.py:84} INFO - Retrieving connection 'user_api'
[2025-01-05T17:28:25.834+0000] {base.py:84} INFO - Retrieving connection 'user_api'
[2025-01-05T17:28:25.959+0000] {http.py:236} INFO - {"results":[{"gender":"female","name":{"title":"Mrs","first":"Rose","last":"Bergeron"},"location":{"street":{"number":119,"name":"Elgin St"},"city":"Sutton","state":"Ontario","country":"Canada","postcode":"C9O 2N8","coordinates":{"latitude":"-65.3739","longitude":"25.9342"},"timezone":{"offset":"-9:00","description":"Alaska"}},"email":"rose.bergeron@example.com","login":{"uuid":"e18107ea-0a09-4fa5-9ded-7d42086cbd30","username":"smallladybug839","password":"tools","salt":"NbK7PuZZ","md5":"9ab803e3b050c3977fccf571d1ea38ba","sha1":"2606b2b163b396c2724e73ff6b12bb33e1faa7ee","sha256":"8847a44269f111a749ea5a46cd6f67147ea84a9014e94fd8aeef15142ecd3a56"},"dob":{"date":"1962-04-29T12:54:26.756Z","age":62},"registered":{"date":"2005-10-15T10:06:19.436Z","age":19},"phone":"N38 S82-0598","cell":"Y05 D39-6589","id":{"name":"SIN","value":"699464038"},"picture":{"large":"https://randomuser.me/api/portraits/women/0.jpg","medium":"https://randomuser.me/api/portraits/med/women/0.jpg","thumbnail":"https://randomuser.me/api/portraits/thumb/women/0.jpg"},"nat":"CA"}],"info":{"seed":"30f7a1f94d6b16fe","results":1,"page":1,"version":"1.4"}}
[2025-01-05T17:28:25.982+0000] {taskinstance.py:340} INFO - ::group::Post task execution logs
[2025-01-05T17:28:25.983+0000] {taskinstance.py:352} INFO - Marking task as SUCCESS. dag_id=user_processing2_vsc, task_id=extract_user, run_id=scheduled__2025-01-05T17:27:00+00:00, execution_date=20250105T172700, start_date=20250105T172825, end_date=20250105T172825
[2025-01-05T17:28:25.992+0000] {logging_mixin.py:190} INFO - Task instance in success state
[2025-01-05T17:28:25.993+0000] {logging_mixin.py:190} INFO -  Previous state of the Task instance: running
[2025-01-05T17:28:25.993+0000] {logging_mixin.py:190} INFO - Dag name:user_processing2_vsc queued_at:2025-01-05 17:28:19.630629+00:00
[2025-01-05T17:28:25.993+0000] {logging_mixin.py:190} INFO - Task hostname:cab0b5f06594 operator:HttpOperator
[2025-01-05T17:28:26.037+0000] {local_task_job_runner.py:266} INFO - Task exited with return code 0
[2025-01-05T17:28:26.046+0000] {local_task_job_runner.py:245} INFO - ::endgroup::
