[2025-01-05T17:10:15.606+0000] {local_task_job_runner.py:123} INFO - ::group::Pre task execution logs
[2025-01-05T17:10:15.622+0000] {taskinstance.py:2613} INFO - Dependencies all met for dep_context=non-requeueable deps ti=<TaskInstance: user_processing2_vsc.extract_user scheduled__2025-01-05T17:08:00+00:00 [queued]>
[2025-01-05T17:10:15.631+0000] {taskinstance.py:2613} INFO - Dependencies all met for dep_context=requeueable deps ti=<TaskInstance: user_processing2_vsc.extract_user scheduled__2025-01-05T17:08:00+00:00 [queued]>
[2025-01-05T17:10:15.632+0000] {taskinstance.py:2866} INFO - Starting attempt 1 of 1
[2025-01-05T17:10:15.643+0000] {taskinstance.py:2889} INFO - Executing <Task(HttpOperator): extract_user> on 2025-01-05 17:08:00+00:00
[2025-01-05T17:10:15.649+0000] {warnings.py:112} WARNING - /home/***/.local/lib/python3.12/site-packages/***/task/task_runner/standard_task_runner.py:70: DeprecationWarning: This process (pid=4109) is multi-threaded, use of fork() may lead to deadlocks in the child.
  pid = os.fork()

[2025-01-05T17:10:15.650+0000] {standard_task_runner.py:72} INFO - Started process 4113 to run task
[2025-01-05T17:10:15.651+0000] {standard_task_runner.py:104} INFO - Running: ['***', 'tasks', 'run', 'user_processing2_vsc', 'extract_user', 'scheduled__2025-01-05T17:08:00+00:00', '--job-id', '117', '--raw', '--subdir', 'DAGS_FOLDER/user_dag.py', '--cfg-path', '/tmp/tmpo6bgj4jx']
[2025-01-05T17:10:15.652+0000] {standard_task_runner.py:105} INFO - Job 117: Subtask extract_user
[2025-01-05T17:10:15.687+0000] {task_command.py:467} INFO - Running <TaskInstance: user_processing2_vsc.extract_user scheduled__2025-01-05T17:08:00+00:00 [running]> on host cab0b5f06594
[2025-01-05T17:10:15.911+0000] {taskinstance.py:3132} INFO - Exporting env vars: AIRFLOW_CTX_DAG_OWNER='***' AIRFLOW_CTX_DAG_ID='user_processing2_vsc' AIRFLOW_CTX_TASK_ID='extract_user' AIRFLOW_CTX_EXECUTION_DATE='2025-01-05T17:08:00+00:00' AIRFLOW_CTX_TRY_NUMBER='1' AIRFLOW_CTX_DAG_RUN_ID='scheduled__2025-01-05T17:08:00+00:00'
[2025-01-05T17:10:15.912+0000] {logging_mixin.py:190} INFO - Task instance is in running state
[2025-01-05T17:10:15.912+0000] {logging_mixin.py:190} INFO -  Previous state of the Task instance: queued
[2025-01-05T17:10:15.912+0000] {logging_mixin.py:190} INFO - Current task name:extract_user state:running start_date:2025-01-05 17:10:15.623075+00:00
[2025-01-05T17:10:15.912+0000] {logging_mixin.py:190} INFO - Dag name:user_processing2_vsc and current dag run status:running
[2025-01-05T17:10:15.913+0000] {taskinstance.py:731} INFO - ::endgroup::
[2025-01-05T17:10:15.913+0000] {http.py:175} INFO - Calling HTTP method
[2025-01-05T17:10:15.919+0000] {base.py:84} INFO - Retrieving connection 'user_api'
[2025-01-05T17:10:15.924+0000] {base.py:84} INFO - Retrieving connection 'user_api'
[2025-01-05T17:10:16.258+0000] {http.py:236} INFO - {"results":[{"gender":"male","name":{"title":"Monsieur","first":"Clément","last":"Moulin"},"location":{"street":{"number":6879,"name":"Rue du Château"},"city":"Buchs (Ag)","state":"Nidwalden","country":"Switzerland","postcode":7314,"coordinates":{"latitude":"-57.3410","longitude":"-151.3823"},"timezone":{"offset":"-2:00","description":"Mid-Atlantic"}},"email":"clement.moulin@example.com","login":{"uuid":"2b5bc28d-cb76-4432-a4dc-8babb1a84a9a","username":"ticklishrabbit587","password":"donkey","salt":"VTEzpmik","md5":"41aa0b7e7e42eeb05e6c095a5cd19576","sha1":"68682ecb90a69c39f419574d25b05ad68e5df2f6","sha256":"11eb91204a6cf4c7ce4626f336bf6de60f418438677122d02dce9f83cadc071d"},"dob":{"date":"1987-02-17T11:58:34.714Z","age":37},"registered":{"date":"2015-12-07T13:53:49.858Z","age":9},"phone":"075 652 65 65","cell":"077 546 44 47","id":{"name":"AVS","value":"756.7085.8750.02"},"picture":{"large":"https://randomuser.me/api/portraits/men/71.jpg","medium":"https://randomuser.me/api/portraits/med/men/71.jpg","thumbnail":"https://randomuser.me/api/portraits/thumb/men/71.jpg"},"nat":"CH"}],"info":{"seed":"171cba5f11c6afbe","results":1,"page":1,"version":"1.4"}}
[2025-01-05T17:10:16.300+0000] {taskinstance.py:340} INFO - ::group::Post task execution logs
[2025-01-05T17:10:16.300+0000] {taskinstance.py:352} INFO - Marking task as SUCCESS. dag_id=user_processing2_vsc, task_id=extract_user, run_id=scheduled__2025-01-05T17:08:00+00:00, execution_date=20250105T170800, start_date=20250105T171015, end_date=20250105T171016
[2025-01-05T17:10:16.311+0000] {logging_mixin.py:190} INFO - Task instance in success state
[2025-01-05T17:10:16.312+0000] {logging_mixin.py:190} INFO -  Previous state of the Task instance: running
[2025-01-05T17:10:16.312+0000] {logging_mixin.py:190} INFO - Dag name:user_processing2_vsc queued_at:2025-01-05 17:10:10.782655+00:00
[2025-01-05T17:10:16.313+0000] {logging_mixin.py:190} INFO - Task hostname:cab0b5f06594 operator:HttpOperator
[2025-01-05T17:10:16.346+0000] {local_task_job_runner.py:266} INFO - Task exited with return code 0
[2025-01-05T17:10:16.371+0000] {taskinstance.py:3895} INFO - 1 downstream tasks scheduled from follow-on schedule check
[2025-01-05T17:10:16.373+0000] {local_task_job_runner.py:245} INFO - ::endgroup::
