[2025-01-05T04:54:18.405+0000] {local_task_job_runner.py:123} INFO - ::group::Pre task execution logs
[2025-01-05T04:54:18.417+0000] {taskinstance.py:2613} INFO - Dependencies all met for dep_context=non-requeueable deps ti=<TaskInstance: user_processing2_vsc.extract_user scheduled__2025-01-05T04:50:00+00:00 [queued]>
[2025-01-05T04:54:18.423+0000] {taskinstance.py:2613} INFO - Dependencies all met for dep_context=requeueable deps ti=<TaskInstance: user_processing2_vsc.extract_user scheduled__2025-01-05T04:50:00+00:00 [queued]>
[2025-01-05T04:54:18.423+0000] {taskinstance.py:2866} INFO - Starting attempt 1 of 1
[2025-01-05T04:54:18.433+0000] {taskinstance.py:2889} INFO - Executing <Task(HttpOperator): extract_user> on 2025-01-05 04:50:00+00:00
[2025-01-05T04:54:18.438+0000] {warnings.py:112} WARNING - /home/***/.local/lib/python3.12/site-packages/***/task/task_runner/standard_task_runner.py:70: DeprecationWarning: This process (pid=605) is multi-threaded, use of fork() may lead to deadlocks in the child.
  pid = os.fork()

[2025-01-05T04:54:18.440+0000] {standard_task_runner.py:72} INFO - Started process 614 to run task
[2025-01-05T04:54:18.441+0000] {standard_task_runner.py:104} INFO - Running: ['***', 'tasks', 'run', 'user_processing2_vsc', 'extract_user', 'scheduled__2025-01-05T04:50:00+00:00', '--job-id', '25', '--raw', '--subdir', 'DAGS_FOLDER/user_dag.py', '--cfg-path', '/tmp/tmperti4lro']
[2025-01-05T04:54:18.442+0000] {standard_task_runner.py:105} INFO - Job 25: Subtask extract_user
[2025-01-05T04:54:18.480+0000] {task_command.py:467} INFO - Running <TaskInstance: user_processing2_vsc.extract_user scheduled__2025-01-05T04:50:00+00:00 [running]> on host cab0b5f06594
[2025-01-05T04:54:18.551+0000] {taskinstance.py:3132} INFO - Exporting env vars: AIRFLOW_CTX_DAG_OWNER='***' AIRFLOW_CTX_DAG_ID='user_processing2_vsc' AIRFLOW_CTX_TASK_ID='extract_user' AIRFLOW_CTX_EXECUTION_DATE='2025-01-05T04:50:00+00:00' AIRFLOW_CTX_TRY_NUMBER='1' AIRFLOW_CTX_DAG_RUN_ID='scheduled__2025-01-05T04:50:00+00:00'
[2025-01-05T04:54:18.552+0000] {logging_mixin.py:190} INFO - Task instance is in running state
[2025-01-05T04:54:18.552+0000] {logging_mixin.py:190} INFO -  Previous state of the Task instance: queued
[2025-01-05T04:54:18.553+0000] {logging_mixin.py:190} INFO - Current task name:extract_user state:running start_date:2025-01-05 04:54:18.417620+00:00
[2025-01-05T04:54:18.553+0000] {logging_mixin.py:190} INFO - Dag name:user_processing2_vsc and current dag run status:running
[2025-01-05T04:54:18.553+0000] {taskinstance.py:731} INFO - ::endgroup::
[2025-01-05T04:54:18.553+0000] {http.py:175} INFO - Calling HTTP method
[2025-01-05T04:54:18.559+0000] {base.py:84} INFO - Retrieving connection 'user_api'
[2025-01-05T04:54:18.565+0000] {base.py:84} INFO - Retrieving connection 'user_api'
[2025-01-05T04:54:18.828+0000] {http.py:236} INFO - {"results":[{"gender":"female","name":{"title":"Ms","first":"Geruza","last":"Moura"},"location":{"street":{"number":7746,"name":"Rua Primeiro de Maio "},"city":"Santarém","state":"Pará","country":"Brazil","postcode":56083,"coordinates":{"latitude":"-76.2311","longitude":"4.6576"},"timezone":{"offset":"+6:00","description":"Almaty, Dhaka, Colombo"}},"email":"geruza.moura@example.com","login":{"uuid":"5accc8c8-8f1f-4d22-8eac-37035ecba7f4","username":"smallelephant509","password":"novifarm","salt":"8g0YkiV5","md5":"77caedf4be1bf5b7f0328f7ed5b69181","sha1":"c4132ad52e73a435bef92170a748491b8f06675d","sha256":"a97d78eea660dba4219fb1cba67a29cd4f14db56bc080103b28113a8e45151bf"},"dob":{"date":"1947-10-30T15:12:21.015Z","age":77},"registered":{"date":"2006-07-10T06:14:12.823Z","age":18},"phone":"(97) 6649-2422","cell":"(46) 9075-9596","id":{"name":"CPF","value":"301.895.359-26"},"picture":{"large":"https://randomuser.me/api/portraits/women/33.jpg","medium":"https://randomuser.me/api/portraits/med/women/33.jpg","thumbnail":"https://randomuser.me/api/portraits/thumb/women/33.jpg"},"nat":"BR"}],"info":{"seed":"b722da4420c039cc","results":1,"page":1,"version":"1.4"}}
[2025-01-05T04:54:18.855+0000] {taskinstance.py:340} INFO - ::group::Post task execution logs
[2025-01-05T04:54:18.855+0000] {taskinstance.py:352} INFO - Marking task as SUCCESS. dag_id=user_processing2_vsc, task_id=extract_user, run_id=scheduled__2025-01-05T04:50:00+00:00, execution_date=20250105T045000, start_date=20250105T045418, end_date=20250105T045418
[2025-01-05T04:54:18.864+0000] {logging_mixin.py:190} INFO - Task instance in success state
[2025-01-05T04:54:18.865+0000] {logging_mixin.py:190} INFO -  Previous state of the Task instance: running
[2025-01-05T04:54:18.865+0000] {logging_mixin.py:190} INFO - Dag name:user_processing2_vsc queued_at:2025-01-05 04:55:03.622763+00:00
[2025-01-05T04:54:18.865+0000] {logging_mixin.py:190} INFO - Task hostname:cab0b5f06594 operator:HttpOperator
[2025-01-05T04:54:18.902+0000] {local_task_job_runner.py:266} INFO - Task exited with return code 0
[2025-01-05T04:54:18.931+0000] {taskinstance.py:3895} INFO - 1 downstream tasks scheduled from follow-on schedule check
[2025-01-05T04:54:18.934+0000] {local_task_job_runner.py:245} INFO - ::endgroup::
