[2025-01-05T05:34:19.412+0000] {local_task_job_runner.py:123} INFO - ::group::Pre task execution logs
[2025-01-05T05:34:19.425+0000] {taskinstance.py:2613} INFO - Dependencies all met for dep_context=non-requeueable deps ti=<TaskInstance: user_processing2_vsc.extract_user scheduled__2025-01-05T05:30:00+00:00 [queued]>
[2025-01-05T05:34:19.430+0000] {taskinstance.py:2613} INFO - Dependencies all met for dep_context=requeueable deps ti=<TaskInstance: user_processing2_vsc.extract_user scheduled__2025-01-05T05:30:00+00:00 [queued]>
[2025-01-05T05:34:19.431+0000] {taskinstance.py:2866} INFO - Starting attempt 1 of 1
[2025-01-05T05:34:19.440+0000] {taskinstance.py:2889} INFO - Executing <Task(HttpOperator): extract_user> on 2025-01-05 05:30:00+00:00
[2025-01-05T05:34:19.446+0000] {warnings.py:112} WARNING - /home/***/.local/lib/python3.12/site-packages/***/task/task_runner/standard_task_runner.py:70: DeprecationWarning: This process (pid=695) is multi-threaded, use of fork() may lead to deadlocks in the child.
  pid = os.fork()

[2025-01-05T05:34:19.447+0000] {standard_task_runner.py:72} INFO - Started process 705 to run task
[2025-01-05T05:34:19.448+0000] {standard_task_runner.py:104} INFO - Running: ['***', 'tasks', 'run', 'user_processing2_vsc', 'extract_user', 'scheduled__2025-01-05T05:30:00+00:00', '--job-id', '37', '--raw', '--subdir', 'DAGS_FOLDER/user_dag.py', '--cfg-path', '/tmp/tmpjkb661cn']
[2025-01-05T05:34:19.449+0000] {standard_task_runner.py:105} INFO - Job 37: Subtask extract_user
[2025-01-05T05:34:19.480+0000] {task_command.py:467} INFO - Running <TaskInstance: user_processing2_vsc.extract_user scheduled__2025-01-05T05:30:00+00:00 [running]> on host cab0b5f06594
[2025-01-05T05:34:19.543+0000] {taskinstance.py:3132} INFO - Exporting env vars: AIRFLOW_CTX_DAG_OWNER='***' AIRFLOW_CTX_DAG_ID='user_processing2_vsc' AIRFLOW_CTX_TASK_ID='extract_user' AIRFLOW_CTX_EXECUTION_DATE='2025-01-05T05:30:00+00:00' AIRFLOW_CTX_TRY_NUMBER='1' AIRFLOW_CTX_DAG_RUN_ID='scheduled__2025-01-05T05:30:00+00:00'
[2025-01-05T05:34:19.544+0000] {logging_mixin.py:190} INFO - Task instance is in running state
[2025-01-05T05:34:19.544+0000] {logging_mixin.py:190} INFO -  Previous state of the Task instance: queued
[2025-01-05T05:34:19.544+0000] {logging_mixin.py:190} INFO - Current task name:extract_user state:running start_date:2025-01-05 05:34:19.425706+00:00
[2025-01-05T05:34:19.544+0000] {logging_mixin.py:190} INFO - Dag name:user_processing2_vsc and current dag run status:running
[2025-01-05T05:34:19.544+0000] {taskinstance.py:731} INFO - ::endgroup::
[2025-01-05T05:34:19.545+0000] {http.py:175} INFO - Calling HTTP method
[2025-01-05T05:34:19.550+0000] {base.py:84} INFO - Retrieving connection 'user_api'
[2025-01-05T05:34:19.555+0000] {base.py:84} INFO - Retrieving connection 'user_api'
[2025-01-05T05:34:19.724+0000] {http.py:236} INFO - {"results":[{"gender":"female","name":{"title":"Mrs","first":"Sinorá","last":"Peixoto"},"location":{"street":{"number":45,"name":"Rua Onze "},"city":"Araruama","state":"Amazonas","country":"Brazil","postcode":40573,"coordinates":{"latitude":"-74.3529","longitude":"38.9303"},"timezone":{"offset":"-3:00","description":"Brazil, Buenos Aires, Georgetown"}},"email":"sinora.peixoto@example.com","login":{"uuid":"db550712-5112-4b3c-82dd-c4324bbe442e","username":"smallrabbit360","password":"snooker","salt":"fgkToYal","md5":"efdea99342184022b2ae365bfad62848","sha1":"84f4f38b929629e9d964241c4240474134fdd5bd","sha256":"bef522cf659e86d5e509117acd9d306416750b1ac4efba7a7cabf26365c8b196"},"dob":{"date":"1955-12-26T15:46:34.781Z","age":69},"registered":{"date":"2005-03-24T04:32:05.054Z","age":19},"phone":"(77) 8221-9238","cell":"(01) 0568-9486","id":{"name":"CPF","value":"639.453.080-62"},"picture":{"large":"https://randomuser.me/api/portraits/women/29.jpg","medium":"https://randomuser.me/api/portraits/med/women/29.jpg","thumbnail":"https://randomuser.me/api/portraits/thumb/women/29.jpg"},"nat":"BR"}],"info":{"seed":"91fda79c829d1aed","results":1,"page":1,"version":"1.4"}}
[2025-01-05T05:34:19.741+0000] {taskinstance.py:340} INFO - ::group::Post task execution logs
[2025-01-05T05:34:19.742+0000] {taskinstance.py:352} INFO - Marking task as SUCCESS. dag_id=user_processing2_vsc, task_id=extract_user, run_id=scheduled__2025-01-05T05:30:00+00:00, execution_date=20250105T053000, start_date=20250105T053419, end_date=20250105T053419
[2025-01-05T05:34:19.748+0000] {logging_mixin.py:190} INFO - Task instance in success state
[2025-01-05T05:34:19.748+0000] {logging_mixin.py:190} INFO -  Previous state of the Task instance: running
[2025-01-05T05:34:19.749+0000] {logging_mixin.py:190} INFO - Dag name:user_processing2_vsc queued_at:2025-01-05 05:35:04.673090+00:00
[2025-01-05T05:34:19.749+0000] {logging_mixin.py:190} INFO - Task hostname:cab0b5f06594 operator:HttpOperator
[2025-01-05T05:34:19.782+0000] {local_task_job_runner.py:266} INFO - Task exited with return code 0
[2025-01-05T05:34:19.799+0000] {taskinstance.py:3895} INFO - 1 downstream tasks scheduled from follow-on schedule check
[2025-01-05T05:34:19.802+0000] {local_task_job_runner.py:245} INFO - ::endgroup::
