[2025-01-05T17:42:37.901+0000] {local_task_job_runner.py:123} INFO - ::group::Pre task execution logs
[2025-01-05T17:42:37.914+0000] {taskinstance.py:2613} INFO - Dependencies all met for dep_context=non-requeueable deps ti=<TaskInstance: user_processing2_vsc.store_user scheduled__2025-01-05T17:40:00+00:00 [queued]>
[2025-01-05T17:42:37.921+0000] {taskinstance.py:2613} INFO - Dependencies all met for dep_context=requeueable deps ti=<TaskInstance: user_processing2_vsc.store_user scheduled__2025-01-05T17:40:00+00:00 [queued]>
[2025-01-05T17:42:37.921+0000] {taskinstance.py:2866} INFO - Starting attempt 1 of 1
[2025-01-05T17:42:37.933+0000] {taskinstance.py:2889} INFO - Executing <Task(PythonOperator): store_user> on 2025-01-05 17:40:00+00:00
[2025-01-05T17:42:37.940+0000] {warnings.py:112} WARNING - /home/***/.local/lib/python3.12/site-packages/***/task/task_runner/standard_task_runner.py:70: DeprecationWarning: This process (pid=4879) is multi-threaded, use of fork() may lead to deadlocks in the child.
  pid = os.fork()

[2025-01-05T17:42:37.941+0000] {standard_task_runner.py:72} INFO - Started process 4883 to run task
[2025-01-05T17:42:37.942+0000] {standard_task_runner.py:104} INFO - Running: ['***', 'tasks', 'run', 'user_processing2_vsc', 'store_user', 'scheduled__2025-01-05T17:40:00+00:00', '--job-id', '189', '--raw', '--subdir', 'DAGS_FOLDER/user_dag.py', '--cfg-path', '/tmp/tmpf48dw1wh']
[2025-01-05T17:42:37.943+0000] {standard_task_runner.py:105} INFO - Job 189: Subtask store_user
[2025-01-05T17:42:37.984+0000] {task_command.py:467} INFO - Running <TaskInstance: user_processing2_vsc.store_user scheduled__2025-01-05T17:40:00+00:00 [running]> on host cab0b5f06594
[2025-01-05T17:42:38.055+0000] {taskinstance.py:3132} INFO - Exporting env vars: AIRFLOW_CTX_DAG_OWNER='***' AIRFLOW_CTX_DAG_ID='user_processing2_vsc' AIRFLOW_CTX_TASK_ID='store_user' AIRFLOW_CTX_EXECUTION_DATE='2025-01-05T17:40:00+00:00' AIRFLOW_CTX_TRY_NUMBER='1' AIRFLOW_CTX_DAG_RUN_ID='scheduled__2025-01-05T17:40:00+00:00'
[2025-01-05T17:42:38.056+0000] {logging_mixin.py:190} INFO - Task instance is in running state
[2025-01-05T17:42:38.056+0000] {logging_mixin.py:190} INFO -  Previous state of the Task instance: queued
[2025-01-05T17:42:38.057+0000] {logging_mixin.py:190} INFO - Current task name:store_user state:running start_date:2025-01-05 17:42:37.914995+00:00
[2025-01-05T17:42:38.057+0000] {logging_mixin.py:190} INFO - Dag name:user_processing2_vsc and current dag run status:running
[2025-01-05T17:42:38.057+0000] {taskinstance.py:731} INFO - ::endgroup::
[2025-01-05T17:42:38.057+0000] {logging_mixin.py:190} INFO - File exists!
[2025-01-05T17:42:38.058+0000] {logging_mixin.py:190} INFO - firstname,lastname,country,username,password,email
[2025-01-05T17:42:38.058+0000] {logging_mixin.py:190} INFO - Oliviya,Baranyuk,Ukraine,yellowbutterfly645,polly,oliviya.baranyuk@example.com
[2025-01-05T17:42:38.058+0000] {postgres.py:204} INFO - Running copy expert: COPY users FROM stdin WITH DELIMITER as ',', filename: /tmp/processed_user.csv
[2025-01-05T17:42:38.065+0000] {base.py:84} INFO - Retrieving connection 'postgres'
[2025-01-05T17:42:38.070+0000] {python.py:240} INFO - Done. Returned value was: None
[2025-01-05T17:42:38.078+0000] {taskinstance.py:340} INFO - ::group::Post task execution logs
[2025-01-05T17:42:38.079+0000] {taskinstance.py:352} INFO - Marking task as SUCCESS. dag_id=user_processing2_vsc, task_id=store_user, run_id=scheduled__2025-01-05T17:40:00+00:00, execution_date=20250105T174000, start_date=20250105T174237, end_date=20250105T174238
[2025-01-05T17:42:38.086+0000] {logging_mixin.py:190} INFO - Task instance in success state
[2025-01-05T17:42:38.087+0000] {logging_mixin.py:190} INFO -  Previous state of the Task instance: running
[2025-01-05T17:42:38.087+0000] {logging_mixin.py:190} INFO - Dag name:user_processing2_vsc queued_at:2025-01-05 17:41:00.276432+00:00
[2025-01-05T17:42:38.087+0000] {logging_mixin.py:190} INFO - Task hostname:cab0b5f06594 operator:PythonOperator
[2025-01-05T17:42:38.132+0000] {local_task_job_runner.py:266} INFO - Task exited with return code 0
[2025-01-05T17:42:38.147+0000] {taskinstance.py:3895} INFO - 0 downstream tasks scheduled from follow-on schedule check
[2025-01-05T17:42:38.150+0000] {local_task_job_runner.py:245} INFO - ::endgroup::
