[2025-01-05T05:33:21.180+0000] {local_task_job_runner.py:123} INFO - ::group::Pre task execution logs
[2025-01-05T05:33:21.198+0000] {taskinstance.py:2613} INFO - Dependencies all met for dep_context=non-requeueable deps ti=<TaskInstance: user_processing2_vsc.extract_user scheduled__2025-01-05T05:25:00+00:00 [queued]>
[2025-01-05T05:33:21.207+0000] {taskinstance.py:2613} INFO - Dependencies all met for dep_context=requeueable deps ti=<TaskInstance: user_processing2_vsc.extract_user scheduled__2025-01-05T05:25:00+00:00 [queued]>
[2025-01-05T05:33:21.207+0000] {taskinstance.py:2866} INFO - Starting attempt 1 of 1
[2025-01-05T05:33:21.223+0000] {taskinstance.py:2889} INFO - Executing <Task(HttpOperator): extract_user> on 2025-01-05 05:25:00+00:00
[2025-01-05T05:33:21.231+0000] {warnings.py:112} WARNING - /home/***/.local/lib/python3.12/site-packages/***/task/task_runner/standard_task_runner.py:70: DeprecationWarning: This process (pid=662) is multi-threaded, use of fork() may lead to deadlocks in the child.
  pid = os.fork()

[2025-01-05T05:33:21.233+0000] {standard_task_runner.py:72} INFO - Started process 678 to run task
[2025-01-05T05:33:21.233+0000] {standard_task_runner.py:104} INFO - Running: ['***', 'tasks', 'run', 'user_processing2_vsc', 'extract_user', 'scheduled__2025-01-05T05:25:00+00:00', '--job-id', '32', '--raw', '--subdir', 'DAGS_FOLDER/user_dag.py', '--cfg-path', '/tmp/tmp1ds8a7lu']
[2025-01-05T05:33:21.235+0000] {standard_task_runner.py:105} INFO - Job 32: Subtask extract_user
[2025-01-05T05:33:21.289+0000] {task_command.py:467} INFO - Running <TaskInstance: user_processing2_vsc.extract_user scheduled__2025-01-05T05:25:00+00:00 [running]> on host cab0b5f06594
[2025-01-05T05:33:21.375+0000] {taskinstance.py:3132} INFO - Exporting env vars: AIRFLOW_CTX_DAG_OWNER='***' AIRFLOW_CTX_DAG_ID='user_processing2_vsc' AIRFLOW_CTX_TASK_ID='extract_user' AIRFLOW_CTX_EXECUTION_DATE='2025-01-05T05:25:00+00:00' AIRFLOW_CTX_TRY_NUMBER='1' AIRFLOW_CTX_DAG_RUN_ID='scheduled__2025-01-05T05:25:00+00:00'
[2025-01-05T05:33:21.377+0000] {logging_mixin.py:190} INFO - Task instance is in running state
[2025-01-05T05:33:21.377+0000] {logging_mixin.py:190} INFO -  Previous state of the Task instance: queued
[2025-01-05T05:33:21.377+0000] {logging_mixin.py:190} INFO - Current task name:extract_user state:running start_date:2025-01-05 05:33:21.198920+00:00
[2025-01-05T05:33:21.377+0000] {logging_mixin.py:190} INFO - Dag name:user_processing2_vsc and current dag run status:running
[2025-01-05T05:33:21.378+0000] {taskinstance.py:731} INFO - ::endgroup::
[2025-01-05T05:33:21.378+0000] {http.py:175} INFO - Calling HTTP method
[2025-01-05T05:33:21.389+0000] {base.py:84} INFO - Retrieving connection 'user_api'
[2025-01-05T05:33:21.398+0000] {base.py:84} INFO - Retrieving connection 'user_api'
[2025-01-05T05:33:21.704+0000] {http.py:236} INFO - {"results":[{"gender":"male","name":{"title":"Mr","first":"Stanley","last":"Gonzales"},"location":{"street":{"number":9216,"name":"Plum St"},"city":"Perth","state":"New South Wales","country":"Australia","postcode":4894,"coordinates":{"latitude":"-85.5281","longitude":"-21.9456"},"timezone":{"offset":"+8:00","description":"Beijing, Perth, Singapore, Hong Kong"}},"email":"stanley.gonzales@example.com","login":{"uuid":"e5deaa29-1523-44e5-acaa-0da013c82bf2","username":"purpleostrich128","password":"scandinavian","salt":"guknq4t6","md5":"ce6ac6acec3888829be4a1cfb1813c74","sha1":"8019286d1c906cbaeca33db06017ed1ffe3f6d29","sha256":"0843da9199533e7a5d4b1089d18220c591ffa2abcb782538db6ffe67f3b3b6c2"},"dob":{"date":"1992-09-05T10:30:48.869Z","age":32},"registered":{"date":"2015-01-11T18:03:16.202Z","age":9},"phone":"00-2751-7911","cell":"0461-863-610","id":{"name":"TFN","value":"491326054"},"picture":{"large":"https://randomuser.me/api/portraits/men/2.jpg","medium":"https://randomuser.me/api/portraits/med/men/2.jpg","thumbnail":"https://randomuser.me/api/portraits/thumb/men/2.jpg"},"nat":"AU"}],"info":{"seed":"81190bf756ec1e7f","results":1,"page":1,"version":"1.4"}}
[2025-01-05T05:33:21.725+0000] {taskinstance.py:340} INFO - ::group::Post task execution logs
[2025-01-05T05:33:21.726+0000] {taskinstance.py:352} INFO - Marking task as SUCCESS. dag_id=user_processing2_vsc, task_id=extract_user, run_id=scheduled__2025-01-05T05:25:00+00:00, execution_date=20250105T052500, start_date=20250105T053321, end_date=20250105T053321
[2025-01-05T05:33:21.734+0000] {logging_mixin.py:190} INFO - Task instance in success state
[2025-01-05T05:33:21.735+0000] {logging_mixin.py:190} INFO -  Previous state of the Task instance: running
[2025-01-05T05:33:21.735+0000] {logging_mixin.py:190} INFO - Dag name:user_processing2_vsc queued_at:2025-01-05 05:33:18.208396+00:00
[2025-01-05T05:33:21.735+0000] {logging_mixin.py:190} INFO - Task hostname:cab0b5f06594 operator:HttpOperator
[2025-01-05T05:33:21.769+0000] {local_task_job_runner.py:266} INFO - Task exited with return code 0
[2025-01-05T05:33:21.786+0000] {taskinstance.py:3895} INFO - 1 downstream tasks scheduled from follow-on schedule check
[2025-01-05T05:33:21.788+0000] {local_task_job_runner.py:245} INFO - ::endgroup::
