[2025-01-05T17:21:28.324+0000] {local_task_job_runner.py:123} INFO - ::group::Pre task execution logs
[2025-01-05T17:21:28.341+0000] {taskinstance.py:2613} INFO - Dependencies all met for dep_context=non-requeueable deps ti=<TaskInstance: user_processing2_vsc.extract_user scheduled__2025-01-05T17:20:00+00:00 [queued]>
[2025-01-05T17:21:28.349+0000] {taskinstance.py:2613} INFO - Dependencies all met for dep_context=requeueable deps ti=<TaskInstance: user_processing2_vsc.extract_user scheduled__2025-01-05T17:20:00+00:00 [queued]>
[2025-01-05T17:21:28.349+0000] {taskinstance.py:2866} INFO - Starting attempt 1 of 1
[2025-01-05T17:21:28.363+0000] {taskinstance.py:2889} INFO - Executing <Task(HttpOperator): extract_user> on 2025-01-05 17:20:00+00:00
[2025-01-05T17:21:28.370+0000] {warnings.py:112} WARNING - /home/***/.local/lib/python3.12/site-packages/***/task/task_runner/standard_task_runner.py:70: DeprecationWarning: This process (pid=4410) is multi-threaded, use of fork() may lead to deadlocks in the child.
  pid = os.fork()

[2025-01-05T17:21:28.372+0000] {standard_task_runner.py:72} INFO - Started process 4416 to run task
[2025-01-05T17:21:28.373+0000] {standard_task_runner.py:104} INFO - Running: ['***', 'tasks', 'run', 'user_processing2_vsc', 'extract_user', 'scheduled__2025-01-05T17:20:00+00:00', '--job-id', '153', '--raw', '--subdir', 'DAGS_FOLDER/user_dag.py', '--cfg-path', '/tmp/tmppzkpspad']
[2025-01-05T17:21:28.373+0000] {standard_task_runner.py:105} INFO - Job 153: Subtask extract_user
[2025-01-05T17:21:28.420+0000] {task_command.py:467} INFO - Running <TaskInstance: user_processing2_vsc.extract_user scheduled__2025-01-05T17:20:00+00:00 [running]> on host cab0b5f06594
[2025-01-05T17:21:28.498+0000] {taskinstance.py:3132} INFO - Exporting env vars: AIRFLOW_CTX_DAG_OWNER='***' AIRFLOW_CTX_DAG_ID='user_processing2_vsc' AIRFLOW_CTX_TASK_ID='extract_user' AIRFLOW_CTX_EXECUTION_DATE='2025-01-05T17:20:00+00:00' AIRFLOW_CTX_TRY_NUMBER='1' AIRFLOW_CTX_DAG_RUN_ID='scheduled__2025-01-05T17:20:00+00:00'
[2025-01-05T17:21:28.499+0000] {logging_mixin.py:190} INFO - Task instance is in running state
[2025-01-05T17:21:28.499+0000] {logging_mixin.py:190} INFO -  Previous state of the Task instance: queued
[2025-01-05T17:21:28.499+0000] {logging_mixin.py:190} INFO - Current task name:extract_user state:running start_date:2025-01-05 17:21:28.341809+00:00
[2025-01-05T17:21:28.499+0000] {logging_mixin.py:190} INFO - Dag name:user_processing2_vsc and current dag run status:running
[2025-01-05T17:21:28.499+0000] {taskinstance.py:731} INFO - ::endgroup::
[2025-01-05T17:21:28.500+0000] {http.py:175} INFO - Calling HTTP method
[2025-01-05T17:21:28.507+0000] {base.py:84} INFO - Retrieving connection 'user_api'
[2025-01-05T17:21:28.514+0000] {base.py:84} INFO - Retrieving connection 'user_api'
[2025-01-05T17:21:28.626+0000] {http.py:236} INFO - {"results":[{"gender":"female","name":{"title":"Mrs","first":"Inès","last":"Leclercq"},"location":{"street":{"number":2144,"name":"Avenue Goerges Clémenceau"},"city":"Angers","state":"Meurthe-et-Moselle","country":"France","postcode":15860,"coordinates":{"latitude":"-16.0558","longitude":"152.0380"},"timezone":{"offset":"-11:00","description":"Midway Island, Samoa"}},"email":"ines.leclercq@example.com","login":{"uuid":"7890310a-155a-48db-ab9c-6ba3d9843b9f","username":"silverkoala729","password":"mojo","salt":"vuNHZR7R","md5":"f76573011ac09319cced7b831f93f0fa","sha1":"7d040c5961f9128d4dae4d1b772ae8948c69f51e","sha256":"6851cc3da6be4c9a7517090e2d981e002bd1e8e79928d793e142026884a90dd0"},"dob":{"date":"1981-01-30T03:28:09.081Z","age":43},"registered":{"date":"2006-09-12T17:38:38.870Z","age":18},"phone":"03-52-27-59-75","cell":"06-40-81-65-04","id":{"name":"INSEE","value":"2810096527511 07"},"picture":{"large":"https://randomuser.me/api/portraits/women/80.jpg","medium":"https://randomuser.me/api/portraits/med/women/80.jpg","thumbnail":"https://randomuser.me/api/portraits/thumb/women/80.jpg"},"nat":"FR"}],"info":{"seed":"1cfaf35aa8066496","results":1,"page":1,"version":"1.4"}}
[2025-01-05T17:21:28.646+0000] {taskinstance.py:340} INFO - ::group::Post task execution logs
[2025-01-05T17:21:28.646+0000] {taskinstance.py:352} INFO - Marking task as SUCCESS. dag_id=user_processing2_vsc, task_id=extract_user, run_id=scheduled__2025-01-05T17:20:00+00:00, execution_date=20250105T172000, start_date=20250105T172128, end_date=20250105T172128
[2025-01-05T17:21:28.654+0000] {logging_mixin.py:190} INFO - Task instance in success state
[2025-01-05T17:21:28.654+0000] {logging_mixin.py:190} INFO -  Previous state of the Task instance: running
[2025-01-05T17:21:28.654+0000] {logging_mixin.py:190} INFO - Dag name:user_processing2_vsc queued_at:2025-01-05 17:21:21.526831+00:00
[2025-01-05T17:21:28.654+0000] {logging_mixin.py:190} INFO - Task hostname:cab0b5f06594 operator:HttpOperator
[2025-01-05T17:21:28.675+0000] {local_task_job_runner.py:266} INFO - Task exited with return code 0
[2025-01-05T17:21:28.696+0000] {taskinstance.py:3895} INFO - 1 downstream tasks scheduled from follow-on schedule check
[2025-01-05T17:21:28.699+0000] {local_task_job_runner.py:245} INFO - ::endgroup::
