[2025-01-05T17:16:06.480+0000] {local_task_job_runner.py:123} INFO - ::group::Pre task execution logs
[2025-01-05T17:16:06.496+0000] {taskinstance.py:2613} INFO - Dependencies all met for dep_context=non-requeueable deps ti=<TaskInstance: user_processing2_vsc.extract_user scheduled__2025-01-05T17:15:00+00:00 [queued]>
[2025-01-05T17:16:06.503+0000] {taskinstance.py:2613} INFO - Dependencies all met for dep_context=requeueable deps ti=<TaskInstance: user_processing2_vsc.extract_user scheduled__2025-01-05T17:15:00+00:00 [queued]>
[2025-01-05T17:16:06.503+0000] {taskinstance.py:2866} INFO - Starting attempt 1 of 1
[2025-01-05T17:16:06.513+0000] {taskinstance.py:2889} INFO - Executing <Task(HttpOperator): extract_user> on 2025-01-05 17:15:00+00:00
[2025-01-05T17:16:06.520+0000] {warnings.py:112} WARNING - /home/***/.local/lib/python3.12/site-packages/***/task/task_runner/standard_task_runner.py:70: DeprecationWarning: This process (pid=4285) is multi-threaded, use of fork() may lead to deadlocks in the child.
  pid = os.fork()

[2025-01-05T17:16:06.521+0000] {standard_task_runner.py:72} INFO - Started process 4287 to run task
[2025-01-05T17:16:06.522+0000] {standard_task_runner.py:104} INFO - Running: ['***', 'tasks', 'run', 'user_processing2_vsc', 'extract_user', 'scheduled__2025-01-05T17:15:00+00:00', '--job-id', '140', '--raw', '--subdir', 'DAGS_FOLDER/user_dag.py', '--cfg-path', '/tmp/tmp3evxhdyi']
[2025-01-05T17:16:06.523+0000] {standard_task_runner.py:105} INFO - Job 140: Subtask extract_user
[2025-01-05T17:16:06.561+0000] {task_command.py:467} INFO - Running <TaskInstance: user_processing2_vsc.extract_user scheduled__2025-01-05T17:15:00+00:00 [running]> on host cab0b5f06594
[2025-01-05T17:16:06.629+0000] {taskinstance.py:3132} INFO - Exporting env vars: AIRFLOW_CTX_DAG_OWNER='***' AIRFLOW_CTX_DAG_ID='user_processing2_vsc' AIRFLOW_CTX_TASK_ID='extract_user' AIRFLOW_CTX_EXECUTION_DATE='2025-01-05T17:15:00+00:00' AIRFLOW_CTX_TRY_NUMBER='1' AIRFLOW_CTX_DAG_RUN_ID='scheduled__2025-01-05T17:15:00+00:00'
[2025-01-05T17:16:06.630+0000] {logging_mixin.py:190} INFO - Task instance is in running state
[2025-01-05T17:16:06.631+0000] {logging_mixin.py:190} INFO -  Previous state of the Task instance: queued
[2025-01-05T17:16:06.631+0000] {logging_mixin.py:190} INFO - Current task name:extract_user state:running start_date:2025-01-05 17:16:06.496505+00:00
[2025-01-05T17:16:06.631+0000] {logging_mixin.py:190} INFO - Dag name:user_processing2_vsc and current dag run status:running
[2025-01-05T17:16:06.631+0000] {taskinstance.py:731} INFO - ::endgroup::
[2025-01-05T17:16:06.631+0000] {http.py:175} INFO - Calling HTTP method
[2025-01-05T17:16:06.638+0000] {base.py:84} INFO - Retrieving connection 'user_api'
[2025-01-05T17:16:06.644+0000] {base.py:84} INFO - Retrieving connection 'user_api'
[2025-01-05T17:16:06.799+0000] {http.py:236} INFO - {"results":[{"gender":"male","name":{"title":"Mr","first":"Morris","last":"Daams"},"location":{"street":{"number":8261,"name":"Cornelis de Vriendtstraat"},"city":"Beetsterzwaag","state":"Zeeland","country":"Netherlands","postcode":"2912 HQ","coordinates":{"latitude":"35.7382","longitude":"-179.4554"},"timezone":{"offset":"+2:00","description":"Kaliningrad, South Africa"}},"email":"morris.daams@example.com","login":{"uuid":"a28d41da-0556-401e-895d-6a8d53f92815","username":"goldensnake446","password":"metallica","salt":"dvwzcg3U","md5":"fd994e9a044922f3e4821fcbd1a8a6ef","sha1":"366c49bcd70bde70a93f507d5530a0c35767325f","sha256":"47b20ef7181b160996e029ab042d2bcd4e797b368aea01c5572a3b725cd12355"},"dob":{"date":"1983-01-02T20:56:32.529Z","age":42},"registered":{"date":"2013-07-18T21:15:14.133Z","age":11},"phone":"(031) 9615138","cell":"(06) 43341514","id":{"name":"BSN","value":"32947435"},"picture":{"large":"https://randomuser.me/api/portraits/men/83.jpg","medium":"https://randomuser.me/api/portraits/med/men/83.jpg","thumbnail":"https://randomuser.me/api/portraits/thumb/men/83.jpg"},"nat":"NL"}],"info":{"seed":"e9fda1609df4aa85","results":1,"page":1,"version":"1.4"}}
[2025-01-05T17:16:06.823+0000] {taskinstance.py:340} INFO - ::group::Post task execution logs
[2025-01-05T17:16:06.824+0000] {taskinstance.py:352} INFO - Marking task as SUCCESS. dag_id=user_processing2_vsc, task_id=extract_user, run_id=scheduled__2025-01-05T17:15:00+00:00, execution_date=20250105T171500, start_date=20250105T171606, end_date=20250105T171606
[2025-01-05T17:16:06.833+0000] {logging_mixin.py:190} INFO - Task instance in success state
[2025-01-05T17:16:06.834+0000] {logging_mixin.py:190} INFO -  Previous state of the Task instance: running
[2025-01-05T17:16:06.834+0000] {logging_mixin.py:190} INFO - Dag name:user_processing2_vsc queued_at:2025-01-05 17:16:00.446422+00:00
[2025-01-05T17:16:06.834+0000] {logging_mixin.py:190} INFO - Task hostname:cab0b5f06594 operator:HttpOperator
[2025-01-05T17:16:06.878+0000] {local_task_job_runner.py:266} INFO - Task exited with return code 0
[2025-01-05T17:16:06.914+0000] {taskinstance.py:3895} INFO - 1 downstream tasks scheduled from follow-on schedule check
[2025-01-05T17:16:06.918+0000] {local_task_job_runner.py:245} INFO - ::endgroup::
