[2025-01-05T17:51:01.584+0000] {local_task_job_runner.py:123} INFO - ::group::Pre task execution logs
[2025-01-05T17:51:01.599+0000] {taskinstance.py:2613} INFO - Dependencies all met for dep_context=non-requeueable deps ti=<TaskInstance: user_processing2_vsc.create_table scheduled__2025-01-05T17:50:00+00:00 [queued]>
[2025-01-05T17:51:01.607+0000] {taskinstance.py:2613} INFO - Dependencies all met for dep_context=requeueable deps ti=<TaskInstance: user_processing2_vsc.create_table scheduled__2025-01-05T17:50:00+00:00 [queued]>
[2025-01-05T17:51:01.607+0000] {taskinstance.py:2866} INFO - Starting attempt 1 of 1
[2025-01-05T17:51:01.622+0000] {taskinstance.py:2889} INFO - Executing <Task(SQLExecuteQueryOperator): create_table> on 2025-01-05 17:50:00+00:00
[2025-01-05T17:51:01.627+0000] {warnings.py:112} WARNING - /home/***/.local/lib/python3.12/site-packages/***/task/task_runner/standard_task_runner.py:70: DeprecationWarning: This process (pid=5116) is multi-threaded, use of fork() may lead to deadlocks in the child.
  pid = os.fork()

[2025-01-05T17:51:01.628+0000] {standard_task_runner.py:72} INFO - Started process 5122 to run task
[2025-01-05T17:51:01.629+0000] {standard_task_runner.py:104} INFO - Running: ['***', 'tasks', 'run', 'user_processing2_vsc', 'create_table', 'scheduled__2025-01-05T17:50:00+00:00', '--job-id', '216', '--raw', '--subdir', 'DAGS_FOLDER/user_dag.py', '--cfg-path', '/tmp/tmp40g2pivz']
[2025-01-05T17:51:01.630+0000] {standard_task_runner.py:105} INFO - Job 216: Subtask create_table
[2025-01-05T17:51:01.670+0000] {task_command.py:467} INFO - Running <TaskInstance: user_processing2_vsc.create_table scheduled__2025-01-05T17:50:00+00:00 [running]> on host cab0b5f06594
[2025-01-05T17:51:01.746+0000] {taskinstance.py:3132} INFO - Exporting env vars: AIRFLOW_CTX_DAG_OWNER='***' AIRFLOW_CTX_DAG_ID='user_processing2_vsc' AIRFLOW_CTX_TASK_ID='create_table' AIRFLOW_CTX_EXECUTION_DATE='2025-01-05T17:50:00+00:00' AIRFLOW_CTX_TRY_NUMBER='1' AIRFLOW_CTX_DAG_RUN_ID='scheduled__2025-01-05T17:50:00+00:00'
[2025-01-05T17:51:01.747+0000] {logging_mixin.py:190} INFO - Task instance is in running state
[2025-01-05T17:51:01.747+0000] {logging_mixin.py:190} INFO -  Previous state of the Task instance: queued
[2025-01-05T17:51:01.747+0000] {logging_mixin.py:190} INFO - Current task name:create_table state:running start_date:2025-01-05 17:51:01.600053+00:00
[2025-01-05T17:51:01.748+0000] {logging_mixin.py:190} INFO - Dag name:user_processing2_vsc and current dag run status:running
[2025-01-05T17:51:01.748+0000] {taskinstance.py:731} INFO - ::endgroup::
[2025-01-05T17:51:01.748+0000] {sql.py:278} INFO - Executing: 
                CREATE TABLE IF NOT EXISTS users (
                firstname TEXT PRIMARY KEY,
                lastname TEXT NOT NULL,
                country TEXT NOT NULL,
                username TEXT NOT NULL,
                password TEXT NOT NULL,
                email TEXT NOT NULL);
                
[2025-01-05T17:51:01.755+0000] {base.py:84} INFO - Retrieving connection 'postgres'
[2025-01-05T17:51:01.761+0000] {base.py:84} INFO - Retrieving connection 'postgres'
[2025-01-05T17:51:01.763+0000] {sql.py:553} INFO - Running statement: 
                CREATE TABLE IF NOT EXISTS users (
                firstname TEXT PRIMARY KEY,
                lastname TEXT NOT NULL,
                country TEXT NOT NULL,
                username TEXT NOT NULL,
                password TEXT NOT NULL,
                email TEXT NOT NULL);
                , parameters: None
[2025-01-05T17:51:01.770+0000] {taskinstance.py:340} INFO - ::group::Post task execution logs
[2025-01-05T17:51:01.770+0000] {taskinstance.py:352} INFO - Marking task as SUCCESS. dag_id=user_processing2_vsc, task_id=create_table, run_id=scheduled__2025-01-05T17:50:00+00:00, execution_date=20250105T175000, start_date=20250105T175101, end_date=20250105T175101
[2025-01-05T17:51:01.778+0000] {logging_mixin.py:190} INFO - Task instance in success state
[2025-01-05T17:51:01.778+0000] {logging_mixin.py:190} INFO -  Previous state of the Task instance: running
[2025-01-05T17:51:01.778+0000] {logging_mixin.py:190} INFO - Dag name:user_processing2_vsc queued_at:2025-01-05 17:51:00.153542+00:00
[2025-01-05T17:51:01.778+0000] {logging_mixin.py:190} INFO - Task hostname:cab0b5f06594 operator:SQLExecuteQueryOperator
[2025-01-05T17:51:01.820+0000] {local_task_job_runner.py:266} INFO - Task exited with return code 0
[2025-01-05T17:51:01.841+0000] {taskinstance.py:3895} INFO - 1 downstream tasks scheduled from follow-on schedule check
[2025-01-05T17:51:01.844+0000] {local_task_job_runner.py:245} INFO - ::endgroup::
