[2025-01-05T17:51:05.424+0000] {local_task_job_runner.py:123} INFO - ::group::Pre task execution logs
[2025-01-05T17:51:05.440+0000] {taskinstance.py:2613} INFO - Dependencies all met for dep_context=non-requeueable deps ti=<TaskInstance: user_processing2_vsc.extract_user scheduled__2025-01-05T17:50:00+00:00 [queued]>
[2025-01-05T17:51:05.448+0000] {taskinstance.py:2613} INFO - Dependencies all met for dep_context=requeueable deps ti=<TaskInstance: user_processing2_vsc.extract_user scheduled__2025-01-05T17:50:00+00:00 [queued]>
[2025-01-05T17:51:05.449+0000] {taskinstance.py:2866} INFO - Starting attempt 1 of 1
[2025-01-05T17:51:05.461+0000] {taskinstance.py:2889} INFO - Executing <Task(HttpOperator): extract_user> on 2025-01-05 17:50:00+00:00
[2025-01-05T17:51:05.467+0000] {warnings.py:112} WARNING - /home/***/.local/lib/python3.12/site-packages/***/task/task_runner/standard_task_runner.py:70: DeprecationWarning: This process (pid=5132) is multi-threaded, use of fork() may lead to deadlocks in the child.
  pid = os.fork()

[2025-01-05T17:51:05.469+0000] {standard_task_runner.py:72} INFO - Started process 5138 to run task
[2025-01-05T17:51:05.469+0000] {standard_task_runner.py:104} INFO - Running: ['***', 'tasks', 'run', 'user_processing2_vsc', 'extract_user', 'scheduled__2025-01-05T17:50:00+00:00', '--job-id', '220', '--raw', '--subdir', 'DAGS_FOLDER/user_dag.py', '--cfg-path', '/tmp/tmpm3to_6qu']
[2025-01-05T17:51:05.470+0000] {standard_task_runner.py:105} INFO - Job 220: Subtask extract_user
[2025-01-05T17:51:05.508+0000] {task_command.py:467} INFO - Running <TaskInstance: user_processing2_vsc.extract_user scheduled__2025-01-05T17:50:00+00:00 [running]> on host cab0b5f06594
[2025-01-05T17:51:05.753+0000] {taskinstance.py:3132} INFO - Exporting env vars: AIRFLOW_CTX_DAG_OWNER='***' AIRFLOW_CTX_DAG_ID='user_processing2_vsc' AIRFLOW_CTX_TASK_ID='extract_user' AIRFLOW_CTX_EXECUTION_DATE='2025-01-05T17:50:00+00:00' AIRFLOW_CTX_TRY_NUMBER='1' AIRFLOW_CTX_DAG_RUN_ID='scheduled__2025-01-05T17:50:00+00:00'
[2025-01-05T17:51:05.753+0000] {logging_mixin.py:190} INFO - Task instance is in running state
[2025-01-05T17:51:05.753+0000] {logging_mixin.py:190} INFO -  Previous state of the Task instance: queued
[2025-01-05T17:51:05.754+0000] {logging_mixin.py:190} INFO - Current task name:extract_user state:running start_date:2025-01-05 17:51:05.440814+00:00
[2025-01-05T17:51:05.754+0000] {logging_mixin.py:190} INFO - Dag name:user_processing2_vsc and current dag run status:running
[2025-01-05T17:51:05.754+0000] {taskinstance.py:731} INFO - ::endgroup::
[2025-01-05T17:51:05.754+0000] {http.py:175} INFO - Calling HTTP method
[2025-01-05T17:51:05.760+0000] {base.py:84} INFO - Retrieving connection 'user_api'
[2025-01-05T17:51:05.765+0000] {base.py:84} INFO - Retrieving connection 'user_api'
[2025-01-05T17:51:05.907+0000] {http.py:236} INFO - {"results":[{"gender":"female","name":{"title":"Ms","first":"Tiffany","last":"Jordan"},"location":{"street":{"number":7646,"name":"Lovers Ln"},"city":"El Cajon","state":"Kentucky","country":"United States","postcode":27617,"coordinates":{"latitude":"84.0933","longitude":"31.3240"},"timezone":{"offset":"+5:00","description":"Ekaterinburg, Islamabad, Karachi, Tashkent"}},"email":"tiffany.jordan@example.com","login":{"uuid":"e7fbc745-3527-4388-8e77-ddebfa513cbd","username":"heavyswan854","password":"hoover","salt":"viDlGIq4","md5":"eca6cfd4966da0b3ac897a2ab7073187","sha1":"32a4f0cbad9c4234ac262403514cdf20dc14b518","sha256":"481bfa197724cc1259d7d7f80b17e2e3d4dd476c4f80072f1c1fcc40ef103f0c"},"dob":{"date":"1996-11-22T16:09:22.969Z","age":28},"registered":{"date":"2016-05-10T01:25:44.633Z","age":8},"phone":"(730) 377-8326","cell":"(740) 351-9556","id":{"name":"SSN","value":"719-86-5484"},"picture":{"large":"https://randomuser.me/api/portraits/women/94.jpg","medium":"https://randomuser.me/api/portraits/med/women/94.jpg","thumbnail":"https://randomuser.me/api/portraits/thumb/women/94.jpg"},"nat":"US"}],"info":{"seed":"ee3fbeef054f295a","results":1,"page":1,"version":"1.4"}}
[2025-01-05T17:51:05.931+0000] {taskinstance.py:340} INFO - ::group::Post task execution logs
[2025-01-05T17:51:05.931+0000] {taskinstance.py:352} INFO - Marking task as SUCCESS. dag_id=user_processing2_vsc, task_id=extract_user, run_id=scheduled__2025-01-05T17:50:00+00:00, execution_date=20250105T175000, start_date=20250105T175105, end_date=20250105T175105
[2025-01-05T17:51:05.943+0000] {logging_mixin.py:190} INFO - Task instance in success state
[2025-01-05T17:51:05.943+0000] {logging_mixin.py:190} INFO -  Previous state of the Task instance: running
[2025-01-05T17:51:05.943+0000] {logging_mixin.py:190} INFO - Dag name:user_processing2_vsc queued_at:2025-01-05 17:51:00.153542+00:00
[2025-01-05T17:51:05.943+0000] {logging_mixin.py:190} INFO - Task hostname:cab0b5f06594 operator:HttpOperator
[2025-01-05T17:51:05.977+0000] {local_task_job_runner.py:266} INFO - Task exited with return code 0
[2025-01-05T17:51:06.000+0000] {taskinstance.py:3895} INFO - 1 downstream tasks scheduled from follow-on schedule check
[2025-01-05T17:51:06.003+0000] {local_task_job_runner.py:245} INFO - ::endgroup::
