[2025-01-04T23:57:11.461+0000] {processor.py:153} INFO - Started process (PID=70) to work on /home/airflow/.local/lib/python3.7/site-packages/airflow/example_dags/example_branch_labels.py
[2025-01-04T23:57:11.462+0000] {processor.py:743} INFO - Processing file /home/airflow/.local/lib/python3.7/site-packages/airflow/example_dags/example_branch_labels.py for tasks to queue
[2025-01-04T23:57:11.462+0000] {logging_mixin.py:137} INFO - [2025-01-04T23:57:11.462+0000] {dagbag.py:538} INFO - Filling up the DagBag from /home/airflow/.local/lib/python3.7/site-packages/airflow/example_dags/example_branch_labels.py
[2025-01-04T23:57:11.476+0000] {processor.py:753} INFO - DAG(s) dict_keys(['example_branch_labels']) retrieved from /home/airflow/.local/lib/python3.7/site-packages/airflow/example_dags/example_branch_labels.py
[2025-01-04T23:57:11.489+0000] {logging_mixin.py:137} INFO - [2025-01-04T23:57:11.488+0000] {dag.py:2690} INFO - Sync 1 DAGs
[2025-01-04T23:57:11.512+0000] {logging_mixin.py:137} INFO - [2025-01-04T23:57:11.512+0000] {dag.py:3441} INFO - Setting next_dagrun for example_branch_labels to 2025-01-03T00:00:00+00:00, run_after=2025-01-04T00:00:00+00:00
[2025-01-04T23:57:11.533+0000] {processor.py:175} INFO - Processing /home/airflow/.local/lib/python3.7/site-packages/airflow/example_dags/example_branch_labels.py took 0.074 seconds
[2025-01-04T23:57:41.714+0000] {processor.py:153} INFO - Started process (PID=193) to work on /home/airflow/.local/lib/python3.7/site-packages/airflow/example_dags/example_branch_labels.py
[2025-01-04T23:57:41.714+0000] {processor.py:743} INFO - Processing file /home/airflow/.local/lib/python3.7/site-packages/airflow/example_dags/example_branch_labels.py for tasks to queue
[2025-01-04T23:57:41.715+0000] {logging_mixin.py:137} INFO - [2025-01-04T23:57:41.714+0000] {dagbag.py:538} INFO - Filling up the DagBag from /home/airflow/.local/lib/python3.7/site-packages/airflow/example_dags/example_branch_labels.py
[2025-01-04T23:57:41.726+0000] {processor.py:753} INFO - DAG(s) dict_keys(['example_branch_labels']) retrieved from /home/airflow/.local/lib/python3.7/site-packages/airflow/example_dags/example_branch_labels.py
[2025-01-04T23:57:41.745+0000] {logging_mixin.py:137} INFO - [2025-01-04T23:57:41.745+0000] {dag.py:2690} INFO - Sync 1 DAGs
[2025-01-04T23:57:41.765+0000] {logging_mixin.py:137} INFO - [2025-01-04T23:57:41.765+0000] {dag.py:3441} INFO - Setting next_dagrun for example_branch_labels to 2025-01-03T00:00:00+00:00, run_after=2025-01-04T00:00:00+00:00
[2025-01-04T23:57:41.783+0000] {processor.py:175} INFO - Processing /home/airflow/.local/lib/python3.7/site-packages/airflow/example_dags/example_branch_labels.py took 0.071 seconds
[2025-01-04T23:58:11.829+0000] {processor.py:153} INFO - Started process (PID=286) to work on /home/airflow/.local/lib/python3.7/site-packages/airflow/example_dags/example_branch_labels.py
[2025-01-04T23:58:11.830+0000] {processor.py:743} INFO - Processing file /home/airflow/.local/lib/python3.7/site-packages/airflow/example_dags/example_branch_labels.py for tasks to queue
[2025-01-04T23:58:11.831+0000] {logging_mixin.py:137} INFO - [2025-01-04T23:58:11.831+0000] {dagbag.py:538} INFO - Filling up the DagBag from /home/airflow/.local/lib/python3.7/site-packages/airflow/example_dags/example_branch_labels.py
[2025-01-04T23:58:11.842+0000] {processor.py:753} INFO - DAG(s) dict_keys(['example_branch_labels']) retrieved from /home/airflow/.local/lib/python3.7/site-packages/airflow/example_dags/example_branch_labels.py
[2025-01-04T23:58:11.863+0000] {logging_mixin.py:137} INFO - [2025-01-04T23:58:11.863+0000] {dag.py:2690} INFO - Sync 1 DAGs
[2025-01-04T23:58:11.884+0000] {logging_mixin.py:137} INFO - [2025-01-04T23:58:11.884+0000] {dag.py:3441} INFO - Setting next_dagrun for example_branch_labels to 2025-01-03T00:00:00+00:00, run_after=2025-01-04T00:00:00+00:00
[2025-01-04T23:58:11.901+0000] {processor.py:175} INFO - Processing /home/airflow/.local/lib/python3.7/site-packages/airflow/example_dags/example_branch_labels.py took 0.074 seconds
[2025-01-04T23:58:42.221+0000] {processor.py:153} INFO - Started process (PID=409) to work on /home/airflow/.local/lib/python3.7/site-packages/airflow/example_dags/example_branch_labels.py
[2025-01-04T23:58:42.222+0000] {processor.py:743} INFO - Processing file /home/airflow/.local/lib/python3.7/site-packages/airflow/example_dags/example_branch_labels.py for tasks to queue
[2025-01-04T23:58:42.222+0000] {logging_mixin.py:137} INFO - [2025-01-04T23:58:42.222+0000] {dagbag.py:538} INFO - Filling up the DagBag from /home/airflow/.local/lib/python3.7/site-packages/airflow/example_dags/example_branch_labels.py
[2025-01-04T23:58:42.233+0000] {processor.py:753} INFO - DAG(s) dict_keys(['example_branch_labels']) retrieved from /home/airflow/.local/lib/python3.7/site-packages/airflow/example_dags/example_branch_labels.py
[2025-01-04T23:58:42.253+0000] {logging_mixin.py:137} INFO - [2025-01-04T23:58:42.253+0000] {dag.py:2690} INFO - Sync 1 DAGs
[2025-01-04T23:58:42.273+0000] {logging_mixin.py:137} INFO - [2025-01-04T23:58:42.273+0000] {dag.py:3441} INFO - Setting next_dagrun for example_branch_labels to 2025-01-03T00:00:00+00:00, run_after=2025-01-04T00:00:00+00:00
[2025-01-04T23:58:42.288+0000] {processor.py:175} INFO - Processing /home/airflow/.local/lib/python3.7/site-packages/airflow/example_dags/example_branch_labels.py took 0.069 seconds
[2025-01-04T23:59:12.647+0000] {processor.py:153} INFO - Started process (PID=534) to work on /home/airflow/.local/lib/python3.7/site-packages/airflow/example_dags/example_branch_labels.py
[2025-01-04T23:59:12.649+0000] {processor.py:743} INFO - Processing file /home/airflow/.local/lib/python3.7/site-packages/airflow/example_dags/example_branch_labels.py for tasks to queue
[2025-01-04T23:59:12.650+0000] {logging_mixin.py:137} INFO - [2025-01-04T23:59:12.650+0000] {dagbag.py:538} INFO - Filling up the DagBag from /home/airflow/.local/lib/python3.7/site-packages/airflow/example_dags/example_branch_labels.py
[2025-01-04T23:59:12.665+0000] {processor.py:753} INFO - DAG(s) dict_keys(['example_branch_labels']) retrieved from /home/airflow/.local/lib/python3.7/site-packages/airflow/example_dags/example_branch_labels.py
[2025-01-04T23:59:12.686+0000] {logging_mixin.py:137} INFO - [2025-01-04T23:59:12.685+0000] {dag.py:2690} INFO - Sync 1 DAGs
[2025-01-04T23:59:12.707+0000] {logging_mixin.py:137} INFO - [2025-01-04T23:59:12.707+0000] {dag.py:3441} INFO - Setting next_dagrun for example_branch_labels to 2025-01-03T00:00:00+00:00, run_after=2025-01-04T00:00:00+00:00
[2025-01-04T23:59:12.722+0000] {processor.py:175} INFO - Processing /home/airflow/.local/lib/python3.7/site-packages/airflow/example_dags/example_branch_labels.py took 0.078 seconds
[2025-01-04T23:59:40.065+0000] {processor.py:153} INFO - Started process (PID=635) to work on /home/airflow/.local/lib/python3.7/site-packages/airflow/example_dags/example_branch_labels.py
[2025-01-04T23:59:40.066+0000] {processor.py:743} INFO - Processing file /home/airflow/.local/lib/python3.7/site-packages/airflow/example_dags/example_branch_labels.py for tasks to queue
[2025-01-04T23:59:40.066+0000] {logging_mixin.py:137} INFO - [2025-01-04T23:59:40.066+0000] {dagbag.py:538} INFO - Filling up the DagBag from /home/airflow/.local/lib/python3.7/site-packages/airflow/example_dags/example_branch_labels.py
[2025-01-04T23:59:40.077+0000] {processor.py:753} INFO - DAG(s) dict_keys(['example_branch_labels']) retrieved from /home/airflow/.local/lib/python3.7/site-packages/airflow/example_dags/example_branch_labels.py
[2025-01-04T23:59:40.099+0000] {logging_mixin.py:137} INFO - [2025-01-04T23:59:40.099+0000] {dag.py:2690} INFO - Sync 1 DAGs
[2025-01-04T23:59:40.120+0000] {logging_mixin.py:137} INFO - [2025-01-04T23:59:40.120+0000] {dag.py:3441} INFO - Setting next_dagrun for example_branch_labels to 2025-01-03T00:00:00+00:00, run_after=2025-01-04T00:00:00+00:00
[2025-01-04T23:59:40.136+0000] {processor.py:175} INFO - Processing /home/airflow/.local/lib/python3.7/site-packages/airflow/example_dags/example_branch_labels.py took 0.073 seconds
