[2025-01-04T23:57:11.564+0000] {processor.py:153} INFO - Started process (PID=72) to work on /home/airflow/.local/lib/python3.7/site-packages/airflow/example_dags/example_branch_day_of_week_operator.py
[2025-01-04T23:57:11.564+0000] {processor.py:743} INFO - Processing file /home/airflow/.local/lib/python3.7/site-packages/airflow/example_dags/example_branch_day_of_week_operator.py for tasks to queue
[2025-01-04T23:57:11.565+0000] {logging_mixin.py:137} INFO - [2025-01-04T23:57:11.565+0000] {dagbag.py:538} INFO - Filling up the DagBag from /home/airflow/.local/lib/python3.7/site-packages/airflow/example_dags/example_branch_day_of_week_operator.py
[2025-01-04T23:57:11.580+0000] {processor.py:753} INFO - DAG(s) dict_keys(['example_weekday_branch_operator']) retrieved from /home/airflow/.local/lib/python3.7/site-packages/airflow/example_dags/example_branch_day_of_week_operator.py
[2025-01-04T23:57:11.594+0000] {logging_mixin.py:137} INFO - [2025-01-04T23:57:11.594+0000] {dag.py:2690} INFO - Sync 1 DAGs
[2025-01-04T23:57:11.617+0000] {logging_mixin.py:137} INFO - [2025-01-04T23:57:11.617+0000] {dag.py:3441} INFO - Setting next_dagrun for example_weekday_branch_operator to 2025-01-03T00:00:00+00:00, run_after=2025-01-04T00:00:00+00:00
[2025-01-04T23:57:11.633+0000] {processor.py:175} INFO - Processing /home/airflow/.local/lib/python3.7/site-packages/airflow/example_dags/example_branch_day_of_week_operator.py took 0.072 seconds
[2025-01-04T23:57:41.797+0000] {processor.py:153} INFO - Started process (PID=195) to work on /home/airflow/.local/lib/python3.7/site-packages/airflow/example_dags/example_branch_day_of_week_operator.py
[2025-01-04T23:57:41.797+0000] {processor.py:743} INFO - Processing file /home/airflow/.local/lib/python3.7/site-packages/airflow/example_dags/example_branch_day_of_week_operator.py for tasks to queue
[2025-01-04T23:57:41.798+0000] {logging_mixin.py:137} INFO - [2025-01-04T23:57:41.798+0000] {dagbag.py:538} INFO - Filling up the DagBag from /home/airflow/.local/lib/python3.7/site-packages/airflow/example_dags/example_branch_day_of_week_operator.py
[2025-01-04T23:57:41.809+0000] {processor.py:753} INFO - DAG(s) dict_keys(['example_weekday_branch_operator']) retrieved from /home/airflow/.local/lib/python3.7/site-packages/airflow/example_dags/example_branch_day_of_week_operator.py
[2025-01-04T23:57:41.828+0000] {logging_mixin.py:137} INFO - [2025-01-04T23:57:41.828+0000] {dag.py:2690} INFO - Sync 1 DAGs
[2025-01-04T23:57:41.848+0000] {logging_mixin.py:137} INFO - [2025-01-04T23:57:41.847+0000] {dag.py:3441} INFO - Setting next_dagrun for example_weekday_branch_operator to 2025-01-03T00:00:00+00:00, run_after=2025-01-04T00:00:00+00:00
[2025-01-04T23:57:41.863+0000] {processor.py:175} INFO - Processing /home/airflow/.local/lib/python3.7/site-packages/airflow/example_dags/example_branch_day_of_week_operator.py took 0.068 seconds
[2025-01-04T23:58:12.010+0000] {processor.py:153} INFO - Started process (PID=295) to work on /home/airflow/.local/lib/python3.7/site-packages/airflow/example_dags/example_branch_day_of_week_operator.py
[2025-01-04T23:58:12.012+0000] {processor.py:743} INFO - Processing file /home/airflow/.local/lib/python3.7/site-packages/airflow/example_dags/example_branch_day_of_week_operator.py for tasks to queue
[2025-01-04T23:58:12.012+0000] {logging_mixin.py:137} INFO - [2025-01-04T23:58:12.012+0000] {dagbag.py:538} INFO - Filling up the DagBag from /home/airflow/.local/lib/python3.7/site-packages/airflow/example_dags/example_branch_day_of_week_operator.py
[2025-01-04T23:58:12.024+0000] {processor.py:753} INFO - DAG(s) dict_keys(['example_weekday_branch_operator']) retrieved from /home/airflow/.local/lib/python3.7/site-packages/airflow/example_dags/example_branch_day_of_week_operator.py
[2025-01-04T23:58:12.048+0000] {logging_mixin.py:137} INFO - [2025-01-04T23:58:12.047+0000] {dag.py:2690} INFO - Sync 1 DAGs
[2025-01-04T23:58:12.072+0000] {logging_mixin.py:137} INFO - [2025-01-04T23:58:12.072+0000] {dag.py:3441} INFO - Setting next_dagrun for example_weekday_branch_operator to 2025-01-03T00:00:00+00:00, run_after=2025-01-04T00:00:00+00:00
[2025-01-04T23:58:12.091+0000] {processor.py:175} INFO - Processing /home/airflow/.local/lib/python3.7/site-packages/airflow/example_dags/example_branch_day_of_week_operator.py took 0.084 seconds
[2025-01-04T23:58:42.386+0000] {processor.py:153} INFO - Started process (PID=411) to work on /home/airflow/.local/lib/python3.7/site-packages/airflow/example_dags/example_branch_day_of_week_operator.py
[2025-01-04T23:58:42.386+0000] {processor.py:743} INFO - Processing file /home/airflow/.local/lib/python3.7/site-packages/airflow/example_dags/example_branch_day_of_week_operator.py for tasks to queue
[2025-01-04T23:58:42.387+0000] {logging_mixin.py:137} INFO - [2025-01-04T23:58:42.386+0000] {dagbag.py:538} INFO - Filling up the DagBag from /home/airflow/.local/lib/python3.7/site-packages/airflow/example_dags/example_branch_day_of_week_operator.py
[2025-01-04T23:58:42.398+0000] {processor.py:753} INFO - DAG(s) dict_keys(['example_weekday_branch_operator']) retrieved from /home/airflow/.local/lib/python3.7/site-packages/airflow/example_dags/example_branch_day_of_week_operator.py
[2025-01-04T23:58:42.420+0000] {logging_mixin.py:137} INFO - [2025-01-04T23:58:42.420+0000] {dag.py:2690} INFO - Sync 1 DAGs
[2025-01-04T23:58:42.442+0000] {logging_mixin.py:137} INFO - [2025-01-04T23:58:42.442+0000] {dag.py:3441} INFO - Setting next_dagrun for example_weekday_branch_operator to 2025-01-03T00:00:00+00:00, run_after=2025-01-04T00:00:00+00:00
[2025-01-04T23:58:42.462+0000] {processor.py:175} INFO - Processing /home/airflow/.local/lib/python3.7/site-packages/airflow/example_dags/example_branch_day_of_week_operator.py took 0.079 seconds
[2025-01-04T23:59:12.739+0000] {processor.py:153} INFO - Started process (PID=536) to work on /home/airflow/.local/lib/python3.7/site-packages/airflow/example_dags/example_branch_day_of_week_operator.py
[2025-01-04T23:59:12.741+0000] {processor.py:743} INFO - Processing file /home/airflow/.local/lib/python3.7/site-packages/airflow/example_dags/example_branch_day_of_week_operator.py for tasks to queue
[2025-01-04T23:59:12.742+0000] {logging_mixin.py:137} INFO - [2025-01-04T23:59:12.741+0000] {dagbag.py:538} INFO - Filling up the DagBag from /home/airflow/.local/lib/python3.7/site-packages/airflow/example_dags/example_branch_day_of_week_operator.py
[2025-01-04T23:59:12.754+0000] {processor.py:753} INFO - DAG(s) dict_keys(['example_weekday_branch_operator']) retrieved from /home/airflow/.local/lib/python3.7/site-packages/airflow/example_dags/example_branch_day_of_week_operator.py
[2025-01-04T23:59:12.775+0000] {logging_mixin.py:137} INFO - [2025-01-04T23:59:12.775+0000] {dag.py:2690} INFO - Sync 1 DAGs
[2025-01-04T23:59:12.796+0000] {logging_mixin.py:137} INFO - [2025-01-04T23:59:12.796+0000] {dag.py:3441} INFO - Setting next_dagrun for example_weekday_branch_operator to 2025-01-03T00:00:00+00:00, run_after=2025-01-04T00:00:00+00:00
[2025-01-04T23:59:12.813+0000] {processor.py:175} INFO - Processing /home/airflow/.local/lib/python3.7/site-packages/airflow/example_dags/example_branch_day_of_week_operator.py took 0.077 seconds
[2025-01-04T23:59:40.151+0000] {processor.py:153} INFO - Started process (PID=637) to work on /home/airflow/.local/lib/python3.7/site-packages/airflow/example_dags/example_branch_day_of_week_operator.py
[2025-01-04T23:59:40.152+0000] {processor.py:743} INFO - Processing file /home/airflow/.local/lib/python3.7/site-packages/airflow/example_dags/example_branch_day_of_week_operator.py for tasks to queue
[2025-01-04T23:59:40.152+0000] {logging_mixin.py:137} INFO - [2025-01-04T23:59:40.152+0000] {dagbag.py:538} INFO - Filling up the DagBag from /home/airflow/.local/lib/python3.7/site-packages/airflow/example_dags/example_branch_day_of_week_operator.py
[2025-01-04T23:59:40.165+0000] {processor.py:753} INFO - DAG(s) dict_keys(['example_weekday_branch_operator']) retrieved from /home/airflow/.local/lib/python3.7/site-packages/airflow/example_dags/example_branch_day_of_week_operator.py
[2025-01-04T23:59:40.189+0000] {logging_mixin.py:137} INFO - [2025-01-04T23:59:40.189+0000] {dag.py:2690} INFO - Sync 1 DAGs
[2025-01-04T23:59:40.211+0000] {logging_mixin.py:137} INFO - [2025-01-04T23:59:40.210+0000] {dag.py:3441} INFO - Setting next_dagrun for example_weekday_branch_operator to 2025-01-03T00:00:00+00:00, run_after=2025-01-04T00:00:00+00:00
[2025-01-04T23:59:40.229+0000] {processor.py:175} INFO - Processing /home/airflow/.local/lib/python3.7/site-packages/airflow/example_dags/example_branch_day_of_week_operator.py took 0.080 seconds
