[2025-01-04T23:57:10.728+0000] {processor.py:153} INFO - Started process (PID=58) to work on /home/airflow/.local/lib/python3.7/site-packages/airflow/example_dags/example_sensors.py
[2025-01-04T23:57:10.729+0000] {processor.py:743} INFO - Processing file /home/airflow/.local/lib/python3.7/site-packages/airflow/example_dags/example_sensors.py for tasks to queue
[2025-01-04T23:57:10.729+0000] {logging_mixin.py:137} INFO - [2025-01-04T23:57:10.729+0000] {dagbag.py:538} INFO - Filling up the DagBag from /home/airflow/.local/lib/python3.7/site-packages/airflow/example_dags/example_sensors.py
[2025-01-04T23:57:10.748+0000] {processor.py:753} INFO - DAG(s) dict_keys(['example_sensors']) retrieved from /home/airflow/.local/lib/python3.7/site-packages/airflow/example_dags/example_sensors.py
[2025-01-04T23:57:10.763+0000] {logging_mixin.py:137} INFO - [2025-01-04T23:57:10.763+0000] {dag.py:2690} INFO - Sync 1 DAGs
[2025-01-04T23:57:10.785+0000] {logging_mixin.py:137} INFO - [2025-01-04T23:57:10.785+0000] {dag.py:3441} INFO - Setting next_dagrun for example_sensors to None, run_after=None
[2025-01-04T23:57:10.803+0000] {processor.py:175} INFO - Processing /home/airflow/.local/lib/python3.7/site-packages/airflow/example_dags/example_sensors.py took 0.077 seconds
[2025-01-04T23:57:40.996+0000] {processor.py:153} INFO - Started process (PID=181) to work on /home/airflow/.local/lib/python3.7/site-packages/airflow/example_dags/example_sensors.py
[2025-01-04T23:57:40.997+0000] {processor.py:743} INFO - Processing file /home/airflow/.local/lib/python3.7/site-packages/airflow/example_dags/example_sensors.py for tasks to queue
[2025-01-04T23:57:40.997+0000] {logging_mixin.py:137} INFO - [2025-01-04T23:57:40.997+0000] {dagbag.py:538} INFO - Filling up the DagBag from /home/airflow/.local/lib/python3.7/site-packages/airflow/example_dags/example_sensors.py
[2025-01-04T23:57:41.012+0000] {processor.py:753} INFO - DAG(s) dict_keys(['example_sensors']) retrieved from /home/airflow/.local/lib/python3.7/site-packages/airflow/example_dags/example_sensors.py
[2025-01-04T23:57:41.032+0000] {logging_mixin.py:137} INFO - [2025-01-04T23:57:41.032+0000] {dag.py:2690} INFO - Sync 1 DAGs
[2025-01-04T23:57:41.052+0000] {logging_mixin.py:137} INFO - [2025-01-04T23:57:41.052+0000] {dag.py:3441} INFO - Setting next_dagrun for example_sensors to None, run_after=None
[2025-01-04T23:57:41.068+0000] {processor.py:175} INFO - Processing /home/airflow/.local/lib/python3.7/site-packages/airflow/example_dags/example_sensors.py took 0.074 seconds
[2025-01-04T23:58:11.110+0000] {processor.py:153} INFO - Started process (PID=274) to work on /home/airflow/.local/lib/python3.7/site-packages/airflow/example_dags/example_sensors.py
[2025-01-04T23:58:11.112+0000] {processor.py:743} INFO - Processing file /home/airflow/.local/lib/python3.7/site-packages/airflow/example_dags/example_sensors.py for tasks to queue
[2025-01-04T23:58:11.112+0000] {logging_mixin.py:137} INFO - [2025-01-04T23:58:11.112+0000] {dagbag.py:538} INFO - Filling up the DagBag from /home/airflow/.local/lib/python3.7/site-packages/airflow/example_dags/example_sensors.py
[2025-01-04T23:58:11.128+0000] {processor.py:753} INFO - DAG(s) dict_keys(['example_sensors']) retrieved from /home/airflow/.local/lib/python3.7/site-packages/airflow/example_dags/example_sensors.py
[2025-01-04T23:58:11.151+0000] {logging_mixin.py:137} INFO - [2025-01-04T23:58:11.151+0000] {dag.py:2690} INFO - Sync 1 DAGs
[2025-01-04T23:58:11.170+0000] {logging_mixin.py:137} INFO - [2025-01-04T23:58:11.170+0000] {dag.py:3441} INFO - Setting next_dagrun for example_sensors to None, run_after=None
[2025-01-04T23:58:11.187+0000] {processor.py:175} INFO - Processing /home/airflow/.local/lib/python3.7/site-packages/airflow/example_dags/example_sensors.py took 0.079 seconds
[2025-01-04T23:58:41.542+0000] {processor.py:153} INFO - Started process (PID=397) to work on /home/airflow/.local/lib/python3.7/site-packages/airflow/example_dags/example_sensors.py
[2025-01-04T23:58:41.542+0000] {processor.py:743} INFO - Processing file /home/airflow/.local/lib/python3.7/site-packages/airflow/example_dags/example_sensors.py for tasks to queue
[2025-01-04T23:58:41.543+0000] {logging_mixin.py:137} INFO - [2025-01-04T23:58:41.542+0000] {dagbag.py:538} INFO - Filling up the DagBag from /home/airflow/.local/lib/python3.7/site-packages/airflow/example_dags/example_sensors.py
[2025-01-04T23:58:41.557+0000] {processor.py:753} INFO - DAG(s) dict_keys(['example_sensors']) retrieved from /home/airflow/.local/lib/python3.7/site-packages/airflow/example_dags/example_sensors.py
[2025-01-04T23:58:41.582+0000] {logging_mixin.py:137} INFO - [2025-01-04T23:58:41.582+0000] {dag.py:2690} INFO - Sync 1 DAGs
[2025-01-04T23:58:41.604+0000] {logging_mixin.py:137} INFO - [2025-01-04T23:58:41.603+0000] {dag.py:3441} INFO - Setting next_dagrun for example_sensors to None, run_after=None
[2025-01-04T23:58:41.623+0000] {processor.py:175} INFO - Processing /home/airflow/.local/lib/python3.7/site-packages/airflow/example_dags/example_sensors.py took 0.083 seconds
[2025-01-04T23:59:11.942+0000] {processor.py:153} INFO - Started process (PID=522) to work on /home/airflow/.local/lib/python3.7/site-packages/airflow/example_dags/example_sensors.py
[2025-01-04T23:59:11.944+0000] {processor.py:743} INFO - Processing file /home/airflow/.local/lib/python3.7/site-packages/airflow/example_dags/example_sensors.py for tasks to queue
[2025-01-04T23:59:11.945+0000] {logging_mixin.py:137} INFO - [2025-01-04T23:59:11.945+0000] {dagbag.py:538} INFO - Filling up the DagBag from /home/airflow/.local/lib/python3.7/site-packages/airflow/example_dags/example_sensors.py
[2025-01-04T23:59:11.961+0000] {processor.py:753} INFO - DAG(s) dict_keys(['example_sensors']) retrieved from /home/airflow/.local/lib/python3.7/site-packages/airflow/example_dags/example_sensors.py
[2025-01-04T23:59:11.984+0000] {logging_mixin.py:137} INFO - [2025-01-04T23:59:11.984+0000] {dag.py:2690} INFO - Sync 1 DAGs
[2025-01-04T23:59:12.005+0000] {logging_mixin.py:137} INFO - [2025-01-04T23:59:12.005+0000] {dag.py:3441} INFO - Setting next_dagrun for example_sensors to None, run_after=None
[2025-01-04T23:59:12.023+0000] {processor.py:175} INFO - Processing /home/airflow/.local/lib/python3.7/site-packages/airflow/example_dags/example_sensors.py took 0.083 seconds
[2025-01-04T23:59:39.507+0000] {processor.py:153} INFO - Started process (PID=623) to work on /home/airflow/.local/lib/python3.7/site-packages/airflow/example_dags/example_sensors.py
[2025-01-04T23:59:39.508+0000] {processor.py:743} INFO - Processing file /home/airflow/.local/lib/python3.7/site-packages/airflow/example_dags/example_sensors.py for tasks to queue
[2025-01-04T23:59:39.508+0000] {logging_mixin.py:137} INFO - [2025-01-04T23:59:39.508+0000] {dagbag.py:538} INFO - Filling up the DagBag from /home/airflow/.local/lib/python3.7/site-packages/airflow/example_dags/example_sensors.py
[2025-01-04T23:59:39.522+0000] {processor.py:753} INFO - DAG(s) dict_keys(['example_sensors']) retrieved from /home/airflow/.local/lib/python3.7/site-packages/airflow/example_dags/example_sensors.py
[2025-01-04T23:59:39.544+0000] {logging_mixin.py:137} INFO - [2025-01-04T23:59:39.543+0000] {dag.py:2690} INFO - Sync 1 DAGs
[2025-01-04T23:59:39.563+0000] {logging_mixin.py:137} INFO - [2025-01-04T23:59:39.563+0000] {dag.py:3441} INFO - Setting next_dagrun for example_sensors to None, run_after=None
[2025-01-04T23:59:39.580+0000] {processor.py:175} INFO - Processing /home/airflow/.local/lib/python3.7/site-packages/airflow/example_dags/example_sensors.py took 0.076 seconds
