[2025-01-04T23:57:10.634+0000] {processor.py:153} INFO - Started process (PID=55) to work on /home/airflow/.local/lib/python3.7/site-packages/airflow/example_dags/example_xcomargs.py
[2025-01-04T23:57:10.634+0000] {processor.py:743} INFO - Processing file /home/airflow/.local/lib/python3.7/site-packages/airflow/example_dags/example_xcomargs.py for tasks to queue
[2025-01-04T23:57:10.635+0000] {logging_mixin.py:137} INFO - [2025-01-04T23:57:10.635+0000] {dagbag.py:538} INFO - Filling up the DagBag from /home/airflow/.local/lib/python3.7/site-packages/airflow/example_dags/example_xcomargs.py
[2025-01-04T23:57:10.657+0000] {processor.py:753} INFO - DAG(s) dict_keys(['example_xcom_args', 'example_xcom_args_with_operators']) retrieved from /home/airflow/.local/lib/python3.7/site-packages/airflow/example_dags/example_xcomargs.py
[2025-01-04T23:57:10.671+0000] {logging_mixin.py:137} INFO - [2025-01-04T23:57:10.671+0000] {dag.py:2690} INFO - Sync 2 DAGs
[2025-01-04T23:57:10.693+0000] {logging_mixin.py:137} INFO - [2025-01-04T23:57:10.693+0000] {dag.py:3441} INFO - Setting next_dagrun for example_xcom_args to None, run_after=None
[2025-01-04T23:57:10.696+0000] {logging_mixin.py:137} INFO - [2025-01-04T23:57:10.696+0000] {dag.py:3441} INFO - Setting next_dagrun for example_xcom_args_with_operators to None, run_after=None
[2025-01-04T23:57:10.712+0000] {processor.py:175} INFO - Processing /home/airflow/.local/lib/python3.7/site-packages/airflow/example_dags/example_xcomargs.py took 0.081 seconds
[2025-01-04T23:57:40.773+0000] {processor.py:153} INFO - Started process (PID=178) to work on /home/airflow/.local/lib/python3.7/site-packages/airflow/example_dags/example_xcomargs.py
[2025-01-04T23:57:40.774+0000] {processor.py:743} INFO - Processing file /home/airflow/.local/lib/python3.7/site-packages/airflow/example_dags/example_xcomargs.py for tasks to queue
[2025-01-04T23:57:40.775+0000] {logging_mixin.py:137} INFO - [2025-01-04T23:57:40.774+0000] {dagbag.py:538} INFO - Filling up the DagBag from /home/airflow/.local/lib/python3.7/site-packages/airflow/example_dags/example_xcomargs.py
[2025-01-04T23:57:40.792+0000] {processor.py:753} INFO - DAG(s) dict_keys(['example_xcom_args', 'example_xcom_args_with_operators']) retrieved from /home/airflow/.local/lib/python3.7/site-packages/airflow/example_dags/example_xcomargs.py
[2025-01-04T23:57:40.817+0000] {logging_mixin.py:137} INFO - [2025-01-04T23:57:40.817+0000] {dag.py:2690} INFO - Sync 2 DAGs
[2025-01-04T23:57:40.837+0000] {logging_mixin.py:137} INFO - [2025-01-04T23:57:40.837+0000] {dag.py:3441} INFO - Setting next_dagrun for example_xcom_args to None, run_after=None
[2025-01-04T23:57:40.840+0000] {logging_mixin.py:137} INFO - [2025-01-04T23:57:40.840+0000] {dag.py:3441} INFO - Setting next_dagrun for example_xcom_args_with_operators to None, run_after=None
[2025-01-04T23:57:40.856+0000] {processor.py:175} INFO - Processing /home/airflow/.local/lib/python3.7/site-packages/airflow/example_dags/example_xcomargs.py took 0.088 seconds
[2025-01-04T23:58:10.912+0000] {processor.py:153} INFO - Started process (PID=271) to work on /home/airflow/.local/lib/python3.7/site-packages/airflow/example_dags/example_xcomargs.py
[2025-01-04T23:58:10.914+0000] {processor.py:743} INFO - Processing file /home/airflow/.local/lib/python3.7/site-packages/airflow/example_dags/example_xcomargs.py for tasks to queue
[2025-01-04T23:58:10.914+0000] {logging_mixin.py:137} INFO - [2025-01-04T23:58:10.914+0000] {dagbag.py:538} INFO - Filling up the DagBag from /home/airflow/.local/lib/python3.7/site-packages/airflow/example_dags/example_xcomargs.py
[2025-01-04T23:58:10.933+0000] {processor.py:753} INFO - DAG(s) dict_keys(['example_xcom_args', 'example_xcom_args_with_operators']) retrieved from /home/airflow/.local/lib/python3.7/site-packages/airflow/example_dags/example_xcomargs.py
[2025-01-04T23:58:10.956+0000] {logging_mixin.py:137} INFO - [2025-01-04T23:58:10.956+0000] {dag.py:2690} INFO - Sync 2 DAGs
[2025-01-04T23:58:10.977+0000] {logging_mixin.py:137} INFO - [2025-01-04T23:58:10.977+0000] {dag.py:3441} INFO - Setting next_dagrun for example_xcom_args to None, run_after=None
[2025-01-04T23:58:10.981+0000] {logging_mixin.py:137} INFO - [2025-01-04T23:58:10.981+0000] {dag.py:3441} INFO - Setting next_dagrun for example_xcom_args_with_operators to None, run_after=None
[2025-01-04T23:58:10.996+0000] {processor.py:175} INFO - Processing /home/airflow/.local/lib/python3.7/site-packages/airflow/example_dags/example_xcomargs.py took 0.087 seconds
[2025-01-04T23:58:41.344+0000] {processor.py:153} INFO - Started process (PID=394) to work on /home/airflow/.local/lib/python3.7/site-packages/airflow/example_dags/example_xcomargs.py
[2025-01-04T23:58:41.345+0000] {processor.py:743} INFO - Processing file /home/airflow/.local/lib/python3.7/site-packages/airflow/example_dags/example_xcomargs.py for tasks to queue
[2025-01-04T23:58:41.345+0000] {logging_mixin.py:137} INFO - [2025-01-04T23:58:41.345+0000] {dagbag.py:538} INFO - Filling up the DagBag from /home/airflow/.local/lib/python3.7/site-packages/airflow/example_dags/example_xcomargs.py
[2025-01-04T23:58:41.364+0000] {processor.py:753} INFO - DAG(s) dict_keys(['example_xcom_args_with_operators', 'example_xcom_args']) retrieved from /home/airflow/.local/lib/python3.7/site-packages/airflow/example_dags/example_xcomargs.py
[2025-01-04T23:58:41.388+0000] {logging_mixin.py:137} INFO - [2025-01-04T23:58:41.387+0000] {dag.py:2690} INFO - Sync 2 DAGs
[2025-01-04T23:58:41.408+0000] {logging_mixin.py:137} INFO - [2025-01-04T23:58:41.408+0000] {dag.py:3441} INFO - Setting next_dagrun for example_xcom_args to None, run_after=None
[2025-01-04T23:58:41.411+0000] {logging_mixin.py:137} INFO - [2025-01-04T23:58:41.411+0000] {dag.py:3441} INFO - Setting next_dagrun for example_xcom_args_with_operators to None, run_after=None
[2025-01-04T23:58:41.433+0000] {processor.py:175} INFO - Processing /home/airflow/.local/lib/python3.7/site-packages/airflow/example_dags/example_xcomargs.py took 0.091 seconds
[2025-01-04T23:59:11.745+0000] {processor.py:153} INFO - Started process (PID=519) to work on /home/airflow/.local/lib/python3.7/site-packages/airflow/example_dags/example_xcomargs.py
[2025-01-04T23:59:11.747+0000] {processor.py:743} INFO - Processing file /home/airflow/.local/lib/python3.7/site-packages/airflow/example_dags/example_xcomargs.py for tasks to queue
[2025-01-04T23:59:11.747+0000] {logging_mixin.py:137} INFO - [2025-01-04T23:59:11.747+0000] {dagbag.py:538} INFO - Filling up the DagBag from /home/airflow/.local/lib/python3.7/site-packages/airflow/example_dags/example_xcomargs.py
[2025-01-04T23:59:11.766+0000] {processor.py:753} INFO - DAG(s) dict_keys(['example_xcom_args_with_operators', 'example_xcom_args']) retrieved from /home/airflow/.local/lib/python3.7/site-packages/airflow/example_dags/example_xcomargs.py
[2025-01-04T23:59:11.789+0000] {logging_mixin.py:137} INFO - [2025-01-04T23:59:11.789+0000] {dag.py:2690} INFO - Sync 2 DAGs
[2025-01-04T23:59:11.811+0000] {logging_mixin.py:137} INFO - [2025-01-04T23:59:11.810+0000] {dag.py:3441} INFO - Setting next_dagrun for example_xcom_args to None, run_after=None
[2025-01-04T23:59:11.813+0000] {logging_mixin.py:137} INFO - [2025-01-04T23:59:11.813+0000] {dag.py:3441} INFO - Setting next_dagrun for example_xcom_args_with_operators to None, run_after=None
[2025-01-04T23:59:11.830+0000] {processor.py:175} INFO - Processing /home/airflow/.local/lib/python3.7/site-packages/airflow/example_dags/example_xcomargs.py took 0.087 seconds
[2025-01-04T23:59:39.338+0000] {processor.py:153} INFO - Started process (PID=620) to work on /home/airflow/.local/lib/python3.7/site-packages/airflow/example_dags/example_xcomargs.py
[2025-01-04T23:59:39.339+0000] {processor.py:743} INFO - Processing file /home/airflow/.local/lib/python3.7/site-packages/airflow/example_dags/example_xcomargs.py for tasks to queue
[2025-01-04T23:59:39.339+0000] {logging_mixin.py:137} INFO - [2025-01-04T23:59:39.339+0000] {dagbag.py:538} INFO - Filling up the DagBag from /home/airflow/.local/lib/python3.7/site-packages/airflow/example_dags/example_xcomargs.py
[2025-01-04T23:59:39.358+0000] {processor.py:753} INFO - DAG(s) dict_keys(['example_xcom_args_with_operators', 'example_xcom_args']) retrieved from /home/airflow/.local/lib/python3.7/site-packages/airflow/example_dags/example_xcomargs.py
[2025-01-04T23:59:39.381+0000] {logging_mixin.py:137} INFO - [2025-01-04T23:59:39.381+0000] {dag.py:2690} INFO - Sync 2 DAGs
[2025-01-04T23:59:39.401+0000] {logging_mixin.py:137} INFO - [2025-01-04T23:59:39.401+0000] {dag.py:3441} INFO - Setting next_dagrun for example_xcom_args to None, run_after=None
[2025-01-04T23:59:39.403+0000] {logging_mixin.py:137} INFO - [2025-01-04T23:59:39.403+0000] {dag.py:3441} INFO - Setting next_dagrun for example_xcom_args_with_operators to None, run_after=None
[2025-01-04T23:59:39.417+0000] {processor.py:175} INFO - Processing /home/airflow/.local/lib/python3.7/site-packages/airflow/example_dags/example_xcomargs.py took 0.081 seconds
