[2025-01-04T23:57:11.830+0000] {processor.py:153} INFO - Started process (PID=78) to work on /home/airflow/.local/lib/python3.7/site-packages/airflow/example_dags/example_external_task_marker_dag.py
[2025-01-04T23:57:11.831+0000] {processor.py:743} INFO - Processing file /home/airflow/.local/lib/python3.7/site-packages/airflow/example_dags/example_external_task_marker_dag.py for tasks to queue
[2025-01-04T23:57:11.831+0000] {logging_mixin.py:137} INFO - [2025-01-04T23:57:11.831+0000] {dagbag.py:538} INFO - Filling up the DagBag from /home/airflow/.local/lib/python3.7/site-packages/airflow/example_dags/example_external_task_marker_dag.py
[2025-01-04T23:57:11.843+0000] {processor.py:753} INFO - DAG(s) dict_keys(['example_external_task_marker_child', 'example_external_task_marker_parent']) retrieved from /home/airflow/.local/lib/python3.7/site-packages/airflow/example_dags/example_external_task_marker_dag.py
[2025-01-04T23:57:11.854+0000] {logging_mixin.py:137} INFO - [2025-01-04T23:57:11.854+0000] {dag.py:2690} INFO - Sync 2 DAGs
[2025-01-04T23:57:11.877+0000] {logging_mixin.py:137} INFO - [2025-01-04T23:57:11.877+0000] {dag.py:3441} INFO - Setting next_dagrun for example_external_task_marker_child to None, run_after=None
[2025-01-04T23:57:11.879+0000] {logging_mixin.py:137} INFO - [2025-01-04T23:57:11.879+0000] {dag.py:3441} INFO - Setting next_dagrun for example_external_task_marker_parent to None, run_after=None
[2025-01-04T23:57:11.895+0000] {processor.py:175} INFO - Processing /home/airflow/.local/lib/python3.7/site-packages/airflow/example_dags/example_external_task_marker_dag.py took 0.067 seconds
[2025-01-04T23:57:42.124+0000] {processor.py:153} INFO - Started process (PID=201) to work on /home/airflow/.local/lib/python3.7/site-packages/airflow/example_dags/example_external_task_marker_dag.py
[2025-01-04T23:57:42.125+0000] {processor.py:743} INFO - Processing file /home/airflow/.local/lib/python3.7/site-packages/airflow/example_dags/example_external_task_marker_dag.py for tasks to queue
[2025-01-04T23:57:42.125+0000] {logging_mixin.py:137} INFO - [2025-01-04T23:57:42.125+0000] {dagbag.py:538} INFO - Filling up the DagBag from /home/airflow/.local/lib/python3.7/site-packages/airflow/example_dags/example_external_task_marker_dag.py
[2025-01-04T23:57:42.135+0000] {processor.py:753} INFO - DAG(s) dict_keys(['example_external_task_marker_child', 'example_external_task_marker_parent']) retrieved from /home/airflow/.local/lib/python3.7/site-packages/airflow/example_dags/example_external_task_marker_dag.py
[2025-01-04T23:57:42.185+0000] {logging_mixin.py:137} INFO - [2025-01-04T23:57:42.184+0000] {dag.py:2690} INFO - Sync 2 DAGs
[2025-01-04T23:57:42.203+0000] {logging_mixin.py:137} INFO - [2025-01-04T23:57:42.203+0000] {dag.py:3441} INFO - Setting next_dagrun for example_external_task_marker_child to None, run_after=None
[2025-01-04T23:57:42.206+0000] {logging_mixin.py:137} INFO - [2025-01-04T23:57:42.206+0000] {dag.py:3441} INFO - Setting next_dagrun for example_external_task_marker_parent to None, run_after=None
[2025-01-04T23:57:42.222+0000] {processor.py:175} INFO - Processing /home/airflow/.local/lib/python3.7/site-packages/airflow/example_dags/example_external_task_marker_dag.py took 0.101 seconds
[2025-01-04T23:58:12.275+0000] {processor.py:153} INFO - Started process (PID=303) to work on /home/airflow/.local/lib/python3.7/site-packages/airflow/example_dags/example_external_task_marker_dag.py
[2025-01-04T23:58:12.275+0000] {processor.py:743} INFO - Processing file /home/airflow/.local/lib/python3.7/site-packages/airflow/example_dags/example_external_task_marker_dag.py for tasks to queue
[2025-01-04T23:58:12.276+0000] {logging_mixin.py:137} INFO - [2025-01-04T23:58:12.276+0000] {dagbag.py:538} INFO - Filling up the DagBag from /home/airflow/.local/lib/python3.7/site-packages/airflow/example_dags/example_external_task_marker_dag.py
[2025-01-04T23:58:12.286+0000] {processor.py:753} INFO - DAG(s) dict_keys(['example_external_task_marker_child', 'example_external_task_marker_parent']) retrieved from /home/airflow/.local/lib/python3.7/site-packages/airflow/example_dags/example_external_task_marker_dag.py
[2025-01-04T23:58:12.308+0000] {logging_mixin.py:137} INFO - [2025-01-04T23:58:12.308+0000] {dag.py:2690} INFO - Sync 2 DAGs
[2025-01-04T23:58:12.328+0000] {logging_mixin.py:137} INFO - [2025-01-04T23:58:12.328+0000] {dag.py:3441} INFO - Setting next_dagrun for example_external_task_marker_child to None, run_after=None
[2025-01-04T23:58:12.331+0000] {logging_mixin.py:137} INFO - [2025-01-04T23:58:12.331+0000] {dag.py:3441} INFO - Setting next_dagrun for example_external_task_marker_parent to None, run_after=None
[2025-01-04T23:58:12.345+0000] {processor.py:175} INFO - Processing /home/airflow/.local/lib/python3.7/site-packages/airflow/example_dags/example_external_task_marker_dag.py took 0.073 seconds
[2025-01-04T23:58:42.664+0000] {processor.py:153} INFO - Started process (PID=417) to work on /home/airflow/.local/lib/python3.7/site-packages/airflow/example_dags/example_external_task_marker_dag.py
[2025-01-04T23:58:42.665+0000] {processor.py:743} INFO - Processing file /home/airflow/.local/lib/python3.7/site-packages/airflow/example_dags/example_external_task_marker_dag.py for tasks to queue
[2025-01-04T23:58:42.665+0000] {logging_mixin.py:137} INFO - [2025-01-04T23:58:42.665+0000] {dagbag.py:538} INFO - Filling up the DagBag from /home/airflow/.local/lib/python3.7/site-packages/airflow/example_dags/example_external_task_marker_dag.py
[2025-01-04T23:58:42.676+0000] {processor.py:753} INFO - DAG(s) dict_keys(['example_external_task_marker_parent', 'example_external_task_marker_child']) retrieved from /home/airflow/.local/lib/python3.7/site-packages/airflow/example_dags/example_external_task_marker_dag.py
[2025-01-04T23:58:42.699+0000] {logging_mixin.py:137} INFO - [2025-01-04T23:58:42.699+0000] {dag.py:2690} INFO - Sync 2 DAGs
[2025-01-04T23:58:42.720+0000] {logging_mixin.py:137} INFO - [2025-01-04T23:58:42.720+0000] {dag.py:3441} INFO - Setting next_dagrun for example_external_task_marker_child to None, run_after=None
[2025-01-04T23:58:42.723+0000] {logging_mixin.py:137} INFO - [2025-01-04T23:58:42.722+0000] {dag.py:3441} INFO - Setting next_dagrun for example_external_task_marker_parent to None, run_after=None
[2025-01-04T23:58:42.737+0000] {processor.py:175} INFO - Processing /home/airflow/.local/lib/python3.7/site-packages/airflow/example_dags/example_external_task_marker_dag.py took 0.076 seconds
[2025-01-04T23:59:13.125+0000] {processor.py:153} INFO - Started process (PID=542) to work on /home/airflow/.local/lib/python3.7/site-packages/airflow/example_dags/example_external_task_marker_dag.py
[2025-01-04T23:59:13.129+0000] {processor.py:743} INFO - Processing file /home/airflow/.local/lib/python3.7/site-packages/airflow/example_dags/example_external_task_marker_dag.py for tasks to queue
[2025-01-04T23:59:13.130+0000] {logging_mixin.py:137} INFO - [2025-01-04T23:59:13.130+0000] {dagbag.py:538} INFO - Filling up the DagBag from /home/airflow/.local/lib/python3.7/site-packages/airflow/example_dags/example_external_task_marker_dag.py
[2025-01-04T23:59:13.141+0000] {processor.py:753} INFO - DAG(s) dict_keys(['example_external_task_marker_child', 'example_external_task_marker_parent']) retrieved from /home/airflow/.local/lib/python3.7/site-packages/airflow/example_dags/example_external_task_marker_dag.py
[2025-01-04T23:59:13.166+0000] {logging_mixin.py:137} INFO - [2025-01-04T23:59:13.166+0000] {dag.py:2690} INFO - Sync 2 DAGs
[2025-01-04T23:59:13.186+0000] {logging_mixin.py:137} INFO - [2025-01-04T23:59:13.186+0000] {dag.py:3441} INFO - Setting next_dagrun for example_external_task_marker_child to None, run_after=None
[2025-01-04T23:59:13.189+0000] {logging_mixin.py:137} INFO - [2025-01-04T23:59:13.189+0000] {dag.py:3441} INFO - Setting next_dagrun for example_external_task_marker_parent to None, run_after=None
[2025-01-04T23:59:13.206+0000] {processor.py:175} INFO - Processing /home/airflow/.local/lib/python3.7/site-packages/airflow/example_dags/example_external_task_marker_dag.py took 0.084 seconds
[2025-01-04T23:59:40.418+0000] {processor.py:153} INFO - Started process (PID=643) to work on /home/airflow/.local/lib/python3.7/site-packages/airflow/example_dags/example_external_task_marker_dag.py
[2025-01-04T23:59:40.418+0000] {processor.py:743} INFO - Processing file /home/airflow/.local/lib/python3.7/site-packages/airflow/example_dags/example_external_task_marker_dag.py for tasks to queue
[2025-01-04T23:59:40.419+0000] {logging_mixin.py:137} INFO - [2025-01-04T23:59:40.419+0000] {dagbag.py:538} INFO - Filling up the DagBag from /home/airflow/.local/lib/python3.7/site-packages/airflow/example_dags/example_external_task_marker_dag.py
[2025-01-04T23:59:40.428+0000] {processor.py:753} INFO - DAG(s) dict_keys(['example_external_task_marker_parent', 'example_external_task_marker_child']) retrieved from /home/airflow/.local/lib/python3.7/site-packages/airflow/example_dags/example_external_task_marker_dag.py
[2025-01-04T23:59:40.450+0000] {logging_mixin.py:137} INFO - [2025-01-04T23:59:40.449+0000] {dag.py:2690} INFO - Sync 2 DAGs
[2025-01-04T23:59:40.469+0000] {logging_mixin.py:137} INFO - [2025-01-04T23:59:40.469+0000] {dag.py:3441} INFO - Setting next_dagrun for example_external_task_marker_child to None, run_after=None
[2025-01-04T23:59:40.472+0000] {logging_mixin.py:137} INFO - [2025-01-04T23:59:40.472+0000] {dag.py:3441} INFO - Setting next_dagrun for example_external_task_marker_parent to None, run_after=None
[2025-01-04T23:59:40.484+0000] {processor.py:175} INFO - Processing /home/airflow/.local/lib/python3.7/site-packages/airflow/example_dags/example_external_task_marker_dag.py took 0.069 seconds
