[2025-01-04T23:57:11.809+0000] {processor.py:153} INFO - Started process (PID=77) to work on /home/airflow/.local/lib/python3.7/site-packages/airflow/example_dags/example_trigger_target_dag.py
[2025-01-04T23:57:11.810+0000] {processor.py:743} INFO - Processing file /home/airflow/.local/lib/python3.7/site-packages/airflow/example_dags/example_trigger_target_dag.py for tasks to queue
[2025-01-04T23:57:11.810+0000] {logging_mixin.py:137} INFO - [2025-01-04T23:57:11.810+0000] {dagbag.py:538} INFO - Filling up the DagBag from /home/airflow/.local/lib/python3.7/site-packages/airflow/example_dags/example_trigger_target_dag.py
[2025-01-04T23:57:11.829+0000] {processor.py:753} INFO - DAG(s) dict_keys(['example_trigger_target_dag']) retrieved from /home/airflow/.local/lib/python3.7/site-packages/airflow/example_dags/example_trigger_target_dag.py
[2025-01-04T23:57:11.839+0000] {logging_mixin.py:137} INFO - [2025-01-04T23:57:11.838+0000] {dag.py:2690} INFO - Sync 1 DAGs
[2025-01-04T23:57:11.862+0000] {logging_mixin.py:137} INFO - [2025-01-04T23:57:11.862+0000] {dag.py:3441} INFO - Setting next_dagrun for example_trigger_target_dag to None, run_after=None
[2025-01-04T23:57:11.880+0000] {processor.py:175} INFO - Processing /home/airflow/.local/lib/python3.7/site-packages/airflow/example_dags/example_trigger_target_dag.py took 0.073 seconds
[2025-01-04T23:57:42.096+0000] {processor.py:153} INFO - Started process (PID=200) to work on /home/airflow/.local/lib/python3.7/site-packages/airflow/example_dags/example_trigger_target_dag.py
[2025-01-04T23:57:42.097+0000] {processor.py:743} INFO - Processing file /home/airflow/.local/lib/python3.7/site-packages/airflow/example_dags/example_trigger_target_dag.py for tasks to queue
[2025-01-04T23:57:42.097+0000] {logging_mixin.py:137} INFO - [2025-01-04T23:57:42.097+0000] {dagbag.py:538} INFO - Filling up the DagBag from /home/airflow/.local/lib/python3.7/site-packages/airflow/example_dags/example_trigger_target_dag.py
[2025-01-04T23:57:42.114+0000] {processor.py:753} INFO - DAG(s) dict_keys(['example_trigger_target_dag']) retrieved from /home/airflow/.local/lib/python3.7/site-packages/airflow/example_dags/example_trigger_target_dag.py
[2025-01-04T23:57:42.137+0000] {logging_mixin.py:137} INFO - [2025-01-04T23:57:42.137+0000] {dag.py:2690} INFO - Sync 1 DAGs
[2025-01-04T23:57:42.156+0000] {logging_mixin.py:137} INFO - [2025-01-04T23:57:42.156+0000] {dag.py:3441} INFO - Setting next_dagrun for example_trigger_target_dag to None, run_after=None
[2025-01-04T23:57:42.174+0000] {processor.py:175} INFO - Processing /home/airflow/.local/lib/python3.7/site-packages/airflow/example_dags/example_trigger_target_dag.py took 0.080 seconds
[2025-01-04T23:58:12.266+0000] {processor.py:153} INFO - Started process (PID=302) to work on /home/airflow/.local/lib/python3.7/site-packages/airflow/example_dags/example_trigger_target_dag.py
[2025-01-04T23:58:12.268+0000] {processor.py:743} INFO - Processing file /home/airflow/.local/lib/python3.7/site-packages/airflow/example_dags/example_trigger_target_dag.py for tasks to queue
[2025-01-04T23:58:12.269+0000] {logging_mixin.py:137} INFO - [2025-01-04T23:58:12.268+0000] {dagbag.py:538} INFO - Filling up the DagBag from /home/airflow/.local/lib/python3.7/site-packages/airflow/example_dags/example_trigger_target_dag.py
[2025-01-04T23:58:12.285+0000] {processor.py:753} INFO - DAG(s) dict_keys(['example_trigger_target_dag']) retrieved from /home/airflow/.local/lib/python3.7/site-packages/airflow/example_dags/example_trigger_target_dag.py
[2025-01-04T23:58:12.305+0000] {logging_mixin.py:137} INFO - [2025-01-04T23:58:12.305+0000] {dag.py:2690} INFO - Sync 1 DAGs
[2025-01-04T23:58:12.324+0000] {logging_mixin.py:137} INFO - [2025-01-04T23:58:12.324+0000] {dag.py:3441} INFO - Setting next_dagrun for example_trigger_target_dag to None, run_after=None
[2025-01-04T23:58:12.340+0000] {processor.py:175} INFO - Processing /home/airflow/.local/lib/python3.7/site-packages/airflow/example_dags/example_trigger_target_dag.py took 0.076 seconds
[2025-01-04T23:58:42.653+0000] {processor.py:153} INFO - Started process (PID=416) to work on /home/airflow/.local/lib/python3.7/site-packages/airflow/example_dags/example_trigger_target_dag.py
[2025-01-04T23:58:42.654+0000] {processor.py:743} INFO - Processing file /home/airflow/.local/lib/python3.7/site-packages/airflow/example_dags/example_trigger_target_dag.py for tasks to queue
[2025-01-04T23:58:42.654+0000] {logging_mixin.py:137} INFO - [2025-01-04T23:58:42.654+0000] {dagbag.py:538} INFO - Filling up the DagBag from /home/airflow/.local/lib/python3.7/site-packages/airflow/example_dags/example_trigger_target_dag.py
[2025-01-04T23:58:42.672+0000] {processor.py:753} INFO - DAG(s) dict_keys(['example_trigger_target_dag']) retrieved from /home/airflow/.local/lib/python3.7/site-packages/airflow/example_dags/example_trigger_target_dag.py
[2025-01-04T23:58:42.691+0000] {logging_mixin.py:137} INFO - [2025-01-04T23:58:42.691+0000] {dag.py:2690} INFO - Sync 1 DAGs
[2025-01-04T23:58:42.714+0000] {logging_mixin.py:137} INFO - [2025-01-04T23:58:42.714+0000] {dag.py:3441} INFO - Setting next_dagrun for example_trigger_target_dag to None, run_after=None
[2025-01-04T23:58:42.732+0000] {processor.py:175} INFO - Processing /home/airflow/.local/lib/python3.7/site-packages/airflow/example_dags/example_trigger_target_dag.py took 0.082 seconds
[2025-01-04T23:59:13.033+0000] {processor.py:153} INFO - Started process (PID=541) to work on /home/airflow/.local/lib/python3.7/site-packages/airflow/example_dags/example_trigger_target_dag.py
[2025-01-04T23:59:13.035+0000] {processor.py:743} INFO - Processing file /home/airflow/.local/lib/python3.7/site-packages/airflow/example_dags/example_trigger_target_dag.py for tasks to queue
[2025-01-04T23:59:13.035+0000] {logging_mixin.py:137} INFO - [2025-01-04T23:59:13.035+0000] {dagbag.py:538} INFO - Filling up the DagBag from /home/airflow/.local/lib/python3.7/site-packages/airflow/example_dags/example_trigger_target_dag.py
[2025-01-04T23:59:13.052+0000] {processor.py:753} INFO - DAG(s) dict_keys(['example_trigger_target_dag']) retrieved from /home/airflow/.local/lib/python3.7/site-packages/airflow/example_dags/example_trigger_target_dag.py
[2025-01-04T23:59:13.071+0000] {logging_mixin.py:137} INFO - [2025-01-04T23:59:13.071+0000] {dag.py:2690} INFO - Sync 1 DAGs
[2025-01-04T23:59:13.091+0000] {logging_mixin.py:137} INFO - [2025-01-04T23:59:13.091+0000] {dag.py:3441} INFO - Setting next_dagrun for example_trigger_target_dag to None, run_after=None
[2025-01-04T23:59:13.109+0000] {processor.py:175} INFO - Processing /home/airflow/.local/lib/python3.7/site-packages/airflow/example_dags/example_trigger_target_dag.py took 0.078 seconds
[2025-01-04T23:59:40.410+0000] {processor.py:153} INFO - Started process (PID=642) to work on /home/airflow/.local/lib/python3.7/site-packages/airflow/example_dags/example_trigger_target_dag.py
[2025-01-04T23:59:40.410+0000] {processor.py:743} INFO - Processing file /home/airflow/.local/lib/python3.7/site-packages/airflow/example_dags/example_trigger_target_dag.py for tasks to queue
[2025-01-04T23:59:40.411+0000] {logging_mixin.py:137} INFO - [2025-01-04T23:59:40.411+0000] {dagbag.py:538} INFO - Filling up the DagBag from /home/airflow/.local/lib/python3.7/site-packages/airflow/example_dags/example_trigger_target_dag.py
[2025-01-04T23:59:40.427+0000] {processor.py:753} INFO - DAG(s) dict_keys(['example_trigger_target_dag']) retrieved from /home/airflow/.local/lib/python3.7/site-packages/airflow/example_dags/example_trigger_target_dag.py
[2025-01-04T23:59:40.447+0000] {logging_mixin.py:137} INFO - [2025-01-04T23:59:40.447+0000] {dag.py:2690} INFO - Sync 1 DAGs
[2025-01-04T23:59:40.467+0000] {logging_mixin.py:137} INFO - [2025-01-04T23:59:40.467+0000] {dag.py:3441} INFO - Setting next_dagrun for example_trigger_target_dag to None, run_after=None
[2025-01-04T23:59:40.483+0000] {processor.py:175} INFO - Processing /home/airflow/.local/lib/python3.7/site-packages/airflow/example_dags/example_trigger_target_dag.py took 0.075 seconds
