[2025-01-04T23:57:11.363+0000] {processor.py:153} INFO - Started process (PID=68) to work on /home/airflow/.local/lib/python3.7/site-packages/airflow/example_dags/example_subdag_operator.py
[2025-01-04T23:57:11.363+0000] {processor.py:743} INFO - Processing file /home/airflow/.local/lib/python3.7/site-packages/airflow/example_dags/example_subdag_operator.py for tasks to queue
[2025-01-04T23:57:11.364+0000] {logging_mixin.py:137} INFO - [2025-01-04T23:57:11.364+0000] {dagbag.py:538} INFO - Filling up the DagBag from /home/airflow/.local/lib/python3.7/site-packages/airflow/example_dags/example_subdag_operator.py
[2025-01-04T23:57:11.391+0000] {processor.py:753} INFO - DAG(s) dict_keys(['example_subdag_operator.section-1', 'example_subdag_operator.section-2', 'example_subdag_operator']) retrieved from /home/airflow/.local/lib/python3.7/site-packages/airflow/example_dags/example_subdag_operator.py
[2025-01-04T23:57:11.393+0000] {logging_mixin.py:137} INFO - [2025-01-04T23:57:11.393+0000] {dag.py:2690} INFO - Sync 3 DAGs
[2025-01-04T23:57:11.414+0000] {logging_mixin.py:137} INFO - [2025-01-04T23:57:11.413+0000] {dag.py:3441} INFO - Setting next_dagrun for example_subdag_operator to 2022-01-01T00:00:00+00:00, run_after=2022-01-01T00:00:00+00:00
[2025-01-04T23:57:11.416+0000] {logging_mixin.py:137} INFO - [2025-01-04T23:57:11.416+0000] {dag.py:3441} INFO - Setting next_dagrun for example_subdag_operator.section-1 to None, run_after=None
[2025-01-04T23:57:11.418+0000] {logging_mixin.py:137} INFO - [2025-01-04T23:57:11.418+0000] {dag.py:3441} INFO - Setting next_dagrun for example_subdag_operator.section-2 to None, run_after=None
[2025-01-04T23:57:11.425+0000] {logging_mixin.py:137} INFO - [2025-01-04T23:57:11.425+0000] {dag.py:2690} INFO - Sync 2 DAGs
[2025-01-04T23:57:11.430+0000] {logging_mixin.py:137} INFO - [2025-01-04T23:57:11.430+0000] {dag.py:3441} INFO - Setting next_dagrun for example_subdag_operator.section-1 to None, run_after=None
[2025-01-04T23:57:11.430+0000] {logging_mixin.py:137} INFO - [2025-01-04T23:57:11.430+0000] {dag.py:3441} INFO - Setting next_dagrun for example_subdag_operator.section-2 to None, run_after=None
[2025-01-04T23:57:11.444+0000] {processor.py:175} INFO - Processing /home/airflow/.local/lib/python3.7/site-packages/airflow/example_dags/example_subdag_operator.py took 0.084 seconds
[2025-01-04T23:57:41.618+0000] {processor.py:153} INFO - Started process (PID=191) to work on /home/airflow/.local/lib/python3.7/site-packages/airflow/example_dags/example_subdag_operator.py
[2025-01-04T23:57:41.619+0000] {processor.py:743} INFO - Processing file /home/airflow/.local/lib/python3.7/site-packages/airflow/example_dags/example_subdag_operator.py for tasks to queue
[2025-01-04T23:57:41.619+0000] {logging_mixin.py:137} INFO - [2025-01-04T23:57:41.619+0000] {dagbag.py:538} INFO - Filling up the DagBag from /home/airflow/.local/lib/python3.7/site-packages/airflow/example_dags/example_subdag_operator.py
[2025-01-04T23:57:41.643+0000] {processor.py:753} INFO - DAG(s) dict_keys(['example_subdag_operator.section-1', 'example_subdag_operator.section-2', 'example_subdag_operator']) retrieved from /home/airflow/.local/lib/python3.7/site-packages/airflow/example_dags/example_subdag_operator.py
[2025-01-04T23:57:41.659+0000] {logging_mixin.py:137} INFO - [2025-01-04T23:57:41.659+0000] {dag.py:2690} INFO - Sync 3 DAGs
[2025-01-04T23:57:41.679+0000] {logging_mixin.py:137} INFO - [2025-01-04T23:57:41.678+0000] {dag.py:3441} INFO - Setting next_dagrun for example_subdag_operator to 2022-01-01T00:00:00+00:00, run_after=2022-01-01T00:00:00+00:00
[2025-01-04T23:57:41.681+0000] {logging_mixin.py:137} INFO - [2025-01-04T23:57:41.681+0000] {dag.py:3441} INFO - Setting next_dagrun for example_subdag_operator.section-1 to None, run_after=None
[2025-01-04T23:57:41.682+0000] {logging_mixin.py:137} INFO - [2025-01-04T23:57:41.682+0000] {dag.py:3441} INFO - Setting next_dagrun for example_subdag_operator.section-2 to None, run_after=None
[2025-01-04T23:57:41.687+0000] {logging_mixin.py:137} INFO - [2025-01-04T23:57:41.687+0000] {dag.py:2690} INFO - Sync 2 DAGs
[2025-01-04T23:57:41.691+0000] {logging_mixin.py:137} INFO - [2025-01-04T23:57:41.691+0000] {dag.py:3441} INFO - Setting next_dagrun for example_subdag_operator.section-1 to None, run_after=None
[2025-01-04T23:57:41.692+0000] {logging_mixin.py:137} INFO - [2025-01-04T23:57:41.692+0000] {dag.py:3441} INFO - Setting next_dagrun for example_subdag_operator.section-2 to None, run_after=None
[2025-01-04T23:57:41.701+0000] {processor.py:175} INFO - Processing /home/airflow/.local/lib/python3.7/site-packages/airflow/example_dags/example_subdag_operator.py took 0.085 seconds
[2025-01-04T23:58:11.729+0000] {processor.py:153} INFO - Started process (PID=284) to work on /home/airflow/.local/lib/python3.7/site-packages/airflow/example_dags/example_subdag_operator.py
[2025-01-04T23:58:11.730+0000] {processor.py:743} INFO - Processing file /home/airflow/.local/lib/python3.7/site-packages/airflow/example_dags/example_subdag_operator.py for tasks to queue
[2025-01-04T23:58:11.730+0000] {logging_mixin.py:137} INFO - [2025-01-04T23:58:11.730+0000] {dagbag.py:538} INFO - Filling up the DagBag from /home/airflow/.local/lib/python3.7/site-packages/airflow/example_dags/example_subdag_operator.py
[2025-01-04T23:58:11.756+0000] {processor.py:753} INFO - DAG(s) dict_keys(['example_subdag_operator.section-1', 'example_subdag_operator.section-2', 'example_subdag_operator']) retrieved from /home/airflow/.local/lib/python3.7/site-packages/airflow/example_dags/example_subdag_operator.py
[2025-01-04T23:58:11.771+0000] {logging_mixin.py:137} INFO - [2025-01-04T23:58:11.771+0000] {dag.py:2690} INFO - Sync 3 DAGs
[2025-01-04T23:58:11.790+0000] {logging_mixin.py:137} INFO - [2025-01-04T23:58:11.790+0000] {dag.py:3441} INFO - Setting next_dagrun for example_subdag_operator to 2022-01-01T00:00:00+00:00, run_after=2022-01-01T00:00:00+00:00
[2025-01-04T23:58:11.793+0000] {logging_mixin.py:137} INFO - [2025-01-04T23:58:11.793+0000] {dag.py:3441} INFO - Setting next_dagrun for example_subdag_operator.section-1 to None, run_after=None
[2025-01-04T23:58:11.794+0000] {logging_mixin.py:137} INFO - [2025-01-04T23:58:11.794+0000] {dag.py:3441} INFO - Setting next_dagrun for example_subdag_operator.section-2 to None, run_after=None
[2025-01-04T23:58:11.799+0000] {logging_mixin.py:137} INFO - [2025-01-04T23:58:11.799+0000] {dag.py:2690} INFO - Sync 2 DAGs
[2025-01-04T23:58:11.803+0000] {logging_mixin.py:137} INFO - [2025-01-04T23:58:11.803+0000] {dag.py:3441} INFO - Setting next_dagrun for example_subdag_operator.section-1 to None, run_after=None
[2025-01-04T23:58:11.803+0000] {logging_mixin.py:137} INFO - [2025-01-04T23:58:11.803+0000] {dag.py:3441} INFO - Setting next_dagrun for example_subdag_operator.section-2 to None, run_after=None
[2025-01-04T23:58:11.813+0000] {processor.py:175} INFO - Processing /home/airflow/.local/lib/python3.7/site-packages/airflow/example_dags/example_subdag_operator.py took 0.086 seconds
[2025-01-04T23:58:42.124+0000] {processor.py:153} INFO - Started process (PID=407) to work on /home/airflow/.local/lib/python3.7/site-packages/airflow/example_dags/example_subdag_operator.py
[2025-01-04T23:58:42.125+0000] {processor.py:743} INFO - Processing file /home/airflow/.local/lib/python3.7/site-packages/airflow/example_dags/example_subdag_operator.py for tasks to queue
[2025-01-04T23:58:42.125+0000] {logging_mixin.py:137} INFO - [2025-01-04T23:58:42.125+0000] {dagbag.py:538} INFO - Filling up the DagBag from /home/airflow/.local/lib/python3.7/site-packages/airflow/example_dags/example_subdag_operator.py
[2025-01-04T23:58:42.149+0000] {processor.py:753} INFO - DAG(s) dict_keys(['example_subdag_operator.section-1', 'example_subdag_operator.section-2', 'example_subdag_operator']) retrieved from /home/airflow/.local/lib/python3.7/site-packages/airflow/example_dags/example_subdag_operator.py
[2025-01-04T23:58:42.163+0000] {logging_mixin.py:137} INFO - [2025-01-04T23:58:42.163+0000] {dag.py:2690} INFO - Sync 3 DAGs
[2025-01-04T23:58:42.181+0000] {logging_mixin.py:137} INFO - [2025-01-04T23:58:42.181+0000] {dag.py:3441} INFO - Setting next_dagrun for example_subdag_operator to 2022-01-01T00:00:00+00:00, run_after=2022-01-01T00:00:00+00:00
[2025-01-04T23:58:42.184+0000] {logging_mixin.py:137} INFO - [2025-01-04T23:58:42.184+0000] {dag.py:3441} INFO - Setting next_dagrun for example_subdag_operator.section-1 to None, run_after=None
[2025-01-04T23:58:42.185+0000] {logging_mixin.py:137} INFO - [2025-01-04T23:58:42.185+0000] {dag.py:3441} INFO - Setting next_dagrun for example_subdag_operator.section-2 to None, run_after=None
[2025-01-04T23:58:42.190+0000] {logging_mixin.py:137} INFO - [2025-01-04T23:58:42.190+0000] {dag.py:2690} INFO - Sync 2 DAGs
[2025-01-04T23:58:42.195+0000] {logging_mixin.py:137} INFO - [2025-01-04T23:58:42.195+0000] {dag.py:3441} INFO - Setting next_dagrun for example_subdag_operator.section-1 to None, run_after=None
[2025-01-04T23:58:42.195+0000] {logging_mixin.py:137} INFO - [2025-01-04T23:58:42.195+0000] {dag.py:3441} INFO - Setting next_dagrun for example_subdag_operator.section-2 to None, run_after=None
[2025-01-04T23:58:42.206+0000] {processor.py:175} INFO - Processing /home/airflow/.local/lib/python3.7/site-packages/airflow/example_dags/example_subdag_operator.py took 0.084 seconds
[2025-01-04T23:59:12.521+0000] {processor.py:153} INFO - Started process (PID=532) to work on /home/airflow/.local/lib/python3.7/site-packages/airflow/example_dags/example_subdag_operator.py
[2025-01-04T23:59:12.521+0000] {processor.py:743} INFO - Processing file /home/airflow/.local/lib/python3.7/site-packages/airflow/example_dags/example_subdag_operator.py for tasks to queue
[2025-01-04T23:59:12.522+0000] {logging_mixin.py:137} INFO - [2025-01-04T23:59:12.522+0000] {dagbag.py:538} INFO - Filling up the DagBag from /home/airflow/.local/lib/python3.7/site-packages/airflow/example_dags/example_subdag_operator.py
[2025-01-04T23:59:12.551+0000] {processor.py:753} INFO - DAG(s) dict_keys(['example_subdag_operator.section-1', 'example_subdag_operator.section-2', 'example_subdag_operator']) retrieved from /home/airflow/.local/lib/python3.7/site-packages/airflow/example_dags/example_subdag_operator.py
[2025-01-04T23:59:12.570+0000] {logging_mixin.py:137} INFO - [2025-01-04T23:59:12.570+0000] {dag.py:2690} INFO - Sync 3 DAGs
[2025-01-04T23:59:12.594+0000] {logging_mixin.py:137} INFO - [2025-01-04T23:59:12.594+0000] {dag.py:3441} INFO - Setting next_dagrun for example_subdag_operator to 2022-01-01T00:00:00+00:00, run_after=2022-01-01T00:00:00+00:00
[2025-01-04T23:59:12.598+0000] {logging_mixin.py:137} INFO - [2025-01-04T23:59:12.598+0000] {dag.py:3441} INFO - Setting next_dagrun for example_subdag_operator.section-1 to None, run_after=None
[2025-01-04T23:59:12.599+0000] {logging_mixin.py:137} INFO - [2025-01-04T23:59:12.599+0000] {dag.py:3441} INFO - Setting next_dagrun for example_subdag_operator.section-2 to None, run_after=None
[2025-01-04T23:59:12.606+0000] {logging_mixin.py:137} INFO - [2025-01-04T23:59:12.606+0000] {dag.py:2690} INFO - Sync 2 DAGs
[2025-01-04T23:59:12.613+0000] {logging_mixin.py:137} INFO - [2025-01-04T23:59:12.613+0000] {dag.py:3441} INFO - Setting next_dagrun for example_subdag_operator.section-1 to None, run_after=None
[2025-01-04T23:59:12.613+0000] {logging_mixin.py:137} INFO - [2025-01-04T23:59:12.613+0000] {dag.py:3441} INFO - Setting next_dagrun for example_subdag_operator.section-2 to None, run_after=None
[2025-01-04T23:59:12.628+0000] {processor.py:175} INFO - Processing /home/airflow/.local/lib/python3.7/site-packages/airflow/example_dags/example_subdag_operator.py took 0.110 seconds
[2025-01-04T23:59:39.966+0000] {processor.py:153} INFO - Started process (PID=633) to work on /home/airflow/.local/lib/python3.7/site-packages/airflow/example_dags/example_subdag_operator.py
[2025-01-04T23:59:39.967+0000] {processor.py:743} INFO - Processing file /home/airflow/.local/lib/python3.7/site-packages/airflow/example_dags/example_subdag_operator.py for tasks to queue
[2025-01-04T23:59:39.967+0000] {logging_mixin.py:137} INFO - [2025-01-04T23:59:39.967+0000] {dagbag.py:538} INFO - Filling up the DagBag from /home/airflow/.local/lib/python3.7/site-packages/airflow/example_dags/example_subdag_operator.py
[2025-01-04T23:59:39.995+0000] {processor.py:753} INFO - DAG(s) dict_keys(['example_subdag_operator.section-1', 'example_subdag_operator.section-2', 'example_subdag_operator']) retrieved from /home/airflow/.local/lib/python3.7/site-packages/airflow/example_dags/example_subdag_operator.py
[2025-01-04T23:59:40.008+0000] {logging_mixin.py:137} INFO - [2025-01-04T23:59:40.008+0000] {dag.py:2690} INFO - Sync 3 DAGs
[2025-01-04T23:59:40.029+0000] {logging_mixin.py:137} INFO - [2025-01-04T23:59:40.029+0000] {dag.py:3441} INFO - Setting next_dagrun for example_subdag_operator to 2022-01-01T00:00:00+00:00, run_after=2022-01-01T00:00:00+00:00
[2025-01-04T23:59:40.031+0000] {logging_mixin.py:137} INFO - [2025-01-04T23:59:40.031+0000] {dag.py:3441} INFO - Setting next_dagrun for example_subdag_operator.section-1 to None, run_after=None
[2025-01-04T23:59:40.032+0000] {logging_mixin.py:137} INFO - [2025-01-04T23:59:40.032+0000] {dag.py:3441} INFO - Setting next_dagrun for example_subdag_operator.section-2 to None, run_after=None
[2025-01-04T23:59:40.038+0000] {logging_mixin.py:137} INFO - [2025-01-04T23:59:40.038+0000] {dag.py:2690} INFO - Sync 2 DAGs
[2025-01-04T23:59:40.042+0000] {logging_mixin.py:137} INFO - [2025-01-04T23:59:40.042+0000] {dag.py:3441} INFO - Setting next_dagrun for example_subdag_operator.section-1 to None, run_after=None
[2025-01-04T23:59:40.043+0000] {logging_mixin.py:137} INFO - [2025-01-04T23:59:40.043+0000] {dag.py:3441} INFO - Setting next_dagrun for example_subdag_operator.section-2 to None, run_after=None
[2025-01-04T23:59:40.051+0000] {processor.py:175} INFO - Processing /home/airflow/.local/lib/python3.7/site-packages/airflow/example_dags/example_subdag_operator.py took 0.087 seconds
