[2025-01-04T23:57:10.903+0000] {processor.py:153} INFO - Started process (PID=60) to work on /home/airflow/.local/lib/python3.7/site-packages/airflow/example_dags/example_branch_python_dop_operator_3.py
[2025-01-04T23:57:10.904+0000] {processor.py:743} INFO - Processing file /home/airflow/.local/lib/python3.7/site-packages/airflow/example_dags/example_branch_python_dop_operator_3.py for tasks to queue
[2025-01-04T23:57:10.904+0000] {logging_mixin.py:137} INFO - [2025-01-04T23:57:10.904+0000] {dagbag.py:538} INFO - Filling up the DagBag from /home/airflow/.local/lib/python3.7/site-packages/airflow/example_dags/example_branch_python_dop_operator_3.py
[2025-01-04T23:57:10.926+0000] {processor.py:753} INFO - DAG(s) dict_keys(['example_branch_dop_operator_v3']) retrieved from /home/airflow/.local/lib/python3.7/site-packages/airflow/example_dags/example_branch_python_dop_operator_3.py
[2025-01-04T23:57:10.937+0000] {logging_mixin.py:137} INFO - [2025-01-04T23:57:10.937+0000] {dag.py:2690} INFO - Sync 1 DAGs
[2025-01-04T23:57:10.963+0000] {logging_mixin.py:137} INFO - [2025-01-04T23:57:10.963+0000] {dag.py:3441} INFO - Setting next_dagrun for example_branch_dop_operator_v3 to 2025-01-04T23:56:00+00:00, run_after=2025-01-04T23:57:00+00:00
[2025-01-04T23:57:10.983+0000] {processor.py:175} INFO - Processing /home/airflow/.local/lib/python3.7/site-packages/airflow/example_dags/example_branch_python_dop_operator_3.py took 0.082 seconds
[2025-01-04T23:57:41.087+0000] {processor.py:153} INFO - Started process (PID=183) to work on /home/airflow/.local/lib/python3.7/site-packages/airflow/example_dags/example_branch_python_dop_operator_3.py
[2025-01-04T23:57:41.087+0000] {processor.py:743} INFO - Processing file /home/airflow/.local/lib/python3.7/site-packages/airflow/example_dags/example_branch_python_dop_operator_3.py for tasks to queue
[2025-01-04T23:57:41.088+0000] {logging_mixin.py:137} INFO - [2025-01-04T23:57:41.088+0000] {dagbag.py:538} INFO - Filling up the DagBag from /home/airflow/.local/lib/python3.7/site-packages/airflow/example_dags/example_branch_python_dop_operator_3.py
[2025-01-04T23:57:41.105+0000] {processor.py:753} INFO - DAG(s) dict_keys(['example_branch_dop_operator_v3']) retrieved from /home/airflow/.local/lib/python3.7/site-packages/airflow/example_dags/example_branch_python_dop_operator_3.py
[2025-01-04T23:57:41.126+0000] {logging_mixin.py:137} INFO - [2025-01-04T23:57:41.126+0000] {dag.py:2690} INFO - Sync 1 DAGs
[2025-01-04T23:57:41.149+0000] {logging_mixin.py:137} INFO - [2025-01-04T23:57:41.149+0000] {dag.py:3441} INFO - Setting next_dagrun for example_branch_dop_operator_v3 to 2025-01-04T23:56:00+00:00, run_after=2025-01-04T23:57:00+00:00
[2025-01-04T23:57:41.165+0000] {processor.py:175} INFO - Processing /home/airflow/.local/lib/python3.7/site-packages/airflow/example_dags/example_branch_python_dop_operator_3.py took 0.081 seconds
[2025-01-04T23:58:11.203+0000] {processor.py:153} INFO - Started process (PID=276) to work on /home/airflow/.local/lib/python3.7/site-packages/airflow/example_dags/example_branch_python_dop_operator_3.py
[2025-01-04T23:58:11.204+0000] {processor.py:743} INFO - Processing file /home/airflow/.local/lib/python3.7/site-packages/airflow/example_dags/example_branch_python_dop_operator_3.py for tasks to queue
[2025-01-04T23:58:11.205+0000] {logging_mixin.py:137} INFO - [2025-01-04T23:58:11.205+0000] {dagbag.py:538} INFO - Filling up the DagBag from /home/airflow/.local/lib/python3.7/site-packages/airflow/example_dags/example_branch_python_dop_operator_3.py
[2025-01-04T23:58:11.222+0000] {processor.py:753} INFO - DAG(s) dict_keys(['example_branch_dop_operator_v3']) retrieved from /home/airflow/.local/lib/python3.7/site-packages/airflow/example_dags/example_branch_python_dop_operator_3.py
[2025-01-04T23:58:11.243+0000] {logging_mixin.py:137} INFO - [2025-01-04T23:58:11.242+0000] {dag.py:2690} INFO - Sync 1 DAGs
[2025-01-04T23:58:11.266+0000] {logging_mixin.py:137} INFO - [2025-01-04T23:58:11.266+0000] {dag.py:3441} INFO - Setting next_dagrun for example_branch_dop_operator_v3 to 2025-01-04T23:57:00+00:00, run_after=2025-01-04T23:58:00+00:00
[2025-01-04T23:58:11.282+0000] {processor.py:175} INFO - Processing /home/airflow/.local/lib/python3.7/site-packages/airflow/example_dags/example_branch_python_dop_operator_3.py took 0.081 seconds
[2025-01-04T23:58:41.641+0000] {processor.py:153} INFO - Started process (PID=399) to work on /home/airflow/.local/lib/python3.7/site-packages/airflow/example_dags/example_branch_python_dop_operator_3.py
[2025-01-04T23:58:41.641+0000] {processor.py:743} INFO - Processing file /home/airflow/.local/lib/python3.7/site-packages/airflow/example_dags/example_branch_python_dop_operator_3.py for tasks to queue
[2025-01-04T23:58:41.642+0000] {logging_mixin.py:137} INFO - [2025-01-04T23:58:41.641+0000] {dagbag.py:538} INFO - Filling up the DagBag from /home/airflow/.local/lib/python3.7/site-packages/airflow/example_dags/example_branch_python_dop_operator_3.py
[2025-01-04T23:58:41.660+0000] {processor.py:753} INFO - DAG(s) dict_keys(['example_branch_dop_operator_v3']) retrieved from /home/airflow/.local/lib/python3.7/site-packages/airflow/example_dags/example_branch_python_dop_operator_3.py
[2025-01-04T23:58:41.679+0000] {logging_mixin.py:137} INFO - [2025-01-04T23:58:41.679+0000] {dag.py:2690} INFO - Sync 1 DAGs
[2025-01-04T23:58:41.702+0000] {logging_mixin.py:137} INFO - [2025-01-04T23:58:41.701+0000] {dag.py:3441} INFO - Setting next_dagrun for example_branch_dop_operator_v3 to 2025-01-04T23:57:00+00:00, run_after=2025-01-04T23:58:00+00:00
[2025-01-04T23:58:41.720+0000] {processor.py:175} INFO - Processing /home/airflow/.local/lib/python3.7/site-packages/airflow/example_dags/example_branch_python_dop_operator_3.py took 0.082 seconds
[2025-01-04T23:59:12.041+0000] {processor.py:153} INFO - Started process (PID=524) to work on /home/airflow/.local/lib/python3.7/site-packages/airflow/example_dags/example_branch_python_dop_operator_3.py
[2025-01-04T23:59:12.042+0000] {processor.py:743} INFO - Processing file /home/airflow/.local/lib/python3.7/site-packages/airflow/example_dags/example_branch_python_dop_operator_3.py for tasks to queue
[2025-01-04T23:59:12.043+0000] {logging_mixin.py:137} INFO - [2025-01-04T23:59:12.042+0000] {dagbag.py:538} INFO - Filling up the DagBag from /home/airflow/.local/lib/python3.7/site-packages/airflow/example_dags/example_branch_python_dop_operator_3.py
[2025-01-04T23:59:12.061+0000] {processor.py:753} INFO - DAG(s) dict_keys(['example_branch_dop_operator_v3']) retrieved from /home/airflow/.local/lib/python3.7/site-packages/airflow/example_dags/example_branch_python_dop_operator_3.py
[2025-01-04T23:59:12.083+0000] {logging_mixin.py:137} INFO - [2025-01-04T23:59:12.083+0000] {dag.py:2690} INFO - Sync 1 DAGs
[2025-01-04T23:59:12.111+0000] {logging_mixin.py:137} INFO - [2025-01-04T23:59:12.111+0000] {dag.py:3441} INFO - Setting next_dagrun for example_branch_dop_operator_v3 to 2025-01-04T23:58:00+00:00, run_after=2025-01-04T23:59:00+00:00
[2025-01-04T23:59:12.127+0000] {processor.py:175} INFO - Processing /home/airflow/.local/lib/python3.7/site-packages/airflow/example_dags/example_branch_python_dop_operator_3.py took 0.089 seconds
[2025-01-04T23:59:39.595+0000] {processor.py:153} INFO - Started process (PID=625) to work on /home/airflow/.local/lib/python3.7/site-packages/airflow/example_dags/example_branch_python_dop_operator_3.py
[2025-01-04T23:59:39.595+0000] {processor.py:743} INFO - Processing file /home/airflow/.local/lib/python3.7/site-packages/airflow/example_dags/example_branch_python_dop_operator_3.py for tasks to queue
[2025-01-04T23:59:39.596+0000] {logging_mixin.py:137} INFO - [2025-01-04T23:59:39.596+0000] {dagbag.py:538} INFO - Filling up the DagBag from /home/airflow/.local/lib/python3.7/site-packages/airflow/example_dags/example_branch_python_dop_operator_3.py
[2025-01-04T23:59:39.613+0000] {processor.py:753} INFO - DAG(s) dict_keys(['example_branch_dop_operator_v3']) retrieved from /home/airflow/.local/lib/python3.7/site-packages/airflow/example_dags/example_branch_python_dop_operator_3.py
[2025-01-04T23:59:39.633+0000] {logging_mixin.py:137} INFO - [2025-01-04T23:59:39.633+0000] {dag.py:2690} INFO - Sync 1 DAGs
[2025-01-04T23:59:39.656+0000] {logging_mixin.py:137} INFO - [2025-01-04T23:59:39.656+0000] {dag.py:3441} INFO - Setting next_dagrun for example_branch_dop_operator_v3 to 2025-01-04T23:58:00+00:00, run_after=2025-01-04T23:59:00+00:00
[2025-01-04T23:59:39.675+0000] {processor.py:175} INFO - Processing /home/airflow/.local/lib/python3.7/site-packages/airflow/example_dags/example_branch_python_dop_operator_3.py took 0.083 seconds
