[2025-01-04T23:57:11.648+0000] {processor.py:153} INFO - Started process (PID=74) to work on /home/airflow/.local/lib/python3.7/site-packages/airflow/example_dags/example_time_delta_sensor_async.py
[2025-01-04T23:57:11.649+0000] {processor.py:743} INFO - Processing file /home/airflow/.local/lib/python3.7/site-packages/airflow/example_dags/example_time_delta_sensor_async.py for tasks to queue
[2025-01-04T23:57:11.649+0000] {logging_mixin.py:137} INFO - [2025-01-04T23:57:11.649+0000] {dagbag.py:538} INFO - Filling up the DagBag from /home/airflow/.local/lib/python3.7/site-packages/airflow/example_dags/example_time_delta_sensor_async.py
[2025-01-04T23:57:11.662+0000] {processor.py:753} INFO - DAG(s) dict_keys(['example_time_delta_sensor_async']) retrieved from /home/airflow/.local/lib/python3.7/site-packages/airflow/example_dags/example_time_delta_sensor_async.py
[2025-01-04T23:57:11.672+0000] {logging_mixin.py:137} INFO - [2025-01-04T23:57:11.672+0000] {dag.py:2690} INFO - Sync 1 DAGs
[2025-01-04T23:57:11.693+0000] {logging_mixin.py:137} INFO - [2025-01-04T23:57:11.693+0000] {dag.py:3441} INFO - Setting next_dagrun for example_time_delta_sensor_async to None, run_after=None
[2025-01-04T23:57:11.711+0000] {processor.py:175} INFO - Processing /home/airflow/.local/lib/python3.7/site-packages/airflow/example_dags/example_time_delta_sensor_async.py took 0.066 seconds
[2025-01-04T23:57:41.880+0000] {processor.py:153} INFO - Started process (PID=197) to work on /home/airflow/.local/lib/python3.7/site-packages/airflow/example_dags/example_time_delta_sensor_async.py
[2025-01-04T23:57:41.880+0000] {processor.py:743} INFO - Processing file /home/airflow/.local/lib/python3.7/site-packages/airflow/example_dags/example_time_delta_sensor_async.py for tasks to queue
[2025-01-04T23:57:41.881+0000] {logging_mixin.py:137} INFO - [2025-01-04T23:57:41.881+0000] {dagbag.py:538} INFO - Filling up the DagBag from /home/airflow/.local/lib/python3.7/site-packages/airflow/example_dags/example_time_delta_sensor_async.py
[2025-01-04T23:57:41.889+0000] {processor.py:753} INFO - DAG(s) dict_keys(['example_time_delta_sensor_async']) retrieved from /home/airflow/.local/lib/python3.7/site-packages/airflow/example_dags/example_time_delta_sensor_async.py
[2025-01-04T23:57:41.912+0000] {logging_mixin.py:137} INFO - [2025-01-04T23:57:41.912+0000] {dag.py:2690} INFO - Sync 1 DAGs
[2025-01-04T23:57:41.932+0000] {logging_mixin.py:137} INFO - [2025-01-04T23:57:41.932+0000] {dag.py:3441} INFO - Setting next_dagrun for example_time_delta_sensor_async to None, run_after=None
[2025-01-04T23:57:41.950+0000] {processor.py:175} INFO - Processing /home/airflow/.local/lib/python3.7/site-packages/airflow/example_dags/example_time_delta_sensor_async.py took 0.073 seconds
[2025-01-04T23:58:12.107+0000] {processor.py:153} INFO - Started process (PID=299) to work on /home/airflow/.local/lib/python3.7/site-packages/airflow/example_dags/example_time_delta_sensor_async.py
[2025-01-04T23:58:12.109+0000] {processor.py:743} INFO - Processing file /home/airflow/.local/lib/python3.7/site-packages/airflow/example_dags/example_time_delta_sensor_async.py for tasks to queue
[2025-01-04T23:58:12.109+0000] {logging_mixin.py:137} INFO - [2025-01-04T23:58:12.109+0000] {dagbag.py:538} INFO - Filling up the DagBag from /home/airflow/.local/lib/python3.7/site-packages/airflow/example_dags/example_time_delta_sensor_async.py
[2025-01-04T23:58:12.120+0000] {processor.py:753} INFO - DAG(s) dict_keys(['example_time_delta_sensor_async']) retrieved from /home/airflow/.local/lib/python3.7/site-packages/airflow/example_dags/example_time_delta_sensor_async.py
[2025-01-04T23:58:12.139+0000] {logging_mixin.py:137} INFO - [2025-01-04T23:58:12.139+0000] {dag.py:2690} INFO - Sync 1 DAGs
[2025-01-04T23:58:12.160+0000] {logging_mixin.py:137} INFO - [2025-01-04T23:58:12.160+0000] {dag.py:3441} INFO - Setting next_dagrun for example_time_delta_sensor_async to None, run_after=None
[2025-01-04T23:58:12.176+0000] {processor.py:175} INFO - Processing /home/airflow/.local/lib/python3.7/site-packages/airflow/example_dags/example_time_delta_sensor_async.py took 0.072 seconds
[2025-01-04T23:58:42.477+0000] {processor.py:153} INFO - Started process (PID=413) to work on /home/airflow/.local/lib/python3.7/site-packages/airflow/example_dags/example_time_delta_sensor_async.py
[2025-01-04T23:58:42.478+0000] {processor.py:743} INFO - Processing file /home/airflow/.local/lib/python3.7/site-packages/airflow/example_dags/example_time_delta_sensor_async.py for tasks to queue
[2025-01-04T23:58:42.478+0000] {logging_mixin.py:137} INFO - [2025-01-04T23:58:42.478+0000] {dagbag.py:538} INFO - Filling up the DagBag from /home/airflow/.local/lib/python3.7/site-packages/airflow/example_dags/example_time_delta_sensor_async.py
[2025-01-04T23:58:42.487+0000] {processor.py:753} INFO - DAG(s) dict_keys(['example_time_delta_sensor_async']) retrieved from /home/airflow/.local/lib/python3.7/site-packages/airflow/example_dags/example_time_delta_sensor_async.py
[2025-01-04T23:58:42.510+0000] {logging_mixin.py:137} INFO - [2025-01-04T23:58:42.510+0000] {dag.py:2690} INFO - Sync 1 DAGs
[2025-01-04T23:58:42.531+0000] {logging_mixin.py:137} INFO - [2025-01-04T23:58:42.531+0000] {dag.py:3441} INFO - Setting next_dagrun for example_time_delta_sensor_async to None, run_after=None
[2025-01-04T23:58:42.549+0000] {processor.py:175} INFO - Processing /home/airflow/.local/lib/python3.7/site-packages/airflow/example_dags/example_time_delta_sensor_async.py took 0.074 seconds
[2025-01-04T23:59:12.831+0000] {processor.py:153} INFO - Started process (PID=538) to work on /home/airflow/.local/lib/python3.7/site-packages/airflow/example_dags/example_time_delta_sensor_async.py
[2025-01-04T23:59:12.832+0000] {processor.py:743} INFO - Processing file /home/airflow/.local/lib/python3.7/site-packages/airflow/example_dags/example_time_delta_sensor_async.py for tasks to queue
[2025-01-04T23:59:12.833+0000] {logging_mixin.py:137} INFO - [2025-01-04T23:59:12.833+0000] {dagbag.py:538} INFO - Filling up the DagBag from /home/airflow/.local/lib/python3.7/site-packages/airflow/example_dags/example_time_delta_sensor_async.py
[2025-01-04T23:59:12.842+0000] {processor.py:753} INFO - DAG(s) dict_keys(['example_time_delta_sensor_async']) retrieved from /home/airflow/.local/lib/python3.7/site-packages/airflow/example_dags/example_time_delta_sensor_async.py
[2025-01-04T23:59:12.863+0000] {logging_mixin.py:137} INFO - [2025-01-04T23:59:12.862+0000] {dag.py:2690} INFO - Sync 1 DAGs
[2025-01-04T23:59:12.882+0000] {logging_mixin.py:137} INFO - [2025-01-04T23:59:12.882+0000] {dag.py:3441} INFO - Setting next_dagrun for example_time_delta_sensor_async to None, run_after=None
[2025-01-04T23:59:12.899+0000] {processor.py:175} INFO - Processing /home/airflow/.local/lib/python3.7/site-packages/airflow/example_dags/example_time_delta_sensor_async.py took 0.071 seconds
[2025-01-04T23:59:40.245+0000] {processor.py:153} INFO - Started process (PID=639) to work on /home/airflow/.local/lib/python3.7/site-packages/airflow/example_dags/example_time_delta_sensor_async.py
[2025-01-04T23:59:40.245+0000] {processor.py:743} INFO - Processing file /home/airflow/.local/lib/python3.7/site-packages/airflow/example_dags/example_time_delta_sensor_async.py for tasks to queue
[2025-01-04T23:59:40.246+0000] {logging_mixin.py:137} INFO - [2025-01-04T23:59:40.246+0000] {dagbag.py:538} INFO - Filling up the DagBag from /home/airflow/.local/lib/python3.7/site-packages/airflow/example_dags/example_time_delta_sensor_async.py
[2025-01-04T23:59:40.256+0000] {processor.py:753} INFO - DAG(s) dict_keys(['example_time_delta_sensor_async']) retrieved from /home/airflow/.local/lib/python3.7/site-packages/airflow/example_dags/example_time_delta_sensor_async.py
[2025-01-04T23:59:40.275+0000] {logging_mixin.py:137} INFO - [2025-01-04T23:59:40.274+0000] {dag.py:2690} INFO - Sync 1 DAGs
[2025-01-04T23:59:40.295+0000] {logging_mixin.py:137} INFO - [2025-01-04T23:59:40.295+0000] {dag.py:3441} INFO - Setting next_dagrun for example_time_delta_sensor_async to None, run_after=None
[2025-01-04T23:59:40.310+0000] {processor.py:175} INFO - Processing /home/airflow/.local/lib/python3.7/site-packages/airflow/example_dags/example_time_delta_sensor_async.py took 0.067 seconds
