[2025-01-04T23:57:11.993+0000] {processor.py:153} INFO - Started process (PID=82) to work on /home/airflow/.local/lib/python3.7/site-packages/airflow/example_dags/example_task_group.py
[2025-01-04T23:57:11.994+0000] {processor.py:743} INFO - Processing file /home/airflow/.local/lib/python3.7/site-packages/airflow/example_dags/example_task_group.py for tasks to queue
[2025-01-04T23:57:11.994+0000] {logging_mixin.py:137} INFO - [2025-01-04T23:57:11.994+0000] {dagbag.py:538} INFO - Filling up the DagBag from /home/airflow/.local/lib/python3.7/site-packages/airflow/example_dags/example_task_group.py
[2025-01-04T23:57:12.009+0000] {processor.py:753} INFO - DAG(s) dict_keys(['example_task_group']) retrieved from /home/airflow/.local/lib/python3.7/site-packages/airflow/example_dags/example_task_group.py
[2025-01-04T23:57:12.020+0000] {logging_mixin.py:137} INFO - [2025-01-04T23:57:12.020+0000] {dag.py:2690} INFO - Sync 1 DAGs
[2025-01-04T23:57:12.041+0000] {logging_mixin.py:137} INFO - [2025-01-04T23:57:12.041+0000] {dag.py:3441} INFO - Setting next_dagrun for example_task_group to 2025-01-03T23:57:12.041194+00:00, run_after=2025-01-04T23:57:12.041194+00:00
[2025-01-04T23:57:12.056+0000] {processor.py:175} INFO - Processing /home/airflow/.local/lib/python3.7/site-packages/airflow/example_dags/example_task_group.py took 0.066 seconds
[2025-01-04T23:57:42.330+0000] {processor.py:153} INFO - Started process (PID=205) to work on /home/airflow/.local/lib/python3.7/site-packages/airflow/example_dags/example_task_group.py
[2025-01-04T23:57:42.331+0000] {processor.py:743} INFO - Processing file /home/airflow/.local/lib/python3.7/site-packages/airflow/example_dags/example_task_group.py for tasks to queue
[2025-01-04T23:57:42.331+0000] {logging_mixin.py:137} INFO - [2025-01-04T23:57:42.331+0000] {dagbag.py:538} INFO - Filling up the DagBag from /home/airflow/.local/lib/python3.7/site-packages/airflow/example_dags/example_task_group.py
[2025-01-04T23:57:42.343+0000] {processor.py:753} INFO - DAG(s) dict_keys(['example_task_group']) retrieved from /home/airflow/.local/lib/python3.7/site-packages/airflow/example_dags/example_task_group.py
[2025-01-04T23:57:42.362+0000] {logging_mixin.py:137} INFO - [2025-01-04T23:57:42.362+0000] {dag.py:2690} INFO - Sync 1 DAGs
[2025-01-04T23:57:42.382+0000] {logging_mixin.py:137} INFO - [2025-01-04T23:57:42.382+0000] {dag.py:3441} INFO - Setting next_dagrun for example_task_group to 2025-01-03T23:57:42.382559+00:00, run_after=2025-01-04T23:57:42.382559+00:00
[2025-01-04T23:57:42.400+0000] {processor.py:175} INFO - Processing /home/airflow/.local/lib/python3.7/site-packages/airflow/example_dags/example_task_group.py took 0.072 seconds
[2025-01-04T23:58:12.566+0000] {processor.py:153} INFO - Started process (PID=307) to work on /home/airflow/.local/lib/python3.7/site-packages/airflow/example_dags/example_task_group.py
[2025-01-04T23:58:12.567+0000] {processor.py:743} INFO - Processing file /home/airflow/.local/lib/python3.7/site-packages/airflow/example_dags/example_task_group.py for tasks to queue
[2025-01-04T23:58:12.568+0000] {logging_mixin.py:137} INFO - [2025-01-04T23:58:12.568+0000] {dagbag.py:538} INFO - Filling up the DagBag from /home/airflow/.local/lib/python3.7/site-packages/airflow/example_dags/example_task_group.py
[2025-01-04T23:58:12.583+0000] {processor.py:753} INFO - DAG(s) dict_keys(['example_task_group']) retrieved from /home/airflow/.local/lib/python3.7/site-packages/airflow/example_dags/example_task_group.py
[2025-01-04T23:58:12.608+0000] {logging_mixin.py:137} INFO - [2025-01-04T23:58:12.608+0000] {dag.py:2690} INFO - Sync 1 DAGs
[2025-01-04T23:58:12.629+0000] {logging_mixin.py:137} INFO - [2025-01-04T23:58:12.629+0000] {dag.py:3441} INFO - Setting next_dagrun for example_task_group to 2025-01-03T23:58:12.628976+00:00, run_after=2025-01-04T23:58:12.628976+00:00
[2025-01-04T23:58:12.650+0000] {processor.py:175} INFO - Processing /home/airflow/.local/lib/python3.7/site-packages/airflow/example_dags/example_task_group.py took 0.086 seconds
[2025-01-04T23:58:42.931+0000] {processor.py:153} INFO - Started process (PID=421) to work on /home/airflow/.local/lib/python3.7/site-packages/airflow/example_dags/example_task_group.py
[2025-01-04T23:58:42.932+0000] {processor.py:743} INFO - Processing file /home/airflow/.local/lib/python3.7/site-packages/airflow/example_dags/example_task_group.py for tasks to queue
[2025-01-04T23:58:42.932+0000] {logging_mixin.py:137} INFO - [2025-01-04T23:58:42.932+0000] {dagbag.py:538} INFO - Filling up the DagBag from /home/airflow/.local/lib/python3.7/site-packages/airflow/example_dags/example_task_group.py
[2025-01-04T23:58:42.944+0000] {processor.py:753} INFO - DAG(s) dict_keys(['example_task_group']) retrieved from /home/airflow/.local/lib/python3.7/site-packages/airflow/example_dags/example_task_group.py
[2025-01-04T23:58:42.966+0000] {logging_mixin.py:137} INFO - [2025-01-04T23:58:42.966+0000] {dag.py:2690} INFO - Sync 1 DAGs
[2025-01-04T23:58:42.987+0000] {logging_mixin.py:137} INFO - [2025-01-04T23:58:42.987+0000] {dag.py:3441} INFO - Setting next_dagrun for example_task_group to 2025-01-03T23:58:42.987503+00:00, run_after=2025-01-04T23:58:42.987503+00:00
[2025-01-04T23:58:43.003+0000] {processor.py:175} INFO - Processing /home/airflow/.local/lib/python3.7/site-packages/airflow/example_dags/example_task_group.py took 0.074 seconds
[2025-01-04T23:59:13.307+0000] {processor.py:153} INFO - Started process (PID=546) to work on /home/airflow/.local/lib/python3.7/site-packages/airflow/example_dags/example_task_group.py
[2025-01-04T23:59:13.308+0000] {processor.py:743} INFO - Processing file /home/airflow/.local/lib/python3.7/site-packages/airflow/example_dags/example_task_group.py for tasks to queue
[2025-01-04T23:59:13.308+0000] {logging_mixin.py:137} INFO - [2025-01-04T23:59:13.308+0000] {dagbag.py:538} INFO - Filling up the DagBag from /home/airflow/.local/lib/python3.7/site-packages/airflow/example_dags/example_task_group.py
[2025-01-04T23:59:13.320+0000] {processor.py:753} INFO - DAG(s) dict_keys(['example_task_group']) retrieved from /home/airflow/.local/lib/python3.7/site-packages/airflow/example_dags/example_task_group.py
[2025-01-04T23:59:13.341+0000] {logging_mixin.py:137} INFO - [2025-01-04T23:59:13.341+0000] {dag.py:2690} INFO - Sync 1 DAGs
[2025-01-04T23:59:13.362+0000] {logging_mixin.py:137} INFO - [2025-01-04T23:59:13.362+0000] {dag.py:3441} INFO - Setting next_dagrun for example_task_group to 2025-01-03T23:59:13.361778+00:00, run_after=2025-01-04T23:59:13.361778+00:00
[2025-01-04T23:59:13.382+0000] {processor.py:175} INFO - Processing /home/airflow/.local/lib/python3.7/site-packages/airflow/example_dags/example_task_group.py took 0.078 seconds
[2025-01-04T23:59:40.669+0000] {processor.py:153} INFO - Started process (PID=647) to work on /home/airflow/.local/lib/python3.7/site-packages/airflow/example_dags/example_task_group.py
[2025-01-04T23:59:40.669+0000] {processor.py:743} INFO - Processing file /home/airflow/.local/lib/python3.7/site-packages/airflow/example_dags/example_task_group.py for tasks to queue
[2025-01-04T23:59:40.670+0000] {logging_mixin.py:137} INFO - [2025-01-04T23:59:40.670+0000] {dagbag.py:538} INFO - Filling up the DagBag from /home/airflow/.local/lib/python3.7/site-packages/airflow/example_dags/example_task_group.py
[2025-01-04T23:59:40.681+0000] {processor.py:753} INFO - DAG(s) dict_keys(['example_task_group']) retrieved from /home/airflow/.local/lib/python3.7/site-packages/airflow/example_dags/example_task_group.py
[2025-01-04T23:59:40.705+0000] {logging_mixin.py:137} INFO - [2025-01-04T23:59:40.705+0000] {dag.py:2690} INFO - Sync 1 DAGs
[2025-01-04T23:59:40.740+0000] {logging_mixin.py:137} INFO - [2025-01-04T23:59:40.740+0000] {dag.py:3441} INFO - Setting next_dagrun for example_task_group to 2025-01-03T23:59:40.740410+00:00, run_after=2025-01-04T23:59:40.740410+00:00
[2025-01-04T23:59:40.758+0000] {processor.py:175} INFO - Processing /home/airflow/.local/lib/python3.7/site-packages/airflow/example_dags/example_task_group.py took 0.092 seconds
