[2025-01-04T23:57:11.458+0000] {processor.py:153} INFO - Started process (PID=69) to work on /home/airflow/.local/lib/python3.7/site-packages/airflow/example_dags/example_nested_branch_dag.py
[2025-01-04T23:57:11.459+0000] {processor.py:743} INFO - Processing file /home/airflow/.local/lib/python3.7/site-packages/airflow/example_dags/example_nested_branch_dag.py for tasks to queue
[2025-01-04T23:57:11.459+0000] {logging_mixin.py:137} INFO - [2025-01-04T23:57:11.459+0000] {dagbag.py:538} INFO - Filling up the DagBag from /home/airflow/.local/lib/python3.7/site-packages/airflow/example_dags/example_nested_branch_dag.py
[2025-01-04T23:57:11.481+0000] {processor.py:753} INFO - DAG(s) dict_keys(['example_nested_branch_dag']) retrieved from /home/airflow/.local/lib/python3.7/site-packages/airflow/example_dags/example_nested_branch_dag.py
[2025-01-04T23:57:11.494+0000] {logging_mixin.py:137} INFO - [2025-01-04T23:57:11.494+0000] {dag.py:2690} INFO - Sync 1 DAGs
[2025-01-04T23:57:11.521+0000] {logging_mixin.py:137} INFO - [2025-01-04T23:57:11.521+0000] {dag.py:3441} INFO - Setting next_dagrun for example_nested_branch_dag to 2025-01-03T00:00:00+00:00, run_after=2025-01-04T00:00:00+00:00
[2025-01-04T23:57:11.546+0000] {processor.py:175} INFO - Processing /home/airflow/.local/lib/python3.7/site-packages/airflow/example_dags/example_nested_branch_dag.py took 0.090 seconds
[2025-01-04T23:57:41.631+0000] {processor.py:153} INFO - Started process (PID=192) to work on /home/airflow/.local/lib/python3.7/site-packages/airflow/example_dags/example_nested_branch_dag.py
[2025-01-04T23:57:41.632+0000] {processor.py:743} INFO - Processing file /home/airflow/.local/lib/python3.7/site-packages/airflow/example_dags/example_nested_branch_dag.py for tasks to queue
[2025-01-04T23:57:41.632+0000] {logging_mixin.py:137} INFO - [2025-01-04T23:57:41.632+0000] {dagbag.py:538} INFO - Filling up the DagBag from /home/airflow/.local/lib/python3.7/site-packages/airflow/example_dags/example_nested_branch_dag.py
[2025-01-04T23:57:41.651+0000] {processor.py:753} INFO - DAG(s) dict_keys(['example_nested_branch_dag']) retrieved from /home/airflow/.local/lib/python3.7/site-packages/airflow/example_dags/example_nested_branch_dag.py
[2025-01-04T23:57:41.673+0000] {logging_mixin.py:137} INFO - [2025-01-04T23:57:41.673+0000] {dag.py:2690} INFO - Sync 1 DAGs
[2025-01-04T23:57:41.693+0000] {logging_mixin.py:137} INFO - [2025-01-04T23:57:41.693+0000] {dag.py:3441} INFO - Setting next_dagrun for example_nested_branch_dag to 2025-01-03T00:00:00+00:00, run_after=2025-01-04T00:00:00+00:00
[2025-01-04T23:57:41.707+0000] {processor.py:175} INFO - Processing /home/airflow/.local/lib/python3.7/site-packages/airflow/example_dags/example_nested_branch_dag.py took 0.078 seconds
[2025-01-04T23:58:11.820+0000] {processor.py:153} INFO - Started process (PID=285) to work on /home/airflow/.local/lib/python3.7/site-packages/airflow/example_dags/example_nested_branch_dag.py
[2025-01-04T23:58:11.822+0000] {processor.py:743} INFO - Processing file /home/airflow/.local/lib/python3.7/site-packages/airflow/example_dags/example_nested_branch_dag.py for tasks to queue
[2025-01-04T23:58:11.823+0000] {logging_mixin.py:137} INFO - [2025-01-04T23:58:11.822+0000] {dagbag.py:538} INFO - Filling up the DagBag from /home/airflow/.local/lib/python3.7/site-packages/airflow/example_dags/example_nested_branch_dag.py
[2025-01-04T23:58:11.843+0000] {processor.py:753} INFO - DAG(s) dict_keys(['example_nested_branch_dag']) retrieved from /home/airflow/.local/lib/python3.7/site-packages/airflow/example_dags/example_nested_branch_dag.py
[2025-01-04T23:58:11.863+0000] {logging_mixin.py:137} INFO - [2025-01-04T23:58:11.863+0000] {dag.py:2690} INFO - Sync 1 DAGs
[2025-01-04T23:58:11.883+0000] {logging_mixin.py:137} INFO - [2025-01-04T23:58:11.883+0000] {dag.py:3441} INFO - Setting next_dagrun for example_nested_branch_dag to 2025-01-03T00:00:00+00:00, run_after=2025-01-04T00:00:00+00:00
[2025-01-04T23:58:11.903+0000] {processor.py:175} INFO - Processing /home/airflow/.local/lib/python3.7/site-packages/airflow/example_dags/example_nested_branch_dag.py took 0.085 seconds
[2025-01-04T23:58:42.206+0000] {processor.py:153} INFO - Started process (PID=408) to work on /home/airflow/.local/lib/python3.7/site-packages/airflow/example_dags/example_nested_branch_dag.py
[2025-01-04T23:58:42.206+0000] {processor.py:743} INFO - Processing file /home/airflow/.local/lib/python3.7/site-packages/airflow/example_dags/example_nested_branch_dag.py for tasks to queue
[2025-01-04T23:58:42.207+0000] {logging_mixin.py:137} INFO - [2025-01-04T23:58:42.207+0000] {dagbag.py:538} INFO - Filling up the DagBag from /home/airflow/.local/lib/python3.7/site-packages/airflow/example_dags/example_nested_branch_dag.py
[2025-01-04T23:58:42.226+0000] {processor.py:753} INFO - DAG(s) dict_keys(['example_nested_branch_dag']) retrieved from /home/airflow/.local/lib/python3.7/site-packages/airflow/example_dags/example_nested_branch_dag.py
[2025-01-04T23:58:42.248+0000] {logging_mixin.py:137} INFO - [2025-01-04T23:58:42.248+0000] {dag.py:2690} INFO - Sync 1 DAGs
[2025-01-04T23:58:42.269+0000] {logging_mixin.py:137} INFO - [2025-01-04T23:58:42.268+0000] {dag.py:3441} INFO - Setting next_dagrun for example_nested_branch_dag to 2025-01-03T00:00:00+00:00, run_after=2025-01-04T00:00:00+00:00
[2025-01-04T23:58:42.284+0000] {processor.py:175} INFO - Processing /home/airflow/.local/lib/python3.7/site-packages/airflow/example_dags/example_nested_branch_dag.py took 0.081 seconds
[2025-01-04T23:59:12.625+0000] {processor.py:153} INFO - Started process (PID=533) to work on /home/airflow/.local/lib/python3.7/site-packages/airflow/example_dags/example_nested_branch_dag.py
[2025-01-04T23:59:12.626+0000] {processor.py:743} INFO - Processing file /home/airflow/.local/lib/python3.7/site-packages/airflow/example_dags/example_nested_branch_dag.py for tasks to queue
[2025-01-04T23:59:12.627+0000] {logging_mixin.py:137} INFO - [2025-01-04T23:59:12.627+0000] {dagbag.py:538} INFO - Filling up the DagBag from /home/airflow/.local/lib/python3.7/site-packages/airflow/example_dags/example_nested_branch_dag.py
[2025-01-04T23:59:12.653+0000] {processor.py:753} INFO - DAG(s) dict_keys(['example_nested_branch_dag']) retrieved from /home/airflow/.local/lib/python3.7/site-packages/airflow/example_dags/example_nested_branch_dag.py
[2025-01-04T23:59:12.675+0000] {logging_mixin.py:137} INFO - [2025-01-04T23:59:12.675+0000] {dag.py:2690} INFO - Sync 1 DAGs
[2025-01-04T23:59:12.697+0000] {logging_mixin.py:137} INFO - [2025-01-04T23:59:12.697+0000] {dag.py:3441} INFO - Setting next_dagrun for example_nested_branch_dag to 2025-01-03T00:00:00+00:00, run_after=2025-01-04T00:00:00+00:00
[2025-01-04T23:59:12.714+0000] {processor.py:175} INFO - Processing /home/airflow/.local/lib/python3.7/site-packages/airflow/example_dags/example_nested_branch_dag.py took 0.092 seconds
[2025-01-04T23:59:40.016+0000] {processor.py:153} INFO - Started process (PID=634) to work on /home/airflow/.local/lib/python3.7/site-packages/airflow/example_dags/example_nested_branch_dag.py
[2025-01-04T23:59:40.016+0000] {processor.py:743} INFO - Processing file /home/airflow/.local/lib/python3.7/site-packages/airflow/example_dags/example_nested_branch_dag.py for tasks to queue
[2025-01-04T23:59:40.017+0000] {logging_mixin.py:137} INFO - [2025-01-04T23:59:40.017+0000] {dagbag.py:538} INFO - Filling up the DagBag from /home/airflow/.local/lib/python3.7/site-packages/airflow/example_dags/example_nested_branch_dag.py
[2025-01-04T23:59:40.036+0000] {processor.py:753} INFO - DAG(s) dict_keys(['example_nested_branch_dag']) retrieved from /home/airflow/.local/lib/python3.7/site-packages/airflow/example_dags/example_nested_branch_dag.py
[2025-01-04T23:59:40.057+0000] {logging_mixin.py:137} INFO - [2025-01-04T23:59:40.056+0000] {dag.py:2690} INFO - Sync 1 DAGs
[2025-01-04T23:59:40.078+0000] {logging_mixin.py:137} INFO - [2025-01-04T23:59:40.078+0000] {dag.py:3441} INFO - Setting next_dagrun for example_nested_branch_dag to 2025-01-03T00:00:00+00:00, run_after=2025-01-04T00:00:00+00:00
[2025-01-04T23:59:40.095+0000] {processor.py:175} INFO - Processing /home/airflow/.local/lib/python3.7/site-packages/airflow/example_dags/example_nested_branch_dag.py took 0.082 seconds
