[2025-01-04T23:57:10.466+0000] {processor.py:153} INFO - Started process (PID=53) to work on /home/airflow/.local/lib/python3.7/site-packages/airflow/example_dags/example_branch_datetime_operator.py
[2025-01-04T23:57:10.466+0000] {processor.py:743} INFO - Processing file /home/airflow/.local/lib/python3.7/site-packages/airflow/example_dags/example_branch_datetime_operator.py for tasks to queue
[2025-01-04T23:57:10.467+0000] {logging_mixin.py:137} INFO - [2025-01-04T23:57:10.467+0000] {dagbag.py:538} INFO - Filling up the DagBag from /home/airflow/.local/lib/python3.7/site-packages/airflow/example_dags/example_branch_datetime_operator.py
[2025-01-04T23:57:10.482+0000] {processor.py:753} INFO - DAG(s) dict_keys(['example_branch_datetime_operator', 'example_branch_datetime_operator_2', 'example_branch_datetime_operator_3']) retrieved from /home/airflow/.local/lib/python3.7/site-packages/airflow/example_dags/example_branch_datetime_operator.py
[2025-01-04T23:57:56.785+0000] {logging_mixin.py:137} INFO - [2025-01-04T23:57:56.785+0000] {dag.py:2690} INFO - Sync 3 DAGs
[2025-01-04T23:57:56.807+0000] {logging_mixin.py:137} INFO - [2025-01-04T23:57:56.807+0000] {dag.py:3441} INFO - Setting next_dagrun for example_branch_datetime_operator to 2025-01-03T00:00:00+00:00, run_after=2025-01-04T00:00:00+00:00
[2025-01-04T23:57:56.810+0000] {logging_mixin.py:137} INFO - [2025-01-04T23:57:56.810+0000] {dag.py:3441} INFO - Setting next_dagrun for example_branch_datetime_operator_2 to 2025-01-03T00:00:00+00:00, run_after=2025-01-04T00:00:00+00:00
[2025-01-04T23:57:56.812+0000] {logging_mixin.py:137} INFO - [2025-01-04T23:57:56.812+0000] {dag.py:3441} INFO - Setting next_dagrun for example_branch_datetime_operator_3 to 2025-01-03T00:00:00+00:00, run_after=2025-01-04T00:00:00+00:00
[2025-01-04T23:57:56.825+0000] {processor.py:175} INFO - Processing /home/airflow/.local/lib/python3.7/site-packages/airflow/example_dags/example_branch_datetime_operator.py took 0.073 seconds
[2025-01-04T23:58:27.054+0000] {processor.py:153} INFO - Started process (PID=363) to work on /home/airflow/.local/lib/python3.7/site-packages/airflow/example_dags/example_branch_datetime_operator.py
[2025-01-04T23:58:27.055+0000] {processor.py:743} INFO - Processing file /home/airflow/.local/lib/python3.7/site-packages/airflow/example_dags/example_branch_datetime_operator.py for tasks to queue
[2025-01-04T23:58:27.056+0000] {logging_mixin.py:137} INFO - [2025-01-04T23:58:27.055+0000] {dagbag.py:538} INFO - Filling up the DagBag from /home/airflow/.local/lib/python3.7/site-packages/airflow/example_dags/example_branch_datetime_operator.py
[2025-01-04T23:58:27.069+0000] {processor.py:753} INFO - DAG(s) dict_keys(['example_branch_datetime_operator_2', 'example_branch_datetime_operator_3', 'example_branch_datetime_operator']) retrieved from /home/airflow/.local/lib/python3.7/site-packages/airflow/example_dags/example_branch_datetime_operator.py
[2025-01-04T23:58:27.096+0000] {logging_mixin.py:137} INFO - [2025-01-04T23:58:27.096+0000] {dag.py:2690} INFO - Sync 3 DAGs
[2025-01-04T23:58:27.117+0000] {logging_mixin.py:137} INFO - [2025-01-04T23:58:27.117+0000] {dag.py:3441} INFO - Setting next_dagrun for example_branch_datetime_operator to 2025-01-03T00:00:00+00:00, run_after=2025-01-04T00:00:00+00:00
[2025-01-04T23:58:27.121+0000] {logging_mixin.py:137} INFO - [2025-01-04T23:58:27.121+0000] {dag.py:3441} INFO - Setting next_dagrun for example_branch_datetime_operator_2 to 2025-01-03T00:00:00+00:00, run_after=2025-01-04T00:00:00+00:00
[2025-01-04T23:58:27.123+0000] {logging_mixin.py:137} INFO - [2025-01-04T23:58:27.123+0000] {dag.py:3441} INFO - Setting next_dagrun for example_branch_datetime_operator_3 to 2025-01-03T00:00:00+00:00, run_after=2025-01-04T00:00:00+00:00
[2025-01-04T23:58:27.137+0000] {processor.py:175} INFO - Processing /home/airflow/.local/lib/python3.7/site-packages/airflow/example_dags/example_branch_datetime_operator.py took 0.085 seconds
[2025-01-04T23:58:57.438+0000] {processor.py:153} INFO - Started process (PID=460) to work on /home/airflow/.local/lib/python3.7/site-packages/airflow/example_dags/example_branch_datetime_operator.py
[2025-01-04T23:58:57.439+0000] {processor.py:743} INFO - Processing file /home/airflow/.local/lib/python3.7/site-packages/airflow/example_dags/example_branch_datetime_operator.py for tasks to queue
[2025-01-04T23:58:57.439+0000] {logging_mixin.py:137} INFO - [2025-01-04T23:58:57.439+0000] {dagbag.py:538} INFO - Filling up the DagBag from /home/airflow/.local/lib/python3.7/site-packages/airflow/example_dags/example_branch_datetime_operator.py
[2025-01-04T23:58:57.452+0000] {processor.py:753} INFO - DAG(s) dict_keys(['example_branch_datetime_operator_3', 'example_branch_datetime_operator', 'example_branch_datetime_operator_2']) retrieved from /home/airflow/.local/lib/python3.7/site-packages/airflow/example_dags/example_branch_datetime_operator.py
[2025-01-04T23:58:57.479+0000] {logging_mixin.py:137} INFO - [2025-01-04T23:58:57.478+0000] {dag.py:2690} INFO - Sync 3 DAGs
[2025-01-04T23:58:57.500+0000] {logging_mixin.py:137} INFO - [2025-01-04T23:58:57.500+0000] {dag.py:3441} INFO - Setting next_dagrun for example_branch_datetime_operator to 2025-01-03T00:00:00+00:00, run_after=2025-01-04T00:00:00+00:00
[2025-01-04T23:58:57.504+0000] {logging_mixin.py:137} INFO - [2025-01-04T23:58:57.504+0000] {dag.py:3441} INFO - Setting next_dagrun for example_branch_datetime_operator_2 to 2025-01-03T00:00:00+00:00, run_after=2025-01-04T00:00:00+00:00
[2025-01-04T23:58:57.506+0000] {logging_mixin.py:137} INFO - [2025-01-04T23:58:57.506+0000] {dag.py:3441} INFO - Setting next_dagrun for example_branch_datetime_operator_3 to 2025-01-03T00:00:00+00:00, run_after=2025-01-04T00:00:00+00:00
[2025-01-04T23:58:57.527+0000] {processor.py:175} INFO - Processing /home/airflow/.local/lib/python3.7/site-packages/airflow/example_dags/example_branch_datetime_operator.py took 0.092 seconds
[2025-01-04T23:59:27.895+0000] {processor.py:153} INFO - Started process (PID=585) to work on /home/airflow/.local/lib/python3.7/site-packages/airflow/example_dags/example_branch_datetime_operator.py
[2025-01-04T23:59:27.896+0000] {processor.py:743} INFO - Processing file /home/airflow/.local/lib/python3.7/site-packages/airflow/example_dags/example_branch_datetime_operator.py for tasks to queue
[2025-01-04T23:59:27.897+0000] {logging_mixin.py:137} INFO - [2025-01-04T23:59:27.896+0000] {dagbag.py:538} INFO - Filling up the DagBag from /home/airflow/.local/lib/python3.7/site-packages/airflow/example_dags/example_branch_datetime_operator.py
[2025-01-04T23:59:27.910+0000] {processor.py:753} INFO - DAG(s) dict_keys(['example_branch_datetime_operator_2', 'example_branch_datetime_operator', 'example_branch_datetime_operator_3']) retrieved from /home/airflow/.local/lib/python3.7/site-packages/airflow/example_dags/example_branch_datetime_operator.py
[2025-01-04T23:59:27.938+0000] {logging_mixin.py:137} INFO - [2025-01-04T23:59:27.937+0000] {dag.py:2690} INFO - Sync 3 DAGs
[2025-01-04T23:59:27.960+0000] {logging_mixin.py:137} INFO - [2025-01-04T23:59:27.959+0000] {dag.py:3441} INFO - Setting next_dagrun for example_branch_datetime_operator to 2025-01-03T00:00:00+00:00, run_after=2025-01-04T00:00:00+00:00
[2025-01-04T23:59:27.963+0000] {logging_mixin.py:137} INFO - [2025-01-04T23:59:27.963+0000] {dag.py:3441} INFO - Setting next_dagrun for example_branch_datetime_operator_2 to 2025-01-03T00:00:00+00:00, run_after=2025-01-04T00:00:00+00:00
[2025-01-04T23:59:27.965+0000] {logging_mixin.py:137} INFO - [2025-01-04T23:59:27.965+0000] {dag.py:3441} INFO - Setting next_dagrun for example_branch_datetime_operator_3 to 2025-01-03T00:00:00+00:00, run_after=2025-01-04T00:00:00+00:00
[2025-01-04T23:59:27.981+0000] {processor.py:175} INFO - Processing /home/airflow/.local/lib/python3.7/site-packages/airflow/example_dags/example_branch_datetime_operator.py took 0.089 seconds
[2025-01-04T23:59:39.225+0000] {processor.py:153} INFO - Started process (PID=618) to work on /home/airflow/.local/lib/python3.7/site-packages/airflow/example_dags/example_branch_datetime_operator.py
[2025-01-04T23:59:39.226+0000] {processor.py:743} INFO - Processing file /home/airflow/.local/lib/python3.7/site-packages/airflow/example_dags/example_branch_datetime_operator.py for tasks to queue
[2025-01-04T23:59:39.226+0000] {logging_mixin.py:137} INFO - [2025-01-04T23:59:39.226+0000] {dagbag.py:538} INFO - Filling up the DagBag from /home/airflow/.local/lib/python3.7/site-packages/airflow/example_dags/example_branch_datetime_operator.py
[2025-01-04T23:59:39.239+0000] {processor.py:753} INFO - DAG(s) dict_keys(['example_branch_datetime_operator_2', 'example_branch_datetime_operator_3', 'example_branch_datetime_operator']) retrieved from /home/airflow/.local/lib/python3.7/site-packages/airflow/example_dags/example_branch_datetime_operator.py
[2025-01-04T23:59:39.271+0000] {logging_mixin.py:137} INFO - [2025-01-04T23:59:39.271+0000] {dag.py:2690} INFO - Sync 3 DAGs
[2025-01-04T23:59:39.295+0000] {logging_mixin.py:137} INFO - [2025-01-04T23:59:39.295+0000] {dag.py:3441} INFO - Setting next_dagrun for example_branch_datetime_operator to 2025-01-03T00:00:00+00:00, run_after=2025-01-04T00:00:00+00:00
[2025-01-04T23:59:39.299+0000] {logging_mixin.py:137} INFO - [2025-01-04T23:59:39.299+0000] {dag.py:3441} INFO - Setting next_dagrun for example_branch_datetime_operator_2 to 2025-01-03T00:00:00+00:00, run_after=2025-01-04T00:00:00+00:00
[2025-01-04T23:59:39.301+0000] {logging_mixin.py:137} INFO - [2025-01-04T23:59:39.301+0000] {dag.py:3441} INFO - Setting next_dagrun for example_branch_datetime_operator_3 to 2025-01-03T00:00:00+00:00, run_after=2025-01-04T00:00:00+00:00
[2025-01-04T23:59:39.318+0000] {processor.py:175} INFO - Processing /home/airflow/.local/lib/python3.7/site-packages/airflow/example_dags/example_branch_datetime_operator.py took 0.095 seconds
