[2025-01-04T23:57:11.733+0000] {processor.py:153} INFO - Started process (PID=76) to work on /home/airflow/.local/lib/python3.7/site-packages/airflow/example_dags/example_latest_only_with_trigger.py
[2025-01-04T23:57:11.733+0000] {processor.py:743} INFO - Processing file /home/airflow/.local/lib/python3.7/site-packages/airflow/example_dags/example_latest_only_with_trigger.py for tasks to queue
[2025-01-04T23:57:11.734+0000] {logging_mixin.py:137} INFO - [2025-01-04T23:57:11.733+0000] {dagbag.py:538} INFO - Filling up the DagBag from /home/airflow/.local/lib/python3.7/site-packages/airflow/example_dags/example_latest_only_with_trigger.py
[2025-01-04T23:57:11.745+0000] {processor.py:753} INFO - DAG(s) dict_keys(['latest_only_with_trigger']) retrieved from /home/airflow/.local/lib/python3.7/site-packages/airflow/example_dags/example_latest_only_with_trigger.py
[2025-01-04T23:57:11.758+0000] {logging_mixin.py:137} INFO - [2025-01-04T23:57:11.758+0000] {dag.py:2690} INFO - Sync 1 DAGs
[2025-01-04T23:57:11.778+0000] {logging_mixin.py:137} INFO - [2025-01-04T23:57:11.778+0000] {dag.py:3441} INFO - Setting next_dagrun for latest_only_with_trigger to 2025-01-04T19:57:11.778302+00:00, run_after=2025-01-04T23:57:11.778302+00:00
[2025-01-04T23:57:11.795+0000] {processor.py:175} INFO - Processing /home/airflow/.local/lib/python3.7/site-packages/airflow/example_dags/example_latest_only_with_trigger.py took 0.064 seconds
[2025-01-04T23:57:42.010+0000] {processor.py:153} INFO - Started process (PID=199) to work on /home/airflow/.local/lib/python3.7/site-packages/airflow/example_dags/example_latest_only_with_trigger.py
[2025-01-04T23:57:42.011+0000] {processor.py:743} INFO - Processing file /home/airflow/.local/lib/python3.7/site-packages/airflow/example_dags/example_latest_only_with_trigger.py for tasks to queue
[2025-01-04T23:57:42.011+0000] {logging_mixin.py:137} INFO - [2025-01-04T23:57:42.011+0000] {dagbag.py:538} INFO - Filling up the DagBag from /home/airflow/.local/lib/python3.7/site-packages/airflow/example_dags/example_latest_only_with_trigger.py
[2025-01-04T23:57:42.021+0000] {processor.py:753} INFO - DAG(s) dict_keys(['latest_only_with_trigger']) retrieved from /home/airflow/.local/lib/python3.7/site-packages/airflow/example_dags/example_latest_only_with_trigger.py
[2025-01-04T23:57:42.041+0000] {logging_mixin.py:137} INFO - [2025-01-04T23:57:42.041+0000] {dag.py:2690} INFO - Sync 1 DAGs
[2025-01-04T23:57:42.062+0000] {logging_mixin.py:137} INFO - [2025-01-04T23:57:42.061+0000] {dag.py:3441} INFO - Setting next_dagrun for latest_only_with_trigger to 2025-01-04T19:57:42.061663+00:00, run_after=2025-01-04T23:57:42.061663+00:00
[2025-01-04T23:57:42.078+0000] {processor.py:175} INFO - Processing /home/airflow/.local/lib/python3.7/site-packages/airflow/example_dags/example_latest_only_with_trigger.py took 0.070 seconds
[2025-01-04T23:58:12.192+0000] {processor.py:153} INFO - Started process (PID=301) to work on /home/airflow/.local/lib/python3.7/site-packages/airflow/example_dags/example_latest_only_with_trigger.py
[2025-01-04T23:58:12.194+0000] {processor.py:743} INFO - Processing file /home/airflow/.local/lib/python3.7/site-packages/airflow/example_dags/example_latest_only_with_trigger.py for tasks to queue
[2025-01-04T23:58:12.194+0000] {logging_mixin.py:137} INFO - [2025-01-04T23:58:12.194+0000] {dagbag.py:538} INFO - Filling up the DagBag from /home/airflow/.local/lib/python3.7/site-packages/airflow/example_dags/example_latest_only_with_trigger.py
[2025-01-04T23:58:12.205+0000] {processor.py:753} INFO - DAG(s) dict_keys(['latest_only_with_trigger']) retrieved from /home/airflow/.local/lib/python3.7/site-packages/airflow/example_dags/example_latest_only_with_trigger.py
[2025-01-04T23:58:12.224+0000] {logging_mixin.py:137} INFO - [2025-01-04T23:58:12.224+0000] {dag.py:2690} INFO - Sync 1 DAGs
[2025-01-04T23:58:12.244+0000] {logging_mixin.py:137} INFO - [2025-01-04T23:58:12.244+0000] {dag.py:3441} INFO - Setting next_dagrun for latest_only_with_trigger to 2025-01-04T19:58:12.244329+00:00, run_after=2025-01-04T23:58:12.244329+00:00
[2025-01-04T23:58:12.259+0000] {processor.py:175} INFO - Processing /home/airflow/.local/lib/python3.7/site-packages/airflow/example_dags/example_latest_only_with_trigger.py took 0.071 seconds
[2025-01-04T23:58:42.565+0000] {processor.py:153} INFO - Started process (PID=415) to work on /home/airflow/.local/lib/python3.7/site-packages/airflow/example_dags/example_latest_only_with_trigger.py
[2025-01-04T23:58:42.566+0000] {processor.py:743} INFO - Processing file /home/airflow/.local/lib/python3.7/site-packages/airflow/example_dags/example_latest_only_with_trigger.py for tasks to queue
[2025-01-04T23:58:42.566+0000] {logging_mixin.py:137} INFO - [2025-01-04T23:58:42.566+0000] {dagbag.py:538} INFO - Filling up the DagBag from /home/airflow/.local/lib/python3.7/site-packages/airflow/example_dags/example_latest_only_with_trigger.py
[2025-01-04T23:58:42.578+0000] {processor.py:753} INFO - DAG(s) dict_keys(['latest_only_with_trigger']) retrieved from /home/airflow/.local/lib/python3.7/site-packages/airflow/example_dags/example_latest_only_with_trigger.py
[2025-01-04T23:58:42.602+0000] {logging_mixin.py:137} INFO - [2025-01-04T23:58:42.602+0000] {dag.py:2690} INFO - Sync 1 DAGs
[2025-01-04T23:58:42.623+0000] {logging_mixin.py:137} INFO - [2025-01-04T23:58:42.623+0000] {dag.py:3441} INFO - Setting next_dagrun for latest_only_with_trigger to 2025-01-04T19:58:42.623041+00:00, run_after=2025-01-04T23:58:42.623041+00:00
[2025-01-04T23:58:42.639+0000] {processor.py:175} INFO - Processing /home/airflow/.local/lib/python3.7/site-packages/airflow/example_dags/example_latest_only_with_trigger.py took 0.077 seconds
[2025-01-04T23:59:12.950+0000] {processor.py:153} INFO - Started process (PID=540) to work on /home/airflow/.local/lib/python3.7/site-packages/airflow/example_dags/example_latest_only_with_trigger.py
[2025-01-04T23:59:12.951+0000] {processor.py:743} INFO - Processing file /home/airflow/.local/lib/python3.7/site-packages/airflow/example_dags/example_latest_only_with_trigger.py for tasks to queue
[2025-01-04T23:59:12.952+0000] {logging_mixin.py:137} INFO - [2025-01-04T23:59:12.952+0000] {dagbag.py:538} INFO - Filling up the DagBag from /home/airflow/.local/lib/python3.7/site-packages/airflow/example_dags/example_latest_only_with_trigger.py
[2025-01-04T23:59:12.963+0000] {processor.py:753} INFO - DAG(s) dict_keys(['latest_only_with_trigger']) retrieved from /home/airflow/.local/lib/python3.7/site-packages/airflow/example_dags/example_latest_only_with_trigger.py
[2025-01-04T23:59:12.986+0000] {logging_mixin.py:137} INFO - [2025-01-04T23:59:12.986+0000] {dag.py:2690} INFO - Sync 1 DAGs
[2025-01-04T23:59:13.005+0000] {logging_mixin.py:137} INFO - [2025-01-04T23:59:13.005+0000] {dag.py:3441} INFO - Setting next_dagrun for latest_only_with_trigger to 2025-01-04T19:59:13.005364+00:00, run_after=2025-01-04T23:59:13.005364+00:00
[2025-01-04T23:59:13.020+0000] {processor.py:175} INFO - Processing /home/airflow/.local/lib/python3.7/site-packages/airflow/example_dags/example_latest_only_with_trigger.py took 0.073 seconds
[2025-01-04T23:59:40.324+0000] {processor.py:153} INFO - Started process (PID=641) to work on /home/airflow/.local/lib/python3.7/site-packages/airflow/example_dags/example_latest_only_with_trigger.py
[2025-01-04T23:59:40.325+0000] {processor.py:743} INFO - Processing file /home/airflow/.local/lib/python3.7/site-packages/airflow/example_dags/example_latest_only_with_trigger.py for tasks to queue
[2025-01-04T23:59:40.325+0000] {logging_mixin.py:137} INFO - [2025-01-04T23:59:40.325+0000] {dagbag.py:538} INFO - Filling up the DagBag from /home/airflow/.local/lib/python3.7/site-packages/airflow/example_dags/example_latest_only_with_trigger.py
[2025-01-04T23:59:40.336+0000] {processor.py:753} INFO - DAG(s) dict_keys(['latest_only_with_trigger']) retrieved from /home/airflow/.local/lib/python3.7/site-packages/airflow/example_dags/example_latest_only_with_trigger.py
[2025-01-04T23:59:40.359+0000] {logging_mixin.py:137} INFO - [2025-01-04T23:59:40.359+0000] {dag.py:2690} INFO - Sync 1 DAGs
[2025-01-04T23:59:40.380+0000] {logging_mixin.py:137} INFO - [2025-01-04T23:59:40.380+0000] {dag.py:3441} INFO - Setting next_dagrun for latest_only_with_trigger to 2025-01-04T19:59:40.380511+00:00, run_after=2025-01-04T23:59:40.380511+00:00
[2025-01-04T23:59:40.396+0000] {processor.py:175} INFO - Processing /home/airflow/.local/lib/python3.7/site-packages/airflow/example_dags/example_latest_only_with_trigger.py took 0.074 seconds
