[2025-01-04T23:57:11.725+0000] {processor.py:153} INFO - Started process (PID=75) to work on /home/airflow/.local/lib/python3.7/site-packages/airflow/example_dags/example_datasets.py
[2025-01-04T23:57:11.725+0000] {processor.py:743} INFO - Processing file /home/airflow/.local/lib/python3.7/site-packages/airflow/example_dags/example_datasets.py for tasks to queue
[2025-01-04T23:57:11.725+0000] {logging_mixin.py:137} INFO - [2025-01-04T23:57:11.725+0000] {dagbag.py:538} INFO - Filling up the DagBag from /home/airflow/.local/lib/python3.7/site-packages/airflow/example_dags/example_datasets.py
[2025-01-04T23:57:11.739+0000] {processor.py:753} INFO - DAG(s) dict_keys(['dataset_produces_2', 'dataset_produces_1', 'dataset_consumes_1_and_2', 'dataset_consumes_1', 'dataset_consumes_unknown_never_scheduled', 'dataset_consumes_1_never_scheduled']) retrieved from /home/airflow/.local/lib/python3.7/site-packages/airflow/example_dags/example_datasets.py
[2025-01-04T23:57:11.754+0000] {logging_mixin.py:137} INFO - [2025-01-04T23:57:11.754+0000] {dag.py:2690} INFO - Sync 6 DAGs
[2025-01-04T23:57:11.778+0000] {logging_mixin.py:137} INFO - [2025-01-04T23:57:11.777+0000] {dag.py:3441} INFO - Setting next_dagrun for dataset_consumes_1 to None, run_after=None
[2025-01-04T23:57:11.780+0000] {logging_mixin.py:137} INFO - [2025-01-04T23:57:11.780+0000] {dag.py:3441} INFO - Setting next_dagrun for dataset_consumes_1_and_2 to None, run_after=None
[2025-01-04T23:57:11.781+0000] {logging_mixin.py:137} INFO - [2025-01-04T23:57:11.781+0000] {dag.py:3441} INFO - Setting next_dagrun for dataset_consumes_1_never_scheduled to None, run_after=None
[2025-01-04T23:57:11.782+0000] {logging_mixin.py:137} INFO - [2025-01-04T23:57:11.782+0000] {dag.py:3441} INFO - Setting next_dagrun for dataset_consumes_unknown_never_scheduled to None, run_after=None
[2025-01-04T23:57:11.784+0000] {logging_mixin.py:137} INFO - [2025-01-04T23:57:11.784+0000] {dag.py:3441} INFO - Setting next_dagrun for dataset_produces_1 to 2025-01-03T00:00:00+00:00, run_after=2025-01-04T00:00:00+00:00
[2025-01-04T23:57:11.785+0000] {logging_mixin.py:137} INFO - [2025-01-04T23:57:11.785+0000] {dag.py:3441} INFO - Setting next_dagrun for dataset_produces_2 to None, run_after=None
[2025-01-04T23:57:11.815+0000] {processor.py:175} INFO - Processing /home/airflow/.local/lib/python3.7/site-packages/airflow/example_dags/example_datasets.py took 0.092 seconds
[2025-01-04T23:57:41.965+0000] {processor.py:153} INFO - Started process (PID=198) to work on /home/airflow/.local/lib/python3.7/site-packages/airflow/example_dags/example_datasets.py
[2025-01-04T23:57:41.966+0000] {processor.py:743} INFO - Processing file /home/airflow/.local/lib/python3.7/site-packages/airflow/example_dags/example_datasets.py for tasks to queue
[2025-01-04T23:57:41.966+0000] {logging_mixin.py:137} INFO - [2025-01-04T23:57:41.966+0000] {dagbag.py:538} INFO - Filling up the DagBag from /home/airflow/.local/lib/python3.7/site-packages/airflow/example_dags/example_datasets.py
[2025-01-04T23:57:41.978+0000] {processor.py:753} INFO - DAG(s) dict_keys(['dataset_consumes_1', 'dataset_consumes_1_and_2', 'dataset_consumes_1_never_scheduled', 'dataset_produces_2', 'dataset_consumes_unknown_never_scheduled', 'dataset_produces_1']) retrieved from /home/airflow/.local/lib/python3.7/site-packages/airflow/example_dags/example_datasets.py
[2025-01-04T23:57:42.048+0000] {logging_mixin.py:137} INFO - [2025-01-04T23:57:42.047+0000] {dag.py:2690} INFO - Sync 6 DAGs
[2025-01-04T23:57:42.066+0000] {logging_mixin.py:137} INFO - [2025-01-04T23:57:42.066+0000] {dag.py:3441} INFO - Setting next_dagrun for dataset_consumes_1 to None, run_after=None
[2025-01-04T23:57:42.068+0000] {logging_mixin.py:137} INFO - [2025-01-04T23:57:42.068+0000] {dag.py:3441} INFO - Setting next_dagrun for dataset_consumes_1_and_2 to None, run_after=None
[2025-01-04T23:57:42.069+0000] {logging_mixin.py:137} INFO - [2025-01-04T23:57:42.069+0000] {dag.py:3441} INFO - Setting next_dagrun for dataset_consumes_1_never_scheduled to None, run_after=None
[2025-01-04T23:57:42.070+0000] {logging_mixin.py:137} INFO - [2025-01-04T23:57:42.070+0000] {dag.py:3441} INFO - Setting next_dagrun for dataset_consumes_unknown_never_scheduled to None, run_after=None
[2025-01-04T23:57:42.072+0000] {logging_mixin.py:137} INFO - [2025-01-04T23:57:42.072+0000] {dag.py:3441} INFO - Setting next_dagrun for dataset_produces_1 to 2025-01-03T00:00:00+00:00, run_after=2025-01-04T00:00:00+00:00
[2025-01-04T23:57:42.073+0000] {logging_mixin.py:137} INFO - [2025-01-04T23:57:42.073+0000] {dag.py:3441} INFO - Setting next_dagrun for dataset_produces_2 to None, run_after=None
[2025-01-04T23:57:42.109+0000] {processor.py:175} INFO - Processing /home/airflow/.local/lib/python3.7/site-packages/airflow/example_dags/example_datasets.py took 0.146 seconds
[2025-01-04T23:58:12.150+0000] {processor.py:153} INFO - Started process (PID=300) to work on /home/airflow/.local/lib/python3.7/site-packages/airflow/example_dags/example_datasets.py
[2025-01-04T23:58:12.152+0000] {processor.py:743} INFO - Processing file /home/airflow/.local/lib/python3.7/site-packages/airflow/example_dags/example_datasets.py for tasks to queue
[2025-01-04T23:58:12.153+0000] {logging_mixin.py:137} INFO - [2025-01-04T23:58:12.153+0000] {dagbag.py:538} INFO - Filling up the DagBag from /home/airflow/.local/lib/python3.7/site-packages/airflow/example_dags/example_datasets.py
[2025-01-04T23:58:12.165+0000] {processor.py:753} INFO - DAG(s) dict_keys(['dataset_consumes_1', 'dataset_consumes_1_and_2', 'dataset_consumes_1_never_scheduled', 'dataset_produces_2', 'dataset_produces_1', 'dataset_consumes_unknown_never_scheduled']) retrieved from /home/airflow/.local/lib/python3.7/site-packages/airflow/example_dags/example_datasets.py
[2025-01-04T23:58:12.197+0000] {logging_mixin.py:137} INFO - [2025-01-04T23:58:12.197+0000] {dag.py:2690} INFO - Sync 6 DAGs
[2025-01-04T23:58:12.218+0000] {logging_mixin.py:137} INFO - [2025-01-04T23:58:12.218+0000] {dag.py:3441} INFO - Setting next_dagrun for dataset_consumes_1 to None, run_after=None
[2025-01-04T23:58:12.220+0000] {logging_mixin.py:137} INFO - [2025-01-04T23:58:12.220+0000] {dag.py:3441} INFO - Setting next_dagrun for dataset_consumes_1_and_2 to None, run_after=None
[2025-01-04T23:58:12.221+0000] {logging_mixin.py:137} INFO - [2025-01-04T23:58:12.221+0000] {dag.py:3441} INFO - Setting next_dagrun for dataset_consumes_1_never_scheduled to None, run_after=None
[2025-01-04T23:58:12.222+0000] {logging_mixin.py:137} INFO - [2025-01-04T23:58:12.222+0000] {dag.py:3441} INFO - Setting next_dagrun for dataset_consumes_unknown_never_scheduled to None, run_after=None
[2025-01-04T23:58:12.224+0000] {logging_mixin.py:137} INFO - [2025-01-04T23:58:12.224+0000] {dag.py:3441} INFO - Setting next_dagrun for dataset_produces_1 to 2025-01-03T00:00:00+00:00, run_after=2025-01-04T00:00:00+00:00
[2025-01-04T23:58:12.225+0000] {logging_mixin.py:137} INFO - [2025-01-04T23:58:12.225+0000] {dag.py:3441} INFO - Setting next_dagrun for dataset_produces_2 to None, run_after=None
[2025-01-04T23:58:12.251+0000] {processor.py:175} INFO - Processing /home/airflow/.local/lib/python3.7/site-packages/airflow/example_dags/example_datasets.py took 0.104 seconds
[2025-01-04T23:58:42.539+0000] {processor.py:153} INFO - Started process (PID=414) to work on /home/airflow/.local/lib/python3.7/site-packages/airflow/example_dags/example_datasets.py
[2025-01-04T23:58:42.539+0000] {processor.py:743} INFO - Processing file /home/airflow/.local/lib/python3.7/site-packages/airflow/example_dags/example_datasets.py for tasks to queue
[2025-01-04T23:58:42.540+0000] {logging_mixin.py:137} INFO - [2025-01-04T23:58:42.539+0000] {dagbag.py:538} INFO - Filling up the DagBag from /home/airflow/.local/lib/python3.7/site-packages/airflow/example_dags/example_datasets.py
[2025-01-04T23:58:42.552+0000] {processor.py:753} INFO - DAG(s) dict_keys(['dataset_consumes_unknown_never_scheduled', 'dataset_consumes_1_and_2', 'dataset_consumes_1_never_scheduled', 'dataset_produces_2', 'dataset_produces_1', 'dataset_consumes_1']) retrieved from /home/airflow/.local/lib/python3.7/site-packages/airflow/example_dags/example_datasets.py
[2025-01-04T23:58:42.590+0000] {logging_mixin.py:137} INFO - [2025-01-04T23:58:42.590+0000] {dag.py:2690} INFO - Sync 6 DAGs
[2025-01-04T23:58:42.614+0000] {logging_mixin.py:137} INFO - [2025-01-04T23:58:42.614+0000] {dag.py:3441} INFO - Setting next_dagrun for dataset_consumes_1 to None, run_after=None
[2025-01-04T23:58:42.617+0000] {logging_mixin.py:137} INFO - [2025-01-04T23:58:42.617+0000] {dag.py:3441} INFO - Setting next_dagrun for dataset_consumes_1_and_2 to None, run_after=None
[2025-01-04T23:58:42.618+0000] {logging_mixin.py:137} INFO - [2025-01-04T23:58:42.618+0000] {dag.py:3441} INFO - Setting next_dagrun for dataset_consumes_1_never_scheduled to None, run_after=None
[2025-01-04T23:58:42.619+0000] {logging_mixin.py:137} INFO - [2025-01-04T23:58:42.619+0000] {dag.py:3441} INFO - Setting next_dagrun for dataset_consumes_unknown_never_scheduled to None, run_after=None
[2025-01-04T23:58:42.621+0000] {logging_mixin.py:137} INFO - [2025-01-04T23:58:42.621+0000] {dag.py:3441} INFO - Setting next_dagrun for dataset_produces_1 to 2025-01-03T00:00:00+00:00, run_after=2025-01-04T00:00:00+00:00
[2025-01-04T23:58:42.622+0000] {logging_mixin.py:137} INFO - [2025-01-04T23:58:42.622+0000] {dag.py:3441} INFO - Setting next_dagrun for dataset_produces_2 to None, run_after=None
[2025-01-04T23:58:42.649+0000] {processor.py:175} INFO - Processing /home/airflow/.local/lib/python3.7/site-packages/airflow/example_dags/example_datasets.py took 0.113 seconds
[2025-01-04T23:59:12.913+0000] {processor.py:153} INFO - Started process (PID=539) to work on /home/airflow/.local/lib/python3.7/site-packages/airflow/example_dags/example_datasets.py
[2025-01-04T23:59:12.915+0000] {processor.py:743} INFO - Processing file /home/airflow/.local/lib/python3.7/site-packages/airflow/example_dags/example_datasets.py for tasks to queue
[2025-01-04T23:59:12.916+0000] {logging_mixin.py:137} INFO - [2025-01-04T23:59:12.916+0000] {dagbag.py:538} INFO - Filling up the DagBag from /home/airflow/.local/lib/python3.7/site-packages/airflow/example_dags/example_datasets.py
[2025-01-04T23:59:12.928+0000] {processor.py:753} INFO - DAG(s) dict_keys(['dataset_produces_1', 'dataset_consumes_unknown_never_scheduled', 'dataset_consumes_1_never_scheduled', 'dataset_produces_2', 'dataset_consumes_1_and_2', 'dataset_consumes_1']) retrieved from /home/airflow/.local/lib/python3.7/site-packages/airflow/example_dags/example_datasets.py
[2025-01-04T23:59:12.964+0000] {logging_mixin.py:137} INFO - [2025-01-04T23:59:12.963+0000] {dag.py:2690} INFO - Sync 6 DAGs
[2025-01-04T23:59:12.986+0000] {logging_mixin.py:137} INFO - [2025-01-04T23:59:12.986+0000] {dag.py:3441} INFO - Setting next_dagrun for dataset_consumes_1 to None, run_after=None
[2025-01-04T23:59:12.988+0000] {logging_mixin.py:137} INFO - [2025-01-04T23:59:12.988+0000] {dag.py:3441} INFO - Setting next_dagrun for dataset_consumes_1_and_2 to None, run_after=None
[2025-01-04T23:59:12.989+0000] {logging_mixin.py:137} INFO - [2025-01-04T23:59:12.989+0000] {dag.py:3441} INFO - Setting next_dagrun for dataset_consumes_1_never_scheduled to None, run_after=None
[2025-01-04T23:59:12.990+0000] {logging_mixin.py:137} INFO - [2025-01-04T23:59:12.990+0000] {dag.py:3441} INFO - Setting next_dagrun for dataset_consumes_unknown_never_scheduled to None, run_after=None
[2025-01-04T23:59:12.992+0000] {logging_mixin.py:137} INFO - [2025-01-04T23:59:12.992+0000] {dag.py:3441} INFO - Setting next_dagrun for dataset_produces_1 to 2025-01-03T00:00:00+00:00, run_after=2025-01-04T00:00:00+00:00
[2025-01-04T23:59:12.993+0000] {logging_mixin.py:137} INFO - [2025-01-04T23:59:12.993+0000] {dag.py:3441} INFO - Setting next_dagrun for dataset_produces_2 to None, run_after=None
[2025-01-04T23:59:13.019+0000] {processor.py:175} INFO - Processing /home/airflow/.local/lib/python3.7/site-packages/airflow/example_dags/example_datasets.py took 0.108 seconds
[2025-01-04T23:59:40.295+0000] {processor.py:153} INFO - Started process (PID=640) to work on /home/airflow/.local/lib/python3.7/site-packages/airflow/example_dags/example_datasets.py
[2025-01-04T23:59:40.296+0000] {processor.py:743} INFO - Processing file /home/airflow/.local/lib/python3.7/site-packages/airflow/example_dags/example_datasets.py for tasks to queue
[2025-01-04T23:59:40.296+0000] {logging_mixin.py:137} INFO - [2025-01-04T23:59:40.296+0000] {dagbag.py:538} INFO - Filling up the DagBag from /home/airflow/.local/lib/python3.7/site-packages/airflow/example_dags/example_datasets.py
[2025-01-04T23:59:40.309+0000] {processor.py:753} INFO - DAG(s) dict_keys(['dataset_produces_2', 'dataset_produces_1', 'dataset_consumes_1_and_2', 'dataset_consumes_1_never_scheduled', 'dataset_consumes_unknown_never_scheduled', 'dataset_consumes_1']) retrieved from /home/airflow/.local/lib/python3.7/site-packages/airflow/example_dags/example_datasets.py
[2025-01-04T23:59:40.339+0000] {logging_mixin.py:137} INFO - [2025-01-04T23:59:40.339+0000] {dag.py:2690} INFO - Sync 6 DAGs
[2025-01-04T23:59:40.364+0000] {logging_mixin.py:137} INFO - [2025-01-04T23:59:40.363+0000] {dag.py:3441} INFO - Setting next_dagrun for dataset_consumes_1 to None, run_after=None
[2025-01-04T23:59:40.368+0000] {logging_mixin.py:137} INFO - [2025-01-04T23:59:40.368+0000] {dag.py:3441} INFO - Setting next_dagrun for dataset_consumes_1_and_2 to None, run_after=None
[2025-01-04T23:59:40.369+0000] {logging_mixin.py:137} INFO - [2025-01-04T23:59:40.369+0000] {dag.py:3441} INFO - Setting next_dagrun for dataset_consumes_1_never_scheduled to None, run_after=None
[2025-01-04T23:59:40.370+0000] {logging_mixin.py:137} INFO - [2025-01-04T23:59:40.370+0000] {dag.py:3441} INFO - Setting next_dagrun for dataset_consumes_unknown_never_scheduled to None, run_after=None
[2025-01-04T23:59:40.373+0000] {logging_mixin.py:137} INFO - [2025-01-04T23:59:40.373+0000] {dag.py:3441} INFO - Setting next_dagrun for dataset_produces_1 to 2025-01-03T00:00:00+00:00, run_after=2025-01-04T00:00:00+00:00
[2025-01-04T23:59:40.374+0000] {logging_mixin.py:137} INFO - [2025-01-04T23:59:40.374+0000] {dag.py:3441} INFO - Setting next_dagrun for dataset_produces_2 to None, run_after=None
[2025-01-04T23:59:40.403+0000] {processor.py:175} INFO - Processing /home/airflow/.local/lib/python3.7/site-packages/airflow/example_dags/example_datasets.py took 0.110 seconds
