[2025-01-04T23:57:10.463+0000] {processor.py:153} INFO - Started process (PID=52) to work on /home/airflow/.local/lib/python3.7/site-packages/airflow/example_dags/example_sla_dag.py
[2025-01-04T23:57:10.464+0000] {processor.py:743} INFO - Processing file /home/airflow/.local/lib/python3.7/site-packages/airflow/example_dags/example_sla_dag.py for tasks to queue
[2025-01-04T23:57:10.464+0000] {logging_mixin.py:137} INFO - [2025-01-04T23:57:10.464+0000] {dagbag.py:538} INFO - Filling up the DagBag from /home/airflow/.local/lib/python3.7/site-packages/airflow/example_dags/example_sla_dag.py
[2025-01-04T23:57:10.483+0000] {processor.py:753} INFO - DAG(s) dict_keys(['example_sla_dag']) retrieved from /home/airflow/.local/lib/python3.7/site-packages/airflow/example_dags/example_sla_dag.py
[2025-01-04T23:57:10.494+0000] {logging_mixin.py:137} INFO - [2025-01-04T23:57:10.493+0000] {dag.py:2690} INFO - Sync 1 DAGs
[2025-01-04T23:57:56.807+0000] {logging_mixin.py:137} INFO - [2025-01-04T23:57:56.806+0000] {dag.py:3441} INFO - Setting next_dagrun for example_sla_dag to 2025-01-04T23:54:00+00:00, run_after=2025-01-04T23:56:00+00:00
[2025-01-04T23:57:56.823+0000] {processor.py:175} INFO - Processing /home/airflow/.local/lib/python3.7/site-packages/airflow/example_dags/example_sla_dag.py took 0.073 seconds
[2025-01-04T23:58:27.051+0000] {processor.py:153} INFO - Started process (PID=362) to work on /home/airflow/.local/lib/python3.7/site-packages/airflow/example_dags/example_sla_dag.py
[2025-01-04T23:58:27.053+0000] {processor.py:743} INFO - Processing file /home/airflow/.local/lib/python3.7/site-packages/airflow/example_dags/example_sla_dag.py for tasks to queue
[2025-01-04T23:58:27.054+0000] {logging_mixin.py:137} INFO - [2025-01-04T23:58:27.054+0000] {dagbag.py:538} INFO - Filling up the DagBag from /home/airflow/.local/lib/python3.7/site-packages/airflow/example_dags/example_sla_dag.py
[2025-01-04T23:58:27.072+0000] {processor.py:753} INFO - DAG(s) dict_keys(['example_sla_dag']) retrieved from /home/airflow/.local/lib/python3.7/site-packages/airflow/example_dags/example_sla_dag.py
[2025-01-04T23:58:27.091+0000] {logging_mixin.py:137} INFO - [2025-01-04T23:58:27.091+0000] {dag.py:2690} INFO - Sync 1 DAGs
[2025-01-04T23:58:27.112+0000] {logging_mixin.py:137} INFO - [2025-01-04T23:58:27.112+0000] {dag.py:3441} INFO - Setting next_dagrun for example_sla_dag to 2025-01-04T23:56:00+00:00, run_after=2025-01-04T23:58:00+00:00
[2025-01-04T23:58:27.128+0000] {processor.py:175} INFO - Processing /home/airflow/.local/lib/python3.7/site-packages/airflow/example_dags/example_sla_dag.py took 0.079 seconds
[2025-01-04T23:58:57.429+0000] {processor.py:153} INFO - Started process (PID=459) to work on /home/airflow/.local/lib/python3.7/site-packages/airflow/example_dags/example_sla_dag.py
[2025-01-04T23:58:57.430+0000] {processor.py:743} INFO - Processing file /home/airflow/.local/lib/python3.7/site-packages/airflow/example_dags/example_sla_dag.py for tasks to queue
[2025-01-04T23:58:57.430+0000] {logging_mixin.py:137} INFO - [2025-01-04T23:58:57.430+0000] {dagbag.py:538} INFO - Filling up the DagBag from /home/airflow/.local/lib/python3.7/site-packages/airflow/example_dags/example_sla_dag.py
[2025-01-04T23:58:57.448+0000] {processor.py:753} INFO - DAG(s) dict_keys(['example_sla_dag']) retrieved from /home/airflow/.local/lib/python3.7/site-packages/airflow/example_dags/example_sla_dag.py
[2025-01-04T23:58:57.470+0000] {logging_mixin.py:137} INFO - [2025-01-04T23:58:57.470+0000] {dag.py:2690} INFO - Sync 1 DAGs
[2025-01-04T23:58:57.492+0000] {logging_mixin.py:137} INFO - [2025-01-04T23:58:57.492+0000] {dag.py:3441} INFO - Setting next_dagrun for example_sla_dag to 2025-01-04T23:56:00+00:00, run_after=2025-01-04T23:58:00+00:00
[2025-01-04T23:58:57.513+0000] {processor.py:175} INFO - Processing /home/airflow/.local/lib/python3.7/site-packages/airflow/example_dags/example_sla_dag.py took 0.086 seconds
[2025-01-04T23:59:27.794+0000] {processor.py:153} INFO - Started process (PID=584) to work on /home/airflow/.local/lib/python3.7/site-packages/airflow/example_dags/example_sla_dag.py
[2025-01-04T23:59:27.797+0000] {processor.py:743} INFO - Processing file /home/airflow/.local/lib/python3.7/site-packages/airflow/example_dags/example_sla_dag.py for tasks to queue
[2025-01-04T23:59:27.797+0000] {logging_mixin.py:137} INFO - [2025-01-04T23:59:27.797+0000] {dagbag.py:538} INFO - Filling up the DagBag from /home/airflow/.local/lib/python3.7/site-packages/airflow/example_dags/example_sla_dag.py
[2025-01-04T23:59:27.815+0000] {processor.py:753} INFO - DAG(s) dict_keys(['example_sla_dag']) retrieved from /home/airflow/.local/lib/python3.7/site-packages/airflow/example_dags/example_sla_dag.py
[2025-01-04T23:59:27.839+0000] {logging_mixin.py:137} INFO - [2025-01-04T23:59:27.839+0000] {dag.py:2690} INFO - Sync 1 DAGs
[2025-01-04T23:59:27.862+0000] {logging_mixin.py:137} INFO - [2025-01-04T23:59:27.862+0000] {dag.py:3441} INFO - Setting next_dagrun for example_sla_dag to 2025-01-04T23:56:00+00:00, run_after=2025-01-04T23:58:00+00:00
[2025-01-04T23:59:27.880+0000] {processor.py:175} INFO - Processing /home/airflow/.local/lib/python3.7/site-packages/airflow/example_dags/example_sla_dag.py took 0.088 seconds
[2025-01-04T23:59:39.222+0000] {processor.py:153} INFO - Started process (PID=617) to work on /home/airflow/.local/lib/python3.7/site-packages/airflow/example_dags/example_sla_dag.py
[2025-01-04T23:59:39.223+0000] {processor.py:743} INFO - Processing file /home/airflow/.local/lib/python3.7/site-packages/airflow/example_dags/example_sla_dag.py for tasks to queue
[2025-01-04T23:59:39.223+0000] {logging_mixin.py:137} INFO - [2025-01-04T23:59:39.223+0000] {dagbag.py:538} INFO - Filling up the DagBag from /home/airflow/.local/lib/python3.7/site-packages/airflow/example_dags/example_sla_dag.py
[2025-01-04T23:59:39.241+0000] {processor.py:753} INFO - DAG(s) dict_keys(['example_sla_dag']) retrieved from /home/airflow/.local/lib/python3.7/site-packages/airflow/example_dags/example_sla_dag.py
[2025-01-04T23:59:39.264+0000] {logging_mixin.py:137} INFO - [2025-01-04T23:59:39.263+0000] {dag.py:2690} INFO - Sync 1 DAGs
[2025-01-04T23:59:39.290+0000] {logging_mixin.py:137} INFO - [2025-01-04T23:59:39.290+0000] {dag.py:3441} INFO - Setting next_dagrun for example_sla_dag to 2025-01-04T23:56:00+00:00, run_after=2025-01-04T23:58:00+00:00
[2025-01-04T23:59:39.309+0000] {processor.py:175} INFO - Processing /home/airflow/.local/lib/python3.7/site-packages/airflow/example_dags/example_sla_dag.py took 0.089 seconds
