[2025-01-04T23:57:10.636+0000] {processor.py:153} INFO - Started process (PID=56) to work on /home/airflow/.local/lib/python3.7/site-packages/airflow/example_dags/example_short_circuit_decorator.py
[2025-01-04T23:57:10.637+0000] {processor.py:743} INFO - Processing file /home/airflow/.local/lib/python3.7/site-packages/airflow/example_dags/example_short_circuit_decorator.py for tasks to queue
[2025-01-04T23:57:10.637+0000] {logging_mixin.py:137} INFO - [2025-01-04T23:57:10.637+0000] {dagbag.py:538} INFO - Filling up the DagBag from /home/airflow/.local/lib/python3.7/site-packages/airflow/example_dags/example_short_circuit_decorator.py
[2025-01-04T23:57:10.659+0000] {processor.py:753} INFO - DAG(s) dict_keys(['example_short_circuit_decorator']) retrieved from /home/airflow/.local/lib/python3.7/site-packages/airflow/example_dags/example_short_circuit_decorator.py
[2025-01-04T23:57:10.671+0000] {logging_mixin.py:137} INFO - [2025-01-04T23:57:10.670+0000] {dag.py:2690} INFO - Sync 1 DAGs
[2025-01-04T23:57:10.694+0000] {logging_mixin.py:137} INFO - [2025-01-04T23:57:10.693+0000] {dag.py:3441} INFO - Setting next_dagrun for example_short_circuit_decorator to 2025-01-03T23:57:10.693718+00:00, run_after=2025-01-04T23:57:10.693718+00:00
[2025-01-04T23:57:10.712+0000] {processor.py:175} INFO - Processing /home/airflow/.local/lib/python3.7/site-packages/airflow/example_dags/example_short_circuit_decorator.py took 0.078 seconds
[2025-01-04T23:57:40.772+0000] {processor.py:153} INFO - Started process (PID=179) to work on /home/airflow/.local/lib/python3.7/site-packages/airflow/example_dags/example_short_circuit_decorator.py
[2025-01-04T23:57:40.773+0000] {processor.py:743} INFO - Processing file /home/airflow/.local/lib/python3.7/site-packages/airflow/example_dags/example_short_circuit_decorator.py for tasks to queue
[2025-01-04T23:57:40.773+0000] {logging_mixin.py:137} INFO - [2025-01-04T23:57:40.773+0000] {dagbag.py:538} INFO - Filling up the DagBag from /home/airflow/.local/lib/python3.7/site-packages/airflow/example_dags/example_short_circuit_decorator.py
[2025-01-04T23:57:40.794+0000] {processor.py:753} INFO - DAG(s) dict_keys(['example_short_circuit_decorator']) retrieved from /home/airflow/.local/lib/python3.7/site-packages/airflow/example_dags/example_short_circuit_decorator.py
[2025-01-04T23:57:40.815+0000] {logging_mixin.py:137} INFO - [2025-01-04T23:57:40.815+0000] {dag.py:2690} INFO - Sync 1 DAGs
[2025-01-04T23:57:40.836+0000] {logging_mixin.py:137} INFO - [2025-01-04T23:57:40.835+0000] {dag.py:3441} INFO - Setting next_dagrun for example_short_circuit_decorator to 2025-01-03T23:57:40.835468+00:00, run_after=2025-01-04T23:57:40.835468+00:00
[2025-01-04T23:57:40.853+0000] {processor.py:175} INFO - Processing /home/airflow/.local/lib/python3.7/site-packages/airflow/example_dags/example_short_circuit_decorator.py took 0.084 seconds
[2025-01-04T23:58:10.921+0000] {processor.py:153} INFO - Started process (PID=272) to work on /home/airflow/.local/lib/python3.7/site-packages/airflow/example_dags/example_short_circuit_decorator.py
[2025-01-04T23:58:10.922+0000] {processor.py:743} INFO - Processing file /home/airflow/.local/lib/python3.7/site-packages/airflow/example_dags/example_short_circuit_decorator.py for tasks to queue
[2025-01-04T23:58:10.922+0000] {logging_mixin.py:137} INFO - [2025-01-04T23:58:10.922+0000] {dagbag.py:538} INFO - Filling up the DagBag from /home/airflow/.local/lib/python3.7/site-packages/airflow/example_dags/example_short_circuit_decorator.py
[2025-01-04T23:58:10.941+0000] {processor.py:753} INFO - DAG(s) dict_keys(['example_short_circuit_decorator']) retrieved from /home/airflow/.local/lib/python3.7/site-packages/airflow/example_dags/example_short_circuit_decorator.py
[2025-01-04T23:58:10.962+0000] {logging_mixin.py:137} INFO - [2025-01-04T23:58:10.962+0000] {dag.py:2690} INFO - Sync 1 DAGs
[2025-01-04T23:58:10.984+0000] {logging_mixin.py:137} INFO - [2025-01-04T23:58:10.984+0000] {dag.py:3441} INFO - Setting next_dagrun for example_short_circuit_decorator to 2025-01-03T23:58:10.983856+00:00, run_after=2025-01-04T23:58:10.983856+00:00
[2025-01-04T23:58:10.999+0000] {processor.py:175} INFO - Processing /home/airflow/.local/lib/python3.7/site-packages/airflow/example_dags/example_short_circuit_decorator.py took 0.080 seconds
[2025-01-04T23:58:41.448+0000] {processor.py:153} INFO - Started process (PID=395) to work on /home/airflow/.local/lib/python3.7/site-packages/airflow/example_dags/example_short_circuit_decorator.py
[2025-01-04T23:58:41.449+0000] {processor.py:743} INFO - Processing file /home/airflow/.local/lib/python3.7/site-packages/airflow/example_dags/example_short_circuit_decorator.py for tasks to queue
[2025-01-04T23:58:41.449+0000] {logging_mixin.py:137} INFO - [2025-01-04T23:58:41.449+0000] {dagbag.py:538} INFO - Filling up the DagBag from /home/airflow/.local/lib/python3.7/site-packages/airflow/example_dags/example_short_circuit_decorator.py
[2025-01-04T23:58:41.469+0000] {processor.py:753} INFO - DAG(s) dict_keys(['example_short_circuit_decorator']) retrieved from /home/airflow/.local/lib/python3.7/site-packages/airflow/example_dags/example_short_circuit_decorator.py
[2025-01-04T23:58:41.491+0000] {logging_mixin.py:137} INFO - [2025-01-04T23:58:41.490+0000] {dag.py:2690} INFO - Sync 1 DAGs
[2025-01-04T23:58:41.511+0000] {logging_mixin.py:137} INFO - [2025-01-04T23:58:41.511+0000] {dag.py:3441} INFO - Setting next_dagrun for example_short_circuit_decorator to 2025-01-03T23:58:41.510881+00:00, run_after=2025-01-04T23:58:41.510881+00:00
[2025-01-04T23:58:41.528+0000] {processor.py:175} INFO - Processing /home/airflow/.local/lib/python3.7/site-packages/airflow/example_dags/example_short_circuit_decorator.py took 0.082 seconds
[2025-01-04T23:59:11.844+0000] {processor.py:153} INFO - Started process (PID=520) to work on /home/airflow/.local/lib/python3.7/site-packages/airflow/example_dags/example_short_circuit_decorator.py
[2025-01-04T23:59:11.845+0000] {processor.py:743} INFO - Processing file /home/airflow/.local/lib/python3.7/site-packages/airflow/example_dags/example_short_circuit_decorator.py for tasks to queue
[2025-01-04T23:59:11.846+0000] {logging_mixin.py:137} INFO - [2025-01-04T23:59:11.846+0000] {dagbag.py:538} INFO - Filling up the DagBag from /home/airflow/.local/lib/python3.7/site-packages/airflow/example_dags/example_short_circuit_decorator.py
[2025-01-04T23:59:11.866+0000] {processor.py:753} INFO - DAG(s) dict_keys(['example_short_circuit_decorator']) retrieved from /home/airflow/.local/lib/python3.7/site-packages/airflow/example_dags/example_short_circuit_decorator.py
[2025-01-04T23:59:11.888+0000] {logging_mixin.py:137} INFO - [2025-01-04T23:59:11.888+0000] {dag.py:2690} INFO - Sync 1 DAGs
[2025-01-04T23:59:11.907+0000] {logging_mixin.py:137} INFO - [2025-01-04T23:59:11.907+0000] {dag.py:3441} INFO - Setting next_dagrun for example_short_circuit_decorator to 2025-01-03T23:59:11.907602+00:00, run_after=2025-01-04T23:59:11.907602+00:00
[2025-01-04T23:59:11.927+0000] {processor.py:175} INFO - Processing /home/airflow/.local/lib/python3.7/site-packages/airflow/example_dags/example_short_circuit_decorator.py took 0.086 seconds
[2025-01-04T23:59:39.412+0000] {processor.py:153} INFO - Started process (PID=621) to work on /home/airflow/.local/lib/python3.7/site-packages/airflow/example_dags/example_short_circuit_decorator.py
[2025-01-04T23:59:39.412+0000] {processor.py:743} INFO - Processing file /home/airflow/.local/lib/python3.7/site-packages/airflow/example_dags/example_short_circuit_decorator.py for tasks to queue
[2025-01-04T23:59:39.413+0000] {logging_mixin.py:137} INFO - [2025-01-04T23:59:39.412+0000] {dagbag.py:538} INFO - Filling up the DagBag from /home/airflow/.local/lib/python3.7/site-packages/airflow/example_dags/example_short_circuit_decorator.py
[2025-01-04T23:59:39.431+0000] {processor.py:753} INFO - DAG(s) dict_keys(['example_short_circuit_decorator']) retrieved from /home/airflow/.local/lib/python3.7/site-packages/airflow/example_dags/example_short_circuit_decorator.py
[2025-01-04T23:59:39.451+0000] {logging_mixin.py:137} INFO - [2025-01-04T23:59:39.451+0000] {dag.py:2690} INFO - Sync 1 DAGs
[2025-01-04T23:59:39.471+0000] {logging_mixin.py:137} INFO - [2025-01-04T23:59:39.471+0000] {dag.py:3441} INFO - Setting next_dagrun for example_short_circuit_decorator to 2025-01-03T23:59:39.471637+00:00, run_after=2025-01-04T23:59:39.471637+00:00
[2025-01-04T23:59:39.491+0000] {processor.py:175} INFO - Processing /home/airflow/.local/lib/python3.7/site-packages/airflow/example_dags/example_short_circuit_decorator.py took 0.082 seconds
