[2025-01-04T23:57:12.143+0000] {processor.py:153} INFO - Started process (PID=84) to work on /home/airflow/.local/lib/python3.7/site-packages/airflow/example_dags/example_dynamic_task_mapping.py
[2025-01-04T23:57:12.144+0000] {processor.py:743} INFO - Processing file /home/airflow/.local/lib/python3.7/site-packages/airflow/example_dags/example_dynamic_task_mapping.py for tasks to queue
[2025-01-04T23:57:12.144+0000] {logging_mixin.py:137} INFO - [2025-01-04T23:57:12.144+0000] {dagbag.py:538} INFO - Filling up the DagBag from /home/airflow/.local/lib/python3.7/site-packages/airflow/example_dags/example_dynamic_task_mapping.py
[2025-01-04T23:57:12.163+0000] {processor.py:753} INFO - DAG(s) dict_keys(['example_dynamic_task_mapping']) retrieved from /home/airflow/.local/lib/python3.7/site-packages/airflow/example_dags/example_dynamic_task_mapping.py
[2025-01-04T23:57:12.176+0000] {logging_mixin.py:137} INFO - [2025-01-04T23:57:12.175+0000] {dag.py:2690} INFO - Sync 1 DAGs
[2025-01-04T23:57:12.199+0000] {logging_mixin.py:137} INFO - [2025-01-04T23:57:12.199+0000] {dag.py:3441} INFO - Setting next_dagrun for example_dynamic_task_mapping to 2022-03-04T00:00:00+00:00, run_after=2022-03-05T00:00:00+00:00
[2025-01-04T23:57:12.223+0000] {processor.py:175} INFO - Processing /home/airflow/.local/lib/python3.7/site-packages/airflow/example_dags/example_dynamic_task_mapping.py took 0.082 seconds
[2025-01-04T23:57:42.414+0000] {processor.py:153} INFO - Started process (PID=207) to work on /home/airflow/.local/lib/python3.7/site-packages/airflow/example_dags/example_dynamic_task_mapping.py
[2025-01-04T23:57:42.415+0000] {processor.py:743} INFO - Processing file /home/airflow/.local/lib/python3.7/site-packages/airflow/example_dags/example_dynamic_task_mapping.py for tasks to queue
[2025-01-04T23:57:42.415+0000] {logging_mixin.py:137} INFO - [2025-01-04T23:57:42.415+0000] {dagbag.py:538} INFO - Filling up the DagBag from /home/airflow/.local/lib/python3.7/site-packages/airflow/example_dags/example_dynamic_task_mapping.py
[2025-01-04T23:57:42.432+0000] {processor.py:753} INFO - DAG(s) dict_keys(['example_dynamic_task_mapping']) retrieved from /home/airflow/.local/lib/python3.7/site-packages/airflow/example_dags/example_dynamic_task_mapping.py
[2025-01-04T23:57:42.454+0000] {logging_mixin.py:137} INFO - [2025-01-04T23:57:42.454+0000] {dag.py:2690} INFO - Sync 1 DAGs
[2025-01-04T23:57:42.474+0000] {logging_mixin.py:137} INFO - [2025-01-04T23:57:42.474+0000] {dag.py:3441} INFO - Setting next_dagrun for example_dynamic_task_mapping to 2022-03-04T00:00:00+00:00, run_after=2022-03-05T00:00:00+00:00
[2025-01-04T23:57:42.492+0000] {processor.py:175} INFO - Processing /home/airflow/.local/lib/python3.7/site-packages/airflow/example_dags/example_dynamic_task_mapping.py took 0.080 seconds
[2025-01-04T23:58:12.713+0000] {processor.py:153} INFO - Started process (PID=328) to work on /home/airflow/.local/lib/python3.7/site-packages/airflow/example_dags/example_dynamic_task_mapping.py
[2025-01-04T23:58:12.722+0000] {processor.py:743} INFO - Processing file /home/airflow/.local/lib/python3.7/site-packages/airflow/example_dags/example_dynamic_task_mapping.py for tasks to queue
[2025-01-04T23:58:12.723+0000] {logging_mixin.py:137} INFO - [2025-01-04T23:58:12.722+0000] {dagbag.py:538} INFO - Filling up the DagBag from /home/airflow/.local/lib/python3.7/site-packages/airflow/example_dags/example_dynamic_task_mapping.py
[2025-01-04T23:58:12.746+0000] {processor.py:753} INFO - DAG(s) dict_keys(['example_dynamic_task_mapping']) retrieved from /home/airflow/.local/lib/python3.7/site-packages/airflow/example_dags/example_dynamic_task_mapping.py
[2025-01-04T23:58:12.767+0000] {logging_mixin.py:137} INFO - [2025-01-04T23:58:12.767+0000] {dag.py:2690} INFO - Sync 1 DAGs
[2025-01-04T23:58:12.789+0000] {logging_mixin.py:137} INFO - [2025-01-04T23:58:12.789+0000] {dag.py:3441} INFO - Setting next_dagrun for example_dynamic_task_mapping to 2022-03-04T00:00:00+00:00, run_after=2022-03-05T00:00:00+00:00
[2025-01-04T23:58:12.805+0000] {processor.py:175} INFO - Processing /home/airflow/.local/lib/python3.7/site-packages/airflow/example_dags/example_dynamic_task_mapping.py took 0.097 seconds
[2025-01-04T23:58:43.017+0000] {processor.py:153} INFO - Started process (PID=423) to work on /home/airflow/.local/lib/python3.7/site-packages/airflow/example_dags/example_dynamic_task_mapping.py
[2025-01-04T23:58:43.017+0000] {processor.py:743} INFO - Processing file /home/airflow/.local/lib/python3.7/site-packages/airflow/example_dags/example_dynamic_task_mapping.py for tasks to queue
[2025-01-04T23:58:43.018+0000] {logging_mixin.py:137} INFO - [2025-01-04T23:58:43.018+0000] {dagbag.py:538} INFO - Filling up the DagBag from /home/airflow/.local/lib/python3.7/site-packages/airflow/example_dags/example_dynamic_task_mapping.py
[2025-01-04T23:58:43.035+0000] {processor.py:753} INFO - DAG(s) dict_keys(['example_dynamic_task_mapping']) retrieved from /home/airflow/.local/lib/python3.7/site-packages/airflow/example_dags/example_dynamic_task_mapping.py
[2025-01-04T23:58:43.054+0000] {logging_mixin.py:137} INFO - [2025-01-04T23:58:43.054+0000] {dag.py:2690} INFO - Sync 1 DAGs
[2025-01-04T23:58:43.074+0000] {logging_mixin.py:137} INFO - [2025-01-04T23:58:43.074+0000] {dag.py:3441} INFO - Setting next_dagrun for example_dynamic_task_mapping to 2022-03-04T00:00:00+00:00, run_after=2022-03-05T00:00:00+00:00
[2025-01-04T23:58:43.091+0000] {processor.py:175} INFO - Processing /home/airflow/.local/lib/python3.7/site-packages/airflow/example_dags/example_dynamic_task_mapping.py took 0.076 seconds
[2025-01-04T23:59:13.405+0000] {processor.py:153} INFO - Started process (PID=548) to work on /home/airflow/.local/lib/python3.7/site-packages/airflow/example_dags/example_dynamic_task_mapping.py
[2025-01-04T23:59:13.406+0000] {processor.py:743} INFO - Processing file /home/airflow/.local/lib/python3.7/site-packages/airflow/example_dags/example_dynamic_task_mapping.py for tasks to queue
[2025-01-04T23:59:13.406+0000] {logging_mixin.py:137} INFO - [2025-01-04T23:59:13.406+0000] {dagbag.py:538} INFO - Filling up the DagBag from /home/airflow/.local/lib/python3.7/site-packages/airflow/example_dags/example_dynamic_task_mapping.py
[2025-01-04T23:59:13.423+0000] {processor.py:753} INFO - DAG(s) dict_keys(['example_dynamic_task_mapping']) retrieved from /home/airflow/.local/lib/python3.7/site-packages/airflow/example_dags/example_dynamic_task_mapping.py
[2025-01-04T23:59:13.443+0000] {logging_mixin.py:137} INFO - [2025-01-04T23:59:13.443+0000] {dag.py:2690} INFO - Sync 1 DAGs
[2025-01-04T23:59:13.463+0000] {logging_mixin.py:137} INFO - [2025-01-04T23:59:13.463+0000] {dag.py:3441} INFO - Setting next_dagrun for example_dynamic_task_mapping to 2022-03-04T00:00:00+00:00, run_after=2022-03-05T00:00:00+00:00
[2025-01-04T23:59:13.478+0000] {processor.py:175} INFO - Processing /home/airflow/.local/lib/python3.7/site-packages/airflow/example_dags/example_dynamic_task_mapping.py took 0.076 seconds
[2025-01-05T00:00:27.063+0000] {processor.py:153} INFO - Started process (PID=649) to work on /home/airflow/.local/lib/python3.7/site-packages/airflow/example_dags/example_dynamic_task_mapping.py
[2025-01-05T00:00:27.064+0000] {processor.py:743} INFO - Processing file /home/airflow/.local/lib/python3.7/site-packages/airflow/example_dags/example_dynamic_task_mapping.py for tasks to queue
[2025-01-05T00:00:27.064+0000] {logging_mixin.py:137} INFO - [2025-01-05T00:00:27.064+0000] {dagbag.py:538} INFO - Filling up the DagBag from /home/airflow/.local/lib/python3.7/site-packages/airflow/example_dags/example_dynamic_task_mapping.py
[2025-01-05T00:00:27.081+0000] {processor.py:753} INFO - DAG(s) dict_keys(['example_dynamic_task_mapping']) retrieved from /home/airflow/.local/lib/python3.7/site-packages/airflow/example_dags/example_dynamic_task_mapping.py
[2025-01-05T00:00:27.099+0000] {logging_mixin.py:137} INFO - [2025-01-05T00:00:27.099+0000] {dag.py:2690} INFO - Sync 1 DAGs
[2025-01-05T00:00:27.119+0000] {logging_mixin.py:137} INFO - [2025-01-05T00:00:27.118+0000] {dag.py:3441} INFO - Setting next_dagrun for example_dynamic_task_mapping to 2022-03-04T00:00:00+00:00, run_after=2022-03-05T00:00:00+00:00
[2025-01-05T00:00:27.134+0000] {processor.py:175} INFO - Processing /home/airflow/.local/lib/python3.7/site-packages/airflow/example_dags/example_dynamic_task_mapping.py took 0.074 seconds
