[2025-01-04T23:57:11.273+0000] {processor.py:153} INFO - Started process (PID=67) to work on /home/airflow/.local/lib/python3.7/site-packages/airflow/example_dags/example_complex.py
[2025-01-04T23:57:11.273+0000] {processor.py:743} INFO - Processing file /home/airflow/.local/lib/python3.7/site-packages/airflow/example_dags/example_complex.py for tasks to queue
[2025-01-04T23:57:11.274+0000] {logging_mixin.py:137} INFO - [2025-01-04T23:57:11.273+0000] {dagbag.py:538} INFO - Filling up the DagBag from /home/airflow/.local/lib/python3.7/site-packages/airflow/example_dags/example_complex.py
[2025-01-04T23:57:11.283+0000] {logging_mixin.py:137} INFO - [2025-01-04T23:57:11.283+0000] {taskmixin.py:205} WARNING - Dependency <Task(BashOperator): create_entry_group>, delete_entry_group already registered for DAG: example_complex
[2025-01-04T23:57:11.283+0000] {logging_mixin.py:137} INFO - [2025-01-04T23:57:11.283+0000] {taskmixin.py:205} WARNING - Dependency <Task(BashOperator): delete_entry_group>, create_entry_group already registered for DAG: example_complex
[2025-01-04T23:57:11.283+0000] {logging_mixin.py:137} INFO - [2025-01-04T23:57:11.283+0000] {taskmixin.py:205} WARNING - Dependency <Task(BashOperator): create_entry_gcs>, delete_entry already registered for DAG: example_complex
[2025-01-04T23:57:11.283+0000] {logging_mixin.py:137} INFO - [2025-01-04T23:57:11.283+0000] {taskmixin.py:205} WARNING - Dependency <Task(BashOperator): delete_entry>, create_entry_gcs already registered for DAG: example_complex
[2025-01-04T23:57:11.284+0000] {logging_mixin.py:137} INFO - [2025-01-04T23:57:11.283+0000] {taskmixin.py:205} WARNING - Dependency <Task(BashOperator): create_tag>, delete_tag already registered for DAG: example_complex
[2025-01-04T23:57:11.284+0000] {logging_mixin.py:137} INFO - [2025-01-04T23:57:11.284+0000] {taskmixin.py:205} WARNING - Dependency <Task(BashOperator): delete_tag>, create_tag already registered for DAG: example_complex
[2025-01-04T23:57:11.290+0000] {processor.py:753} INFO - DAG(s) dict_keys(['example_complex']) retrieved from /home/airflow/.local/lib/python3.7/site-packages/airflow/example_dags/example_complex.py
[2025-01-04T23:57:11.303+0000] {logging_mixin.py:137} INFO - [2025-01-04T23:57:11.303+0000] {dag.py:2690} INFO - Sync 1 DAGs
[2025-01-04T23:57:11.330+0000] {logging_mixin.py:137} INFO - [2025-01-04T23:57:11.330+0000] {dag.py:3441} INFO - Setting next_dagrun for example_complex to None, run_after=None
[2025-01-04T23:57:11.348+0000] {processor.py:175} INFO - Processing /home/airflow/.local/lib/python3.7/site-packages/airflow/example_dags/example_complex.py took 0.078 seconds
[2025-01-04T23:57:41.538+0000] {processor.py:153} INFO - Started process (PID=190) to work on /home/airflow/.local/lib/python3.7/site-packages/airflow/example_dags/example_complex.py
[2025-01-04T23:57:41.538+0000] {processor.py:743} INFO - Processing file /home/airflow/.local/lib/python3.7/site-packages/airflow/example_dags/example_complex.py for tasks to queue
[2025-01-04T23:57:41.539+0000] {logging_mixin.py:137} INFO - [2025-01-04T23:57:41.538+0000] {dagbag.py:538} INFO - Filling up the DagBag from /home/airflow/.local/lib/python3.7/site-packages/airflow/example_dags/example_complex.py
[2025-01-04T23:57:41.547+0000] {logging_mixin.py:137} INFO - [2025-01-04T23:57:41.547+0000] {taskmixin.py:205} WARNING - Dependency <Task(BashOperator): create_entry_group>, delete_entry_group already registered for DAG: example_complex
[2025-01-04T23:57:41.547+0000] {logging_mixin.py:137} INFO - [2025-01-04T23:57:41.547+0000] {taskmixin.py:205} WARNING - Dependency <Task(BashOperator): delete_entry_group>, create_entry_group already registered for DAG: example_complex
[2025-01-04T23:57:41.547+0000] {logging_mixin.py:137} INFO - [2025-01-04T23:57:41.547+0000] {taskmixin.py:205} WARNING - Dependency <Task(BashOperator): create_entry_gcs>, delete_entry already registered for DAG: example_complex
[2025-01-04T23:57:41.547+0000] {logging_mixin.py:137} INFO - [2025-01-04T23:57:41.547+0000] {taskmixin.py:205} WARNING - Dependency <Task(BashOperator): delete_entry>, create_entry_gcs already registered for DAG: example_complex
[2025-01-04T23:57:41.548+0000] {logging_mixin.py:137} INFO - [2025-01-04T23:57:41.548+0000] {taskmixin.py:205} WARNING - Dependency <Task(BashOperator): create_tag>, delete_tag already registered for DAG: example_complex
[2025-01-04T23:57:41.548+0000] {logging_mixin.py:137} INFO - [2025-01-04T23:57:41.548+0000] {taskmixin.py:205} WARNING - Dependency <Task(BashOperator): delete_tag>, create_tag already registered for DAG: example_complex
[2025-01-04T23:57:41.553+0000] {processor.py:753} INFO - DAG(s) dict_keys(['example_complex']) retrieved from /home/airflow/.local/lib/python3.7/site-packages/airflow/example_dags/example_complex.py
[2025-01-04T23:57:41.579+0000] {logging_mixin.py:137} INFO - [2025-01-04T23:57:41.579+0000] {dag.py:2690} INFO - Sync 1 DAGs
[2025-01-04T23:57:41.599+0000] {logging_mixin.py:137} INFO - [2025-01-04T23:57:41.599+0000] {dag.py:3441} INFO - Setting next_dagrun for example_complex to None, run_after=None
[2025-01-04T23:57:41.614+0000] {processor.py:175} INFO - Processing /home/airflow/.local/lib/python3.7/site-packages/airflow/example_dags/example_complex.py took 0.079 seconds
[2025-01-04T23:58:11.726+0000] {processor.py:153} INFO - Started process (PID=283) to work on /home/airflow/.local/lib/python3.7/site-packages/airflow/example_dags/example_complex.py
[2025-01-04T23:58:11.728+0000] {processor.py:743} INFO - Processing file /home/airflow/.local/lib/python3.7/site-packages/airflow/example_dags/example_complex.py for tasks to queue
[2025-01-04T23:58:11.729+0000] {logging_mixin.py:137} INFO - [2025-01-04T23:58:11.729+0000] {dagbag.py:538} INFO - Filling up the DagBag from /home/airflow/.local/lib/python3.7/site-packages/airflow/example_dags/example_complex.py
[2025-01-04T23:58:11.738+0000] {logging_mixin.py:137} INFO - [2025-01-04T23:58:11.738+0000] {taskmixin.py:205} WARNING - Dependency <Task(BashOperator): create_entry_group>, delete_entry_group already registered for DAG: example_complex
[2025-01-04T23:58:11.738+0000] {logging_mixin.py:137} INFO - [2025-01-04T23:58:11.738+0000] {taskmixin.py:205} WARNING - Dependency <Task(BashOperator): delete_entry_group>, create_entry_group already registered for DAG: example_complex
[2025-01-04T23:58:11.738+0000] {logging_mixin.py:137} INFO - [2025-01-04T23:58:11.738+0000] {taskmixin.py:205} WARNING - Dependency <Task(BashOperator): create_entry_gcs>, delete_entry already registered for DAG: example_complex
[2025-01-04T23:58:11.738+0000] {logging_mixin.py:137} INFO - [2025-01-04T23:58:11.738+0000] {taskmixin.py:205} WARNING - Dependency <Task(BashOperator): delete_entry>, create_entry_gcs already registered for DAG: example_complex
[2025-01-04T23:58:11.738+0000] {logging_mixin.py:137} INFO - [2025-01-04T23:58:11.738+0000] {taskmixin.py:205} WARNING - Dependency <Task(BashOperator): create_tag>, delete_tag already registered for DAG: example_complex
[2025-01-04T23:58:11.738+0000] {logging_mixin.py:137} INFO - [2025-01-04T23:58:11.738+0000] {taskmixin.py:205} WARNING - Dependency <Task(BashOperator): delete_tag>, create_tag already registered for DAG: example_complex
[2025-01-04T23:58:11.744+0000] {processor.py:753} INFO - DAG(s) dict_keys(['example_complex']) retrieved from /home/airflow/.local/lib/python3.7/site-packages/airflow/example_dags/example_complex.py
[2025-01-04T23:58:11.769+0000] {logging_mixin.py:137} INFO - [2025-01-04T23:58:11.769+0000] {dag.py:2690} INFO - Sync 1 DAGs
[2025-01-04T23:58:11.790+0000] {logging_mixin.py:137} INFO - [2025-01-04T23:58:11.790+0000] {dag.py:3441} INFO - Setting next_dagrun for example_complex to None, run_after=None
[2025-01-04T23:58:11.806+0000] {processor.py:175} INFO - Processing /home/airflow/.local/lib/python3.7/site-packages/airflow/example_dags/example_complex.py took 0.082 seconds
[2025-01-04T23:58:42.115+0000] {processor.py:153} INFO - Started process (PID=406) to work on /home/airflow/.local/lib/python3.7/site-packages/airflow/example_dags/example_complex.py
[2025-01-04T23:58:42.116+0000] {processor.py:743} INFO - Processing file /home/airflow/.local/lib/python3.7/site-packages/airflow/example_dags/example_complex.py for tasks to queue
[2025-01-04T23:58:42.116+0000] {logging_mixin.py:137} INFO - [2025-01-04T23:58:42.116+0000] {dagbag.py:538} INFO - Filling up the DagBag from /home/airflow/.local/lib/python3.7/site-packages/airflow/example_dags/example_complex.py
[2025-01-04T23:58:42.125+0000] {logging_mixin.py:137} INFO - [2025-01-04T23:58:42.124+0000] {taskmixin.py:205} WARNING - Dependency <Task(BashOperator): create_entry_group>, delete_entry_group already registered for DAG: example_complex
[2025-01-04T23:58:42.125+0000] {logging_mixin.py:137} INFO - [2025-01-04T23:58:42.125+0000] {taskmixin.py:205} WARNING - Dependency <Task(BashOperator): delete_entry_group>, create_entry_group already registered for DAG: example_complex
[2025-01-04T23:58:42.125+0000] {logging_mixin.py:137} INFO - [2025-01-04T23:58:42.125+0000] {taskmixin.py:205} WARNING - Dependency <Task(BashOperator): create_entry_gcs>, delete_entry already registered for DAG: example_complex
[2025-01-04T23:58:42.125+0000] {logging_mixin.py:137} INFO - [2025-01-04T23:58:42.125+0000] {taskmixin.py:205} WARNING - Dependency <Task(BashOperator): delete_entry>, create_entry_gcs already registered for DAG: example_complex
[2025-01-04T23:58:42.125+0000] {logging_mixin.py:137} INFO - [2025-01-04T23:58:42.125+0000] {taskmixin.py:205} WARNING - Dependency <Task(BashOperator): create_tag>, delete_tag already registered for DAG: example_complex
[2025-01-04T23:58:42.125+0000] {logging_mixin.py:137} INFO - [2025-01-04T23:58:42.125+0000] {taskmixin.py:205} WARNING - Dependency <Task(BashOperator): delete_tag>, create_tag already registered for DAG: example_complex
[2025-01-04T23:58:42.130+0000] {processor.py:753} INFO - DAG(s) dict_keys(['example_complex']) retrieved from /home/airflow/.local/lib/python3.7/site-packages/airflow/example_dags/example_complex.py
[2025-01-04T23:58:42.155+0000] {logging_mixin.py:137} INFO - [2025-01-04T23:58:42.155+0000] {dag.py:2690} INFO - Sync 1 DAGs
[2025-01-04T23:58:42.175+0000] {logging_mixin.py:137} INFO - [2025-01-04T23:58:42.175+0000] {dag.py:3441} INFO - Setting next_dagrun for example_complex to None, run_after=None
[2025-01-04T23:58:42.191+0000] {processor.py:175} INFO - Processing /home/airflow/.local/lib/python3.7/site-packages/airflow/example_dags/example_complex.py took 0.078 seconds
[2025-01-04T23:59:12.511+0000] {processor.py:153} INFO - Started process (PID=531) to work on /home/airflow/.local/lib/python3.7/site-packages/airflow/example_dags/example_complex.py
[2025-01-04T23:59:12.513+0000] {processor.py:743} INFO - Processing file /home/airflow/.local/lib/python3.7/site-packages/airflow/example_dags/example_complex.py for tasks to queue
[2025-01-04T23:59:12.513+0000] {logging_mixin.py:137} INFO - [2025-01-04T23:59:12.513+0000] {dagbag.py:538} INFO - Filling up the DagBag from /home/airflow/.local/lib/python3.7/site-packages/airflow/example_dags/example_complex.py
[2025-01-04T23:59:12.522+0000] {logging_mixin.py:137} INFO - [2025-01-04T23:59:12.521+0000] {taskmixin.py:205} WARNING - Dependency <Task(BashOperator): create_entry_group>, delete_entry_group already registered for DAG: example_complex
[2025-01-04T23:59:12.522+0000] {logging_mixin.py:137} INFO - [2025-01-04T23:59:12.522+0000] {taskmixin.py:205} WARNING - Dependency <Task(BashOperator): delete_entry_group>, create_entry_group already registered for DAG: example_complex
[2025-01-04T23:59:12.522+0000] {logging_mixin.py:137} INFO - [2025-01-04T23:59:12.522+0000] {taskmixin.py:205} WARNING - Dependency <Task(BashOperator): create_entry_gcs>, delete_entry already registered for DAG: example_complex
[2025-01-04T23:59:12.522+0000] {logging_mixin.py:137} INFO - [2025-01-04T23:59:12.522+0000] {taskmixin.py:205} WARNING - Dependency <Task(BashOperator): delete_entry>, create_entry_gcs already registered for DAG: example_complex
[2025-01-04T23:59:12.522+0000] {logging_mixin.py:137} INFO - [2025-01-04T23:59:12.522+0000] {taskmixin.py:205} WARNING - Dependency <Task(BashOperator): create_tag>, delete_tag already registered for DAG: example_complex
[2025-01-04T23:59:12.522+0000] {logging_mixin.py:137} INFO - [2025-01-04T23:59:12.522+0000] {taskmixin.py:205} WARNING - Dependency <Task(BashOperator): delete_tag>, create_tag already registered for DAG: example_complex
[2025-01-04T23:59:12.527+0000] {processor.py:753} INFO - DAG(s) dict_keys(['example_complex']) retrieved from /home/airflow/.local/lib/python3.7/site-packages/airflow/example_dags/example_complex.py
[2025-01-04T23:59:12.558+0000] {logging_mixin.py:137} INFO - [2025-01-04T23:59:12.558+0000] {dag.py:2690} INFO - Sync 1 DAGs
[2025-01-04T23:59:12.585+0000] {logging_mixin.py:137} INFO - [2025-01-04T23:59:12.585+0000] {dag.py:3441} INFO - Setting next_dagrun for example_complex to None, run_after=None
[2025-01-04T23:59:12.607+0000] {processor.py:175} INFO - Processing /home/airflow/.local/lib/python3.7/site-packages/airflow/example_dags/example_complex.py took 0.098 seconds
[2025-01-04T23:59:39.918+0000] {processor.py:153} INFO - Started process (PID=632) to work on /home/airflow/.local/lib/python3.7/site-packages/airflow/example_dags/example_complex.py
[2025-01-04T23:59:39.919+0000] {processor.py:743} INFO - Processing file /home/airflow/.local/lib/python3.7/site-packages/airflow/example_dags/example_complex.py for tasks to queue
[2025-01-04T23:59:39.919+0000] {logging_mixin.py:137} INFO - [2025-01-04T23:59:39.919+0000] {dagbag.py:538} INFO - Filling up the DagBag from /home/airflow/.local/lib/python3.7/site-packages/airflow/example_dags/example_complex.py
[2025-01-04T23:59:39.928+0000] {logging_mixin.py:137} INFO - [2025-01-04T23:59:39.928+0000] {taskmixin.py:205} WARNING - Dependency <Task(BashOperator): create_entry_group>, delete_entry_group already registered for DAG: example_complex
[2025-01-04T23:59:39.928+0000] {logging_mixin.py:137} INFO - [2025-01-04T23:59:39.928+0000] {taskmixin.py:205} WARNING - Dependency <Task(BashOperator): delete_entry_group>, create_entry_group already registered for DAG: example_complex
[2025-01-04T23:59:39.928+0000] {logging_mixin.py:137} INFO - [2025-01-04T23:59:39.928+0000] {taskmixin.py:205} WARNING - Dependency <Task(BashOperator): create_entry_gcs>, delete_entry already registered for DAG: example_complex
[2025-01-04T23:59:39.928+0000] {logging_mixin.py:137} INFO - [2025-01-04T23:59:39.928+0000] {taskmixin.py:205} WARNING - Dependency <Task(BashOperator): delete_entry>, create_entry_gcs already registered for DAG: example_complex
[2025-01-04T23:59:39.928+0000] {logging_mixin.py:137} INFO - [2025-01-04T23:59:39.928+0000] {taskmixin.py:205} WARNING - Dependency <Task(BashOperator): create_tag>, delete_tag already registered for DAG: example_complex
[2025-01-04T23:59:39.929+0000] {logging_mixin.py:137} INFO - [2025-01-04T23:59:39.928+0000] {taskmixin.py:205} WARNING - Dependency <Task(BashOperator): delete_tag>, create_tag already registered for DAG: example_complex
[2025-01-04T23:59:39.934+0000] {processor.py:753} INFO - DAG(s) dict_keys(['example_complex']) retrieved from /home/airflow/.local/lib/python3.7/site-packages/airflow/example_dags/example_complex.py
[2025-01-04T23:59:39.960+0000] {logging_mixin.py:137} INFO - [2025-01-04T23:59:39.959+0000] {dag.py:2690} INFO - Sync 1 DAGs
[2025-01-04T23:59:39.983+0000] {logging_mixin.py:137} INFO - [2025-01-04T23:59:39.983+0000] {dag.py:3441} INFO - Setting next_dagrun for example_complex to None, run_after=None
[2025-01-04T23:59:40.001+0000] {processor.py:175} INFO - Processing /home/airflow/.local/lib/python3.7/site-packages/airflow/example_dags/example_complex.py took 0.085 seconds
