[2025-01-04T23:57:10.726+0000] {processor.py:153} INFO - Started process (PID=57) to work on /home/airflow/.local/lib/python3.7/site-packages/airflow/example_dags/example_python_operator.py
[2025-01-04T23:57:10.726+0000] {processor.py:743} INFO - Processing file /home/airflow/.local/lib/python3.7/site-packages/airflow/example_dags/example_python_operator.py for tasks to queue
[2025-01-04T23:57:10.727+0000] {logging_mixin.py:137} INFO - [2025-01-04T23:57:10.727+0000] {dagbag.py:538} INFO - Filling up the DagBag from /home/airflow/.local/lib/python3.7/site-packages/airflow/example_dags/example_python_operator.py
[2025-01-04T23:57:10.742+0000] {logging_mixin.py:137} INFO - [2025-01-04T23:57:10.742+0000] {taskmixin.py:205} WARNING - Dependency <Task(_PythonDecoratedOperator): print_the_context>, log_sql_query already registered for DAG: example_python_operator
[2025-01-04T23:57:10.742+0000] {logging_mixin.py:137} INFO - [2025-01-04T23:57:10.742+0000] {taskmixin.py:205} WARNING - Dependency <Task(_PythonDecoratedOperator): log_sql_query>, print_the_context already registered for DAG: example_python_operator
[2025-01-04T23:57:10.743+0000] {logging_mixin.py:137} INFO - [2025-01-04T23:57:10.743+0000] {taskmixin.py:205} WARNING - Dependency <Task(_PythonDecoratedOperator): print_the_context>, log_sql_query already registered for DAG: example_python_operator
[2025-01-04T23:57:10.743+0000] {logging_mixin.py:137} INFO - [2025-01-04T23:57:10.743+0000] {taskmixin.py:205} WARNING - Dependency <Task(_PythonDecoratedOperator): log_sql_query>, print_the_context already registered for DAG: example_python_operator
[2025-01-04T23:57:10.743+0000] {logging_mixin.py:137} INFO - [2025-01-04T23:57:10.743+0000] {taskmixin.py:205} WARNING - Dependency <Task(_PythonDecoratedOperator): print_the_context>, log_sql_query already registered for DAG: example_python_operator
[2025-01-04T23:57:10.743+0000] {logging_mixin.py:137} INFO - [2025-01-04T23:57:10.743+0000] {taskmixin.py:205} WARNING - Dependency <Task(_PythonDecoratedOperator): log_sql_query>, print_the_context already registered for DAG: example_python_operator
[2025-01-04T23:57:10.744+0000] {logging_mixin.py:137} INFO - [2025-01-04T23:57:10.744+0000] {taskmixin.py:205} WARNING - Dependency <Task(_PythonDecoratedOperator): print_the_context>, log_sql_query already registered for DAG: example_python_operator
[2025-01-04T23:57:10.744+0000] {logging_mixin.py:137} INFO - [2025-01-04T23:57:10.744+0000] {taskmixin.py:205} WARNING - Dependency <Task(_PythonDecoratedOperator): log_sql_query>, print_the_context already registered for DAG: example_python_operator
[2025-01-04T23:57:10.749+0000] {processor.py:753} INFO - DAG(s) dict_keys(['example_python_operator']) retrieved from /home/airflow/.local/lib/python3.7/site-packages/airflow/example_dags/example_python_operator.py
[2025-01-04T23:57:10.762+0000] {logging_mixin.py:137} INFO - [2025-01-04T23:57:10.762+0000] {dag.py:2690} INFO - Sync 1 DAGs
[2025-01-04T23:57:10.785+0000] {logging_mixin.py:137} INFO - [2025-01-04T23:57:10.785+0000] {dag.py:3441} INFO - Setting next_dagrun for example_python_operator to None, run_after=None
[2025-01-04T23:57:10.802+0000] {processor.py:175} INFO - Processing /home/airflow/.local/lib/python3.7/site-packages/airflow/example_dags/example_python_operator.py took 0.079 seconds
[2025-01-04T23:57:40.869+0000] {processor.py:153} INFO - Started process (PID=180) to work on /home/airflow/.local/lib/python3.7/site-packages/airflow/example_dags/example_python_operator.py
[2025-01-04T23:57:40.869+0000] {processor.py:743} INFO - Processing file /home/airflow/.local/lib/python3.7/site-packages/airflow/example_dags/example_python_operator.py for tasks to queue
[2025-01-04T23:57:40.870+0000] {logging_mixin.py:137} INFO - [2025-01-04T23:57:40.870+0000] {dagbag.py:538} INFO - Filling up the DagBag from /home/airflow/.local/lib/python3.7/site-packages/airflow/example_dags/example_python_operator.py
[2025-01-04T23:57:40.883+0000] {logging_mixin.py:137} INFO - [2025-01-04T23:57:40.883+0000] {taskmixin.py:205} WARNING - Dependency <Task(_PythonDecoratedOperator): print_the_context>, log_sql_query already registered for DAG: example_python_operator
[2025-01-04T23:57:40.883+0000] {logging_mixin.py:137} INFO - [2025-01-04T23:57:40.883+0000] {taskmixin.py:205} WARNING - Dependency <Task(_PythonDecoratedOperator): log_sql_query>, print_the_context already registered for DAG: example_python_operator
[2025-01-04T23:57:40.884+0000] {logging_mixin.py:137} INFO - [2025-01-04T23:57:40.884+0000] {taskmixin.py:205} WARNING - Dependency <Task(_PythonDecoratedOperator): print_the_context>, log_sql_query already registered for DAG: example_python_operator
[2025-01-04T23:57:40.884+0000] {logging_mixin.py:137} INFO - [2025-01-04T23:57:40.884+0000] {taskmixin.py:205} WARNING - Dependency <Task(_PythonDecoratedOperator): log_sql_query>, print_the_context already registered for DAG: example_python_operator
[2025-01-04T23:57:40.884+0000] {logging_mixin.py:137} INFO - [2025-01-04T23:57:40.884+0000] {taskmixin.py:205} WARNING - Dependency <Task(_PythonDecoratedOperator): print_the_context>, log_sql_query already registered for DAG: example_python_operator
[2025-01-04T23:57:40.884+0000] {logging_mixin.py:137} INFO - [2025-01-04T23:57:40.884+0000] {taskmixin.py:205} WARNING - Dependency <Task(_PythonDecoratedOperator): log_sql_query>, print_the_context already registered for DAG: example_python_operator
[2025-01-04T23:57:40.885+0000] {logging_mixin.py:137} INFO - [2025-01-04T23:57:40.885+0000] {taskmixin.py:205} WARNING - Dependency <Task(_PythonDecoratedOperator): print_the_context>, log_sql_query already registered for DAG: example_python_operator
[2025-01-04T23:57:40.885+0000] {logging_mixin.py:137} INFO - [2025-01-04T23:57:40.885+0000] {taskmixin.py:205} WARNING - Dependency <Task(_PythonDecoratedOperator): log_sql_query>, print_the_context already registered for DAG: example_python_operator
[2025-01-04T23:57:40.890+0000] {processor.py:753} INFO - DAG(s) dict_keys(['example_python_operator']) retrieved from /home/airflow/.local/lib/python3.7/site-packages/airflow/example_dags/example_python_operator.py
[2025-01-04T23:57:40.942+0000] {logging_mixin.py:137} INFO - [2025-01-04T23:57:40.942+0000] {dag.py:2690} INFO - Sync 1 DAGs
[2025-01-04T23:57:40.960+0000] {logging_mixin.py:137} INFO - [2025-01-04T23:57:40.959+0000] {dag.py:3441} INFO - Setting next_dagrun for example_python_operator to None, run_after=None
[2025-01-04T23:57:40.982+0000] {processor.py:175} INFO - Processing /home/airflow/.local/lib/python3.7/site-packages/airflow/example_dags/example_python_operator.py took 0.116 seconds
[2025-01-04T23:58:11.011+0000] {processor.py:153} INFO - Started process (PID=273) to work on /home/airflow/.local/lib/python3.7/site-packages/airflow/example_dags/example_python_operator.py
[2025-01-04T23:58:11.013+0000] {processor.py:743} INFO - Processing file /home/airflow/.local/lib/python3.7/site-packages/airflow/example_dags/example_python_operator.py for tasks to queue
[2025-01-04T23:58:11.013+0000] {logging_mixin.py:137} INFO - [2025-01-04T23:58:11.013+0000] {dagbag.py:538} INFO - Filling up the DagBag from /home/airflow/.local/lib/python3.7/site-packages/airflow/example_dags/example_python_operator.py
[2025-01-04T23:58:11.027+0000] {logging_mixin.py:137} INFO - [2025-01-04T23:58:11.027+0000] {taskmixin.py:205} WARNING - Dependency <Task(_PythonDecoratedOperator): print_the_context>, log_sql_query already registered for DAG: example_python_operator
[2025-01-04T23:58:11.027+0000] {logging_mixin.py:137} INFO - [2025-01-04T23:58:11.027+0000] {taskmixin.py:205} WARNING - Dependency <Task(_PythonDecoratedOperator): log_sql_query>, print_the_context already registered for DAG: example_python_operator
[2025-01-04T23:58:11.028+0000] {logging_mixin.py:137} INFO - [2025-01-04T23:58:11.028+0000] {taskmixin.py:205} WARNING - Dependency <Task(_PythonDecoratedOperator): print_the_context>, log_sql_query already registered for DAG: example_python_operator
[2025-01-04T23:58:11.028+0000] {logging_mixin.py:137} INFO - [2025-01-04T23:58:11.028+0000] {taskmixin.py:205} WARNING - Dependency <Task(_PythonDecoratedOperator): log_sql_query>, print_the_context already registered for DAG: example_python_operator
[2025-01-04T23:58:11.028+0000] {logging_mixin.py:137} INFO - [2025-01-04T23:58:11.028+0000] {taskmixin.py:205} WARNING - Dependency <Task(_PythonDecoratedOperator): print_the_context>, log_sql_query already registered for DAG: example_python_operator
[2025-01-04T23:58:11.028+0000] {logging_mixin.py:137} INFO - [2025-01-04T23:58:11.028+0000] {taskmixin.py:205} WARNING - Dependency <Task(_PythonDecoratedOperator): log_sql_query>, print_the_context already registered for DAG: example_python_operator
[2025-01-04T23:58:11.029+0000] {logging_mixin.py:137} INFO - [2025-01-04T23:58:11.029+0000] {taskmixin.py:205} WARNING - Dependency <Task(_PythonDecoratedOperator): print_the_context>, log_sql_query already registered for DAG: example_python_operator
[2025-01-04T23:58:11.029+0000] {logging_mixin.py:137} INFO - [2025-01-04T23:58:11.029+0000] {taskmixin.py:205} WARNING - Dependency <Task(_PythonDecoratedOperator): log_sql_query>, print_the_context already registered for DAG: example_python_operator
[2025-01-04T23:58:11.034+0000] {processor.py:753} INFO - DAG(s) dict_keys(['example_python_operator']) retrieved from /home/airflow/.local/lib/python3.7/site-packages/airflow/example_dags/example_python_operator.py
[2025-01-04T23:58:11.057+0000] {logging_mixin.py:137} INFO - [2025-01-04T23:58:11.057+0000] {dag.py:2690} INFO - Sync 1 DAGs
[2025-01-04T23:58:11.077+0000] {logging_mixin.py:137} INFO - [2025-01-04T23:58:11.077+0000] {dag.py:3441} INFO - Setting next_dagrun for example_python_operator to None, run_after=None
[2025-01-04T23:58:11.094+0000] {processor.py:175} INFO - Processing /home/airflow/.local/lib/python3.7/site-packages/airflow/example_dags/example_python_operator.py took 0.086 seconds
[2025-01-04T23:58:41.452+0000] {processor.py:153} INFO - Started process (PID=396) to work on /home/airflow/.local/lib/python3.7/site-packages/airflow/example_dags/example_python_operator.py
[2025-01-04T23:58:41.452+0000] {processor.py:743} INFO - Processing file /home/airflow/.local/lib/python3.7/site-packages/airflow/example_dags/example_python_operator.py for tasks to queue
[2025-01-04T23:58:41.453+0000] {logging_mixin.py:137} INFO - [2025-01-04T23:58:41.452+0000] {dagbag.py:538} INFO - Filling up the DagBag from /home/airflow/.local/lib/python3.7/site-packages/airflow/example_dags/example_python_operator.py
[2025-01-04T23:58:41.466+0000] {logging_mixin.py:137} INFO - [2025-01-04T23:58:41.466+0000] {taskmixin.py:205} WARNING - Dependency <Task(_PythonDecoratedOperator): print_the_context>, log_sql_query already registered for DAG: example_python_operator
[2025-01-04T23:58:41.466+0000] {logging_mixin.py:137} INFO - [2025-01-04T23:58:41.466+0000] {taskmixin.py:205} WARNING - Dependency <Task(_PythonDecoratedOperator): log_sql_query>, print_the_context already registered for DAG: example_python_operator
[2025-01-04T23:58:41.467+0000] {logging_mixin.py:137} INFO - [2025-01-04T23:58:41.467+0000] {taskmixin.py:205} WARNING - Dependency <Task(_PythonDecoratedOperator): print_the_context>, log_sql_query already registered for DAG: example_python_operator
[2025-01-04T23:58:41.467+0000] {logging_mixin.py:137} INFO - [2025-01-04T23:58:41.467+0000] {taskmixin.py:205} WARNING - Dependency <Task(_PythonDecoratedOperator): log_sql_query>, print_the_context already registered for DAG: example_python_operator
[2025-01-04T23:58:41.467+0000] {logging_mixin.py:137} INFO - [2025-01-04T23:58:41.467+0000] {taskmixin.py:205} WARNING - Dependency <Task(_PythonDecoratedOperator): print_the_context>, log_sql_query already registered for DAG: example_python_operator
[2025-01-04T23:58:41.467+0000] {logging_mixin.py:137} INFO - [2025-01-04T23:58:41.467+0000] {taskmixin.py:205} WARNING - Dependency <Task(_PythonDecoratedOperator): log_sql_query>, print_the_context already registered for DAG: example_python_operator
[2025-01-04T23:58:41.468+0000] {logging_mixin.py:137} INFO - [2025-01-04T23:58:41.468+0000] {taskmixin.py:205} WARNING - Dependency <Task(_PythonDecoratedOperator): print_the_context>, log_sql_query already registered for DAG: example_python_operator
[2025-01-04T23:58:41.468+0000] {logging_mixin.py:137} INFO - [2025-01-04T23:58:41.468+0000] {taskmixin.py:205} WARNING - Dependency <Task(_PythonDecoratedOperator): log_sql_query>, print_the_context already registered for DAG: example_python_operator
[2025-01-04T23:58:41.473+0000] {processor.py:753} INFO - DAG(s) dict_keys(['example_python_operator']) retrieved from /home/airflow/.local/lib/python3.7/site-packages/airflow/example_dags/example_python_operator.py
[2025-01-04T23:58:41.494+0000] {logging_mixin.py:137} INFO - [2025-01-04T23:58:41.494+0000] {dag.py:2690} INFO - Sync 1 DAGs
[2025-01-04T23:58:41.513+0000] {logging_mixin.py:137} INFO - [2025-01-04T23:58:41.513+0000] {dag.py:3441} INFO - Setting next_dagrun for example_python_operator to None, run_after=None
[2025-01-04T23:58:41.528+0000] {processor.py:175} INFO - Processing /home/airflow/.local/lib/python3.7/site-packages/airflow/example_dags/example_python_operator.py took 0.079 seconds
[2025-01-04T23:59:11.847+0000] {processor.py:153} INFO - Started process (PID=521) to work on /home/airflow/.local/lib/python3.7/site-packages/airflow/example_dags/example_python_operator.py
[2025-01-04T23:59:11.848+0000] {processor.py:743} INFO - Processing file /home/airflow/.local/lib/python3.7/site-packages/airflow/example_dags/example_python_operator.py for tasks to queue
[2025-01-04T23:59:11.848+0000] {logging_mixin.py:137} INFO - [2025-01-04T23:59:11.848+0000] {dagbag.py:538} INFO - Filling up the DagBag from /home/airflow/.local/lib/python3.7/site-packages/airflow/example_dags/example_python_operator.py
[2025-01-04T23:59:11.862+0000] {logging_mixin.py:137} INFO - [2025-01-04T23:59:11.862+0000] {taskmixin.py:205} WARNING - Dependency <Task(_PythonDecoratedOperator): print_the_context>, log_sql_query already registered for DAG: example_python_operator
[2025-01-04T23:59:11.862+0000] {logging_mixin.py:137} INFO - [2025-01-04T23:59:11.862+0000] {taskmixin.py:205} WARNING - Dependency <Task(_PythonDecoratedOperator): log_sql_query>, print_the_context already registered for DAG: example_python_operator
[2025-01-04T23:59:11.863+0000] {logging_mixin.py:137} INFO - [2025-01-04T23:59:11.863+0000] {taskmixin.py:205} WARNING - Dependency <Task(_PythonDecoratedOperator): print_the_context>, log_sql_query already registered for DAG: example_python_operator
[2025-01-04T23:59:11.863+0000] {logging_mixin.py:137} INFO - [2025-01-04T23:59:11.863+0000] {taskmixin.py:205} WARNING - Dependency <Task(_PythonDecoratedOperator): log_sql_query>, print_the_context already registered for DAG: example_python_operator
[2025-01-04T23:59:11.863+0000] {logging_mixin.py:137} INFO - [2025-01-04T23:59:11.863+0000] {taskmixin.py:205} WARNING - Dependency <Task(_PythonDecoratedOperator): print_the_context>, log_sql_query already registered for DAG: example_python_operator
[2025-01-04T23:59:11.863+0000] {logging_mixin.py:137} INFO - [2025-01-04T23:59:11.863+0000] {taskmixin.py:205} WARNING - Dependency <Task(_PythonDecoratedOperator): log_sql_query>, print_the_context already registered for DAG: example_python_operator
[2025-01-04T23:59:11.864+0000] {logging_mixin.py:137} INFO - [2025-01-04T23:59:11.864+0000] {taskmixin.py:205} WARNING - Dependency <Task(_PythonDecoratedOperator): print_the_context>, log_sql_query already registered for DAG: example_python_operator
[2025-01-04T23:59:11.864+0000] {logging_mixin.py:137} INFO - [2025-01-04T23:59:11.864+0000] {taskmixin.py:205} WARNING - Dependency <Task(_PythonDecoratedOperator): log_sql_query>, print_the_context already registered for DAG: example_python_operator
[2025-01-04T23:59:11.869+0000] {processor.py:753} INFO - DAG(s) dict_keys(['example_python_operator']) retrieved from /home/airflow/.local/lib/python3.7/site-packages/airflow/example_dags/example_python_operator.py
[2025-01-04T23:59:11.892+0000] {logging_mixin.py:137} INFO - [2025-01-04T23:59:11.892+0000] {dag.py:2690} INFO - Sync 1 DAGs
[2025-01-04T23:59:11.912+0000] {logging_mixin.py:137} INFO - [2025-01-04T23:59:11.912+0000] {dag.py:3441} INFO - Setting next_dagrun for example_python_operator to None, run_after=None
[2025-01-04T23:59:11.931+0000] {processor.py:175} INFO - Processing /home/airflow/.local/lib/python3.7/site-packages/airflow/example_dags/example_python_operator.py took 0.086 seconds
[2025-01-04T23:59:39.432+0000] {processor.py:153} INFO - Started process (PID=622) to work on /home/airflow/.local/lib/python3.7/site-packages/airflow/example_dags/example_python_operator.py
[2025-01-04T23:59:39.433+0000] {processor.py:743} INFO - Processing file /home/airflow/.local/lib/python3.7/site-packages/airflow/example_dags/example_python_operator.py for tasks to queue
[2025-01-04T23:59:39.433+0000] {logging_mixin.py:137} INFO - [2025-01-04T23:59:39.433+0000] {dagbag.py:538} INFO - Filling up the DagBag from /home/airflow/.local/lib/python3.7/site-packages/airflow/example_dags/example_python_operator.py
[2025-01-04T23:59:39.446+0000] {logging_mixin.py:137} INFO - [2025-01-04T23:59:39.446+0000] {taskmixin.py:205} WARNING - Dependency <Task(_PythonDecoratedOperator): print_the_context>, log_sql_query already registered for DAG: example_python_operator
[2025-01-04T23:59:39.446+0000] {logging_mixin.py:137} INFO - [2025-01-04T23:59:39.446+0000] {taskmixin.py:205} WARNING - Dependency <Task(_PythonDecoratedOperator): log_sql_query>, print_the_context already registered for DAG: example_python_operator
[2025-01-04T23:59:39.447+0000] {logging_mixin.py:137} INFO - [2025-01-04T23:59:39.446+0000] {taskmixin.py:205} WARNING - Dependency <Task(_PythonDecoratedOperator): print_the_context>, log_sql_query already registered for DAG: example_python_operator
[2025-01-04T23:59:39.447+0000] {logging_mixin.py:137} INFO - [2025-01-04T23:59:39.447+0000] {taskmixin.py:205} WARNING - Dependency <Task(_PythonDecoratedOperator): log_sql_query>, print_the_context already registered for DAG: example_python_operator
[2025-01-04T23:59:39.447+0000] {logging_mixin.py:137} INFO - [2025-01-04T23:59:39.447+0000] {taskmixin.py:205} WARNING - Dependency <Task(_PythonDecoratedOperator): print_the_context>, log_sql_query already registered for DAG: example_python_operator
[2025-01-04T23:59:39.447+0000] {logging_mixin.py:137} INFO - [2025-01-04T23:59:39.447+0000] {taskmixin.py:205} WARNING - Dependency <Task(_PythonDecoratedOperator): log_sql_query>, print_the_context already registered for DAG: example_python_operator
[2025-01-04T23:59:39.447+0000] {logging_mixin.py:137} INFO - [2025-01-04T23:59:39.447+0000] {taskmixin.py:205} WARNING - Dependency <Task(_PythonDecoratedOperator): print_the_context>, log_sql_query already registered for DAG: example_python_operator
[2025-01-04T23:59:39.448+0000] {logging_mixin.py:137} INFO - [2025-01-04T23:59:39.448+0000] {taskmixin.py:205} WARNING - Dependency <Task(_PythonDecoratedOperator): log_sql_query>, print_the_context already registered for DAG: example_python_operator
[2025-01-04T23:59:39.452+0000] {processor.py:753} INFO - DAG(s) dict_keys(['example_python_operator']) retrieved from /home/airflow/.local/lib/python3.7/site-packages/airflow/example_dags/example_python_operator.py
[2025-01-04T23:59:39.473+0000] {logging_mixin.py:137} INFO - [2025-01-04T23:59:39.473+0000] {dag.py:2690} INFO - Sync 1 DAGs
[2025-01-04T23:59:39.495+0000] {logging_mixin.py:137} INFO - [2025-01-04T23:59:39.495+0000] {dag.py:3441} INFO - Setting next_dagrun for example_python_operator to None, run_after=None
[2025-01-04T23:59:39.514+0000] {processor.py:175} INFO - Processing /home/airflow/.local/lib/python3.7/site-packages/airflow/example_dags/example_python_operator.py took 0.084 seconds
