[2025-01-04T23:57:56.837+0000] {processor.py:153} INFO - Started process (PID=54) to work on /home/airflow/.local/lib/python3.7/site-packages/airflow/example_dags/example_latest_only.py
[2025-01-04T23:57:56.837+0000] {processor.py:743} INFO - Processing file /home/airflow/.local/lib/python3.7/site-packages/airflow/example_dags/example_latest_only.py for tasks to queue
[2025-01-04T23:57:56.838+0000] {logging_mixin.py:137} INFO - [2025-01-04T23:57:56.838+0000] {dagbag.py:538} INFO - Filling up the DagBag from /home/airflow/.local/lib/python3.7/site-packages/airflow/example_dags/example_latest_only.py
[2025-01-04T23:57:56.849+0000] {processor.py:753} INFO - DAG(s) dict_keys(['latest_only']) retrieved from /home/airflow/.local/lib/python3.7/site-packages/airflow/example_dags/example_latest_only.py
[2025-01-04T23:57:56.873+0000] {logging_mixin.py:137} INFO - [2025-01-04T23:57:56.873+0000] {dag.py:2690} INFO - Sync 1 DAGs
[2025-01-04T23:57:10.604+0000] {logging_mixin.py:137} INFO - [2025-01-04T23:57:10.604+0000] {dag.py:3441} INFO - Setting next_dagrun for latest_only to 2025-01-04T19:57:10.604163+00:00, run_after=2025-01-04T23:57:10.604163+00:00
[2025-01-04T23:57:10.621+0000] {processor.py:175} INFO - Processing /home/airflow/.local/lib/python3.7/site-packages/airflow/example_dags/example_latest_only.py took 0.076 seconds
[2025-01-04T23:57:40.680+0000] {processor.py:153} INFO - Started process (PID=177) to work on /home/airflow/.local/lib/python3.7/site-packages/airflow/example_dags/example_latest_only.py
[2025-01-04T23:57:40.681+0000] {processor.py:743} INFO - Processing file /home/airflow/.local/lib/python3.7/site-packages/airflow/example_dags/example_latest_only.py for tasks to queue
[2025-01-04T23:57:40.681+0000] {logging_mixin.py:137} INFO - [2025-01-04T23:57:40.681+0000] {dagbag.py:538} INFO - Filling up the DagBag from /home/airflow/.local/lib/python3.7/site-packages/airflow/example_dags/example_latest_only.py
[2025-01-04T23:57:40.691+0000] {processor.py:753} INFO - DAG(s) dict_keys(['latest_only']) retrieved from /home/airflow/.local/lib/python3.7/site-packages/airflow/example_dags/example_latest_only.py
[2025-01-04T23:57:40.711+0000] {logging_mixin.py:137} INFO - [2025-01-04T23:57:40.711+0000] {dag.py:2690} INFO - Sync 1 DAGs
[2025-01-04T23:57:40.734+0000] {logging_mixin.py:137} INFO - [2025-01-04T23:57:40.734+0000] {dag.py:3441} INFO - Setting next_dagrun for latest_only to 2025-01-04T19:57:40.733759+00:00, run_after=2025-01-04T23:57:40.733759+00:00
[2025-01-04T23:57:40.754+0000] {processor.py:175} INFO - Processing /home/airflow/.local/lib/python3.7/site-packages/airflow/example_dags/example_latest_only.py took 0.076 seconds
[2025-01-04T23:58:10.825+0000] {processor.py:153} INFO - Started process (PID=270) to work on /home/airflow/.local/lib/python3.7/site-packages/airflow/example_dags/example_latest_only.py
[2025-01-04T23:58:10.826+0000] {processor.py:743} INFO - Processing file /home/airflow/.local/lib/python3.7/site-packages/airflow/example_dags/example_latest_only.py for tasks to queue
[2025-01-04T23:58:10.827+0000] {logging_mixin.py:137} INFO - [2025-01-04T23:58:10.827+0000] {dagbag.py:538} INFO - Filling up the DagBag from /home/airflow/.local/lib/python3.7/site-packages/airflow/example_dags/example_latest_only.py
[2025-01-04T23:58:10.836+0000] {processor.py:753} INFO - DAG(s) dict_keys(['latest_only']) retrieved from /home/airflow/.local/lib/python3.7/site-packages/airflow/example_dags/example_latest_only.py
[2025-01-04T23:58:10.858+0000] {logging_mixin.py:137} INFO - [2025-01-04T23:58:10.857+0000] {dag.py:2690} INFO - Sync 1 DAGs
[2025-01-04T23:58:10.879+0000] {logging_mixin.py:137} INFO - [2025-01-04T23:58:10.879+0000] {dag.py:3441} INFO - Setting next_dagrun for latest_only to 2025-01-04T19:58:10.879137+00:00, run_after=2025-01-04T23:58:10.879137+00:00
[2025-01-04T23:58:10.898+0000] {processor.py:175} INFO - Processing /home/airflow/.local/lib/python3.7/site-packages/airflow/example_dags/example_latest_only.py took 0.075 seconds
[2025-01-04T23:58:41.253+0000] {processor.py:153} INFO - Started process (PID=393) to work on /home/airflow/.local/lib/python3.7/site-packages/airflow/example_dags/example_latest_only.py
[2025-01-04T23:58:41.253+0000] {processor.py:743} INFO - Processing file /home/airflow/.local/lib/python3.7/site-packages/airflow/example_dags/example_latest_only.py for tasks to queue
[2025-01-04T23:58:41.254+0000] {logging_mixin.py:137} INFO - [2025-01-04T23:58:41.254+0000] {dagbag.py:538} INFO - Filling up the DagBag from /home/airflow/.local/lib/python3.7/site-packages/airflow/example_dags/example_latest_only.py
[2025-01-04T23:58:41.266+0000] {processor.py:753} INFO - DAG(s) dict_keys(['latest_only']) retrieved from /home/airflow/.local/lib/python3.7/site-packages/airflow/example_dags/example_latest_only.py
[2025-01-04T23:58:41.290+0000] {logging_mixin.py:137} INFO - [2025-01-04T23:58:41.290+0000] {dag.py:2690} INFO - Sync 1 DAGs
[2025-01-04T23:58:41.312+0000] {logging_mixin.py:137} INFO - [2025-01-04T23:58:41.311+0000] {dag.py:3441} INFO - Setting next_dagrun for latest_only to 2025-01-04T19:58:41.311663+00:00, run_after=2025-01-04T23:58:41.311663+00:00
[2025-01-04T23:58:41.329+0000] {processor.py:175} INFO - Processing /home/airflow/.local/lib/python3.7/site-packages/airflow/example_dags/example_latest_only.py took 0.081 seconds
[2025-01-04T23:59:11.643+0000] {processor.py:153} INFO - Started process (PID=518) to work on /home/airflow/.local/lib/python3.7/site-packages/airflow/example_dags/example_latest_only.py
[2025-01-04T23:59:11.644+0000] {processor.py:743} INFO - Processing file /home/airflow/.local/lib/python3.7/site-packages/airflow/example_dags/example_latest_only.py for tasks to queue
[2025-01-04T23:59:11.645+0000] {logging_mixin.py:137} INFO - [2025-01-04T23:59:11.644+0000] {dagbag.py:538} INFO - Filling up the DagBag from /home/airflow/.local/lib/python3.7/site-packages/airflow/example_dags/example_latest_only.py
[2025-01-04T23:59:11.655+0000] {processor.py:753} INFO - DAG(s) dict_keys(['latest_only']) retrieved from /home/airflow/.local/lib/python3.7/site-packages/airflow/example_dags/example_latest_only.py
[2025-01-04T23:59:11.679+0000] {logging_mixin.py:137} INFO - [2025-01-04T23:59:11.679+0000] {dag.py:2690} INFO - Sync 1 DAGs
[2025-01-04T23:59:11.707+0000] {logging_mixin.py:137} INFO - [2025-01-04T23:59:11.707+0000] {dag.py:3441} INFO - Setting next_dagrun for latest_only to 2025-01-04T19:59:11.706957+00:00, run_after=2025-01-04T23:59:11.706957+00:00
[2025-01-04T23:59:11.732+0000] {processor.py:175} INFO - Processing /home/airflow/.local/lib/python3.7/site-packages/airflow/example_dags/example_latest_only.py took 0.094 seconds
[2025-01-04T23:59:39.325+0000] {processor.py:153} INFO - Started process (PID=619) to work on /home/airflow/.local/lib/python3.7/site-packages/airflow/example_dags/example_latest_only.py
[2025-01-04T23:59:39.326+0000] {processor.py:743} INFO - Processing file /home/airflow/.local/lib/python3.7/site-packages/airflow/example_dags/example_latest_only.py for tasks to queue
[2025-01-04T23:59:39.326+0000] {logging_mixin.py:137} INFO - [2025-01-04T23:59:39.326+0000] {dagbag.py:538} INFO - Filling up the DagBag from /home/airflow/.local/lib/python3.7/site-packages/airflow/example_dags/example_latest_only.py
[2025-01-04T23:59:39.337+0000] {processor.py:753} INFO - DAG(s) dict_keys(['latest_only']) retrieved from /home/airflow/.local/lib/python3.7/site-packages/airflow/example_dags/example_latest_only.py
[2025-01-04T23:59:39.360+0000] {logging_mixin.py:137} INFO - [2025-01-04T23:59:39.360+0000] {dag.py:2690} INFO - Sync 1 DAGs
[2025-01-04T23:59:39.381+0000] {logging_mixin.py:137} INFO - [2025-01-04T23:59:39.381+0000] {dag.py:3441} INFO - Setting next_dagrun for latest_only to 2025-01-04T19:59:39.381101+00:00, run_after=2025-01-04T23:59:39.381101+00:00
[2025-01-04T23:59:39.397+0000] {processor.py:175} INFO - Processing /home/airflow/.local/lib/python3.7/site-packages/airflow/example_dags/example_latest_only.py took 0.074 seconds
