[2025-01-04T23:57:11.175+0000] {processor.py:153} INFO - Started process (PID=65) to work on /home/airflow/.local/lib/python3.7/site-packages/airflow/example_dags/example_kubernetes_executor.py
[2025-01-04T23:57:11.176+0000] {processor.py:743} INFO - Processing file /home/airflow/.local/lib/python3.7/site-packages/airflow/example_dags/example_kubernetes_executor.py for tasks to queue
[2025-01-04T23:57:11.176+0000] {logging_mixin.py:137} INFO - [2025-01-04T23:57:11.176+0000] {dagbag.py:538} INFO - Filling up the DagBag from /home/airflow/.local/lib/python3.7/site-packages/airflow/example_dags/example_kubernetes_executor.py
[2025-01-04T23:57:11.200+0000] {processor.py:753} INFO - DAG(s) dict_keys(['example_kubernetes_executor']) retrieved from /home/airflow/.local/lib/python3.7/site-packages/airflow/example_dags/example_kubernetes_executor.py
[2025-01-04T23:57:11.214+0000] {logging_mixin.py:137} INFO - [2025-01-04T23:57:11.214+0000] {dag.py:2690} INFO - Sync 1 DAGs
[2025-01-04T23:57:11.237+0000] {logging_mixin.py:137} INFO - [2025-01-04T23:57:11.237+0000] {dag.py:3441} INFO - Setting next_dagrun for example_kubernetes_executor to None, run_after=None
[2025-01-04T23:57:11.254+0000] {processor.py:175} INFO - Processing /home/airflow/.local/lib/python3.7/site-packages/airflow/example_dags/example_kubernetes_executor.py took 0.081 seconds
[2025-01-04T23:57:41.442+0000] {processor.py:153} INFO - Started process (PID=188) to work on /home/airflow/.local/lib/python3.7/site-packages/airflow/example_dags/example_kubernetes_executor.py
[2025-01-04T23:57:41.442+0000] {processor.py:743} INFO - Processing file /home/airflow/.local/lib/python3.7/site-packages/airflow/example_dags/example_kubernetes_executor.py for tasks to queue
[2025-01-04T23:57:41.443+0000] {logging_mixin.py:137} INFO - [2025-01-04T23:57:41.443+0000] {dagbag.py:538} INFO - Filling up the DagBag from /home/airflow/.local/lib/python3.7/site-packages/airflow/example_dags/example_kubernetes_executor.py
[2025-01-04T23:57:41.464+0000] {processor.py:753} INFO - DAG(s) dict_keys(['example_kubernetes_executor']) retrieved from /home/airflow/.local/lib/python3.7/site-packages/airflow/example_dags/example_kubernetes_executor.py
[2025-01-04T23:57:41.487+0000] {logging_mixin.py:137} INFO - [2025-01-04T23:57:41.487+0000] {dag.py:2690} INFO - Sync 1 DAGs
[2025-01-04T23:57:41.506+0000] {logging_mixin.py:137} INFO - [2025-01-04T23:57:41.506+0000] {dag.py:3441} INFO - Setting next_dagrun for example_kubernetes_executor to None, run_after=None
[2025-01-04T23:57:41.521+0000] {processor.py:175} INFO - Processing /home/airflow/.local/lib/python3.7/site-packages/airflow/example_dags/example_kubernetes_executor.py took 0.081 seconds
[2025-01-04T23:58:11.587+0000] {processor.py:153} INFO - Started process (PID=281) to work on /home/airflow/.local/lib/python3.7/site-packages/airflow/example_dags/example_kubernetes_executor.py
[2025-01-04T23:58:11.590+0000] {processor.py:743} INFO - Processing file /home/airflow/.local/lib/python3.7/site-packages/airflow/example_dags/example_kubernetes_executor.py for tasks to queue
[2025-01-04T23:58:11.591+0000] {logging_mixin.py:137} INFO - [2025-01-04T23:58:11.590+0000] {dagbag.py:538} INFO - Filling up the DagBag from /home/airflow/.local/lib/python3.7/site-packages/airflow/example_dags/example_kubernetes_executor.py
[2025-01-04T23:58:11.650+0000] {processor.py:753} INFO - DAG(s) dict_keys(['example_kubernetes_executor']) retrieved from /home/airflow/.local/lib/python3.7/site-packages/airflow/example_dags/example_kubernetes_executor.py
[2025-01-04T23:58:11.676+0000] {logging_mixin.py:137} INFO - [2025-01-04T23:58:11.675+0000] {dag.py:2690} INFO - Sync 1 DAGs
[2025-01-04T23:58:11.696+0000] {logging_mixin.py:137} INFO - [2025-01-04T23:58:11.696+0000] {dag.py:3441} INFO - Setting next_dagrun for example_kubernetes_executor to None, run_after=None
[2025-01-04T23:58:11.712+0000] {processor.py:175} INFO - Processing /home/airflow/.local/lib/python3.7/site-packages/airflow/example_dags/example_kubernetes_executor.py took 0.130 seconds
[2025-01-04T23:58:42.026+0000] {processor.py:153} INFO - Started process (PID=404) to work on /home/airflow/.local/lib/python3.7/site-packages/airflow/example_dags/example_kubernetes_executor.py
[2025-01-04T23:58:42.027+0000] {processor.py:743} INFO - Processing file /home/airflow/.local/lib/python3.7/site-packages/airflow/example_dags/example_kubernetes_executor.py for tasks to queue
[2025-01-04T23:58:42.027+0000] {logging_mixin.py:137} INFO - [2025-01-04T23:58:42.027+0000] {dagbag.py:538} INFO - Filling up the DagBag from /home/airflow/.local/lib/python3.7/site-packages/airflow/example_dags/example_kubernetes_executor.py
[2025-01-04T23:58:42.050+0000] {processor.py:753} INFO - DAG(s) dict_keys(['example_kubernetes_executor']) retrieved from /home/airflow/.local/lib/python3.7/site-packages/airflow/example_dags/example_kubernetes_executor.py
[2025-01-04T23:58:42.074+0000] {logging_mixin.py:137} INFO - [2025-01-04T23:58:42.073+0000] {dag.py:2690} INFO - Sync 1 DAGs
[2025-01-04T23:58:42.093+0000] {logging_mixin.py:137} INFO - [2025-01-04T23:58:42.093+0000] {dag.py:3441} INFO - Setting next_dagrun for example_kubernetes_executor to None, run_after=None
[2025-01-04T23:58:42.109+0000] {processor.py:175} INFO - Processing /home/airflow/.local/lib/python3.7/site-packages/airflow/example_dags/example_kubernetes_executor.py took 0.085 seconds
[2025-01-04T23:59:12.420+0000] {processor.py:153} INFO - Started process (PID=529) to work on /home/airflow/.local/lib/python3.7/site-packages/airflow/example_dags/example_kubernetes_executor.py
[2025-01-04T23:59:12.423+0000] {processor.py:743} INFO - Processing file /home/airflow/.local/lib/python3.7/site-packages/airflow/example_dags/example_kubernetes_executor.py for tasks to queue
[2025-01-04T23:59:12.423+0000] {logging_mixin.py:137} INFO - [2025-01-04T23:59:12.423+0000] {dagbag.py:538} INFO - Filling up the DagBag from /home/airflow/.local/lib/python3.7/site-packages/airflow/example_dags/example_kubernetes_executor.py
[2025-01-04T23:59:12.445+0000] {processor.py:753} INFO - DAG(s) dict_keys(['example_kubernetes_executor']) retrieved from /home/airflow/.local/lib/python3.7/site-packages/airflow/example_dags/example_kubernetes_executor.py
[2025-01-04T23:59:12.469+0000] {logging_mixin.py:137} INFO - [2025-01-04T23:59:12.469+0000] {dag.py:2690} INFO - Sync 1 DAGs
[2025-01-04T23:59:12.488+0000] {logging_mixin.py:137} INFO - [2025-01-04T23:59:12.488+0000] {dag.py:3441} INFO - Setting next_dagrun for example_kubernetes_executor to None, run_after=None
[2025-01-04T23:59:12.505+0000] {processor.py:175} INFO - Processing /home/airflow/.local/lib/python3.7/site-packages/airflow/example_dags/example_kubernetes_executor.py took 0.087 seconds
[2025-01-04T23:59:39.814+0000] {processor.py:153} INFO - Started process (PID=630) to work on /home/airflow/.local/lib/python3.7/site-packages/airflow/example_dags/example_kubernetes_executor.py
[2025-01-04T23:59:39.814+0000] {processor.py:743} INFO - Processing file /home/airflow/.local/lib/python3.7/site-packages/airflow/example_dags/example_kubernetes_executor.py for tasks to queue
[2025-01-04T23:59:39.815+0000] {logging_mixin.py:137} INFO - [2025-01-04T23:59:39.815+0000] {dagbag.py:538} INFO - Filling up the DagBag from /home/airflow/.local/lib/python3.7/site-packages/airflow/example_dags/example_kubernetes_executor.py
[2025-01-04T23:59:39.836+0000] {processor.py:753} INFO - DAG(s) dict_keys(['example_kubernetes_executor']) retrieved from /home/airflow/.local/lib/python3.7/site-packages/airflow/example_dags/example_kubernetes_executor.py
[2025-01-04T23:59:39.862+0000] {logging_mixin.py:137} INFO - [2025-01-04T23:59:39.862+0000] {dag.py:2690} INFO - Sync 1 DAGs
[2025-01-04T23:59:39.884+0000] {logging_mixin.py:137} INFO - [2025-01-04T23:59:39.883+0000] {dag.py:3441} INFO - Setting next_dagrun for example_kubernetes_executor to None, run_after=None
[2025-01-04T23:59:39.902+0000] {processor.py:175} INFO - Processing /home/airflow/.local/lib/python3.7/site-packages/airflow/example_dags/example_kubernetes_executor.py took 0.091 seconds
