[2025-01-04T23:57:12.150+0000] {processor.py:153} INFO - Started process (PID=85) to work on /home/airflow/.local/lib/python3.7/site-packages/airflow/example_dags/example_short_circuit_operator.py
[2025-01-04T23:57:12.151+0000] {processor.py:743} INFO - Processing file /home/airflow/.local/lib/python3.7/site-packages/airflow/example_dags/example_short_circuit_operator.py for tasks to queue
[2025-01-04T23:57:12.152+0000] {logging_mixin.py:137} INFO - [2025-01-04T23:57:12.151+0000] {dagbag.py:538} INFO - Filling up the DagBag from /home/airflow/.local/lib/python3.7/site-packages/airflow/example_dags/example_short_circuit_operator.py
[2025-01-04T23:57:12.170+0000] {processor.py:753} INFO - DAG(s) dict_keys(['example_short_circuit_operator']) retrieved from /home/airflow/.local/lib/python3.7/site-packages/airflow/example_dags/example_short_circuit_operator.py
[2025-01-04T23:57:12.186+0000] {logging_mixin.py:137} INFO - [2025-01-04T23:57:12.186+0000] {dag.py:2690} INFO - Sync 1 DAGs
[2025-01-04T23:57:12.212+0000] {logging_mixin.py:137} INFO - [2025-01-04T23:57:12.212+0000] {dag.py:3441} INFO - Setting next_dagrun for example_short_circuit_operator to 2025-01-03T23:57:12.212569+00:00, run_after=2025-01-04T23:57:12.212569+00:00
[2025-01-04T23:57:12.232+0000] {processor.py:175} INFO - Processing /home/airflow/.local/lib/python3.7/site-packages/airflow/example_dags/example_short_circuit_operator.py took 0.087 seconds
[2025-01-04T23:57:42.468+0000] {processor.py:153} INFO - Started process (PID=208) to work on /home/airflow/.local/lib/python3.7/site-packages/airflow/example_dags/example_short_circuit_operator.py
[2025-01-04T23:57:42.468+0000] {processor.py:743} INFO - Processing file /home/airflow/.local/lib/python3.7/site-packages/airflow/example_dags/example_short_circuit_operator.py for tasks to queue
[2025-01-04T23:57:42.469+0000] {logging_mixin.py:137} INFO - [2025-01-04T23:57:42.469+0000] {dagbag.py:538} INFO - Filling up the DagBag from /home/airflow/.local/lib/python3.7/site-packages/airflow/example_dags/example_short_circuit_operator.py
[2025-01-04T23:57:42.482+0000] {processor.py:753} INFO - DAG(s) dict_keys(['example_short_circuit_operator']) retrieved from /home/airflow/.local/lib/python3.7/site-packages/airflow/example_dags/example_short_circuit_operator.py
[2025-01-04T23:57:42.503+0000] {logging_mixin.py:137} INFO - [2025-01-04T23:57:42.503+0000] {dag.py:2690} INFO - Sync 1 DAGs
[2025-01-04T23:57:42.529+0000] {logging_mixin.py:137} INFO - [2025-01-04T23:57:42.529+0000] {dag.py:3441} INFO - Setting next_dagrun for example_short_circuit_operator to 2025-01-03T23:57:42.529438+00:00, run_after=2025-01-04T23:57:42.529438+00:00
[2025-01-04T23:57:42.544+0000] {processor.py:175} INFO - Processing /home/airflow/.local/lib/python3.7/site-packages/airflow/example_dags/example_short_circuit_operator.py took 0.079 seconds
[2025-01-04T23:58:12.814+0000] {processor.py:153} INFO - Started process (PID=329) to work on /home/airflow/.local/lib/python3.7/site-packages/airflow/example_dags/example_short_circuit_operator.py
[2025-01-04T23:58:12.815+0000] {processor.py:743} INFO - Processing file /home/airflow/.local/lib/python3.7/site-packages/airflow/example_dags/example_short_circuit_operator.py for tasks to queue
[2025-01-04T23:58:12.815+0000] {logging_mixin.py:137} INFO - [2025-01-04T23:58:12.815+0000] {dagbag.py:538} INFO - Filling up the DagBag from /home/airflow/.local/lib/python3.7/site-packages/airflow/example_dags/example_short_circuit_operator.py
[2025-01-04T23:58:12.827+0000] {processor.py:753} INFO - DAG(s) dict_keys(['example_short_circuit_operator']) retrieved from /home/airflow/.local/lib/python3.7/site-packages/airflow/example_dags/example_short_circuit_operator.py
[2025-01-04T23:58:12.849+0000] {logging_mixin.py:137} INFO - [2025-01-04T23:58:12.849+0000] {dag.py:2690} INFO - Sync 1 DAGs
[2025-01-04T23:58:12.869+0000] {logging_mixin.py:137} INFO - [2025-01-04T23:58:12.869+0000] {dag.py:3441} INFO - Setting next_dagrun for example_short_circuit_operator to 2025-01-03T23:58:12.868948+00:00, run_after=2025-01-04T23:58:12.868948+00:00
[2025-01-04T23:58:12.888+0000] {processor.py:175} INFO - Processing /home/airflow/.local/lib/python3.7/site-packages/airflow/example_dags/example_short_circuit_operator.py took 0.077 seconds
[2025-01-04T23:58:43.025+0000] {processor.py:153} INFO - Started process (PID=424) to work on /home/airflow/.local/lib/python3.7/site-packages/airflow/example_dags/example_short_circuit_operator.py
[2025-01-04T23:58:43.026+0000] {processor.py:743} INFO - Processing file /home/airflow/.local/lib/python3.7/site-packages/airflow/example_dags/example_short_circuit_operator.py for tasks to queue
[2025-01-04T23:58:43.026+0000] {logging_mixin.py:137} INFO - [2025-01-04T23:58:43.026+0000] {dagbag.py:538} INFO - Filling up the DagBag from /home/airflow/.local/lib/python3.7/site-packages/airflow/example_dags/example_short_circuit_operator.py
[2025-01-04T23:58:43.038+0000] {processor.py:753} INFO - DAG(s) dict_keys(['example_short_circuit_operator']) retrieved from /home/airflow/.local/lib/python3.7/site-packages/airflow/example_dags/example_short_circuit_operator.py
[2025-01-04T23:58:43.059+0000] {logging_mixin.py:137} INFO - [2025-01-04T23:58:43.058+0000] {dag.py:2690} INFO - Sync 1 DAGs
[2025-01-04T23:58:43.078+0000] {logging_mixin.py:137} INFO - [2025-01-04T23:58:43.078+0000] {dag.py:3441} INFO - Setting next_dagrun for example_short_circuit_operator to 2025-01-03T23:58:43.077769+00:00, run_after=2025-01-04T23:58:43.077769+00:00
[2025-01-04T23:58:43.094+0000] {processor.py:175} INFO - Processing /home/airflow/.local/lib/python3.7/site-packages/airflow/example_dags/example_short_circuit_operator.py took 0.071 seconds
[2025-01-04T23:59:13.477+0000] {processor.py:153} INFO - Started process (PID=549) to work on /home/airflow/.local/lib/python3.7/site-packages/airflow/example_dags/example_short_circuit_operator.py
[2025-01-04T23:59:13.478+0000] {processor.py:743} INFO - Processing file /home/airflow/.local/lib/python3.7/site-packages/airflow/example_dags/example_short_circuit_operator.py for tasks to queue
[2025-01-04T23:59:13.478+0000] {logging_mixin.py:137} INFO - [2025-01-04T23:59:13.478+0000] {dagbag.py:538} INFO - Filling up the DagBag from /home/airflow/.local/lib/python3.7/site-packages/airflow/example_dags/example_short_circuit_operator.py
[2025-01-04T23:59:13.491+0000] {processor.py:753} INFO - DAG(s) dict_keys(['example_short_circuit_operator']) retrieved from /home/airflow/.local/lib/python3.7/site-packages/airflow/example_dags/example_short_circuit_operator.py
[2025-01-04T23:59:13.511+0000] {logging_mixin.py:137} INFO - [2025-01-04T23:59:13.510+0000] {dag.py:2690} INFO - Sync 1 DAGs
[2025-01-04T23:59:13.530+0000] {logging_mixin.py:137} INFO - [2025-01-04T23:59:13.530+0000] {dag.py:3441} INFO - Setting next_dagrun for example_short_circuit_operator to 2025-01-03T23:59:13.530040+00:00, run_after=2025-01-04T23:59:13.530040+00:00
[2025-01-04T23:59:13.548+0000] {processor.py:175} INFO - Processing /home/airflow/.local/lib/python3.7/site-packages/airflow/example_dags/example_short_circuit_operator.py took 0.073 seconds
[2025-01-05T00:00:27.066+0000] {processor.py:153} INFO - Started process (PID=650) to work on /home/airflow/.local/lib/python3.7/site-packages/airflow/example_dags/example_short_circuit_operator.py
[2025-01-05T00:00:27.066+0000] {processor.py:743} INFO - Processing file /home/airflow/.local/lib/python3.7/site-packages/airflow/example_dags/example_short_circuit_operator.py for tasks to queue
[2025-01-05T00:00:27.067+0000] {logging_mixin.py:137} INFO - [2025-01-05T00:00:27.067+0000] {dagbag.py:538} INFO - Filling up the DagBag from /home/airflow/.local/lib/python3.7/site-packages/airflow/example_dags/example_short_circuit_operator.py
[2025-01-05T00:00:27.079+0000] {processor.py:753} INFO - DAG(s) dict_keys(['example_short_circuit_operator']) retrieved from /home/airflow/.local/lib/python3.7/site-packages/airflow/example_dags/example_short_circuit_operator.py
[2025-01-05T00:00:27.099+0000] {logging_mixin.py:137} INFO - [2025-01-05T00:00:27.099+0000] {dag.py:2690} INFO - Sync 1 DAGs
[2025-01-05T00:00:27.119+0000] {logging_mixin.py:137} INFO - [2025-01-05T00:00:27.119+0000] {dag.py:3441} INFO - Setting next_dagrun for example_short_circuit_operator to 2025-01-04T00:00:27.118931+00:00, run_after=2025-01-05T00:00:27.118931+00:00
[2025-01-05T00:00:27.135+0000] {processor.py:175} INFO - Processing /home/airflow/.local/lib/python3.7/site-packages/airflow/example_dags/example_short_circuit_operator.py took 0.072 seconds
