[2025-01-04T23:57:12.237+0000] {processor.py:153} INFO - Started process (PID=86) to work on /home/airflow/.local/lib/python3.7/site-packages/airflow/example_dags/example_bash_operator.py
[2025-01-04T23:57:12.237+0000] {processor.py:743} INFO - Processing file /home/airflow/.local/lib/python3.7/site-packages/airflow/example_dags/example_bash_operator.py for tasks to queue
[2025-01-04T23:57:12.238+0000] {logging_mixin.py:137} INFO - [2025-01-04T23:57:12.238+0000] {dagbag.py:538} INFO - Filling up the DagBag from /home/airflow/.local/lib/python3.7/site-packages/airflow/example_dags/example_bash_operator.py
[2025-01-04T23:57:12.256+0000] {processor.py:753} INFO - DAG(s) dict_keys(['example_bash_operator']) retrieved from /home/airflow/.local/lib/python3.7/site-packages/airflow/example_dags/example_bash_operator.py
[2025-01-04T23:57:12.267+0000] {logging_mixin.py:137} INFO - [2025-01-04T23:57:12.267+0000] {dag.py:2690} INFO - Sync 1 DAGs
[2025-01-04T23:57:12.291+0000] {logging_mixin.py:137} INFO - [2025-01-04T23:57:12.290+0000] {dag.py:3441} INFO - Setting next_dagrun for example_bash_operator to 2025-01-03T00:00:00+00:00, run_after=2025-01-04T00:00:00+00:00
[2025-01-04T23:57:12.310+0000] {processor.py:175} INFO - Processing /home/airflow/.local/lib/python3.7/site-packages/airflow/example_dags/example_bash_operator.py took 0.075 seconds
[2025-01-04T23:57:42.507+0000] {processor.py:153} INFO - Started process (PID=209) to work on /home/airflow/.local/lib/python3.7/site-packages/airflow/example_dags/example_bash_operator.py
[2025-01-04T23:57:42.508+0000] {processor.py:743} INFO - Processing file /home/airflow/.local/lib/python3.7/site-packages/airflow/example_dags/example_bash_operator.py for tasks to queue
[2025-01-04T23:57:42.509+0000] {logging_mixin.py:137} INFO - [2025-01-04T23:57:42.508+0000] {dagbag.py:538} INFO - Filling up the DagBag from /home/airflow/.local/lib/python3.7/site-packages/airflow/example_dags/example_bash_operator.py
[2025-01-04T23:57:42.529+0000] {processor.py:753} INFO - DAG(s) dict_keys(['example_bash_operator']) retrieved from /home/airflow/.local/lib/python3.7/site-packages/airflow/example_dags/example_bash_operator.py
[2025-01-04T23:57:42.559+0000] {logging_mixin.py:137} INFO - [2025-01-04T23:57:42.559+0000] {dag.py:2690} INFO - Sync 1 DAGs
[2025-01-04T23:57:42.581+0000] {logging_mixin.py:137} INFO - [2025-01-04T23:57:42.581+0000] {dag.py:3441} INFO - Setting next_dagrun for example_bash_operator to 2025-01-03T00:00:00+00:00, run_after=2025-01-04T00:00:00+00:00
[2025-01-04T23:57:42.598+0000] {processor.py:175} INFO - Processing /home/airflow/.local/lib/python3.7/site-packages/airflow/example_dags/example_bash_operator.py took 0.093 seconds
[2025-01-04T23:58:12.822+0000] {processor.py:153} INFO - Started process (PID=330) to work on /home/airflow/.local/lib/python3.7/site-packages/airflow/example_dags/example_bash_operator.py
[2025-01-04T23:58:12.823+0000] {processor.py:743} INFO - Processing file /home/airflow/.local/lib/python3.7/site-packages/airflow/example_dags/example_bash_operator.py for tasks to queue
[2025-01-04T23:58:12.824+0000] {logging_mixin.py:137} INFO - [2025-01-04T23:58:12.823+0000] {dagbag.py:538} INFO - Filling up the DagBag from /home/airflow/.local/lib/python3.7/site-packages/airflow/example_dags/example_bash_operator.py
[2025-01-04T23:58:12.840+0000] {processor.py:753} INFO - DAG(s) dict_keys(['example_bash_operator']) retrieved from /home/airflow/.local/lib/python3.7/site-packages/airflow/example_dags/example_bash_operator.py
[2025-01-04T23:58:12.872+0000] {logging_mixin.py:137} INFO - [2025-01-04T23:58:12.872+0000] {dag.py:2690} INFO - Sync 1 DAGs
[2025-01-04T23:58:12.895+0000] {logging_mixin.py:137} INFO - [2025-01-04T23:58:12.895+0000] {dag.py:3441} INFO - Setting next_dagrun for example_bash_operator to 2025-01-03T00:00:00+00:00, run_after=2025-01-04T00:00:00+00:00
[2025-01-04T23:58:12.916+0000] {processor.py:175} INFO - Processing /home/airflow/.local/lib/python3.7/site-packages/airflow/example_dags/example_bash_operator.py took 0.096 seconds
[2025-01-04T23:58:43.105+0000] {processor.py:153} INFO - Started process (PID=425) to work on /home/airflow/.local/lib/python3.7/site-packages/airflow/example_dags/example_bash_operator.py
[2025-01-04T23:58:43.106+0000] {processor.py:743} INFO - Processing file /home/airflow/.local/lib/python3.7/site-packages/airflow/example_dags/example_bash_operator.py for tasks to queue
[2025-01-04T23:58:43.106+0000] {logging_mixin.py:137} INFO - [2025-01-04T23:58:43.106+0000] {dagbag.py:538} INFO - Filling up the DagBag from /home/airflow/.local/lib/python3.7/site-packages/airflow/example_dags/example_bash_operator.py
[2025-01-04T23:58:43.122+0000] {processor.py:753} INFO - DAG(s) dict_keys(['example_bash_operator']) retrieved from /home/airflow/.local/lib/python3.7/site-packages/airflow/example_dags/example_bash_operator.py
[2025-01-04T23:58:43.152+0000] {logging_mixin.py:137} INFO - [2025-01-04T23:58:43.152+0000] {dag.py:2690} INFO - Sync 1 DAGs
[2025-01-04T23:58:43.172+0000] {logging_mixin.py:137} INFO - [2025-01-04T23:58:43.172+0000] {dag.py:3441} INFO - Setting next_dagrun for example_bash_operator to 2025-01-03T00:00:00+00:00, run_after=2025-01-04T00:00:00+00:00
[2025-01-04T23:58:43.191+0000] {processor.py:175} INFO - Processing /home/airflow/.local/lib/python3.7/site-packages/airflow/example_dags/example_bash_operator.py took 0.089 seconds
[2025-01-04T23:59:13.494+0000] {processor.py:153} INFO - Started process (PID=550) to work on /home/airflow/.local/lib/python3.7/site-packages/airflow/example_dags/example_bash_operator.py
[2025-01-04T23:59:13.496+0000] {processor.py:743} INFO - Processing file /home/airflow/.local/lib/python3.7/site-packages/airflow/example_dags/example_bash_operator.py for tasks to queue
[2025-01-04T23:59:13.496+0000] {logging_mixin.py:137} INFO - [2025-01-04T23:59:13.496+0000] {dagbag.py:538} INFO - Filling up the DagBag from /home/airflow/.local/lib/python3.7/site-packages/airflow/example_dags/example_bash_operator.py
[2025-01-04T23:59:13.513+0000] {processor.py:753} INFO - DAG(s) dict_keys(['example_bash_operator']) retrieved from /home/airflow/.local/lib/python3.7/site-packages/airflow/example_dags/example_bash_operator.py
[2025-01-04T23:59:13.544+0000] {logging_mixin.py:137} INFO - [2025-01-04T23:59:13.544+0000] {dag.py:2690} INFO - Sync 1 DAGs
[2025-01-04T23:59:13.565+0000] {logging_mixin.py:137} INFO - [2025-01-04T23:59:13.565+0000] {dag.py:3441} INFO - Setting next_dagrun for example_bash_operator to 2025-01-03T00:00:00+00:00, run_after=2025-01-04T00:00:00+00:00
[2025-01-04T23:59:13.581+0000] {processor.py:175} INFO - Processing /home/airflow/.local/lib/python3.7/site-packages/airflow/example_dags/example_bash_operator.py took 0.090 seconds
