[2025-01-04T23:57:11.894+0000] {processor.py:153} INFO - Started process (PID=79) to work on /home/airflow/.local/lib/python3.7/site-packages/airflow/example_dags/example_sensor_decorator.py
[2025-01-04T23:57:11.895+0000] {processor.py:743} INFO - Processing file /home/airflow/.local/lib/python3.7/site-packages/airflow/example_dags/example_sensor_decorator.py for tasks to queue
[2025-01-04T23:57:11.895+0000] {logging_mixin.py:137} INFO - [2025-01-04T23:57:11.895+0000] {dagbag.py:538} INFO - Filling up the DagBag from /home/airflow/.local/lib/python3.7/site-packages/airflow/example_dags/example_sensor_decorator.py
[2025-01-04T23:57:11.914+0000] {processor.py:753} INFO - DAG(s) dict_keys(['example_sensor_decorator']) retrieved from /home/airflow/.local/lib/python3.7/site-packages/airflow/example_dags/example_sensor_decorator.py
[2025-01-04T23:57:11.926+0000] {logging_mixin.py:137} INFO - [2025-01-04T23:57:11.925+0000] {dag.py:2690} INFO - Sync 1 DAGs
[2025-01-04T23:57:11.946+0000] {logging_mixin.py:137} INFO - [2025-01-04T23:57:11.946+0000] {dag.py:3441} INFO - Setting next_dagrun for example_sensor_decorator to None, run_after=None
[2025-01-04T23:57:11.963+0000] {processor.py:175} INFO - Processing /home/airflow/.local/lib/python3.7/site-packages/airflow/example_dags/example_sensor_decorator.py took 0.071 seconds
[2025-01-04T23:57:42.190+0000] {processor.py:153} INFO - Started process (PID=202) to work on /home/airflow/.local/lib/python3.7/site-packages/airflow/example_dags/example_sensor_decorator.py
[2025-01-04T23:57:42.190+0000] {processor.py:743} INFO - Processing file /home/airflow/.local/lib/python3.7/site-packages/airflow/example_dags/example_sensor_decorator.py for tasks to queue
[2025-01-04T23:57:42.191+0000] {logging_mixin.py:137} INFO - [2025-01-04T23:57:42.191+0000] {dagbag.py:538} INFO - Filling up the DagBag from /home/airflow/.local/lib/python3.7/site-packages/airflow/example_dags/example_sensor_decorator.py
[2025-01-04T23:57:42.208+0000] {processor.py:753} INFO - DAG(s) dict_keys(['example_sensor_decorator']) retrieved from /home/airflow/.local/lib/python3.7/site-packages/airflow/example_dags/example_sensor_decorator.py
[2025-01-04T23:57:42.226+0000] {logging_mixin.py:137} INFO - [2025-01-04T23:57:42.226+0000] {dag.py:2690} INFO - Sync 1 DAGs
[2025-01-04T23:57:42.246+0000] {logging_mixin.py:137} INFO - [2025-01-04T23:57:42.246+0000] {dag.py:3441} INFO - Setting next_dagrun for example_sensor_decorator to None, run_after=None
[2025-01-04T23:57:42.263+0000] {processor.py:175} INFO - Processing /home/airflow/.local/lib/python3.7/site-packages/airflow/example_dags/example_sensor_decorator.py took 0.076 seconds
[2025-01-04T23:58:12.354+0000] {processor.py:153} INFO - Started process (PID=304) to work on /home/airflow/.local/lib/python3.7/site-packages/airflow/example_dags/example_sensor_decorator.py
[2025-01-04T23:58:12.356+0000] {processor.py:743} INFO - Processing file /home/airflow/.local/lib/python3.7/site-packages/airflow/example_dags/example_sensor_decorator.py for tasks to queue
[2025-01-04T23:58:12.357+0000] {logging_mixin.py:137} INFO - [2025-01-04T23:58:12.356+0000] {dagbag.py:538} INFO - Filling up the DagBag from /home/airflow/.local/lib/python3.7/site-packages/airflow/example_dags/example_sensor_decorator.py
[2025-01-04T23:58:12.373+0000] {processor.py:753} INFO - DAG(s) dict_keys(['example_sensor_decorator']) retrieved from /home/airflow/.local/lib/python3.7/site-packages/airflow/example_dags/example_sensor_decorator.py
[2025-01-04T23:58:12.399+0000] {logging_mixin.py:137} INFO - [2025-01-04T23:58:12.399+0000] {dag.py:2690} INFO - Sync 1 DAGs
[2025-01-04T23:58:12.430+0000] {logging_mixin.py:137} INFO - [2025-01-04T23:58:12.429+0000] {dag.py:3441} INFO - Setting next_dagrun for example_sensor_decorator to None, run_after=None
[2025-01-04T23:58:12.450+0000] {processor.py:175} INFO - Processing /home/airflow/.local/lib/python3.7/site-packages/airflow/example_dags/example_sensor_decorator.py took 0.098 seconds
[2025-01-04T23:58:42.747+0000] {processor.py:153} INFO - Started process (PID=418) to work on /home/airflow/.local/lib/python3.7/site-packages/airflow/example_dags/example_sensor_decorator.py
[2025-01-04T23:58:42.748+0000] {processor.py:743} INFO - Processing file /home/airflow/.local/lib/python3.7/site-packages/airflow/example_dags/example_sensor_decorator.py for tasks to queue
[2025-01-04T23:58:42.748+0000] {logging_mixin.py:137} INFO - [2025-01-04T23:58:42.748+0000] {dagbag.py:538} INFO - Filling up the DagBag from /home/airflow/.local/lib/python3.7/site-packages/airflow/example_dags/example_sensor_decorator.py
[2025-01-04T23:58:42.766+0000] {processor.py:753} INFO - DAG(s) dict_keys(['example_sensor_decorator']) retrieved from /home/airflow/.local/lib/python3.7/site-packages/airflow/example_dags/example_sensor_decorator.py
[2025-01-04T23:58:42.786+0000] {logging_mixin.py:137} INFO - [2025-01-04T23:58:42.786+0000] {dag.py:2690} INFO - Sync 1 DAGs
[2025-01-04T23:58:42.808+0000] {logging_mixin.py:137} INFO - [2025-01-04T23:58:42.808+0000] {dag.py:3441} INFO - Setting next_dagrun for example_sensor_decorator to None, run_after=None
[2025-01-04T23:58:42.825+0000] {processor.py:175} INFO - Processing /home/airflow/.local/lib/python3.7/site-packages/airflow/example_dags/example_sensor_decorator.py took 0.081 seconds
[2025-01-04T23:59:13.128+0000] {processor.py:153} INFO - Started process (PID=543) to work on /home/airflow/.local/lib/python3.7/site-packages/airflow/example_dags/example_sensor_decorator.py
[2025-01-04T23:59:13.130+0000] {processor.py:743} INFO - Processing file /home/airflow/.local/lib/python3.7/site-packages/airflow/example_dags/example_sensor_decorator.py for tasks to queue
[2025-01-04T23:59:13.130+0000] {logging_mixin.py:137} INFO - [2025-01-04T23:59:13.130+0000] {dagbag.py:538} INFO - Filling up the DagBag from /home/airflow/.local/lib/python3.7/site-packages/airflow/example_dags/example_sensor_decorator.py
[2025-01-04T23:59:13.149+0000] {processor.py:753} INFO - DAG(s) dict_keys(['example_sensor_decorator']) retrieved from /home/airflow/.local/lib/python3.7/site-packages/airflow/example_dags/example_sensor_decorator.py
[2025-01-04T23:59:13.171+0000] {logging_mixin.py:137} INFO - [2025-01-04T23:59:13.171+0000] {dag.py:2690} INFO - Sync 1 DAGs
[2025-01-04T23:59:13.191+0000] {logging_mixin.py:137} INFO - [2025-01-04T23:59:13.191+0000] {dag.py:3441} INFO - Setting next_dagrun for example_sensor_decorator to None, run_after=None
[2025-01-04T23:59:13.209+0000] {processor.py:175} INFO - Processing /home/airflow/.local/lib/python3.7/site-packages/airflow/example_dags/example_sensor_decorator.py took 0.084 seconds
[2025-01-04T23:59:40.497+0000] {processor.py:153} INFO - Started process (PID=644) to work on /home/airflow/.local/lib/python3.7/site-packages/airflow/example_dags/example_sensor_decorator.py
[2025-01-04T23:59:40.498+0000] {processor.py:743} INFO - Processing file /home/airflow/.local/lib/python3.7/site-packages/airflow/example_dags/example_sensor_decorator.py for tasks to queue
[2025-01-04T23:59:40.498+0000] {logging_mixin.py:137} INFO - [2025-01-04T23:59:40.498+0000] {dagbag.py:538} INFO - Filling up the DagBag from /home/airflow/.local/lib/python3.7/site-packages/airflow/example_dags/example_sensor_decorator.py
[2025-01-04T23:59:40.515+0000] {processor.py:753} INFO - DAG(s) dict_keys(['example_sensor_decorator']) retrieved from /home/airflow/.local/lib/python3.7/site-packages/airflow/example_dags/example_sensor_decorator.py
[2025-01-04T23:59:40.533+0000] {logging_mixin.py:137} INFO - [2025-01-04T23:59:40.533+0000] {dag.py:2690} INFO - Sync 1 DAGs
[2025-01-04T23:59:40.552+0000] {logging_mixin.py:137} INFO - [2025-01-04T23:59:40.552+0000] {dag.py:3441} INFO - Setting next_dagrun for example_sensor_decorator to None, run_after=None
[2025-01-04T23:59:40.567+0000] {processor.py:175} INFO - Processing /home/airflow/.local/lib/python3.7/site-packages/airflow/example_dags/example_sensor_decorator.py took 0.072 seconds
