[2025-01-04T23:57:10.362+0000] {processor.py:153} INFO - Started process (PID=51) to work on /home/airflow/.local/lib/python3.7/site-packages/airflow/example_dags/example_local_kubernetes_executor.py
[2025-01-04T23:57:10.362+0000] {processor.py:743} INFO - Processing file /home/airflow/.local/lib/python3.7/site-packages/airflow/example_dags/example_local_kubernetes_executor.py for tasks to queue
[2025-01-04T23:57:10.363+0000] {logging_mixin.py:137} INFO - [2025-01-04T23:57:10.363+0000] {dagbag.py:538} INFO - Filling up the DagBag from /home/airflow/.local/lib/python3.7/site-packages/airflow/example_dags/example_local_kubernetes_executor.py
[2025-01-04T23:57:10.399+0000] {processor.py:753} INFO - DAG(s) dict_keys(['example_local_kubernetes_executor']) retrieved from /home/airflow/.local/lib/python3.7/site-packages/airflow/example_dags/example_local_kubernetes_executor.py
[2025-01-04T23:57:10.409+0000] {logging_mixin.py:137} INFO - [2025-01-04T23:57:10.409+0000] {dag.py:2690} INFO - Sync 1 DAGs
[2025-01-04T23:57:10.432+0000] {logging_mixin.py:137} INFO - [2025-01-04T23:57:10.432+0000] {dag.py:3441} INFO - Setting next_dagrun for example_local_kubernetes_executor to None, run_after=None
[2025-01-04T23:57:10.449+0000] {processor.py:175} INFO - Processing /home/airflow/.local/lib/python3.7/site-packages/airflow/example_dags/example_local_kubernetes_executor.py took 0.090 seconds
[2025-01-04T23:58:26.873+0000] {processor.py:153} INFO - Started process (PID=176) to work on /home/airflow/.local/lib/python3.7/site-packages/airflow/example_dags/example_local_kubernetes_executor.py
[2025-01-04T23:58:26.874+0000] {processor.py:743} INFO - Processing file /home/airflow/.local/lib/python3.7/site-packages/airflow/example_dags/example_local_kubernetes_executor.py for tasks to queue
[2025-01-04T23:58:26.874+0000] {logging_mixin.py:137} INFO - [2025-01-04T23:58:26.874+0000] {dagbag.py:538} INFO - Filling up the DagBag from /home/airflow/.local/lib/python3.7/site-packages/airflow/example_dags/example_local_kubernetes_executor.py
[2025-01-04T23:58:26.892+0000] {processor.py:753} INFO - DAG(s) dict_keys(['example_local_kubernetes_executor']) retrieved from /home/airflow/.local/lib/python3.7/site-packages/airflow/example_dags/example_local_kubernetes_executor.py
[2025-01-04T23:58:26.919+0000] {logging_mixin.py:137} INFO - [2025-01-04T23:58:26.919+0000] {dag.py:2690} INFO - Sync 1 DAGs
[2025-01-04T23:58:26.938+0000] {logging_mixin.py:137} INFO - [2025-01-04T23:58:26.938+0000] {dag.py:3441} INFO - Setting next_dagrun for example_local_kubernetes_executor to None, run_after=None
[2025-01-04T23:57:40.666+0000] {processor.py:175} INFO - Processing /home/airflow/.local/lib/python3.7/site-packages/airflow/example_dags/example_local_kubernetes_executor.py took 0.083 seconds
[2025-01-04T23:58:10.821+0000] {processor.py:153} INFO - Started process (PID=269) to work on /home/airflow/.local/lib/python3.7/site-packages/airflow/example_dags/example_local_kubernetes_executor.py
[2025-01-04T23:58:10.823+0000] {processor.py:743} INFO - Processing file /home/airflow/.local/lib/python3.7/site-packages/airflow/example_dags/example_local_kubernetes_executor.py for tasks to queue
[2025-01-04T23:58:10.824+0000] {logging_mixin.py:137} INFO - [2025-01-04T23:58:10.824+0000] {dagbag.py:538} INFO - Filling up the DagBag from /home/airflow/.local/lib/python3.7/site-packages/airflow/example_dags/example_local_kubernetes_executor.py
[2025-01-04T23:58:10.843+0000] {processor.py:753} INFO - DAG(s) dict_keys(['example_local_kubernetes_executor']) retrieved from /home/airflow/.local/lib/python3.7/site-packages/airflow/example_dags/example_local_kubernetes_executor.py
[2025-01-04T23:58:10.869+0000] {logging_mixin.py:137} INFO - [2025-01-04T23:58:10.869+0000] {dag.py:2690} INFO - Sync 1 DAGs
[2025-01-04T23:58:10.889+0000] {logging_mixin.py:137} INFO - [2025-01-04T23:58:10.889+0000] {dag.py:3441} INFO - Setting next_dagrun for example_local_kubernetes_executor to None, run_after=None
[2025-01-04T23:58:10.905+0000] {processor.py:175} INFO - Processing /home/airflow/.local/lib/python3.7/site-packages/airflow/example_dags/example_local_kubernetes_executor.py took 0.086 seconds
[2025-01-04T23:58:41.244+0000] {processor.py:153} INFO - Started process (PID=392) to work on /home/airflow/.local/lib/python3.7/site-packages/airflow/example_dags/example_local_kubernetes_executor.py
[2025-01-04T23:58:41.245+0000] {processor.py:743} INFO - Processing file /home/airflow/.local/lib/python3.7/site-packages/airflow/example_dags/example_local_kubernetes_executor.py for tasks to queue
[2025-01-04T23:58:41.246+0000] {logging_mixin.py:137} INFO - [2025-01-04T23:58:41.246+0000] {dagbag.py:538} INFO - Filling up the DagBag from /home/airflow/.local/lib/python3.7/site-packages/airflow/example_dags/example_local_kubernetes_executor.py
[2025-01-04T23:58:41.272+0000] {processor.py:753} INFO - DAG(s) dict_keys(['example_local_kubernetes_executor']) retrieved from /home/airflow/.local/lib/python3.7/site-packages/airflow/example_dags/example_local_kubernetes_executor.py
[2025-01-04T23:58:41.296+0000] {logging_mixin.py:137} INFO - [2025-01-04T23:58:41.296+0000] {dag.py:2690} INFO - Sync 1 DAGs
[2025-01-04T23:58:41.316+0000] {logging_mixin.py:137} INFO - [2025-01-04T23:58:41.316+0000] {dag.py:3441} INFO - Setting next_dagrun for example_local_kubernetes_executor to None, run_after=None
[2025-01-04T23:58:41.332+0000] {processor.py:175} INFO - Processing /home/airflow/.local/lib/python3.7/site-packages/airflow/example_dags/example_local_kubernetes_executor.py took 0.091 seconds
[2025-01-04T23:59:11.640+0000] {processor.py:153} INFO - Started process (PID=517) to work on /home/airflow/.local/lib/python3.7/site-packages/airflow/example_dags/example_local_kubernetes_executor.py
[2025-01-04T23:59:11.642+0000] {processor.py:743} INFO - Processing file /home/airflow/.local/lib/python3.7/site-packages/airflow/example_dags/example_local_kubernetes_executor.py for tasks to queue
[2025-01-04T23:59:11.643+0000] {logging_mixin.py:137} INFO - [2025-01-04T23:59:11.643+0000] {dagbag.py:538} INFO - Filling up the DagBag from /home/airflow/.local/lib/python3.7/site-packages/airflow/example_dags/example_local_kubernetes_executor.py
[2025-01-04T23:59:11.668+0000] {processor.py:753} INFO - DAG(s) dict_keys(['example_local_kubernetes_executor']) retrieved from /home/airflow/.local/lib/python3.7/site-packages/airflow/example_dags/example_local_kubernetes_executor.py
[2025-01-04T23:59:11.693+0000] {logging_mixin.py:137} INFO - [2025-01-04T23:59:11.693+0000] {dag.py:2690} INFO - Sync 1 DAGs
[2025-01-04T23:59:11.714+0000] {logging_mixin.py:137} INFO - [2025-01-04T23:59:11.714+0000] {dag.py:3441} INFO - Setting next_dagrun for example_local_kubernetes_executor to None, run_after=None
[2025-01-04T23:59:11.732+0000] {processor.py:175} INFO - Processing /home/airflow/.local/lib/python3.7/site-packages/airflow/example_dags/example_local_kubernetes_executor.py took 0.097 seconds
[2025-01-04T23:59:39.122+0000] {processor.py:153} INFO - Started process (PID=616) to work on /home/airflow/.local/lib/python3.7/site-packages/airflow/example_dags/example_local_kubernetes_executor.py
[2025-01-04T23:59:39.123+0000] {processor.py:743} INFO - Processing file /home/airflow/.local/lib/python3.7/site-packages/airflow/example_dags/example_local_kubernetes_executor.py for tasks to queue
[2025-01-04T23:59:39.123+0000] {logging_mixin.py:137} INFO - [2025-01-04T23:59:39.123+0000] {dagbag.py:538} INFO - Filling up the DagBag from /home/airflow/.local/lib/python3.7/site-packages/airflow/example_dags/example_local_kubernetes_executor.py
[2025-01-04T23:59:39.142+0000] {processor.py:753} INFO - DAG(s) dict_keys(['example_local_kubernetes_executor']) retrieved from /home/airflow/.local/lib/python3.7/site-packages/airflow/example_dags/example_local_kubernetes_executor.py
[2025-01-04T23:59:39.168+0000] {logging_mixin.py:137} INFO - [2025-01-04T23:59:39.167+0000] {dag.py:2690} INFO - Sync 1 DAGs
[2025-01-04T23:59:39.191+0000] {logging_mixin.py:137} INFO - [2025-01-04T23:59:39.191+0000] {dag.py:3441} INFO - Setting next_dagrun for example_local_kubernetes_executor to None, run_after=None
[2025-01-04T23:59:39.208+0000] {processor.py:175} INFO - Processing /home/airflow/.local/lib/python3.7/site-packages/airflow/example_dags/example_local_kubernetes_executor.py took 0.088 seconds
