[2025-01-04T23:57:11.273+0000] {processor.py:153} INFO - Started process (PID=66) to work on /home/airflow/.local/lib/python3.7/site-packages/airflow/example_dags/tutorial_dag.py
[2025-01-04T23:57:11.274+0000] {processor.py:743} INFO - Processing file /home/airflow/.local/lib/python3.7/site-packages/airflow/example_dags/tutorial_dag.py for tasks to queue
[2025-01-04T23:57:11.275+0000] {logging_mixin.py:137} INFO - [2025-01-04T23:57:11.275+0000] {dagbag.py:538} INFO - Filling up the DagBag from /home/airflow/.local/lib/python3.7/site-packages/airflow/example_dags/tutorial_dag.py
[2025-01-04T23:57:11.290+0000] {processor.py:753} INFO - DAG(s) dict_keys(['tutorial_dag']) retrieved from /home/airflow/.local/lib/python3.7/site-packages/airflow/example_dags/tutorial_dag.py
[2025-01-04T23:57:11.304+0000] {logging_mixin.py:137} INFO - [2025-01-04T23:57:11.304+0000] {dag.py:2690} INFO - Sync 1 DAGs
[2025-01-04T23:57:11.329+0000] {logging_mixin.py:137} INFO - [2025-01-04T23:57:11.329+0000] {dag.py:3441} INFO - Setting next_dagrun for tutorial_dag to None, run_after=None
[2025-01-04T23:57:11.348+0000] {processor.py:175} INFO - Processing /home/airflow/.local/lib/python3.7/site-packages/airflow/example_dags/tutorial_dag.py took 0.079 seconds
[2025-01-04T23:57:41.535+0000] {processor.py:153} INFO - Started process (PID=189) to work on /home/airflow/.local/lib/python3.7/site-packages/airflow/example_dags/tutorial_dag.py
[2025-01-04T23:57:41.536+0000] {processor.py:743} INFO - Processing file /home/airflow/.local/lib/python3.7/site-packages/airflow/example_dags/tutorial_dag.py for tasks to queue
[2025-01-04T23:57:41.536+0000] {logging_mixin.py:137} INFO - [2025-01-04T23:57:41.536+0000] {dagbag.py:538} INFO - Filling up the DagBag from /home/airflow/.local/lib/python3.7/site-packages/airflow/example_dags/tutorial_dag.py
[2025-01-04T23:57:41.545+0000] {processor.py:753} INFO - DAG(s) dict_keys(['tutorial_dag']) retrieved from /home/airflow/.local/lib/python3.7/site-packages/airflow/example_dags/tutorial_dag.py
[2025-01-04T23:57:41.567+0000] {logging_mixin.py:137} INFO - [2025-01-04T23:57:41.567+0000] {dag.py:2690} INFO - Sync 1 DAGs
[2025-01-04T23:57:41.588+0000] {logging_mixin.py:137} INFO - [2025-01-04T23:57:41.588+0000] {dag.py:3441} INFO - Setting next_dagrun for tutorial_dag to None, run_after=None
[2025-01-04T23:57:41.605+0000] {processor.py:175} INFO - Processing /home/airflow/.local/lib/python3.7/site-packages/airflow/example_dags/tutorial_dag.py took 0.072 seconds
[2025-01-04T23:58:11.620+0000] {processor.py:153} INFO - Started process (PID=282) to work on /home/airflow/.local/lib/python3.7/site-packages/airflow/example_dags/tutorial_dag.py
[2025-01-04T23:58:11.623+0000] {processor.py:743} INFO - Processing file /home/airflow/.local/lib/python3.7/site-packages/airflow/example_dags/tutorial_dag.py for tasks to queue
[2025-01-04T23:58:11.624+0000] {logging_mixin.py:137} INFO - [2025-01-04T23:58:11.623+0000] {dagbag.py:538} INFO - Filling up the DagBag from /home/airflow/.local/lib/python3.7/site-packages/airflow/example_dags/tutorial_dag.py
[2025-01-04T23:58:11.637+0000] {processor.py:753} INFO - DAG(s) dict_keys(['tutorial_dag']) retrieved from /home/airflow/.local/lib/python3.7/site-packages/airflow/example_dags/tutorial_dag.py
[2025-01-04T23:58:11.675+0000] {logging_mixin.py:137} INFO - [2025-01-04T23:58:11.675+0000] {dag.py:2690} INFO - Sync 1 DAGs
[2025-01-04T23:58:11.696+0000] {logging_mixin.py:137} INFO - [2025-01-04T23:58:11.696+0000] {dag.py:3441} INFO - Setting next_dagrun for tutorial_dag to None, run_after=None
[2025-01-04T23:58:11.712+0000] {processor.py:175} INFO - Processing /home/airflow/.local/lib/python3.7/site-packages/airflow/example_dags/tutorial_dag.py took 0.095 seconds
[2025-01-04T23:58:42.029+0000] {processor.py:153} INFO - Started process (PID=405) to work on /home/airflow/.local/lib/python3.7/site-packages/airflow/example_dags/tutorial_dag.py
[2025-01-04T23:58:42.030+0000] {processor.py:743} INFO - Processing file /home/airflow/.local/lib/python3.7/site-packages/airflow/example_dags/tutorial_dag.py for tasks to queue
[2025-01-04T23:58:42.030+0000] {logging_mixin.py:137} INFO - [2025-01-04T23:58:42.030+0000] {dagbag.py:538} INFO - Filling up the DagBag from /home/airflow/.local/lib/python3.7/site-packages/airflow/example_dags/tutorial_dag.py
[2025-01-04T23:58:42.040+0000] {processor.py:753} INFO - DAG(s) dict_keys(['tutorial_dag']) retrieved from /home/airflow/.local/lib/python3.7/site-packages/airflow/example_dags/tutorial_dag.py
[2025-01-04T23:58:42.063+0000] {logging_mixin.py:137} INFO - [2025-01-04T23:58:42.063+0000] {dag.py:2690} INFO - Sync 1 DAGs
[2025-01-04T23:58:42.082+0000] {logging_mixin.py:137} INFO - [2025-01-04T23:58:42.082+0000] {dag.py:3441} INFO - Setting next_dagrun for tutorial_dag to None, run_after=None
[2025-01-04T23:58:42.100+0000] {processor.py:175} INFO - Processing /home/airflow/.local/lib/python3.7/site-packages/airflow/example_dags/tutorial_dag.py took 0.073 seconds
[2025-01-04T23:59:12.423+0000] {processor.py:153} INFO - Started process (PID=530) to work on /home/airflow/.local/lib/python3.7/site-packages/airflow/example_dags/tutorial_dag.py
[2025-01-04T23:59:12.424+0000] {processor.py:743} INFO - Processing file /home/airflow/.local/lib/python3.7/site-packages/airflow/example_dags/tutorial_dag.py for tasks to queue
[2025-01-04T23:59:12.425+0000] {logging_mixin.py:137} INFO - [2025-01-04T23:59:12.425+0000] {dagbag.py:538} INFO - Filling up the DagBag from /home/airflow/.local/lib/python3.7/site-packages/airflow/example_dags/tutorial_dag.py
[2025-01-04T23:59:12.434+0000] {processor.py:753} INFO - DAG(s) dict_keys(['tutorial_dag']) retrieved from /home/airflow/.local/lib/python3.7/site-packages/airflow/example_dags/tutorial_dag.py
[2025-01-04T23:59:12.457+0000] {logging_mixin.py:137} INFO - [2025-01-04T23:59:12.456+0000] {dag.py:2690} INFO - Sync 1 DAGs
[2025-01-04T23:59:12.478+0000] {logging_mixin.py:137} INFO - [2025-01-04T23:59:12.478+0000] {dag.py:3441} INFO - Setting next_dagrun for tutorial_dag to None, run_after=None
[2025-01-04T23:59:12.497+0000] {processor.py:175} INFO - Processing /home/airflow/.local/lib/python3.7/site-packages/airflow/example_dags/tutorial_dag.py took 0.076 seconds
[2025-01-04T23:59:39.879+0000] {processor.py:153} INFO - Started process (PID=631) to work on /home/airflow/.local/lib/python3.7/site-packages/airflow/example_dags/tutorial_dag.py
[2025-01-04T23:59:39.880+0000] {processor.py:743} INFO - Processing file /home/airflow/.local/lib/python3.7/site-packages/airflow/example_dags/tutorial_dag.py for tasks to queue
[2025-01-04T23:59:39.880+0000] {logging_mixin.py:137} INFO - [2025-01-04T23:59:39.880+0000] {dagbag.py:538} INFO - Filling up the DagBag from /home/airflow/.local/lib/python3.7/site-packages/airflow/example_dags/tutorial_dag.py
[2025-01-04T23:59:39.890+0000] {processor.py:753} INFO - DAG(s) dict_keys(['tutorial_dag']) retrieved from /home/airflow/.local/lib/python3.7/site-packages/airflow/example_dags/tutorial_dag.py
[2025-01-04T23:59:39.910+0000] {logging_mixin.py:137} INFO - [2025-01-04T23:59:39.910+0000] {dag.py:2690} INFO - Sync 1 DAGs
[2025-01-04T23:59:39.931+0000] {logging_mixin.py:137} INFO - [2025-01-04T23:59:39.930+0000] {dag.py:3441} INFO - Setting next_dagrun for tutorial_dag to None, run_after=None
[2025-01-04T23:59:39.950+0000] {processor.py:175} INFO - Processing /home/airflow/.local/lib/python3.7/site-packages/airflow/example_dags/tutorial_dag.py took 0.074 seconds
