[2025-01-05T17:00:14.588+0000] {local_task_job_runner.py:123} INFO - ::group::Pre task execution logs
[2025-01-05T17:00:14.601+0000] {taskinstance.py:2613} INFO - Dependencies all met for dep_context=non-requeueable deps ti=<TaskInstance: user_processing2_vsc.store_user scheduled__2025-01-05T16:59:00+00:00 [queued]>
[2025-01-05T17:00:14.607+0000] {taskinstance.py:2613} INFO - Dependencies all met for dep_context=requeueable deps ti=<TaskInstance: user_processing2_vsc.store_user scheduled__2025-01-05T16:59:00+00:00 [queued]>
[2025-01-05T17:00:14.607+0000] {taskinstance.py:2866} INFO - Starting attempt 1 of 1
[2025-01-05T17:00:14.618+0000] {taskinstance.py:2889} INFO - Executing <Task(PythonOperator): store_user> on 2025-01-05 16:59:00+00:00
[2025-01-05T17:00:14.626+0000] {warnings.py:112} WARNING - /home/***/.local/lib/python3.12/site-packages/***/task/task_runner/standard_task_runner.py:70: DeprecationWarning: This process (pid=3887) is multi-threaded, use of fork() may lead to deadlocks in the child.
  pid = os.fork()

[2025-01-05T17:00:14.627+0000] {standard_task_runner.py:72} INFO - Started process 3889 to run task
[2025-01-05T17:00:14.628+0000] {standard_task_runner.py:104} INFO - Running: ['***', 'tasks', 'run', 'user_processing2_vsc', 'store_user', 'scheduled__2025-01-05T16:59:00+00:00', '--job-id', '97', '--raw', '--subdir', 'DAGS_FOLDER/user_dag.py', '--cfg-path', '/tmp/tmp9b1wg6f6']
[2025-01-05T17:00:14.629+0000] {standard_task_runner.py:105} INFO - Job 97: Subtask store_user
[2025-01-05T17:00:14.670+0000] {task_command.py:467} INFO - Running <TaskInstance: user_processing2_vsc.store_user scheduled__2025-01-05T16:59:00+00:00 [running]> on host cab0b5f06594
[2025-01-05T17:00:14.897+0000] {taskinstance.py:3132} INFO - Exporting env vars: AIRFLOW_CTX_DAG_OWNER='***' AIRFLOW_CTX_DAG_ID='user_processing2_vsc' AIRFLOW_CTX_TASK_ID='store_user' AIRFLOW_CTX_EXECUTION_DATE='2025-01-05T16:59:00+00:00' AIRFLOW_CTX_TRY_NUMBER='1' AIRFLOW_CTX_DAG_RUN_ID='scheduled__2025-01-05T16:59:00+00:00'
[2025-01-05T17:00:14.898+0000] {logging_mixin.py:190} INFO - Task instance is in running state
[2025-01-05T17:00:14.899+0000] {logging_mixin.py:190} INFO -  Previous state of the Task instance: queued
[2025-01-05T17:00:14.899+0000] {logging_mixin.py:190} INFO - Current task name:store_user state:running start_date:2025-01-05 17:00:14.601360+00:00
[2025-01-05T17:00:14.899+0000] {logging_mixin.py:190} INFO - Dag name:user_processing2_vsc and current dag run status:running
[2025-01-05T17:00:14.899+0000] {taskinstance.py:731} INFO - ::endgroup::
[2025-01-05T17:00:14.899+0000] {logging_mixin.py:190} INFO - outputting stdin
[2025-01-05T17:00:14.900+0000] {logging_mixin.py:190} INFO - end outputting stdin
[2025-01-05T17:00:14.900+0000] {python.py:240} INFO - Done. Returned value was: None
[2025-01-05T17:00:14.907+0000] {taskinstance.py:340} INFO - ::group::Post task execution logs
[2025-01-05T17:00:14.908+0000] {taskinstance.py:352} INFO - Marking task as SUCCESS. dag_id=user_processing2_vsc, task_id=store_user, run_id=scheduled__2025-01-05T16:59:00+00:00, execution_date=20250105T165900, start_date=20250105T170014, end_date=20250105T170014
[2025-01-05T17:00:14.917+0000] {logging_mixin.py:190} INFO - Task instance in success state
[2025-01-05T17:00:14.918+0000] {logging_mixin.py:190} INFO -  Previous state of the Task instance: running
[2025-01-05T17:00:14.918+0000] {logging_mixin.py:190} INFO - Dag name:user_processing2_vsc queued_at:2025-01-05 17:00:00.408053+00:00
[2025-01-05T17:00:14.918+0000] {logging_mixin.py:190} INFO - Task hostname:cab0b5f06594 operator:PythonOperator
[2025-01-05T17:00:14.946+0000] {local_task_job_runner.py:266} INFO - Task exited with return code 0
[2025-01-05T17:00:14.962+0000] {taskinstance.py:3895} INFO - 0 downstream tasks scheduled from follow-on schedule check
[2025-01-05T17:00:14.965+0000] {local_task_job_runner.py:245} INFO - ::endgroup::
