[2025-01-05T17:46:01.652+0000] {local_task_job_runner.py:123} INFO - ::group::Pre task execution logs
[2025-01-05T17:46:01.665+0000] {taskinstance.py:2613} INFO - Dependencies all met for dep_context=non-requeueable deps ti=<TaskInstance: user_processing2_vsc.truncate_table scheduled__2025-01-05T17:45:00+00:00 [queued]>
[2025-01-05T17:46:01.671+0000] {taskinstance.py:2613} INFO - Dependencies all met for dep_context=requeueable deps ti=<TaskInstance: user_processing2_vsc.truncate_table scheduled__2025-01-05T17:45:00+00:00 [queued]>
[2025-01-05T17:46:01.671+0000] {taskinstance.py:2866} INFO - Starting attempt 1 of 1
[2025-01-05T17:46:01.683+0000] {taskinstance.py:2889} INFO - Executing <Task(SQLExecuteQueryOperator): truncate_table> on 2025-01-05 17:45:00+00:00
[2025-01-05T17:46:01.689+0000] {warnings.py:112} WARNING - /home/***/.local/lib/python3.12/site-packages/***/task/task_runner/standard_task_runner.py:70: DeprecationWarning: This process (pid=5005) is multi-threaded, use of fork() may lead to deadlocks in the child.
  pid = os.fork()

[2025-01-05T17:46:01.690+0000] {standard_task_runner.py:72} INFO - Started process 5009 to run task
[2025-01-05T17:46:01.691+0000] {standard_task_runner.py:104} INFO - Running: ['***', 'tasks', 'run', 'user_processing2_vsc', 'truncate_table', 'scheduled__2025-01-05T17:45:00+00:00', '--job-id', '208', '--raw', '--subdir', 'DAGS_FOLDER/user_dag.py', '--cfg-path', '/tmp/tmpobnahngr']
[2025-01-05T17:46:01.692+0000] {standard_task_runner.py:105} INFO - Job 208: Subtask truncate_table
[2025-01-05T17:46:01.735+0000] {task_command.py:467} INFO - Running <TaskInstance: user_processing2_vsc.truncate_table scheduled__2025-01-05T17:45:00+00:00 [running]> on host cab0b5f06594
[2025-01-05T17:46:01.994+0000] {taskinstance.py:3132} INFO - Exporting env vars: AIRFLOW_CTX_DAG_OWNER='***' AIRFLOW_CTX_DAG_ID='user_processing2_vsc' AIRFLOW_CTX_TASK_ID='truncate_table' AIRFLOW_CTX_EXECUTION_DATE='2025-01-05T17:45:00+00:00' AIRFLOW_CTX_TRY_NUMBER='1' AIRFLOW_CTX_DAG_RUN_ID='scheduled__2025-01-05T17:45:00+00:00'
[2025-01-05T17:46:01.994+0000] {logging_mixin.py:190} INFO - Task instance is in running state
[2025-01-05T17:46:01.994+0000] {logging_mixin.py:190} INFO -  Previous state of the Task instance: queued
[2025-01-05T17:46:01.995+0000] {logging_mixin.py:190} INFO - Current task name:truncate_table state:running start_date:2025-01-05 17:46:01.666090+00:00
[2025-01-05T17:46:01.995+0000] {logging_mixin.py:190} INFO - Dag name:user_processing2_vsc and current dag run status:running
[2025-01-05T17:46:01.995+0000] {taskinstance.py:731} INFO - ::endgroup::
[2025-01-05T17:46:01.995+0000] {sql.py:278} INFO - Executing: 
                TRUNCATE TABLE users
                
[2025-01-05T17:46:02.001+0000] {base.py:84} INFO - Retrieving connection 'postgres'
[2025-01-05T17:46:02.006+0000] {base.py:84} INFO - Retrieving connection 'postgres'
[2025-01-05T17:46:02.009+0000] {sql.py:553} INFO - Running statement: 
                TRUNCATE TABLE users
                , parameters: None
[2025-01-05T17:46:02.025+0000] {taskinstance.py:340} INFO - ::group::Post task execution logs
[2025-01-05T17:46:02.026+0000] {taskinstance.py:352} INFO - Marking task as SUCCESS. dag_id=user_processing2_vsc, task_id=truncate_table, run_id=scheduled__2025-01-05T17:45:00+00:00, execution_date=20250105T174500, start_date=20250105T174601, end_date=20250105T174602
[2025-01-05T17:46:02.035+0000] {logging_mixin.py:190} INFO - Task instance in success state
[2025-01-05T17:46:02.035+0000] {logging_mixin.py:190} INFO -  Previous state of the Task instance: running
[2025-01-05T17:46:02.035+0000] {logging_mixin.py:190} INFO - Dag name:user_processing2_vsc queued_at:2025-01-05 17:46:00.847492+00:00
[2025-01-05T17:46:02.035+0000] {logging_mixin.py:190} INFO - Task hostname:cab0b5f06594 operator:SQLExecuteQueryOperator
[2025-01-05T17:46:02.059+0000] {local_task_job_runner.py:266} INFO - Task exited with return code 0
[2025-01-05T17:46:02.081+0000] {taskinstance.py:3895} INFO - 1 downstream tasks scheduled from follow-on schedule check
[2025-01-05T17:46:02.084+0000] {local_task_job_runner.py:245} INFO - ::endgroup::
