[2025-01-05T17:28:21.042+0000] {local_task_job_runner.py:123} INFO - ::group::Pre task execution logs
[2025-01-05T17:28:21.059+0000] {taskinstance.py:2613} INFO - Dependencies all met for dep_context=non-requeueable deps ti=<TaskInstance: user_processing2_vsc.extract_user scheduled__2025-01-05T17:21:00+00:00 [queued]>
[2025-01-05T17:28:21.067+0000] {taskinstance.py:2613} INFO - Dependencies all met for dep_context=requeueable deps ti=<TaskInstance: user_processing2_vsc.extract_user scheduled__2025-01-05T17:21:00+00:00 [queued]>
[2025-01-05T17:28:21.067+0000] {taskinstance.py:2866} INFO - Starting attempt 1 of 1
[2025-01-05T17:28:21.078+0000] {taskinstance.py:2889} INFO - Executing <Task(HttpOperator): extract_user> on 2025-01-05 17:21:00+00:00
[2025-01-05T17:28:21.084+0000] {warnings.py:112} WARNING - /home/***/.local/lib/python3.12/site-packages/***/task/task_runner/standard_task_runner.py:70: DeprecationWarning: This process (pid=4540) is multi-threaded, use of fork() may lead to deadlocks in the child.
  pid = os.fork()

[2025-01-05T17:28:21.086+0000] {standard_task_runner.py:72} INFO - Started process 4546 to run task
[2025-01-05T17:28:21.086+0000] {standard_task_runner.py:104} INFO - Running: ['***', 'tasks', 'run', 'user_processing2_vsc', 'extract_user', 'scheduled__2025-01-05T17:21:00+00:00', '--job-id', '161', '--raw', '--subdir', 'DAGS_FOLDER/user_dag.py', '--cfg-path', '/tmp/tmp1ltzge3n']
[2025-01-05T17:28:21.087+0000] {standard_task_runner.py:105} INFO - Job 161: Subtask extract_user
[2025-01-05T17:28:21.129+0000] {task_command.py:467} INFO - Running <TaskInstance: user_processing2_vsc.extract_user scheduled__2025-01-05T17:21:00+00:00 [running]> on host cab0b5f06594
[2025-01-05T17:28:21.223+0000] {taskinstance.py:3132} INFO - Exporting env vars: AIRFLOW_CTX_DAG_OWNER='***' AIRFLOW_CTX_DAG_ID='user_processing2_vsc' AIRFLOW_CTX_TASK_ID='extract_user' AIRFLOW_CTX_EXECUTION_DATE='2025-01-05T17:21:00+00:00' AIRFLOW_CTX_TRY_NUMBER='1' AIRFLOW_CTX_DAG_RUN_ID='scheduled__2025-01-05T17:21:00+00:00'
[2025-01-05T17:28:21.224+0000] {logging_mixin.py:190} INFO - Task instance is in running state
[2025-01-05T17:28:21.224+0000] {logging_mixin.py:190} INFO -  Previous state of the Task instance: queued
[2025-01-05T17:28:21.225+0000] {logging_mixin.py:190} INFO - Current task name:extract_user state:running start_date:2025-01-05 17:28:21.060027+00:00
[2025-01-05T17:28:21.225+0000] {logging_mixin.py:190} INFO - Dag name:user_processing2_vsc and current dag run status:running
[2025-01-05T17:28:21.225+0000] {taskinstance.py:731} INFO - ::endgroup::
[2025-01-05T17:28:21.226+0000] {http.py:175} INFO - Calling HTTP method
[2025-01-05T17:28:21.234+0000] {base.py:84} INFO - Retrieving connection 'user_api'
[2025-01-05T17:28:21.241+0000] {base.py:84} INFO - Retrieving connection 'user_api'
[2025-01-05T17:28:21.438+0000] {http.py:236} INFO - {"results":[{"gender":"male","name":{"title":"Mr","first":"Benito","last":"Martin"},"location":{"street":{"number":4662,"name":"Calle de Bravo Murillo"},"city":"Murcia","state":"Canarias","country":"Spain","postcode":93531,"coordinates":{"latitude":"-34.2629","longitude":"-76.9879"},"timezone":{"offset":"+1:00","description":"Brussels, Copenhagen, Madrid, Paris"}},"email":"benito.martin@example.com","login":{"uuid":"2877682e-e00a-45b4-8667-79f05e6613a3","username":"happykoala510","password":"gambit","salt":"6bcNvTqV","md5":"c8a44afb57e45fca9a28b90f07777143","sha1":"47da47406317349eb8d599e7a5e0f9ce8ecc1222","sha256":"15f07809f050a23cac5fdf8484fb2866b7803daa3c7381f69e9d0312a84ac478"},"dob":{"date":"1977-04-11T10:28:02.367Z","age":47},"registered":{"date":"2022-05-04T04:20:24.188Z","age":2},"phone":"939-441-261","cell":"639-422-742","id":{"name":"DNI","value":"28525101-R"},"picture":{"large":"https://randomuser.me/api/portraits/men/4.jpg","medium":"https://randomuser.me/api/portraits/med/men/4.jpg","thumbnail":"https://randomuser.me/api/portraits/thumb/men/4.jpg"},"nat":"ES"}],"info":{"seed":"19090bf3f0193731","results":1,"page":1,"version":"1.4"}}
[2025-01-05T17:28:21.458+0000] {taskinstance.py:340} INFO - ::group::Post task execution logs
[2025-01-05T17:28:21.458+0000] {taskinstance.py:352} INFO - Marking task as SUCCESS. dag_id=user_processing2_vsc, task_id=extract_user, run_id=scheduled__2025-01-05T17:21:00+00:00, execution_date=20250105T172100, start_date=20250105T172821, end_date=20250105T172821
[2025-01-05T17:28:21.468+0000] {logging_mixin.py:190} INFO - Task instance in success state
[2025-01-05T17:28:21.469+0000] {logging_mixin.py:190} INFO -  Previous state of the Task instance: running
[2025-01-05T17:28:21.469+0000] {logging_mixin.py:190} INFO - Dag name:user_processing2_vsc queued_at:2025-01-05 17:22:00.934630+00:00
[2025-01-05T17:28:21.469+0000] {logging_mixin.py:190} INFO - Task hostname:cab0b5f06594 operator:HttpOperator
[2025-01-05T17:28:21.478+0000] {local_task_job_runner.py:266} INFO - Task exited with return code 0
[2025-01-05T17:28:21.499+0000] {taskinstance.py:3895} INFO - 1 downstream tasks scheduled from follow-on schedule check
[2025-01-05T17:28:21.501+0000] {local_task_job_runner.py:245} INFO - ::endgroup::
